<?xml version="1.0" encoding="UTF-8"?>
<testExecutions version="1">
  <file path="/Users/sherwingorechomante/coldcaller/frontend/src/__tests__/WebRTCPerformance.test.js">
    <testCase name="CallQualityManager should initialize correctly" duration="1">
      <failure message="TypeError: Cannot read properties of undefined (reading &apos;bind&apos;)"><![CDATA[TypeError: Cannot read properties of undefined (reading 'bind')
    at CallQualityManager.bindMethods (/Users/sherwingorechomante/coldcaller/frontend/src/utils/CallQualityManager.js:52:49)
    at new CallQualityManager (/Users/sherwingorechomante/coldcaller/frontend/src/utils/CallQualityManager.js:48:10)
    at Object.<anonymous> (/Users/sherwingorechomante/coldcaller/frontend/src/__tests__/WebRTCPerformance.test.js:112:26)
    at Promise.then.completed (/Users/sherwingorechomante/coldcaller/frontend/node_modules/jest-circus/build/utils.js:391:28)
    at new Promise (<anonymous>)
    at callAsyncCircusFn (/Users/sherwingorechomante/coldcaller/frontend/node_modules/jest-circus/build/utils.js:316:10)
    at _callCircusHook (/Users/sherwingorechomante/coldcaller/frontend/node_modules/jest-circus/build/run.js:181:40)
    at processTicksAndRejections (node:internal/process/task_queues:105:5)
    at _runTest (/Users/sherwingorechomante/coldcaller/frontend/node_modules/jest-circus/build/run.js:148:5)
    at _runTestsForDescribeBlock (/Users/sherwingorechomante/coldcaller/frontend/node_modules/jest-circus/build/run.js:66:9)
    at _runTestsForDescribeBlock (/Users/sherwingorechomante/coldcaller/frontend/node_modules/jest-circus/build/run.js:60:9)
    at run (/Users/sherwingorechomante/coldcaller/frontend/node_modules/jest-circus/build/run.js:25:3)
    at runAndTransformResultsToJestFormat (/Users/sherwingorechomante/coldcaller/frontend/node_modules/jest-circus/build/legacy-code-todo-rewrite/jestAdapterInit.js:170:21)
    at jestAdapter (/Users/sherwingorechomante/coldcaller/frontend/node_modules/jest-circus/build/legacy-code-todo-rewrite/jestAdapter.js:82:19)
    at runTestInternal (/Users/sherwingorechomante/coldcaller/frontend/node_modules/jest-runner/build/runTest.js:389:16)
    at runTest (/Users/sherwingorechomante/coldcaller/frontend/node_modules/jest-runner/build/runTest.js:475:34)
    at Object.worker (/Users/sherwingorechomante/coldcaller/frontend/node_modules/jest-runner/build/testWorker.js:133:12)]]></failure>
    </testCase>
    <testCase name="CallQualityManager should start and stop monitoring" duration="1">
      <failure message="TypeError: Cannot read properties of undefined (reading &apos;bind&apos;)"><![CDATA[TypeError: Cannot read properties of undefined (reading 'bind')
    at CallQualityManager.bindMethods (/Users/sherwingorechomante/coldcaller/frontend/src/utils/CallQualityManager.js:52:49)
    at new CallQualityManager (/Users/sherwingorechomante/coldcaller/frontend/src/utils/CallQualityManager.js:48:10)
    at Object.<anonymous> (/Users/sherwingorechomante/coldcaller/frontend/src/__tests__/WebRTCPerformance.test.js:112:26)
    at Promise.then.completed (/Users/sherwingorechomante/coldcaller/frontend/node_modules/jest-circus/build/utils.js:391:28)
    at new Promise (<anonymous>)
    at callAsyncCircusFn (/Users/sherwingorechomante/coldcaller/frontend/node_modules/jest-circus/build/utils.js:316:10)
    at _callCircusHook (/Users/sherwingorechomante/coldcaller/frontend/node_modules/jest-circus/build/run.js:181:40)
    at processTicksAndRejections (node:internal/process/task_queues:105:5)
    at _runTest (/Users/sherwingorechomante/coldcaller/frontend/node_modules/jest-circus/build/run.js:148:5)
    at _runTestsForDescribeBlock (/Users/sherwingorechomante/coldcaller/frontend/node_modules/jest-circus/build/run.js:66:9)
    at _runTestsForDescribeBlock (/Users/sherwingorechomante/coldcaller/frontend/node_modules/jest-circus/build/run.js:60:9)
    at run (/Users/sherwingorechomante/coldcaller/frontend/node_modules/jest-circus/build/run.js:25:3)
    at runAndTransformResultsToJestFormat (/Users/sherwingorechomante/coldcaller/frontend/node_modules/jest-circus/build/legacy-code-todo-rewrite/jestAdapterInit.js:170:21)
    at jestAdapter (/Users/sherwingorechomante/coldcaller/frontend/node_modules/jest-circus/build/legacy-code-todo-rewrite/jestAdapter.js:82:19)
    at runTestInternal (/Users/sherwingorechomante/coldcaller/frontend/node_modules/jest-runner/build/runTest.js:389:16)
    at runTest (/Users/sherwingorechomante/coldcaller/frontend/node_modules/jest-runner/build/runTest.js:475:34)
    at Object.worker (/Users/sherwingorechomante/coldcaller/frontend/node_modules/jest-runner/build/testWorker.js:133:12)]]></failure>
    </testCase>
    <testCase name="CallQualityManager should calculate MOS score correctly" duration="0">
      <failure message="TypeError: Cannot read properties of undefined (reading &apos;bind&apos;)"><![CDATA[TypeError: Cannot read properties of undefined (reading 'bind')
    at CallQualityManager.bindMethods (/Users/sherwingorechomante/coldcaller/frontend/src/utils/CallQualityManager.js:52:49)
    at new CallQualityManager (/Users/sherwingorechomante/coldcaller/frontend/src/utils/CallQualityManager.js:48:10)
    at Object.<anonymous> (/Users/sherwingorechomante/coldcaller/frontend/src/__tests__/WebRTCPerformance.test.js:112:26)
    at Promise.then.completed (/Users/sherwingorechomante/coldcaller/frontend/node_modules/jest-circus/build/utils.js:391:28)
    at new Promise (<anonymous>)
    at callAsyncCircusFn (/Users/sherwingorechomante/coldcaller/frontend/node_modules/jest-circus/build/utils.js:316:10)
    at _callCircusHook (/Users/sherwingorechomante/coldcaller/frontend/node_modules/jest-circus/build/run.js:181:40)
    at processTicksAndRejections (node:internal/process/task_queues:105:5)
    at _runTest (/Users/sherwingorechomante/coldcaller/frontend/node_modules/jest-circus/build/run.js:148:5)
    at _runTestsForDescribeBlock (/Users/sherwingorechomante/coldcaller/frontend/node_modules/jest-circus/build/run.js:66:9)
    at _runTestsForDescribeBlock (/Users/sherwingorechomante/coldcaller/frontend/node_modules/jest-circus/build/run.js:60:9)
    at run (/Users/sherwingorechomante/coldcaller/frontend/node_modules/jest-circus/build/run.js:25:3)
    at runAndTransformResultsToJestFormat (/Users/sherwingorechomante/coldcaller/frontend/node_modules/jest-circus/build/legacy-code-todo-rewrite/jestAdapterInit.js:170:21)
    at jestAdapter (/Users/sherwingorechomante/coldcaller/frontend/node_modules/jest-circus/build/legacy-code-todo-rewrite/jestAdapter.js:82:19)
    at runTestInternal (/Users/sherwingorechomante/coldcaller/frontend/node_modules/jest-runner/build/runTest.js:389:16)
    at runTest (/Users/sherwingorechomante/coldcaller/frontend/node_modules/jest-runner/build/runTest.js:475:34)
    at Object.worker (/Users/sherwingorechomante/coldcaller/frontend/node_modules/jest-runner/build/testWorker.js:133:12)]]></failure>
    </testCase>
    <testCase name="CallQualityManager should provide quality recommendations" duration="0">
      <failure message="TypeError: Cannot read properties of undefined (reading &apos;bind&apos;)"><![CDATA[TypeError: Cannot read properties of undefined (reading 'bind')
    at CallQualityManager.bindMethods (/Users/sherwingorechomante/coldcaller/frontend/src/utils/CallQualityManager.js:52:49)
    at new CallQualityManager (/Users/sherwingorechomante/coldcaller/frontend/src/utils/CallQualityManager.js:48:10)
    at Object.<anonymous> (/Users/sherwingorechomante/coldcaller/frontend/src/__tests__/WebRTCPerformance.test.js:112:26)
    at Promise.then.completed (/Users/sherwingorechomante/coldcaller/frontend/node_modules/jest-circus/build/utils.js:391:28)
    at new Promise (<anonymous>)
    at callAsyncCircusFn (/Users/sherwingorechomante/coldcaller/frontend/node_modules/jest-circus/build/utils.js:316:10)
    at _callCircusHook (/Users/sherwingorechomante/coldcaller/frontend/node_modules/jest-circus/build/run.js:181:40)
    at processTicksAndRejections (node:internal/process/task_queues:105:5)
    at _runTest (/Users/sherwingorechomante/coldcaller/frontend/node_modules/jest-circus/build/run.js:148:5)
    at _runTestsForDescribeBlock (/Users/sherwingorechomante/coldcaller/frontend/node_modules/jest-circus/build/run.js:66:9)
    at _runTestsForDescribeBlock (/Users/sherwingorechomante/coldcaller/frontend/node_modules/jest-circus/build/run.js:60:9)
    at run (/Users/sherwingorechomante/coldcaller/frontend/node_modules/jest-circus/build/run.js:25:3)
    at runAndTransformResultsToJestFormat (/Users/sherwingorechomante/coldcaller/frontend/node_modules/jest-circus/build/legacy-code-todo-rewrite/jestAdapterInit.js:170:21)
    at jestAdapter (/Users/sherwingorechomante/coldcaller/frontend/node_modules/jest-circus/build/legacy-code-todo-rewrite/jestAdapter.js:82:19)
    at runTestInternal (/Users/sherwingorechomante/coldcaller/frontend/node_modules/jest-runner/build/runTest.js:389:16)
    at runTest (/Users/sherwingorechomante/coldcaller/frontend/node_modules/jest-runner/build/runTest.js:475:34)
    at Object.worker (/Users/sherwingorechomante/coldcaller/frontend/node_modules/jest-runner/build/testWorker.js:133:12)]]></failure>
    </testCase>
    <testCase name="CallQualityManager should get current metrics" duration="0">
      <failure message="TypeError: Cannot read properties of undefined (reading &apos;bind&apos;)"><![CDATA[TypeError: Cannot read properties of undefined (reading 'bind')
    at CallQualityManager.bindMethods (/Users/sherwingorechomante/coldcaller/frontend/src/utils/CallQualityManager.js:52:49)
    at new CallQualityManager (/Users/sherwingorechomante/coldcaller/frontend/src/utils/CallQualityManager.js:48:10)
    at Object.<anonymous> (/Users/sherwingorechomante/coldcaller/frontend/src/__tests__/WebRTCPerformance.test.js:112:26)
    at Promise.then.completed (/Users/sherwingorechomante/coldcaller/frontend/node_modules/jest-circus/build/utils.js:391:28)
    at new Promise (<anonymous>)
    at callAsyncCircusFn (/Users/sherwingorechomante/coldcaller/frontend/node_modules/jest-circus/build/utils.js:316:10)
    at _callCircusHook (/Users/sherwingorechomante/coldcaller/frontend/node_modules/jest-circus/build/run.js:181:40)
    at processTicksAndRejections (node:internal/process/task_queues:105:5)
    at _runTest (/Users/sherwingorechomante/coldcaller/frontend/node_modules/jest-circus/build/run.js:148:5)
    at _runTestsForDescribeBlock (/Users/sherwingorechomante/coldcaller/frontend/node_modules/jest-circus/build/run.js:66:9)
    at _runTestsForDescribeBlock (/Users/sherwingorechomante/coldcaller/frontend/node_modules/jest-circus/build/run.js:60:9)
    at run (/Users/sherwingorechomante/coldcaller/frontend/node_modules/jest-circus/build/run.js:25:3)
    at runAndTransformResultsToJestFormat (/Users/sherwingorechomante/coldcaller/frontend/node_modules/jest-circus/build/legacy-code-todo-rewrite/jestAdapterInit.js:170:21)
    at jestAdapter (/Users/sherwingorechomante/coldcaller/frontend/node_modules/jest-circus/build/legacy-code-todo-rewrite/jestAdapter.js:82:19)
    at runTestInternal (/Users/sherwingorechomante/coldcaller/frontend/node_modules/jest-runner/build/runTest.js:389:16)
    at runTest (/Users/sherwingorechomante/coldcaller/frontend/node_modules/jest-runner/build/runTest.js:475:34)
    at Object.worker (/Users/sherwingorechomante/coldcaller/frontend/node_modules/jest-runner/build/testWorker.js:133:12)]]></failure>
    </testCase>
    <testCase name="CallQualityManager should emit events correctly" duration="0">
      <failure message="TypeError: Cannot read properties of undefined (reading &apos;bind&apos;)"><![CDATA[TypeError: Cannot read properties of undefined (reading 'bind')
    at CallQualityManager.bindMethods (/Users/sherwingorechomante/coldcaller/frontend/src/utils/CallQualityManager.js:52:49)
    at new CallQualityManager (/Users/sherwingorechomante/coldcaller/frontend/src/utils/CallQualityManager.js:48:10)
    at Object.<anonymous> (/Users/sherwingorechomante/coldcaller/frontend/src/__tests__/WebRTCPerformance.test.js:112:26)
    at Promise.then.completed (/Users/sherwingorechomante/coldcaller/frontend/node_modules/jest-circus/build/utils.js:391:28)
    at new Promise (<anonymous>)
    at callAsyncCircusFn (/Users/sherwingorechomante/coldcaller/frontend/node_modules/jest-circus/build/utils.js:316:10)
    at _callCircusHook (/Users/sherwingorechomante/coldcaller/frontend/node_modules/jest-circus/build/run.js:181:40)
    at processTicksAndRejections (node:internal/process/task_queues:105:5)
    at _runTest (/Users/sherwingorechomante/coldcaller/frontend/node_modules/jest-circus/build/run.js:148:5)
    at _runTestsForDescribeBlock (/Users/sherwingorechomante/coldcaller/frontend/node_modules/jest-circus/build/run.js:66:9)
    at _runTestsForDescribeBlock (/Users/sherwingorechomante/coldcaller/frontend/node_modules/jest-circus/build/run.js:60:9)
    at run (/Users/sherwingorechomante/coldcaller/frontend/node_modules/jest-circus/build/run.js:25:3)
    at runAndTransformResultsToJestFormat (/Users/sherwingorechomante/coldcaller/frontend/node_modules/jest-circus/build/legacy-code-todo-rewrite/jestAdapterInit.js:170:21)
    at jestAdapter (/Users/sherwingorechomante/coldcaller/frontend/node_modules/jest-circus/build/legacy-code-todo-rewrite/jestAdapter.js:82:19)
    at runTestInternal (/Users/sherwingorechomante/coldcaller/frontend/node_modules/jest-runner/build/runTest.js:389:16)
    at runTest (/Users/sherwingorechomante/coldcaller/frontend/node_modules/jest-runner/build/runTest.js:475:34)
    at Object.worker (/Users/sherwingorechomante/coldcaller/frontend/node_modules/jest-runner/build/testWorker.js:133:12)]]></failure>
    </testCase>
    <testCase name="NetworkMonitor should initialize correctly" duration="29"/>
    <testCase name="NetworkMonitor should start and stop monitoring" duration="56"/>
    <testCase name="NetworkMonitor should measure RTT" duration="53"/>
    <testCase name="NetworkMonitor should update connection quality" duration="1"/>
    <testCase name="NetworkMonitor should provide network recommendations" duration="1"/>
    <testCase name="NetworkMonitor should check VoIP suitability" duration="1"/>
    <testCase name="WebRTCOptimizer should initialize correctly" duration="10"/>
    <testCase name="WebRTCOptimizer should create optimized peer connection" duration="1">
      <failure message="TypeError: this.setupOptimalMediaConstraints is not a function"><![CDATA[TypeError: this.setupOptimalMediaConstraints is not a function
    at WebRTCOptimizer.createPeerConnection (/Users/sherwingorechomante/coldcaller/frontend/src/utils/WebRTCOptimizer.js:109:12)
    at Object.<anonymous> (/Users/sherwingorechomante/coldcaller/frontend/src/__tests__/WebRTCPerformance.test.js:286:50)
    at Promise.then.completed (/Users/sherwingorechomante/coldcaller/frontend/node_modules/jest-circus/build/utils.js:391:28)
    at new Promise (<anonymous>)
    at callAsyncCircusFn (/Users/sherwingorechomante/coldcaller/frontend/node_modules/jest-circus/build/utils.js:316:10)
    at _callCircusTest (/Users/sherwingorechomante/coldcaller/frontend/node_modules/jest-circus/build/run.js:218:40)
    at _runTest (/Users/sherwingorechomante/coldcaller/frontend/node_modules/jest-circus/build/run.js:155:3)
    at _runTestsForDescribeBlock (/Users/sherwingorechomante/coldcaller/frontend/node_modules/jest-circus/build/run.js:66:9)
    at _runTestsForDescribeBlock (/Users/sherwingorechomante/coldcaller/frontend/node_modules/jest-circus/build/run.js:60:9)
    at run (/Users/sherwingorechomante/coldcaller/frontend/node_modules/jest-circus/build/run.js:25:3)
    at runAndTransformResultsToJestFormat (/Users/sherwingorechomante/coldcaller/frontend/node_modules/jest-circus/build/legacy-code-todo-rewrite/jestAdapterInit.js:170:21)
    at jestAdapter (/Users/sherwingorechomante/coldcaller/frontend/node_modules/jest-circus/build/legacy-code-todo-rewrite/jestAdapter.js:82:19)
    at runTestInternal (/Users/sherwingorechomante/coldcaller/frontend/node_modules/jest-runner/build/runTest.js:389:16)
    at runTest (/Users/sherwingorechomante/coldcaller/frontend/node_modules/jest-runner/build/runTest.js:475:34)
    at Object.worker (/Users/sherwingorechomante/coldcaller/frontend/node_modules/jest-runner/build/testWorker.js:133:12)]]></failure>
      <failure message="TypeError: this.peerConnection.close is not a function"><![CDATA[TypeError: this.peerConnection.close is not a function
    at WebRTCOptimizer.destroy (/Users/sherwingorechomante/coldcaller/frontend/src/utils/WebRTCOptimizer.js:878:27)
    at Object.<anonymous> (/Users/sherwingorechomante/coldcaller/frontend/src/__tests__/WebRTCPerformance.test.js:275:23)
    at Promise.then.completed (/Users/sherwingorechomante/coldcaller/frontend/node_modules/jest-circus/build/utils.js:391:28)
    at new Promise (<anonymous>)
    at callAsyncCircusFn (/Users/sherwingorechomante/coldcaller/frontend/node_modules/jest-circus/build/utils.js:316:10)
    at _callCircusHook (/Users/sherwingorechomante/coldcaller/frontend/node_modules/jest-circus/build/run.js:181:40)
    at _runTest (/Users/sherwingorechomante/coldcaller/frontend/node_modules/jest-circus/build/run.js:158:5)
    at _runTestsForDescribeBlock (/Users/sherwingorechomante/coldcaller/frontend/node_modules/jest-circus/build/run.js:66:9)
    at _runTestsForDescribeBlock (/Users/sherwingorechomante/coldcaller/frontend/node_modules/jest-circus/build/run.js:60:9)
    at run (/Users/sherwingorechomante/coldcaller/frontend/node_modules/jest-circus/build/run.js:25:3)
    at runAndTransformResultsToJestFormat (/Users/sherwingorechomante/coldcaller/frontend/node_modules/jest-circus/build/legacy-code-todo-rewrite/jestAdapterInit.js:170:21)
    at jestAdapter (/Users/sherwingorechomante/coldcaller/frontend/node_modules/jest-circus/build/legacy-code-todo-rewrite/jestAdapter.js:82:19)
    at runTestInternal (/Users/sherwingorechomante/coldcaller/frontend/node_modules/jest-runner/build/runTest.js:389:16)
    at runTest (/Users/sherwingorechomante/coldcaller/frontend/node_modules/jest-runner/build/runTest.js:475:34)
    at Object.worker (/Users/sherwingorechomante/coldcaller/frontend/node_modules/jest-runner/build/testWorker.js:133:12)]]></failure>
    </testCase>
    <testCase name="WebRTCOptimizer should get optimal ICE servers" duration="1"/>
    <testCase name="WebRTCOptimizer should optimize ICE candidate" duration="3"/>
    <testCase name="WebRTCOptimizer should get optimal media constraints" duration="0"/>
    <testCase name="WebRTCOptimizer should select optimal codecs" duration="1"/>
    <testCase name="WebRTCOptimizer should get connection statistics" duration="1"/>
    <testCase name="MobileCallManager should detect mobile device" duration="6"/>
    <testCase name="MobileCallManager should initialize mobile features" duration="2"/>
    <testCase name="MobileCallManager should update power save mode" duration="3"/>
    <testCase name="MobileCallManager should set call quality levels" duration="3"/>
    <testCase name="MobileCallManager should adapt call quality based on conditions" duration="2"/>
    <testCase name="MobileCallManager should handle background/foreground transitions" duration="28"/>
    <testCase name="MobileCallManager should provide mobile recommendations" duration="1"/>
    <testCase name="MobileCallManager should get device status" duration="9"/>
    <testCase name="MobileCallManager should handle wake lock operations" duration="1"/>
    <testCase name="Integration Tests should integrate all managers for complete WebRTC optimization" duration="0">
      <failure message="TypeError: Cannot read properties of undefined (reading &apos;bind&apos;)"><![CDATA[TypeError: Cannot read properties of undefined (reading 'bind')
    at CallQualityManager.bindMethods (/Users/sherwingorechomante/coldcaller/frontend/src/utils/CallQualityManager.js:52:49)
    at new CallQualityManager (/Users/sherwingorechomante/coldcaller/frontend/src/utils/CallQualityManager.js:48:10)
    at Object.<anonymous> (/Users/sherwingorechomante/coldcaller/frontend/src/__tests__/WebRTCPerformance.test.js:453:26)
    at Promise.then.completed (/Users/sherwingorechomante/coldcaller/frontend/node_modules/jest-circus/build/utils.js:391:28)
    at new Promise (<anonymous>)
    at callAsyncCircusFn (/Users/sherwingorechomante/coldcaller/frontend/node_modules/jest-circus/build/utils.js:316:10)
    at _callCircusHook (/Users/sherwingorechomante/coldcaller/frontend/node_modules/jest-circus/build/run.js:181:40)
    at _runTest (/Users/sherwingorechomante/coldcaller/frontend/node_modules/jest-circus/build/run.js:148:5)
    at _runTestsForDescribeBlock (/Users/sherwingorechomante/coldcaller/frontend/node_modules/jest-circus/build/run.js:66:9)
    at _runTestsForDescribeBlock (/Users/sherwingorechomante/coldcaller/frontend/node_modules/jest-circus/build/run.js:60:9)
    at run (/Users/sherwingorechomante/coldcaller/frontend/node_modules/jest-circus/build/run.js:25:3)
    at runAndTransformResultsToJestFormat (/Users/sherwingorechomante/coldcaller/frontend/node_modules/jest-circus/build/legacy-code-todo-rewrite/jestAdapterInit.js:170:21)
    at jestAdapter (/Users/sherwingorechomante/coldcaller/frontend/node_modules/jest-circus/build/legacy-code-todo-rewrite/jestAdapter.js:82:19)
    at runTestInternal (/Users/sherwingorechomante/coldcaller/frontend/node_modules/jest-runner/build/runTest.js:389:16)
    at runTest (/Users/sherwingorechomante/coldcaller/frontend/node_modules/jest-runner/build/runTest.js:475:34)
    at Object.worker (/Users/sherwingorechomante/coldcaller/frontend/node_modules/jest-runner/build/testWorker.js:133:12)]]></failure>
    </testCase>
    <testCase name="Integration Tests should coordinate quality adaptation across managers" duration="1">
      <failure message="TypeError: Cannot read properties of undefined (reading &apos;bind&apos;)"><![CDATA[TypeError: Cannot read properties of undefined (reading 'bind')
    at CallQualityManager.bindMethods (/Users/sherwingorechomante/coldcaller/frontend/src/utils/CallQualityManager.js:52:49)
    at new CallQualityManager (/Users/sherwingorechomante/coldcaller/frontend/src/utils/CallQualityManager.js:48:10)
    at Object.<anonymous> (/Users/sherwingorechomante/coldcaller/frontend/src/__tests__/WebRTCPerformance.test.js:453:26)
    at Promise.then.completed (/Users/sherwingorechomante/coldcaller/frontend/node_modules/jest-circus/build/utils.js:391:28)
    at new Promise (<anonymous>)
    at callAsyncCircusFn (/Users/sherwingorechomante/coldcaller/frontend/node_modules/jest-circus/build/utils.js:316:10)
    at _callCircusHook (/Users/sherwingorechomante/coldcaller/frontend/node_modules/jest-circus/build/run.js:181:40)
    at _runTest (/Users/sherwingorechomante/coldcaller/frontend/node_modules/jest-circus/build/run.js:148:5)
    at _runTestsForDescribeBlock (/Users/sherwingorechomante/coldcaller/frontend/node_modules/jest-circus/build/run.js:66:9)
    at _runTestsForDescribeBlock (/Users/sherwingorechomante/coldcaller/frontend/node_modules/jest-circus/build/run.js:60:9)
    at run (/Users/sherwingorechomante/coldcaller/frontend/node_modules/jest-circus/build/run.js:25:3)
    at runAndTransformResultsToJestFormat (/Users/sherwingorechomante/coldcaller/frontend/node_modules/jest-circus/build/legacy-code-todo-rewrite/jestAdapterInit.js:170:21)
    at jestAdapter (/Users/sherwingorechomante/coldcaller/frontend/node_modules/jest-circus/build/legacy-code-todo-rewrite/jestAdapter.js:82:19)
    at runTestInternal (/Users/sherwingorechomante/coldcaller/frontend/node_modules/jest-runner/build/runTest.js:389:16)
    at runTest (/Users/sherwingorechomante/coldcaller/frontend/node_modules/jest-runner/build/runTest.js:475:34)
    at Object.worker (/Users/sherwingorechomante/coldcaller/frontend/node_modules/jest-runner/build/testWorker.js:133:12)]]></failure>
    </testCase>
    <testCase name="Error Handling should handle WebRTC initialization errors gracefully" duration="5"/>
    <testCase name="Error Handling should handle missing browser APIs gracefully" duration="0">
      <failure message="TypeError: Cannot delete property &apos;connection&apos; of [object Navigator]"><![CDATA[TypeError: Cannot delete property 'connection' of [object Navigator]
    at Object.<anonymous> (/Users/sherwingorechomante/coldcaller/frontend/src/__tests__/WebRTCPerformance.test.js:527:5)
    at Promise.then.completed (/Users/sherwingorechomante/coldcaller/frontend/node_modules/jest-circus/build/utils.js:391:28)
    at new Promise (<anonymous>)
    at callAsyncCircusFn (/Users/sherwingorechomante/coldcaller/frontend/node_modules/jest-circus/build/utils.js:316:10)
    at _callCircusTest (/Users/sherwingorechomante/coldcaller/frontend/node_modules/jest-circus/build/run.js:218:40)
    at _runTest (/Users/sherwingorechomante/coldcaller/frontend/node_modules/jest-circus/build/run.js:155:3)
    at _runTestsForDescribeBlock (/Users/sherwingorechomante/coldcaller/frontend/node_modules/jest-circus/build/run.js:66:9)
    at _runTestsForDescribeBlock (/Users/sherwingorechomante/coldcaller/frontend/node_modules/jest-circus/build/run.js:60:9)
    at run (/Users/sherwingorechomante/coldcaller/frontend/node_modules/jest-circus/build/run.js:25:3)
    at runAndTransformResultsToJestFormat (/Users/sherwingorechomante/coldcaller/frontend/node_modules/jest-circus/build/legacy-code-todo-rewrite/jestAdapterInit.js:170:21)
    at jestAdapter (/Users/sherwingorechomante/coldcaller/frontend/node_modules/jest-circus/build/legacy-code-todo-rewrite/jestAdapter.js:82:19)
    at runTestInternal (/Users/sherwingorechomante/coldcaller/frontend/node_modules/jest-runner/build/runTest.js:389:16)
    at runTest (/Users/sherwingorechomante/coldcaller/frontend/node_modules/jest-runner/build/runTest.js:475:34)
    at Object.worker (/Users/sherwingorechomante/coldcaller/frontend/node_modules/jest-runner/build/testWorker.js:133:12)]]></failure>
    </testCase>
    <testCase name="Error Handling should handle audio context creation failure" duration="0">
      <failure message="TypeError: Cannot read properties of undefined (reading &apos;bind&apos;)"><![CDATA[TypeError: Cannot read properties of undefined (reading 'bind')
    at CallQualityManager.bindMethods (/Users/sherwingorechomante/coldcaller/frontend/src/utils/CallQualityManager.js:52:49)
    at new CallQualityManager (/Users/sherwingorechomante/coldcaller/frontend/src/utils/CallQualityManager.js:48:10)
    at Object.<anonymous> (/Users/sherwingorechomante/coldcaller/frontend/src/__tests__/WebRTCPerformance.test.js:543:28)
    at Promise.then.completed (/Users/sherwingorechomante/coldcaller/frontend/node_modules/jest-circus/build/utils.js:391:28)
    at new Promise (<anonymous>)
    at callAsyncCircusFn (/Users/sherwingorechomante/coldcaller/frontend/node_modules/jest-circus/build/utils.js:316:10)
    at _callCircusTest (/Users/sherwingorechomante/coldcaller/frontend/node_modules/jest-circus/build/run.js:218:40)
    at _runTest (/Users/sherwingorechomante/coldcaller/frontend/node_modules/jest-circus/build/run.js:155:3)
    at _runTestsForDescribeBlock (/Users/sherwingorechomante/coldcaller/frontend/node_modules/jest-circus/build/run.js:66:9)
    at _runTestsForDescribeBlock (/Users/sherwingorechomante/coldcaller/frontend/node_modules/jest-circus/build/run.js:60:9)
    at run (/Users/sherwingorechomante/coldcaller/frontend/node_modules/jest-circus/build/run.js:25:3)
    at runAndTransformResultsToJestFormat (/Users/sherwingorechomante/coldcaller/frontend/node_modules/jest-circus/build/legacy-code-todo-rewrite/jestAdapterInit.js:170:21)
    at jestAdapter (/Users/sherwingorechomante/coldcaller/frontend/node_modules/jest-circus/build/legacy-code-todo-rewrite/jestAdapter.js:82:19)
    at runTestInternal (/Users/sherwingorechomante/coldcaller/frontend/node_modules/jest-runner/build/runTest.js:389:16)
    at runTest (/Users/sherwingorechomante/coldcaller/frontend/node_modules/jest-runner/build/runTest.js:475:34)
    at Object.worker (/Users/sherwingorechomante/coldcaller/frontend/node_modules/jest-runner/build/testWorker.js:133:12)]]></failure>
    </testCase>
    <testCase name="Performance Tests should handle rapid quality updates efficiently" duration="0">
      <failure message="TypeError: Cannot read properties of undefined (reading &apos;bind&apos;)"><![CDATA[TypeError: Cannot read properties of undefined (reading 'bind')
    at CallQualityManager.bindMethods (/Users/sherwingorechomante/coldcaller/frontend/src/utils/CallQualityManager.js:52:49)
    at new CallQualityManager (/Users/sherwingorechomante/coldcaller/frontend/src/utils/CallQualityManager.js:48:10)
    at Object.<anonymous> (/Users/sherwingorechomante/coldcaller/frontend/src/__tests__/WebRTCPerformance.test.js:558:28)
    at Promise.then.completed (/Users/sherwingorechomante/coldcaller/frontend/node_modules/jest-circus/build/utils.js:391:28)
    at new Promise (<anonymous>)
    at callAsyncCircusFn (/Users/sherwingorechomante/coldcaller/frontend/node_modules/jest-circus/build/utils.js:316:10)
    at _callCircusTest (/Users/sherwingorechomante/coldcaller/frontend/node_modules/jest-circus/build/run.js:218:40)
    at _runTest (/Users/sherwingorechomante/coldcaller/frontend/node_modules/jest-circus/build/run.js:155:3)
    at _runTestsForDescribeBlock (/Users/sherwingorechomante/coldcaller/frontend/node_modules/jest-circus/build/run.js:66:9)
    at _runTestsForDescribeBlock (/Users/sherwingorechomante/coldcaller/frontend/node_modules/jest-circus/build/run.js:60:9)
    at run (/Users/sherwingorechomante/coldcaller/frontend/node_modules/jest-circus/build/run.js:25:3)
    at runAndTransformResultsToJestFormat (/Users/sherwingorechomante/coldcaller/frontend/node_modules/jest-circus/build/legacy-code-todo-rewrite/jestAdapterInit.js:170:21)
    at jestAdapter (/Users/sherwingorechomante/coldcaller/frontend/node_modules/jest-circus/build/legacy-code-todo-rewrite/jestAdapter.js:82:19)
    at runTestInternal (/Users/sherwingorechomante/coldcaller/frontend/node_modules/jest-runner/build/runTest.js:389:16)
    at runTest (/Users/sherwingorechomante/coldcaller/frontend/node_modules/jest-runner/build/runTest.js:475:34)
    at Object.worker (/Users/sherwingorechomante/coldcaller/frontend/node_modules/jest-runner/build/testWorker.js:133:12)]]></failure>
    </testCase>
    <testCase name="Performance Tests should clean up resources properly" duration="0">
      <failure message="TypeError: Cannot read properties of undefined (reading &apos;bind&apos;)"><![CDATA[TypeError: Cannot read properties of undefined (reading 'bind')
    at CallQualityManager.bindMethods (/Users/sherwingorechomante/coldcaller/frontend/src/utils/CallQualityManager.js:52:49)
    at new CallQualityManager (/Users/sherwingorechomante/coldcaller/frontend/src/utils/CallQualityManager.js:48:10)
    at Object.<anonymous> (/Users/sherwingorechomante/coldcaller/frontend/src/__tests__/WebRTCPerformance.test.js:579:7)
    at Promise.then.completed (/Users/sherwingorechomante/coldcaller/frontend/node_modules/jest-circus/build/utils.js:391:28)
    at new Promise (<anonymous>)
    at callAsyncCircusFn (/Users/sherwingorechomante/coldcaller/frontend/node_modules/jest-circus/build/utils.js:316:10)
    at _callCircusTest (/Users/sherwingorechomante/coldcaller/frontend/node_modules/jest-circus/build/run.js:218:40)
    at _runTest (/Users/sherwingorechomante/coldcaller/frontend/node_modules/jest-circus/build/run.js:155:3)
    at _runTestsForDescribeBlock (/Users/sherwingorechomante/coldcaller/frontend/node_modules/jest-circus/build/run.js:66:9)
    at _runTestsForDescribeBlock (/Users/sherwingorechomante/coldcaller/frontend/node_modules/jest-circus/build/run.js:60:9)
    at run (/Users/sherwingorechomante/coldcaller/frontend/node_modules/jest-circus/build/run.js:25:3)
    at runAndTransformResultsToJestFormat (/Users/sherwingorechomante/coldcaller/frontend/node_modules/jest-circus/build/legacy-code-todo-rewrite/jestAdapterInit.js:170:21)
    at jestAdapter (/Users/sherwingorechomante/coldcaller/frontend/node_modules/jest-circus/build/legacy-code-todo-rewrite/jestAdapter.js:82:19)
    at runTestInternal (/Users/sherwingorechomante/coldcaller/frontend/node_modules/jest-runner/build/runTest.js:389:16)
    at runTest (/Users/sherwingorechomante/coldcaller/frontend/node_modules/jest-runner/build/runTest.js:475:34)
    at Object.worker (/Users/sherwingorechomante/coldcaller/frontend/node_modules/jest-runner/build/testWorker.js:133:12)]]></failure>
    </testCase>
  </file>
  <file path="/Users/sherwingorechomante/coldcaller/frontend/src/__tests__/voip/voipPerformance.test.js">
    <testCase name="VOIP Performance and Load Testing Concurrent Call Handling should handle 50 concurrent calls without degradation" duration="3">
      <failure message="Error: expect(received).toBeGreaterThanOrEqual(expected)"><![CDATA[Error: expect(received).toBeGreaterThanOrEqual(expected)

Expected: >= 96
Received:    0
    at Object.<anonymous> (/Users/sherwingorechomante/coldcaller/frontend/src/__tests__/voip/voipPerformance.test.js:93:27)
    at processTicksAndRejections (node:internal/process/task_queues:105:5)]]></failure>
    </testCase>
    <testCase name="VOIP Performance and Load Testing Concurrent Call Handling should maintain quality under high concurrent load" duration="4">
      <failure message="Error: expect(received).toBeGreaterThan(expected)"><![CDATA[Error: expect(received).toBeGreaterThan(expected)

Expected: > 40
Received:   0
    at Object.<anonymous> (/Users/sherwingorechomante/coldcaller/frontend/src/__tests__/voip/voipPerformance.test.js:150:29)
    at processTicksAndRejections (node:internal/process/task_queues:105:5)]]></failure>
    </testCase>
    <testCase name="VOIP Performance and Load Testing Concurrent Call Handling should implement proper load balancing and queuing" duration="513">
      <failure message="Error: expect(received).toBeLessThan(expected)"><![CDATA[Error: expect(received).toBeLessThan(expected)

Expected: < 0.3
Received:   0.8944271909999159
    at Object.<anonymous> (/Users/sherwingorechomante/coldcaller/frontend/src/__tests__/voip/voipPerformance.test.js:200:36)]]></failure>
    </testCase>
    <testCase name="VOIP Performance and Load Testing Network Condition Resilience should adapt to varying network conditions" duration="0">
      <failure message="Error: expect(received).toBeGreaterThanOrEqual(expected)"><![CDATA[Error: expect(received).toBeGreaterThanOrEqual(expected)

Expected: >= 4
Received:    0
    at Object.<anonymous> (/Users/sherwingorechomante/coldcaller/frontend/src/__tests__/voip/voipPerformance.test.js:245:31)]]></failure>
    </testCase>
    <testCase name="VOIP Performance and Load Testing Network Condition Resilience should handle network interruptions and recovery" duration="1">
      <failure message="Error: expect(received).toBe(expected) // Object.is equality"><![CDATA[Error: expect(received).toBe(expected) // Object.is equality

Expected: true
Received: false
    at Object.<anonymous> (/Users/sherwingorechomante/coldcaller/frontend/src/__tests__/voip/voipPerformance.test.js:262:35)]]></failure>
    </testCase>
    <testCase name="VOIP Performance and Load Testing Network Condition Resilience should optimize codec selection based on conditions" duration="23">
      <failure message="Error: expect(received).toContain(expected) // indexOf"><![CDATA[Error: expect(received).toContain(expected) // indexOf

Expected substring: "g722"
Received string:    "opus"
    at Object.<anonymous> (/Users/sherwingorechomante/coldcaller/frontend/src/__tests__/voip/voipPerformance.test.js:301:45)]]></failure>
    </testCase>
    <testCase name="VOIP Performance and Load Testing Scalability and Resource Management should scale resources based on demand" duration="3">
      <failure message="Error: expect(received).toBeLessThan(expected)"><![CDATA[Error: expect(received).toBeLessThan(expected)

Expected: < 80
Received:   80
    at Object.<anonymous> (/Users/sherwingorechomante/coldcaller/frontend/src/__tests__/voip/voipPerformance.test.js:323:40)]]></failure>
    </testCase>
    <testCase name="VOIP Performance and Load Testing Scalability and Resource Management should manage memory efficiently during long calls" duration="0"/>
    <testCase name="VOIP Performance and Load Testing Scalability and Resource Management should handle resource exhaustion gracefully" duration="1">
      <failure message="Error: expect(received).toBeLessThan(expected)"><![CDATA[Error: expect(received).toBeLessThan(expected)

Expected: < 5
Received:   10
    at Object.<anonymous> (/Users/sherwingorechomante/coldcaller/frontend/src/__tests__/voip/voipPerformance.test.js:409:31)]]></failure>
    </testCase>
    <testCase name="VOIP Performance and Load Testing Performance Benchmarking should meet latency benchmarks for call establishment" duration="2">
      <failure message="Error: expect(received).toBeLessThan(expected)"><![CDATA[Error: expect(received).toBeLessThan(expected)

Expected: < 2000
Received:   NaN
    at Object.<anonymous> (/Users/sherwingorechomante/coldcaller/frontend/src/__tests__/voip/voipPerformance.test.js:457:32)]]></failure>
    </testCase>
    <testCase name="VOIP Performance and Load Testing Performance Benchmarking should benchmark audio quality metrics" duration="1">
      <failure message="Error: expect(received).toBeGreaterThanOrEqual(expected)"><![CDATA[Error: expect(received).toBeGreaterThanOrEqual(expected)

Expected: >= 4.2
Received:    NaN
    at Object.<anonymous> (/Users/sherwingorechomante/coldcaller/frontend/src/__tests__/voip/voipPerformance.test.js:496:22)]]></failure>
    </testCase>
  </file>
  <file path="/Users/sherwingorechomante/coldcaller/frontend/src/components/__tests__/ScriptDisplay.test.js">
    <testCase name="ScriptDisplay Component renders script display with all elements" duration="233">
      <failure message="TestingLibraryElementError: Unable to find an accessible element with the role &quot;button&quot; and name `/Introduction/i`"><![CDATA[TestingLibraryElementError: Unable to find an accessible element with the role "button" and name `/Introduction/i`

Here are the accessible roles:

  heading:

  Name "Call Scripts":
  <h2
    class="text-xl font-bold text-gray-800"
  />

  Name "Quick Tips:":
  <h4
    class="font-semibold text-green-800 text-sm mb-3"
  />

  --------------------------------------------------
  button:

  Name "🎭 Personalize":
  <button
    class="px-3 py-1 bg-white/20 hover:bg-white/30 border border-white/30  rounded-sm text-xs transition-all duration-200 hover:scale-105 disabled:opacity-50 disabled:cursor-not-allowed focus:outline-none focus:ring-2 focus:ring-white/50"
    disabled=""
    title="Requires API connection"
  />

  Name "📋 Copy":
  <button
    class="px-3 py-1 bg-white/20 hover:bg-white/30 border border-white/30  rounded-sm text-xs transition-all duration-200 hover:scale-105 focus:outline-none focus:ring-2 focus:ring-white/50"
  />

  Name "⬇️ Expand":
  <button
    class="px-3 py-1 bg-white/20 hover:bg-white/30 border border-white/30  rounded-sm text-xs transition-all duration-200 hover:scale-105 focus:outline-none focus:ring-2 focus:ring-white/50"
  />

  Name "🔄 Loading...":
  <button
    class="flex-1 px-3 py-2 bg-blue-100 hover:bg-blue-200 disabled:opacity-50 text-blue-700 rounded-md text-sm font-medium transition-colors"
    disabled=""
  />

  Name "⚙️ Manage Scripts":
  <button
    class="flex-1 px-3 py-2 bg-green-100 hover:bg-green-200 disabled:opacity-50 text-green-700 rounded-md text-sm font-medium transition-colors"
    disabled=""
  />

  --------------------------------------------------
  list:

  Name "":
  <ul
    class="space-y-1 text-xs leading-relaxed text-gray-700 pl-4"
  />

  --------------------------------------------------
  listitem:

  Name "":
  <li
    class="flex items-center"
  />

  Name "":
  <li
    class="flex items-center"
  />

  Name "":
  <li
    class="flex items-center"
  />

  Name "":
  <li
    class="flex items-center"
  />

  --------------------------------------------------

Ignored nodes: comments, script, style
<body>
  <div>
    <div
      class="card max-w-lg mx-2"
    >
      <div
        class="text-center mb-4"
      >
        <h2
          class="text-xl font-bold text-gray-800"
        >
          Call Scripts
        </h2>
        <div
          class="text-sm text-blue-600 mt-1"
        >
          🔄 Loading scripts...
        </div>
      </div>
      <div
        class="grid grid-cols-2 gap-3 mb-6"
      >
        <div
          class="col-span-2 text-center text-gray-500 py-8"
        >
          🔄 Loading scripts...
        </div>
      </div>
      <div
        class="
        border-3 rounded-lg overflow-hidden mb-6
        transition-all duration-300 shadow-md
        border-blue-500
        max-h-40
      "
      >
        <div
          class="
          px-4 py-3 flex justify-between items-center text-white
          bg-blue-500
        "
        >
          <span
            class="text-lg font-bold"
          >
            Introduction
          </span>
          <div
            class="flex gap-2"
          >
            <button
              class="px-3 py-1 bg-white/20 hover:bg-white/30 border border-white/30  rounded-sm text-xs transition-all duration-200 hover:scale-105 disabled:opacity-50 disabled:cursor-not-allowed focus:outline-none focus:ring-2 focus:ring-white/50"
              disabled=""
              title="Requires API connection"
            >
              🎭 Personalize
            </button>
            <button
              class="px-3 py-1 bg-white/20 hover:bg-white/30 border border-white/30  rounded-sm text-xs transition-all duration-200 hover:scale-105 focus:outline-none focus:ring-2 focus:ring-white/50"
            >
              📋 Copy
            </button>
            <button
              class="px-3 py-1 bg-white/20 hover:bg-white/30 border border-white/30  rounded-sm text-xs transition-all duration-200 hover:scale-105 focus:outline-none focus:ring-2 focus:ring-white/50"
            >
              ⬇️ Expand
            </button>
          </div>
        </div>
        <div
          class="p-4 bg-white text-gray-800 text-sm leading-relaxed font-serif"
        >
          <div
            class="text-center py-4 text-gray-500"
          >
            🔄 Loading script content...
          </div>
        </div>
      </div>
      <div
        class="bg-green-50 p-4 rounded-lg mb-4 border border-green-200"
      >
        <h4
          class="font-semibold text-green-800 text-sm mb-3"
        >
          Quick Tips:
        </h4>
        <ul
          class="space-y-1 text-xs leading-relaxed text-gray-700 pl-4"
        >
          <li
            class="flex items-center"
          >
            <span
              class="text-blue-500 mr-2"
            >
              🔵
            </span>
            Blue = Introduction (friendly, professional)
          </li>
          <li
            class="flex items-center"
          >
            <span
              class="text-yellow-500 mr-2"
            >
              🟡
            </span>
            Yellow = Gatekeeper (persistent but polite)
          </li>
          <li
            class="flex items-center"
          >
            <span
              class="text-red-500 mr-2"
            >
              🔴
            </span>
            Red = Objections (understanding, solution-focused)
          </li>
          <li
            class="flex items-center"
          >
            <span
              class="text-green-500 mr-2"
            >
              🟢
            </span>
            Green = Closing (confident, clear next steps)
          </li>
        </ul>
      </div>
      <div
        class="flex gap-3 mb-4"
      >
        <button
          class="flex-1 px-3 py-2 bg-blue-100 hover:bg-blue-200 disabled:opacity-50 text-blue-700 rounded-md text-sm font-medium transition-colors"
          disabled=""
        >
          🔄 Loading...
        </button>
        <button
          class="flex-1 px-3 py-2 bg-green-100 hover:bg-green-200 disabled:opacity-50 text-green-700 rounded-md text-sm font-medium transition-colors"
          disabled=""
        >
          ⚙️ Manage Scripts
        </button>
      </div>
      <div
        class="bg-amber-50 p-3 rounded-lg text-center text-sm text-amber-800 border border-amber-200"
      >
        📝 Note: Replace [BRACKETS] with actual information during your call
      </div>
    </div>
  </div>
</body>
    at Object.getElementError (/Users/sherwingorechomante/coldcaller/frontend/node_modules/@testing-library/dom/dist/config.js:37:19)
    at /Users/sherwingorechomante/coldcaller/frontend/node_modules/@testing-library/dom/dist/query-helpers.js:76:38
    at /Users/sherwingorechomante/coldcaller/frontend/node_modules/@testing-library/dom/dist/query-helpers.js:52:17
    at getByRole (/Users/sherwingorechomante/coldcaller/frontend/node_modules/@testing-library/dom/dist/query-helpers.js:95:19)
    at Object.<anonymous> (/Users/sherwingorechomante/coldcaller/frontend/src/components/__tests__/ScriptDisplay.test.js:73:19)
    at runNextTicks (node:internal/process/task_queues:65:5)
    at listOnTimeout (node:internal/timers:555:9)
    at processTimers (node:internal/timers:529:7)]]></failure>
    </testCase>
    <testCase name="ScriptDisplay Component clicking script buttons changes displayed script" duration="38">
      <failure message="TestingLibraryElementError: Found multiple elements with the text: /gatekeeper/i"><![CDATA[TestingLibraryElementError: Found multiple elements with the text: /gatekeeper/i

Here are the matching elements:

Ignored nodes: comments, script, style
<button
  class="
                px-4 py-3 rounded-md font-semibold text-sm
                transition-all duration-200 transform hover:scale-105
                border border-transparent focus:outline-none focus:ring-2 focus:ring-offset-2
                disabled:opacity-50 disabled:cursor-not-allowed disabled:transform-none
                bg-yellow-500 hover:bg-yellow-600 text-white
                shadow-md
              "
>
  Gatekeeper
</button>

Ignored nodes: comments, script, style
<span
  class="text-lg font-bold"
>
  Gatekeeper
</span>

Ignored nodes: comments, script, style
<li
  class="flex items-center"
>
  <span
    class="text-yellow-500 mr-2"
  >
    🟡
  </span>
  Yellow = Gatekeeper (persistent but polite)
</li>

(If this is intentional, then use the `*AllBy*` variant of the query (like `queryAllByText`, `getAllByText`, or `findAllByText`)).

Ignored nodes: comments, script, style
<body>
  <div>
    <div
      class="card max-w-lg mx-2"
    >
      <div
        class="text-center mb-4"
      >
        <h2
          class="text-xl font-bold text-gray-800"
        >
          Call Scripts
        </h2>
        <div
          class="text-xs text-gray-500 mt-1"
        >
          API: 
          <span
            class="font-semibold text-green-600"
          >
            🟢 Connected
          </span>
        </div>
      </div>
      <div
        class="grid grid-cols-2 gap-3 mb-6"
      >
        <button
          class="
                px-4 py-3 rounded-md font-semibold text-sm
                transition-all duration-200 transform hover:scale-105
                border border-transparent focus:outline-none focus:ring-2 focus:ring-offset-2
                disabled:opacity-50 disabled:cursor-not-allowed disabled:transform-none
                bg-gray-200 hover:bg-blue-100 text-gray-700 hover:text-blue-700
                shadow-sm hover:shadow-md
              "
        >
          Introduction
        </button>
        <button
          class="
                px-4 py-3 rounded-md font-semibold text-sm
                transition-all duration-200 transform hover:scale-105
                border border-transparent focus:outline-none focus:ring-2 focus:ring-offset-2
                disabled:opacity-50 disabled:cursor-not-allowed disabled:transform-none
                bg-yellow-500 hover:bg-yellow-600 text-white
                shadow-md
              "
        >
          Gatekeeper
        </button>
        <button
          class="
                px-4 py-3 rounded-md font-semibold text-sm
                transition-all duration-200 transform hover:scale-105
                border border-transparent focus:outline-none focus:ring-2 focus:ring-offset-2
                disabled:opacity-50 disabled:cursor-not-allowed disabled:transform-none
                bg-gray-200 hover:bg-red-100 text-gray-700 hover:text-red-700
                shadow-sm hover:shadow-md
              "
        >
          Objection Handling
        </button>
        <button
          class="
                px-4 py-3 rounded-md font-semibold text-sm
                transition-all duration-200 transform hover:scale-105
                border border-transparent focus:outline-none focus:ring-2 focus:ring-offset-2
                disabled:opacity-50 disabled:cursor-not-allowed disabled:transform-none
                bg-gray-200 hover:bg-green-100 text-gray-700 hover:text-green-700
                shadow-sm hover:shadow-md
              "
        >
          Closing
        </button>
      </div>
      <div
        class="
        border-3 rounded-lg overflow-hidden mb-6
        transition-all duration-300 shadow-md
        border-yellow-500
        max-h-40
      "
      >
        <div
          class="
          px-4 py-3 flex justify-between items-center text-white
          bg-yellow-500
        "
        >
          <span
            class="text-lg font-bold"
          >
            Gatekeeper
          </span>
          <div
            class="flex gap-2"
          >
            <button
              class="px-3 py-1 bg-white/20 hover:bg-white/30 border border-white/30  rounded-sm text-xs transition-all duration-200 hover:scale-105 disabled:opacity-50 disabled:cursor-not-allowed focus:outline-none focus:ring-2 focus:ring-white/50"
              title="Personalize with lead data"
            >
              🎭 Personalize
            </button>
            <button
              class="px-3 py-1 bg-white/20 hover:bg-white/30 border border-white/30  rounded-sm text-xs transition-all duration-200 hover:scale-105 focus:outline-none focus:ring-2 focus:ring-white/50"
            >
              📋 Copy
            </button>
            <button
              class="px-3 py-1 bg-white/20 hover:bg-white/30 border border-white/30  rounded-sm text-xs transition-all duration-200 hover:scale-105 focus:outline-none focus:ring-2 focus:ring-white/50"
            >
              ⬇️ Expand
            </button>
          </div>
        </div>
        <div
          class="p-4 bg-white text-gray-800 text-sm leading-relaxed font-serif"
        >
          Hi, I'm trying to reach the person who handles IT decisions at [COMPANY]. Could you point me in the right direction? I have some important information about cost savings that I think they'd want to know about.
        </div>
      </div>
      <div
        class="bg-green-50 p-4 rounded-lg mb-4 border border-green-200"
      >
        <h4
          class="font-semibold text-green-800 text-sm mb-3"
        >
          Quick Tips:
        </h4>
        <ul
          class="space-y-1 text-xs leading-relaxed text-gray-700 pl-4"
        >
          <li
            class="flex items-center"
          >
            <span
              class="text-blue-500 mr-2"
            >
              🔵
            </span>
            Blue = Introduction (friendly, professional)
          </li>
          <li
            class="flex items-center"
          >
            <span
              class="text-yellow-500 mr-2"
            >
              🟡
            </span>
            Yellow = Gatekeeper (persistent but polite)
          </li>
          <li
            class="flex items-center"
          >
            <span
              class="text-red-500 mr-2"
            >
              🔴
            </span>
            Red = Objections (understanding, solution-focused)
          </li>
          <li
            class="flex items-center"
          >
            <span
              class="text-green-500 mr-2"
            >
              🟢
            </span>
            Green = Closing (confident, clear next steps)
          </li>
        </ul>
      </div>
      <div
        class="flex gap-3 mb-4"
      >
        <button
          class="flex-1 px-3 py-2 bg-blue-100 hover:bg-blue-200 disabled:opacity-50 text-blue-700 rounded-md text-sm font-medium transition-colors"
        >
          🔄 Refresh Scripts
        </button>
        <button
          class="flex-1 px-3 py-2 bg-green-100 hover:bg-green-200 disabled:opacity-50 text-green-700 rounded-md text-sm font-medium transition-colors"
        >
          ⚙️ Manage Scripts
        </button>
      </div>
      <div
        class="bg-amber-50 p-3 rounded-lg text-center text-sm text-amber-800 border border-amber-200"
      >
        📝 Note: Replace [BRACKETS] with actual information during your call
        <div
          class="mt-1 text-xs text-amber-700"
        >
          ✨ Use "Personalize" button for automatic replacement
        </div>
      </div>
    </div>
  </div>
</body>
    at Object.getElementError (/Users/sherwingorechomante/coldcaller/frontend/node_modules/@testing-library/dom/dist/config.js:37:19)
    at getElementError (/Users/sherwingorechomante/coldcaller/frontend/node_modules/@testing-library/dom/dist/query-helpers.js:20:35)
    at getMultipleElementsFoundError (/Users/sherwingorechomante/coldcaller/frontend/node_modules/@testing-library/dom/dist/query-helpers.js:23:10)
    at /Users/sherwingorechomante/coldcaller/frontend/node_modules/@testing-library/dom/dist/query-helpers.js:55:13
    at getByText (/Users/sherwingorechomante/coldcaller/frontend/node_modules/@testing-library/dom/dist/query-helpers.js:95:19)
    at Object.<anonymous> (/Users/sherwingorechomante/coldcaller/frontend/src/components/__tests__/ScriptDisplay.test.js:102:19)]]></failure>
    </testCase>
    <testCase name="ScriptDisplay Component selected script button has different styling" duration="63">
      <failure message="TestingLibraryElementError: Unable to find an accessible element with the role &quot;button&quot; and name `/Introduction/i`"><![CDATA[TestingLibraryElementError: Unable to find an accessible element with the role "button" and name `/Introduction/i`

Here are the accessible roles:

  heading:

  Name "Call Scripts":
  <h2
    class="text-xl font-bold text-gray-800"
  />

  Name "Quick Tips:":
  <h4
    class="font-semibold text-green-800 text-sm mb-3"
  />

  --------------------------------------------------
  button:

  Name "🎭 Personalize":
  <button
    class="px-3 py-1 bg-white/20 hover:bg-white/30 border border-white/30  rounded-sm text-xs transition-all duration-200 hover:scale-105 disabled:opacity-50 disabled:cursor-not-allowed focus:outline-none focus:ring-2 focus:ring-white/50"
    disabled=""
    title="Requires API connection"
  />

  Name "📋 Copy":
  <button
    class="px-3 py-1 bg-white/20 hover:bg-white/30 border border-white/30  rounded-sm text-xs transition-all duration-200 hover:scale-105 focus:outline-none focus:ring-2 focus:ring-white/50"
  />

  Name "⬇️ Expand":
  <button
    class="px-3 py-1 bg-white/20 hover:bg-white/30 border border-white/30  rounded-sm text-xs transition-all duration-200 hover:scale-105 focus:outline-none focus:ring-2 focus:ring-white/50"
  />

  Name "🔄 Loading...":
  <button
    class="flex-1 px-3 py-2 bg-blue-100 hover:bg-blue-200 disabled:opacity-50 text-blue-700 rounded-md text-sm font-medium transition-colors"
    disabled=""
  />

  Name "⚙️ Manage Scripts":
  <button
    class="flex-1 px-3 py-2 bg-green-100 hover:bg-green-200 disabled:opacity-50 text-green-700 rounded-md text-sm font-medium transition-colors"
    disabled=""
  />

  --------------------------------------------------
  list:

  Name "":
  <ul
    class="space-y-1 text-xs leading-relaxed text-gray-700 pl-4"
  />

  --------------------------------------------------
  listitem:

  Name "":
  <li
    class="flex items-center"
  />

  Name "":
  <li
    class="flex items-center"
  />

  Name "":
  <li
    class="flex items-center"
  />

  Name "":
  <li
    class="flex items-center"
  />

  --------------------------------------------------

Ignored nodes: comments, script, style
<body>
  <div>
    <div
      class="card max-w-lg mx-2"
    >
      <div
        class="text-center mb-4"
      >
        <h2
          class="text-xl font-bold text-gray-800"
        >
          Call Scripts
        </h2>
        <div
          class="text-sm text-blue-600 mt-1"
        >
          🔄 Loading scripts...
        </div>
      </div>
      <div
        class="grid grid-cols-2 gap-3 mb-6"
      >
        <div
          class="col-span-2 text-center text-gray-500 py-8"
        >
          🔄 Loading scripts...
        </div>
      </div>
      <div
        class="
        border-3 rounded-lg overflow-hidden mb-6
        transition-all duration-300 shadow-md
        border-blue-500
        max-h-40
      "
      >
        <div
          class="
          px-4 py-3 flex justify-between items-center text-white
          bg-blue-500
        "
        >
          <span
            class="text-lg font-bold"
          >
            Introduction
          </span>
          <div
            class="flex gap-2"
          >
            <button
              class="px-3 py-1 bg-white/20 hover:bg-white/30 border border-white/30  rounded-sm text-xs transition-all duration-200 hover:scale-105 disabled:opacity-50 disabled:cursor-not-allowed focus:outline-none focus:ring-2 focus:ring-white/50"
              disabled=""
              title="Requires API connection"
            >
              🎭 Personalize
            </button>
            <button
              class="px-3 py-1 bg-white/20 hover:bg-white/30 border border-white/30  rounded-sm text-xs transition-all duration-200 hover:scale-105 focus:outline-none focus:ring-2 focus:ring-white/50"
            >
              📋 Copy
            </button>
            <button
              class="px-3 py-1 bg-white/20 hover:bg-white/30 border border-white/30  rounded-sm text-xs transition-all duration-200 hover:scale-105 focus:outline-none focus:ring-2 focus:ring-white/50"
            >
              ⬇️ Expand
            </button>
          </div>
        </div>
        <div
          class="p-4 bg-white text-gray-800 text-sm leading-relaxed font-serif"
        >
          <div
            class="text-center py-4 text-gray-500"
          >
            🔄 Loading script content...
          </div>
        </div>
      </div>
      <div
        class="bg-green-50 p-4 rounded-lg mb-4 border border-green-200"
      >
        <h4
          class="font-semibold text-green-800 text-sm mb-3"
        >
          Quick Tips:
        </h4>
        <ul
          class="space-y-1 text-xs leading-relaxed text-gray-700 pl-4"
        >
          <li
            class="flex items-center"
          >
            <span
              class="text-blue-500 mr-2"
            >
              🔵
            </span>
            Blue = Introduction (friendly, professional)
          </li>
          <li
            class="flex items-center"
          >
            <span
              class="text-yellow-500 mr-2"
            >
              🟡
            </span>
            Yellow = Gatekeeper (persistent but polite)
          </li>
          <li
            class="flex items-center"
          >
            <span
              class="text-red-500 mr-2"
            >
              🔴
            </span>
            Red = Objections (understanding, solution-focused)
          </li>
          <li
            class="flex items-center"
          >
            <span
              class="text-green-500 mr-2"
            >
              🟢
            </span>
            Green = Closing (confident, clear next steps)
          </li>
        </ul>
      </div>
      <div
        class="flex gap-3 mb-4"
      >
        <button
          class="flex-1 px-3 py-2 bg-blue-100 hover:bg-blue-200 disabled:opacity-50 text-blue-700 rounded-md text-sm font-medium transition-colors"
          disabled=""
        >
          🔄 Loading...
        </button>
        <button
          class="flex-1 px-3 py-2 bg-green-100 hover:bg-green-200 disabled:opacity-50 text-green-700 rounded-md text-sm font-medium transition-colors"
          disabled=""
        >
          ⚙️ Manage Scripts
        </button>
      </div>
      <div
        class="bg-amber-50 p-3 rounded-lg text-center text-sm text-amber-800 border border-amber-200"
      >
        📝 Note: Replace [BRACKETS] with actual information during your call
      </div>
    </div>
  </div>
</body>
    at Object.getElementError (/Users/sherwingorechomante/coldcaller/frontend/node_modules/@testing-library/dom/dist/config.js:37:19)
    at /Users/sherwingorechomante/coldcaller/frontend/node_modules/@testing-library/dom/dist/query-helpers.js:76:38
    at /Users/sherwingorechomante/coldcaller/frontend/node_modules/@testing-library/dom/dist/query-helpers.js:52:17
    at getByRole (/Users/sherwingorechomante/coldcaller/frontend/node_modules/@testing-library/dom/dist/query-helpers.js:95:19)
    at Object.<anonymous> (/Users/sherwingorechomante/coldcaller/frontend/src/components/__tests__/ScriptDisplay.test.js:118:32)]]></failure>
    </testCase>
    <testCase name="ScriptDisplay Component copy button copies script to clipboard" duration="20">
      <failure message="Error: expect(jest.fn()).toHaveBeenCalledWith(...expected)"><![CDATA[Error: expect(jest.fn()).toHaveBeenCalledWith(...expected)

Expected: "Script copied to clipboard!"

Number of calls: 0
    at Object.<anonymous> (/Users/sherwingorechomante/coldcaller/frontend/src/components/__tests__/ScriptDisplay.test.js:156:26)]]></failure>
    </testCase>
    <testCase name="ScriptDisplay Component expand/collapse button toggles script view" duration="36"/>
    <testCase name="ScriptDisplay Component each script has correct color coding" duration="6">
      <failure message="TestingLibraryElementError: Unable to find an element with the text: /Hi \[NAME\]/i. This could be because the text is broken up by multiple elements. In this case, you can provide a function for your text matcher to make your matcher more flexible."><![CDATA[TestingLibraryElementError: Unable to find an element with the text: /Hi \[NAME\]/i. This could be because the text is broken up by multiple elements. In this case, you can provide a function for your text matcher to make your matcher more flexible.

Ignored nodes: comments, script, style
<body>
  <div
    class="fixed top-4 right-4 bg-green-500 text-white px-4 py-2 rounded-md shadow-lg z-50"
  >
    Script copied to clipboard!
  </div>
  <div>
    <div
      class="card max-w-lg mx-2"
    >
      <div
        class="text-center mb-4"
      >
        <h2
          class="text-xl font-bold text-gray-800"
        >
          Call Scripts
        </h2>
        <div
          class="text-sm text-blue-600 mt-1"
        >
          🔄 Loading scripts...
        </div>
      </div>
      <div
        class="grid grid-cols-2 gap-3 mb-6"
      >
        <div
          class="col-span-2 text-center text-gray-500 py-8"
        >
          🔄 Loading scripts...
        </div>
      </div>
      <div
        class="
        border-3 rounded-lg overflow-hidden mb-6
        transition-all duration-300 shadow-md
        border-blue-500
        max-h-40
      "
      >
        <div
          class="
          px-4 py-3 flex justify-between items-center text-white
          bg-blue-500
        "
        >
          <span
            class="text-lg font-bold"
          >
            Introduction
          </span>
          <div
            class="flex gap-2"
          >
            <button
              class="px-3 py-1 bg-white/20 hover:bg-white/30 border border-white/30  rounded-sm text-xs transition-all duration-200 hover:scale-105 disabled:opacity-50 disabled:cursor-not-allowed focus:outline-none focus:ring-2 focus:ring-white/50"
              disabled=""
              title="Requires API connection"
            >
              🎭 Personalize
            </button>
            <button
              class="px-3 py-1 bg-white/20 hover:bg-white/30 border border-white/30  rounded-sm text-xs transition-all duration-200 hover:scale-105 focus:outline-none focus:ring-2 focus:ring-white/50"
            >
              📋 Copy
            </button>
            <button
              class="px-3 py-1 bg-white/20 hover:bg-white/30 border border-white/30  rounded-sm text-xs transition-all duration-200 hover:scale-105 focus:outline-none focus:ring-2 focus:ring-white/50"
            >
              ⬇️ Expand
            </button>
          </div>
        </div>
        <div
          class="p-4 bg-white text-gray-800 text-sm leading-relaxed font-serif"
        >
          <div
            class="text-center py-4 text-gray-500"
          >
            🔄 Loading script content...
          </div>
        </div>
      </div>
      <div
        class="bg-green-50 p-4 rounded-lg mb-4 border border-green-200"
      >
        <h4
          class="font-semibold text-green-800 text-sm mb-3"
        >
          Quick Tips:
        </h4>
        <ul
          class="space-y-1 text-xs leading-relaxed text-gray-700 pl-4"
        >
          <li
            class="flex items-center"
          >
            <span
              class="text-blue-500 mr-2"
            >
              🔵
            </span>
            Blue = Introduction (friendly, professional)
          </li>
          <li
            class="flex items-center"
          >
            <span
              class="text-yellow-500 mr-2"
            >
              🟡
            </span>
            Yellow = Gatekeeper (persistent but polite)
          </li>
          <li
            class="flex items-center"
          >
            <span
              class="text-red-500 mr-2"
            >
              🔴
            </span>
            Red = Objections (understanding, solution-focused)
          </li>
          <li
            class="flex items-center"
          >
            <span
              class="text-green-500 mr-2"
            >
              🟢
            </span>
            Green = Closing (confident, clear next steps)
          </li>
        </ul>
      </div>
      <div
        class="flex gap-3 mb-4"
      >
        <button
          class="flex-1 px-3 py-2 bg-blue-100 hover:bg-blue-200 disabled:opacity-50 text-blue-700 rounded-md text-sm font-medium transition-colors"
          disabled=""
        >
          🔄 Loading...
        </button>
        <button
          class="flex-1 px-3 py-2 bg-green-100 hover:bg-green-200 disabled:opacity-50 text-green-700 rounded-md text-sm font-medium transition-colors"
          disabled=""
        >
          ⚙️ Manage Scripts
        </button>
      </div>
      <div
        class="bg-amber-50 p-3 rounded-lg text-center text-sm text-amber-800 border border-amber-200"
      >
        📝 Note: Replace [BRACKETS] with actual information during your call
      </div>
    </div>
  </div>
</body>
    at Object.getElementError (/Users/sherwingorechomante/coldcaller/frontend/node_modules/@testing-library/dom/dist/config.js:37:19)
    at /Users/sherwingorechomante/coldcaller/frontend/node_modules/@testing-library/dom/dist/query-helpers.js:76:38
    at /Users/sherwingorechomante/coldcaller/frontend/node_modules/@testing-library/dom/dist/query-helpers.js:52:17
    at getByText (/Users/sherwingorechomante/coldcaller/frontend/node_modules/@testing-library/dom/dist/query-helpers.js:95:19)
    at Object.<anonymous> (/Users/sherwingorechomante/coldcaller/frontend/src/components/__tests__/ScriptDisplay.test.js:199:19)
    at runNextTicks (node:internal/process/task_queues:65:5)
    at listOnTimeout (node:internal/timers:555:9)
    at processTimers (node:internal/timers:529:7)]]></failure>
    </testCase>
    <testCase name="ScriptDisplay Component displays all quick tips" duration="9"/>
    <testCase name="ScriptDisplay Component displays customization note" duration="8"/>
    <testCase name="ScriptDisplay Component script text contains placeholder brackets" duration="11"/>
    <testCase name="ScriptDisplay Component all scripts are accessible" duration="148"/>
  </file>
  <file path="/Users/sherwingorechomante/coldcaller/frontend/src/components/__tests__/ThemeToggle.test.js">
    <testCase name="ThemeToggle Component renders theme toggle button" duration="43">
      <failure message="TypeError: Cannot read properties of undefined (reading &apos;matches&apos;)"><![CDATA[TypeError: Cannot read properties of undefined (reading 'matches')
    at /Users/sherwingorechomante/coldcaller/frontend/src/contexts/ThemeContext.js:33:74
    at Object.react_stack_bottom_frame (/Users/sherwingorechomante/coldcaller/frontend/node_modules/react-dom/cjs/react-dom-client.development.js:23953:20)
    at runWithFiberInDEV (/Users/sherwingorechomante/coldcaller/frontend/node_modules/react-dom/cjs/react-dom-client.development.js:1522:13)
    at commitHookEffectListMount (/Users/sherwingorechomante/coldcaller/frontend/node_modules/react-dom/cjs/react-dom-client.development.js:11905:29)
    at commitHookPassiveMountEffects (/Users/sherwingorechomante/coldcaller/frontend/node_modules/react-dom/cjs/react-dom-client.development.js:12028:11)
    at commitPassiveMountOnFiber (/Users/sherwingorechomante/coldcaller/frontend/node_modules/react-dom/cjs/react-dom-client.development.js:13841:13)
    at recursivelyTraversePassiveMountEffects (/Users/sherwingorechomante/coldcaller/frontend/node_modules/react-dom/cjs/react-dom-client.development.js:13815:11)
    at commitPassiveMountOnFiber (/Users/sherwingorechomante/coldcaller/frontend/node_modules/react-dom/cjs/react-dom-client.development.js:13853:11)
    at flushPassiveEffects (/Users/sherwingorechomante/coldcaller/frontend/node_modules/react-dom/cjs/react-dom-client.development.js:15737:9)
    at /Users/sherwingorechomante/coldcaller/frontend/node_modules/react-dom/cjs/react-dom-client.development.js:15379:15
    at flushActQueue (/Users/sherwingorechomante/coldcaller/frontend/node_modules/react/cjs/react.development.js:566:34)
    at Object.<anonymous>.process.env.NODE_ENV.exports.act (/Users/sherwingorechomante/coldcaller/frontend/node_modules/react/cjs/react.development.js:860:10)
    at /Users/sherwingorechomante/coldcaller/frontend/node_modules/@testing-library/react/dist/act-compat.js:47:25
    at renderRoot (/Users/sherwingorechomante/coldcaller/frontend/node_modules/@testing-library/react/dist/pure.js:190:26)
    at render (/Users/sherwingorechomante/coldcaller/frontend/node_modules/@testing-library/react/dist/pure.js:292:10)
    at renderThemeToggle (/Users/sherwingorechomante/coldcaller/frontend/src/components/__tests__/ThemeToggle.test.js:45:16)
    at Object.<anonymous> (/Users/sherwingorechomante/coldcaller/frontend/src/components/__tests__/ThemeToggle.test.js:60:5)
    at Promise.then.completed (/Users/sherwingorechomante/coldcaller/frontend/node_modules/jest-circus/build/utils.js:391:28)
    at new Promise (<anonymous>)
    at callAsyncCircusFn (/Users/sherwingorechomante/coldcaller/frontend/node_modules/jest-circus/build/utils.js:316:10)
    at _callCircusTest (/Users/sherwingorechomante/coldcaller/frontend/node_modules/jest-circus/build/run.js:218:40)
    at processTicksAndRejections (node:internal/process/task_queues:105:5)
    at _runTest (/Users/sherwingorechomante/coldcaller/frontend/node_modules/jest-circus/build/run.js:155:3)
    at _runTestsForDescribeBlock (/Users/sherwingorechomante/coldcaller/frontend/node_modules/jest-circus/build/run.js:66:9)
    at _runTestsForDescribeBlock (/Users/sherwingorechomante/coldcaller/frontend/node_modules/jest-circus/build/run.js:60:9)
    at run (/Users/sherwingorechomante/coldcaller/frontend/node_modules/jest-circus/build/run.js:25:3)
    at runAndTransformResultsToJestFormat (/Users/sherwingorechomante/coldcaller/frontend/node_modules/jest-circus/build/legacy-code-todo-rewrite/jestAdapterInit.js:170:21)
    at jestAdapter (/Users/sherwingorechomante/coldcaller/frontend/node_modules/jest-circus/build/legacy-code-todo-rewrite/jestAdapter.js:82:19)
    at runTestInternal (/Users/sherwingorechomante/coldcaller/frontend/node_modules/jest-runner/build/runTest.js:389:16)
    at runTest (/Users/sherwingorechomante/coldcaller/frontend/node_modules/jest-runner/build/runTest.js:475:34)
    at Object.worker (/Users/sherwingorechomante/coldcaller/frontend/node_modules/jest-runner/build/testWorker.js:133:12)]]></failure>
    </testCase>
    <testCase name="ThemeToggle Component displays correct title for light mode" duration="39">
      <failure message="TypeError: Cannot read properties of undefined (reading &apos;matches&apos;)"><![CDATA[TypeError: Cannot read properties of undefined (reading 'matches')
    at /Users/sherwingorechomante/coldcaller/frontend/src/contexts/ThemeContext.js:33:74
    at Object.react_stack_bottom_frame (/Users/sherwingorechomante/coldcaller/frontend/node_modules/react-dom/cjs/react-dom-client.development.js:23953:20)
    at runWithFiberInDEV (/Users/sherwingorechomante/coldcaller/frontend/node_modules/react-dom/cjs/react-dom-client.development.js:1522:13)
    at commitHookEffectListMount (/Users/sherwingorechomante/coldcaller/frontend/node_modules/react-dom/cjs/react-dom-client.development.js:11905:29)
    at commitHookPassiveMountEffects (/Users/sherwingorechomante/coldcaller/frontend/node_modules/react-dom/cjs/react-dom-client.development.js:12028:11)
    at commitPassiveMountOnFiber (/Users/sherwingorechomante/coldcaller/frontend/node_modules/react-dom/cjs/react-dom-client.development.js:13841:13)
    at recursivelyTraversePassiveMountEffects (/Users/sherwingorechomante/coldcaller/frontend/node_modules/react-dom/cjs/react-dom-client.development.js:13815:11)
    at commitPassiveMountOnFiber (/Users/sherwingorechomante/coldcaller/frontend/node_modules/react-dom/cjs/react-dom-client.development.js:13853:11)
    at flushPassiveEffects (/Users/sherwingorechomante/coldcaller/frontend/node_modules/react-dom/cjs/react-dom-client.development.js:15737:9)
    at /Users/sherwingorechomante/coldcaller/frontend/node_modules/react-dom/cjs/react-dom-client.development.js:15379:15
    at flushActQueue (/Users/sherwingorechomante/coldcaller/frontend/node_modules/react/cjs/react.development.js:566:34)
    at Object.<anonymous>.process.env.NODE_ENV.exports.act (/Users/sherwingorechomante/coldcaller/frontend/node_modules/react/cjs/react.development.js:860:10)
    at /Users/sherwingorechomante/coldcaller/frontend/node_modules/@testing-library/react/dist/act-compat.js:47:25
    at renderRoot (/Users/sherwingorechomante/coldcaller/frontend/node_modules/@testing-library/react/dist/pure.js:190:26)
    at render (/Users/sherwingorechomante/coldcaller/frontend/node_modules/@testing-library/react/dist/pure.js:292:10)
    at renderThemeToggle (/Users/sherwingorechomante/coldcaller/frontend/src/components/__tests__/ThemeToggle.test.js:45:16)
    at Object.<anonymous> (/Users/sherwingorechomante/coldcaller/frontend/src/components/__tests__/ThemeToggle.test.js:68:5)
    at Promise.then.completed (/Users/sherwingorechomante/coldcaller/frontend/node_modules/jest-circus/build/utils.js:391:28)
    at new Promise (<anonymous>)
    at callAsyncCircusFn (/Users/sherwingorechomante/coldcaller/frontend/node_modules/jest-circus/build/utils.js:316:10)
    at _callCircusTest (/Users/sherwingorechomante/coldcaller/frontend/node_modules/jest-circus/build/run.js:218:40)
    at processTicksAndRejections (node:internal/process/task_queues:105:5)
    at _runTest (/Users/sherwingorechomante/coldcaller/frontend/node_modules/jest-circus/build/run.js:155:3)
    at _runTestsForDescribeBlock (/Users/sherwingorechomante/coldcaller/frontend/node_modules/jest-circus/build/run.js:66:9)
    at _runTestsForDescribeBlock (/Users/sherwingorechomante/coldcaller/frontend/node_modules/jest-circus/build/run.js:60:9)
    at run (/Users/sherwingorechomante/coldcaller/frontend/node_modules/jest-circus/build/run.js:25:3)
    at runAndTransformResultsToJestFormat (/Users/sherwingorechomante/coldcaller/frontend/node_modules/jest-circus/build/legacy-code-todo-rewrite/jestAdapterInit.js:170:21)
    at jestAdapter (/Users/sherwingorechomante/coldcaller/frontend/node_modules/jest-circus/build/legacy-code-todo-rewrite/jestAdapter.js:82:19)
    at runTestInternal (/Users/sherwingorechomante/coldcaller/frontend/node_modules/jest-runner/build/runTest.js:389:16)
    at runTest (/Users/sherwingorechomante/coldcaller/frontend/node_modules/jest-runner/build/runTest.js:475:34)
    at Object.worker (/Users/sherwingorechomante/coldcaller/frontend/node_modules/jest-runner/build/testWorker.js:133:12)]]></failure>
    </testCase>
    <testCase name="ThemeToggle Component contains sun and moon icons" duration="2">
      <failure message="TypeError: Cannot read properties of undefined (reading &apos;matches&apos;)"><![CDATA[TypeError: Cannot read properties of undefined (reading 'matches')
    at /Users/sherwingorechomante/coldcaller/frontend/src/contexts/ThemeContext.js:33:74
    at Object.react_stack_bottom_frame (/Users/sherwingorechomante/coldcaller/frontend/node_modules/react-dom/cjs/react-dom-client.development.js:23953:20)
    at runWithFiberInDEV (/Users/sherwingorechomante/coldcaller/frontend/node_modules/react-dom/cjs/react-dom-client.development.js:1522:13)
    at commitHookEffectListMount (/Users/sherwingorechomante/coldcaller/frontend/node_modules/react-dom/cjs/react-dom-client.development.js:11905:29)
    at commitHookPassiveMountEffects (/Users/sherwingorechomante/coldcaller/frontend/node_modules/react-dom/cjs/react-dom-client.development.js:12028:11)
    at commitPassiveMountOnFiber (/Users/sherwingorechomante/coldcaller/frontend/node_modules/react-dom/cjs/react-dom-client.development.js:13841:13)
    at recursivelyTraversePassiveMountEffects (/Users/sherwingorechomante/coldcaller/frontend/node_modules/react-dom/cjs/react-dom-client.development.js:13815:11)
    at commitPassiveMountOnFiber (/Users/sherwingorechomante/coldcaller/frontend/node_modules/react-dom/cjs/react-dom-client.development.js:13853:11)
    at flushPassiveEffects (/Users/sherwingorechomante/coldcaller/frontend/node_modules/react-dom/cjs/react-dom-client.development.js:15737:9)
    at /Users/sherwingorechomante/coldcaller/frontend/node_modules/react-dom/cjs/react-dom-client.development.js:15379:15
    at flushActQueue (/Users/sherwingorechomante/coldcaller/frontend/node_modules/react/cjs/react.development.js:566:34)
    at Object.<anonymous>.process.env.NODE_ENV.exports.act (/Users/sherwingorechomante/coldcaller/frontend/node_modules/react/cjs/react.development.js:860:10)
    at /Users/sherwingorechomante/coldcaller/frontend/node_modules/@testing-library/react/dist/act-compat.js:47:25
    at renderRoot (/Users/sherwingorechomante/coldcaller/frontend/node_modules/@testing-library/react/dist/pure.js:190:26)
    at render (/Users/sherwingorechomante/coldcaller/frontend/node_modules/@testing-library/react/dist/pure.js:292:10)
    at renderThemeToggle (/Users/sherwingorechomante/coldcaller/frontend/src/components/__tests__/ThemeToggle.test.js:45:16)
    at Object.<anonymous> (/Users/sherwingorechomante/coldcaller/frontend/src/components/__tests__/ThemeToggle.test.js:75:5)
    at Promise.then.completed (/Users/sherwingorechomante/coldcaller/frontend/node_modules/jest-circus/build/utils.js:391:28)
    at new Promise (<anonymous>)
    at callAsyncCircusFn (/Users/sherwingorechomante/coldcaller/frontend/node_modules/jest-circus/build/utils.js:316:10)
    at _callCircusTest (/Users/sherwingorechomante/coldcaller/frontend/node_modules/jest-circus/build/run.js:218:40)
    at processTicksAndRejections (node:internal/process/task_queues:105:5)
    at _runTest (/Users/sherwingorechomante/coldcaller/frontend/node_modules/jest-circus/build/run.js:155:3)
    at _runTestsForDescribeBlock (/Users/sherwingorechomante/coldcaller/frontend/node_modules/jest-circus/build/run.js:66:9)
    at _runTestsForDescribeBlock (/Users/sherwingorechomante/coldcaller/frontend/node_modules/jest-circus/build/run.js:60:9)
    at run (/Users/sherwingorechomante/coldcaller/frontend/node_modules/jest-circus/build/run.js:25:3)
    at runAndTransformResultsToJestFormat (/Users/sherwingorechomante/coldcaller/frontend/node_modules/jest-circus/build/legacy-code-todo-rewrite/jestAdapterInit.js:170:21)
    at jestAdapter (/Users/sherwingorechomante/coldcaller/frontend/node_modules/jest-circus/build/legacy-code-todo-rewrite/jestAdapter.js:82:19)
    at runTestInternal (/Users/sherwingorechomante/coldcaller/frontend/node_modules/jest-runner/build/runTest.js:389:16)
    at runTest (/Users/sherwingorechomante/coldcaller/frontend/node_modules/jest-runner/build/runTest.js:475:34)
    at Object.worker (/Users/sherwingorechomante/coldcaller/frontend/node_modules/jest-runner/build/testWorker.js:133:12)]]></failure>
    </testCase>
    <testCase name="ThemeToggle Component toggles theme when clicked" duration="1">
      <failure message="TypeError: Cannot read properties of undefined (reading &apos;matches&apos;)"><![CDATA[TypeError: Cannot read properties of undefined (reading 'matches')
    at /Users/sherwingorechomante/coldcaller/frontend/src/contexts/ThemeContext.js:33:74
    at Object.react_stack_bottom_frame (/Users/sherwingorechomante/coldcaller/frontend/node_modules/react-dom/cjs/react-dom-client.development.js:23953:20)
    at runWithFiberInDEV (/Users/sherwingorechomante/coldcaller/frontend/node_modules/react-dom/cjs/react-dom-client.development.js:1522:13)
    at commitHookEffectListMount (/Users/sherwingorechomante/coldcaller/frontend/node_modules/react-dom/cjs/react-dom-client.development.js:11905:29)
    at commitHookPassiveMountEffects (/Users/sherwingorechomante/coldcaller/frontend/node_modules/react-dom/cjs/react-dom-client.development.js:12028:11)
    at commitPassiveMountOnFiber (/Users/sherwingorechomante/coldcaller/frontend/node_modules/react-dom/cjs/react-dom-client.development.js:13841:13)
    at recursivelyTraversePassiveMountEffects (/Users/sherwingorechomante/coldcaller/frontend/node_modules/react-dom/cjs/react-dom-client.development.js:13815:11)
    at commitPassiveMountOnFiber (/Users/sherwingorechomante/coldcaller/frontend/node_modules/react-dom/cjs/react-dom-client.development.js:13853:11)
    at flushPassiveEffects (/Users/sherwingorechomante/coldcaller/frontend/node_modules/react-dom/cjs/react-dom-client.development.js:15737:9)
    at /Users/sherwingorechomante/coldcaller/frontend/node_modules/react-dom/cjs/react-dom-client.development.js:15379:15
    at flushActQueue (/Users/sherwingorechomante/coldcaller/frontend/node_modules/react/cjs/react.development.js:566:34)
    at Object.<anonymous>.process.env.NODE_ENV.exports.act (/Users/sherwingorechomante/coldcaller/frontend/node_modules/react/cjs/react.development.js:860:10)
    at /Users/sherwingorechomante/coldcaller/frontend/node_modules/@testing-library/react/dist/act-compat.js:47:25
    at renderRoot (/Users/sherwingorechomante/coldcaller/frontend/node_modules/@testing-library/react/dist/pure.js:190:26)
    at render (/Users/sherwingorechomante/coldcaller/frontend/node_modules/@testing-library/react/dist/pure.js:292:10)
    at renderThemeToggle (/Users/sherwingorechomante/coldcaller/frontend/src/components/__tests__/ThemeToggle.test.js:45:16)
    at Object.<anonymous> (/Users/sherwingorechomante/coldcaller/frontend/src/components/__tests__/ThemeToggle.test.js:83:5)
    at Promise.then.completed (/Users/sherwingorechomante/coldcaller/frontend/node_modules/jest-circus/build/utils.js:391:28)
    at new Promise (<anonymous>)
    at callAsyncCircusFn (/Users/sherwingorechomante/coldcaller/frontend/node_modules/jest-circus/build/utils.js:316:10)
    at _callCircusTest (/Users/sherwingorechomante/coldcaller/frontend/node_modules/jest-circus/build/run.js:218:40)
    at processTicksAndRejections (node:internal/process/task_queues:105:5)
    at _runTest (/Users/sherwingorechomante/coldcaller/frontend/node_modules/jest-circus/build/run.js:155:3)
    at _runTestsForDescribeBlock (/Users/sherwingorechomante/coldcaller/frontend/node_modules/jest-circus/build/run.js:66:9)
    at _runTestsForDescribeBlock (/Users/sherwingorechomante/coldcaller/frontend/node_modules/jest-circus/build/run.js:60:9)
    at run (/Users/sherwingorechomante/coldcaller/frontend/node_modules/jest-circus/build/run.js:25:3)
    at runAndTransformResultsToJestFormat (/Users/sherwingorechomante/coldcaller/frontend/node_modules/jest-circus/build/legacy-code-todo-rewrite/jestAdapterInit.js:170:21)
    at jestAdapter (/Users/sherwingorechomante/coldcaller/frontend/node_modules/jest-circus/build/legacy-code-todo-rewrite/jestAdapter.js:82:19)
    at runTestInternal (/Users/sherwingorechomante/coldcaller/frontend/node_modules/jest-runner/build/runTest.js:389:16)
    at runTest (/Users/sherwingorechomante/coldcaller/frontend/node_modules/jest-runner/build/runTest.js:475:34)
    at Object.worker (/Users/sherwingorechomante/coldcaller/frontend/node_modules/jest-runner/build/testWorker.js:133:12)]]></failure>
    </testCase>
    <testCase name="ThemeToggle Component toggles back to light mode" duration="2">
      <failure message="TypeError: Cannot read properties of undefined (reading &apos;matches&apos;)"><![CDATA[TypeError: Cannot read properties of undefined (reading 'matches')
    at /Users/sherwingorechomante/coldcaller/frontend/src/contexts/ThemeContext.js:33:74
    at Object.react_stack_bottom_frame (/Users/sherwingorechomante/coldcaller/frontend/node_modules/react-dom/cjs/react-dom-client.development.js:23953:20)
    at runWithFiberInDEV (/Users/sherwingorechomante/coldcaller/frontend/node_modules/react-dom/cjs/react-dom-client.development.js:1522:13)
    at commitHookEffectListMount (/Users/sherwingorechomante/coldcaller/frontend/node_modules/react-dom/cjs/react-dom-client.development.js:11905:29)
    at commitHookPassiveMountEffects (/Users/sherwingorechomante/coldcaller/frontend/node_modules/react-dom/cjs/react-dom-client.development.js:12028:11)
    at commitPassiveMountOnFiber (/Users/sherwingorechomante/coldcaller/frontend/node_modules/react-dom/cjs/react-dom-client.development.js:13841:13)
    at recursivelyTraversePassiveMountEffects (/Users/sherwingorechomante/coldcaller/frontend/node_modules/react-dom/cjs/react-dom-client.development.js:13815:11)
    at commitPassiveMountOnFiber (/Users/sherwingorechomante/coldcaller/frontend/node_modules/react-dom/cjs/react-dom-client.development.js:13853:11)
    at flushPassiveEffects (/Users/sherwingorechomante/coldcaller/frontend/node_modules/react-dom/cjs/react-dom-client.development.js:15737:9)
    at /Users/sherwingorechomante/coldcaller/frontend/node_modules/react-dom/cjs/react-dom-client.development.js:15379:15
    at flushActQueue (/Users/sherwingorechomante/coldcaller/frontend/node_modules/react/cjs/react.development.js:566:34)
    at Object.<anonymous>.process.env.NODE_ENV.exports.act (/Users/sherwingorechomante/coldcaller/frontend/node_modules/react/cjs/react.development.js:860:10)
    at /Users/sherwingorechomante/coldcaller/frontend/node_modules/@testing-library/react/dist/act-compat.js:47:25
    at renderRoot (/Users/sherwingorechomante/coldcaller/frontend/node_modules/@testing-library/react/dist/pure.js:190:26)
    at render (/Users/sherwingorechomante/coldcaller/frontend/node_modules/@testing-library/react/dist/pure.js:292:10)
    at renderThemeToggle (/Users/sherwingorechomante/coldcaller/frontend/src/components/__tests__/ThemeToggle.test.js:45:16)
    at Object.<anonymous> (/Users/sherwingorechomante/coldcaller/frontend/src/components/__tests__/ThemeToggle.test.js:99:5)
    at Promise.then.completed (/Users/sherwingorechomante/coldcaller/frontend/node_modules/jest-circus/build/utils.js:391:28)
    at new Promise (<anonymous>)
    at callAsyncCircusFn (/Users/sherwingorechomante/coldcaller/frontend/node_modules/jest-circus/build/utils.js:316:10)
    at _callCircusTest (/Users/sherwingorechomante/coldcaller/frontend/node_modules/jest-circus/build/run.js:218:40)
    at processTicksAndRejections (node:internal/process/task_queues:105:5)
    at _runTest (/Users/sherwingorechomante/coldcaller/frontend/node_modules/jest-circus/build/run.js:155:3)
    at _runTestsForDescribeBlock (/Users/sherwingorechomante/coldcaller/frontend/node_modules/jest-circus/build/run.js:66:9)
    at _runTestsForDescribeBlock (/Users/sherwingorechomante/coldcaller/frontend/node_modules/jest-circus/build/run.js:60:9)
    at run (/Users/sherwingorechomante/coldcaller/frontend/node_modules/jest-circus/build/run.js:25:3)
    at runAndTransformResultsToJestFormat (/Users/sherwingorechomante/coldcaller/frontend/node_modules/jest-circus/build/legacy-code-todo-rewrite/jestAdapterInit.js:170:21)
    at jestAdapter (/Users/sherwingorechomante/coldcaller/frontend/node_modules/jest-circus/build/legacy-code-todo-rewrite/jestAdapter.js:82:19)
    at runTestInternal (/Users/sherwingorechomante/coldcaller/frontend/node_modules/jest-runner/build/runTest.js:389:16)
    at runTest (/Users/sherwingorechomante/coldcaller/frontend/node_modules/jest-runner/build/runTest.js:475:34)
    at Object.worker (/Users/sherwingorechomante/coldcaller/frontend/node_modules/jest-runner/build/testWorker.js:133:12)]]></failure>
    </testCase>
    <testCase name="ThemeToggle Component applies correct CSS classes for theme state" duration="1">
      <failure message="TypeError: Cannot read properties of undefined (reading &apos;matches&apos;)"><![CDATA[TypeError: Cannot read properties of undefined (reading 'matches')
    at /Users/sherwingorechomante/coldcaller/frontend/src/contexts/ThemeContext.js:33:74
    at Object.react_stack_bottom_frame (/Users/sherwingorechomante/coldcaller/frontend/node_modules/react-dom/cjs/react-dom-client.development.js:23953:20)
    at runWithFiberInDEV (/Users/sherwingorechomante/coldcaller/frontend/node_modules/react-dom/cjs/react-dom-client.development.js:1522:13)
    at commitHookEffectListMount (/Users/sherwingorechomante/coldcaller/frontend/node_modules/react-dom/cjs/react-dom-client.development.js:11905:29)
    at commitHookPassiveMountEffects (/Users/sherwingorechomante/coldcaller/frontend/node_modules/react-dom/cjs/react-dom-client.development.js:12028:11)
    at commitPassiveMountOnFiber (/Users/sherwingorechomante/coldcaller/frontend/node_modules/react-dom/cjs/react-dom-client.development.js:13841:13)
    at recursivelyTraversePassiveMountEffects (/Users/sherwingorechomante/coldcaller/frontend/node_modules/react-dom/cjs/react-dom-client.development.js:13815:11)
    at commitPassiveMountOnFiber (/Users/sherwingorechomante/coldcaller/frontend/node_modules/react-dom/cjs/react-dom-client.development.js:13853:11)
    at flushPassiveEffects (/Users/sherwingorechomante/coldcaller/frontend/node_modules/react-dom/cjs/react-dom-client.development.js:15737:9)
    at /Users/sherwingorechomante/coldcaller/frontend/node_modules/react-dom/cjs/react-dom-client.development.js:15379:15
    at flushActQueue (/Users/sherwingorechomante/coldcaller/frontend/node_modules/react/cjs/react.development.js:566:34)
    at Object.<anonymous>.process.env.NODE_ENV.exports.act (/Users/sherwingorechomante/coldcaller/frontend/node_modules/react/cjs/react.development.js:860:10)
    at /Users/sherwingorechomante/coldcaller/frontend/node_modules/@testing-library/react/dist/act-compat.js:47:25
    at renderRoot (/Users/sherwingorechomante/coldcaller/frontend/node_modules/@testing-library/react/dist/pure.js:190:26)
    at render (/Users/sherwingorechomante/coldcaller/frontend/node_modules/@testing-library/react/dist/pure.js:292:10)
    at renderThemeToggle (/Users/sherwingorechomante/coldcaller/frontend/src/components/__tests__/ThemeToggle.test.js:45:16)
    at Object.<anonymous> (/Users/sherwingorechomante/coldcaller/frontend/src/components/__tests__/ThemeToggle.test.js:113:5)
    at Promise.then.completed (/Users/sherwingorechomante/coldcaller/frontend/node_modules/jest-circus/build/utils.js:391:28)
    at new Promise (<anonymous>)
    at callAsyncCircusFn (/Users/sherwingorechomante/coldcaller/frontend/node_modules/jest-circus/build/utils.js:316:10)
    at _callCircusTest (/Users/sherwingorechomante/coldcaller/frontend/node_modules/jest-circus/build/run.js:218:40)
    at processTicksAndRejections (node:internal/process/task_queues:105:5)
    at _runTest (/Users/sherwingorechomante/coldcaller/frontend/node_modules/jest-circus/build/run.js:155:3)
    at _runTestsForDescribeBlock (/Users/sherwingorechomante/coldcaller/frontend/node_modules/jest-circus/build/run.js:66:9)
    at _runTestsForDescribeBlock (/Users/sherwingorechomante/coldcaller/frontend/node_modules/jest-circus/build/run.js:60:9)
    at run (/Users/sherwingorechomante/coldcaller/frontend/node_modules/jest-circus/build/run.js:25:3)
    at runAndTransformResultsToJestFormat (/Users/sherwingorechomante/coldcaller/frontend/node_modules/jest-circus/build/legacy-code-todo-rewrite/jestAdapterInit.js:170:21)
    at jestAdapter (/Users/sherwingorechomante/coldcaller/frontend/node_modules/jest-circus/build/legacy-code-todo-rewrite/jestAdapter.js:82:19)
    at runTestInternal (/Users/sherwingorechomante/coldcaller/frontend/node_modules/jest-runner/build/runTest.js:389:16)
    at runTest (/Users/sherwingorechomante/coldcaller/frontend/node_modules/jest-runner/build/runTest.js:475:34)
    at Object.worker (/Users/sherwingorechomante/coldcaller/frontend/node_modules/jest-runner/build/testWorker.js:133:12)]]></failure>
    </testCase>
    <testCase name="ThemeToggle Component loads saved theme from localStorage" duration="1">
      <failure message="TypeError: Cannot read properties of undefined (reading &apos;matches&apos;)"><![CDATA[TypeError: Cannot read properties of undefined (reading 'matches')
    at /Users/sherwingorechomante/coldcaller/frontend/src/contexts/ThemeContext.js:33:74
    at Object.react_stack_bottom_frame (/Users/sherwingorechomante/coldcaller/frontend/node_modules/react-dom/cjs/react-dom-client.development.js:23953:20)
    at runWithFiberInDEV (/Users/sherwingorechomante/coldcaller/frontend/node_modules/react-dom/cjs/react-dom-client.development.js:1522:13)
    at commitHookEffectListMount (/Users/sherwingorechomante/coldcaller/frontend/node_modules/react-dom/cjs/react-dom-client.development.js:11905:29)
    at commitHookPassiveMountEffects (/Users/sherwingorechomante/coldcaller/frontend/node_modules/react-dom/cjs/react-dom-client.development.js:12028:11)
    at commitPassiveMountOnFiber (/Users/sherwingorechomante/coldcaller/frontend/node_modules/react-dom/cjs/react-dom-client.development.js:13841:13)
    at recursivelyTraversePassiveMountEffects (/Users/sherwingorechomante/coldcaller/frontend/node_modules/react-dom/cjs/react-dom-client.development.js:13815:11)
    at commitPassiveMountOnFiber (/Users/sherwingorechomante/coldcaller/frontend/node_modules/react-dom/cjs/react-dom-client.development.js:13853:11)
    at flushPassiveEffects (/Users/sherwingorechomante/coldcaller/frontend/node_modules/react-dom/cjs/react-dom-client.development.js:15737:9)
    at /Users/sherwingorechomante/coldcaller/frontend/node_modules/react-dom/cjs/react-dom-client.development.js:15379:15
    at flushActQueue (/Users/sherwingorechomante/coldcaller/frontend/node_modules/react/cjs/react.development.js:566:34)
    at Object.<anonymous>.process.env.NODE_ENV.exports.act (/Users/sherwingorechomante/coldcaller/frontend/node_modules/react/cjs/react.development.js:860:10)
    at /Users/sherwingorechomante/coldcaller/frontend/node_modules/@testing-library/react/dist/act-compat.js:47:25
    at renderRoot (/Users/sherwingorechomante/coldcaller/frontend/node_modules/@testing-library/react/dist/pure.js:190:26)
    at render (/Users/sherwingorechomante/coldcaller/frontend/node_modules/@testing-library/react/dist/pure.js:292:10)
    at renderThemeToggle (/Users/sherwingorechomante/coldcaller/frontend/src/components/__tests__/ThemeToggle.test.js:45:16)
    at Object.<anonymous> (/Users/sherwingorechomante/coldcaller/frontend/src/components/__tests__/ThemeToggle.test.js:137:5)
    at Promise.then.completed (/Users/sherwingorechomante/coldcaller/frontend/node_modules/jest-circus/build/utils.js:391:28)
    at new Promise (<anonymous>)
    at callAsyncCircusFn (/Users/sherwingorechomante/coldcaller/frontend/node_modules/jest-circus/build/utils.js:316:10)
    at _callCircusTest (/Users/sherwingorechomante/coldcaller/frontend/node_modules/jest-circus/build/run.js:218:40)
    at processTicksAndRejections (node:internal/process/task_queues:105:5)
    at _runTest (/Users/sherwingorechomante/coldcaller/frontend/node_modules/jest-circus/build/run.js:155:3)
    at _runTestsForDescribeBlock (/Users/sherwingorechomante/coldcaller/frontend/node_modules/jest-circus/build/run.js:66:9)
    at _runTestsForDescribeBlock (/Users/sherwingorechomante/coldcaller/frontend/node_modules/jest-circus/build/run.js:60:9)
    at run (/Users/sherwingorechomante/coldcaller/frontend/node_modules/jest-circus/build/run.js:25:3)
    at runAndTransformResultsToJestFormat (/Users/sherwingorechomante/coldcaller/frontend/node_modules/jest-circus/build/legacy-code-todo-rewrite/jestAdapterInit.js:170:21)
    at jestAdapter (/Users/sherwingorechomante/coldcaller/frontend/node_modules/jest-circus/build/legacy-code-todo-rewrite/jestAdapter.js:82:19)
    at runTestInternal (/Users/sherwingorechomante/coldcaller/frontend/node_modules/jest-runner/build/runTest.js:389:16)
    at runTest (/Users/sherwingorechomante/coldcaller/frontend/node_modules/jest-runner/build/runTest.js:475:34)
    at Object.worker (/Users/sherwingorechomante/coldcaller/frontend/node_modules/jest-runner/build/testWorker.js:133:12)]]></failure>
    </testCase>
    <testCase name="ThemeToggle Component respects system preference when no saved theme" duration="3"/>
  </file>
  <file path="/Users/sherwingorechomante/coldcaller/frontend/src/__tests__/voip/sipSecurity.test.js">
    <testCase name="SIP Protocol Security Tests SIP Authentication Security should reject unauthenticated SIP INVITE requests" duration="1"/>
    <testCase name="SIP Protocol Security Tests SIP Authentication Security should validate digest authentication properly" duration="1"/>
    <testCase name="SIP Protocol Security Tests SIP Authentication Security should prevent replay attacks with nonce validation" duration="1"/>
    <testCase name="SIP Protocol Security Tests SIP Authentication Security should enforce strong authentication requirements" duration="0">
      <failure message="Error: expect(received).toBe(expected) // Object.is equality"><![CDATA[Error: expect(received).toBe(expected) // Object.is equality

Expected: 403
Received: 100
    at Object.<anonymous> (/Users/sherwingorechomante/coldcaller/frontend/src/__tests__/voip/sipSecurity.test.js:165:37)
    at processTicksAndRejections (node:internal/process/task_queues:105:5)]]></failure>
    </testCase>
    <testCase name="SIP Protocol Security Tests SIP Message Validation Security should sanitize SIP headers to prevent injection attacks" duration="0">
      <failure message="Error: expect(received).toContain(expected) // indexOf"><![CDATA[Error: expect(received).toContain(expected) // indexOf

Expected substring: "Invalid header"
Received string:    "Bad Request - CRLF injection in header: Via"
    at Object.<anonymous> (/Users/sherwingorechomante/coldcaller/frontend/src/__tests__/voip/sipSecurity.test.js:190:39)
    at processTicksAndRejections (node:internal/process/task_queues:105:5)]]></failure>
    </testCase>
    <testCase name="SIP Protocol Security Tests SIP Message Validation Security should validate SIP URI format and prevent malicious URIs" duration="0">
      <failure message="Error: expect(received).toBe(expected) // Object.is equality"><![CDATA[Error: expect(received).toBe(expected) // Object.is equality

Expected: 400
Received: 401
    at Object.<anonymous> (/Users/sherwingorechomante/coldcaller/frontend/src/__tests__/voip/sipSecurity.test.js:221:37)
    at processTicksAndRejections (node:internal/process/task_queues:105:5)]]></failure>
    </testCase>
    <testCase name="SIP Protocol Security Tests SIP Message Validation Security should enforce SDP security in message bodies" duration="1">
      <failure message="Error: expect(received).toBe(expected) // Object.is equality"><![CDATA[Error: expect(received).toBe(expected) // Object.is equality

Expected: 400
Received: 401
    at Object.<anonymous> (/Users/sherwingorechomante/coldcaller/frontend/src/__tests__/voip/sipSecurity.test.js:256:37)
    at processTicksAndRejections (node:internal/process/task_queues:105:5)]]></failure>
    </testCase>
    <testCase name="SIP Protocol Security Tests SIP Message Validation Security should validate content length and prevent buffer overflows" duration="96">
      <failure message="Error: expect(received).toBe(expected) // Object.is equality"><![CDATA[Error: expect(received).toBe(expected) // Object.is equality

Expected: 413
Received: 400
    at Object.<anonymous> (/Users/sherwingorechomante/coldcaller/frontend/src/__tests__/voip/sipSecurity.test.js:271:35)
    at processTicksAndRejections (node:internal/process/task_queues:105:5)]]></failure>
    </testCase>
    <testCase name="SIP Protocol Security Tests SIP Flooding and DoS Protection should implement rate limiting per source IP" duration="2">
      <failure message="Error: expect(received).toBeLessThanOrEqual(expected)"><![CDATA[Error: expect(received).toBeLessThanOrEqual(expected)

Expected: <= 10
Received:    50
    at Object.<anonymous> (/Users/sherwingorechomante/coldcaller/frontend/src/__tests__/voip/sipSecurity.test.js:296:31)
    at processTicksAndRejections (node:internal/process/task_queues:105:5)]]></failure>
    </testCase>
    <testCase name="SIP Protocol Security Tests SIP Flooding and DoS Protection should detect and prevent REGISTER flooding attacks" duration="3">
      <failure message="Error: expect(received).toBeGreaterThan(expected)"><![CDATA[Error: expect(received).toBeGreaterThan(expected)

Expected: > 950
Received:   940
    at Object.<anonymous> (/Users/sherwingorechomante/coldcaller/frontend/src/__tests__/voip/sipSecurity.test.js:327:28)
    at processTicksAndRejections (node:internal/process/task_queues:105:5)]]></failure>
    </testCase>
    <testCase name="SIP Protocol Security Tests SIP Flooding and DoS Protection should implement progressive penalties for repeat offenders" duration="113">
      <failure message="Error: expect(received).toBeGreaterThan(expected)"><![CDATA[Error: expect(received).toBeGreaterThan(expected)

Expected: > 0
Received:   0
    at Object.<anonymous> (/Users/sherwingorechomante/coldcaller/frontend/src/__tests__/voip/sipSecurity.test.js:364:29)]]></failure>
    </testCase>
    <testCase name="SIP Protocol Security Tests SIP Flooding and DoS Protection should maintain service availability during attacks" duration="2">
      <failure message="Error: expect(received).toBeGreaterThanOrEqual(expected)"><![CDATA[Error: expect(received).toBeGreaterThanOrEqual(expected)

Expected: >= 8
Received:    0
    at Object.<anonymous> (/Users/sherwingorechomante/coldcaller/frontend/src/__tests__/voip/sipSecurity.test.js:400:36)]]></failure>
    </testCase>
    <testCase name="SIP Protocol Security Tests SIP Call Hijacking Prevention should prevent call redirection attacks" duration="1">
      <failure message="Error: expect(received).toContain(expected) // indexOf"><![CDATA[Error: expect(received).toContain(expected) // indexOf

Expected value: 401
Received array: [100, 180]
    at Object.<anonymous> (/Users/sherwingorechomante/coldcaller/frontend/src/__tests__/voip/sipSecurity.test.js:414:26)]]></failure>
    </testCase>
    <testCase name="SIP Protocol Security Tests SIP Call Hijacking Prevention should validate session continuity and prevent session takeover" duration="0">
      <failure message="Error: expect(received).toBe(expected) // Object.is equality"><![CDATA[Error: expect(received).toBe(expected) // Object.is equality

Expected: 403
Received: 200
    at Object.<anonymous> (/Users/sherwingorechomante/coldcaller/frontend/src/__tests__/voip/sipSecurity.test.js:463:38)]]></failure>
    </testCase>
    <testCase name="SIP Protocol Security Tests SIP Call Hijacking Prevention should prevent SDP manipulation attacks" duration="0">
      <failure message="Error: expect(received).toContain(expected) // indexOf"><![CDATA[Error: expect(received).toContain(expected) // indexOf

Expected value: 401
Received array: [100, 180, 200]
    at Object.<anonymous> (/Users/sherwingorechomante/coldcaller/frontend/src/__tests__/voip/sipSecurity.test.js:503:31)]]></failure>
    </testCase>
    <testCase name="SIP Protocol Security Tests SIP Information Disclosure Prevention should not leak internal network information" duration="1"/>
    <testCase name="SIP Protocol Security Tests SIP Information Disclosure Prevention should sanitize error messages to prevent information leakage" duration="0"/>
    <testCase name="SIP Protocol Security Tests SIP Information Disclosure Prevention should prevent enumeration of valid users" duration="0"/>
  </file>
  <file path="/Users/sherwingorechomante/coldcaller/frontend/src/__tests__/voip/webrtcSecurity.test.js">
    <testCase name="WebRTC Security Tests DTLS-SRTP Encryption Enforcement should enforce DTLS-SRTP encryption for all media streams" duration="61">
      <failure message="Error: expect(received).rejects.toThrow(expected)"><![CDATA[Error: expect(received).rejects.toThrow(expected)

Expected pattern: /encryption.*required/i
Received message: "Secure transport required"

      646 |     if (this.config.requireEncryption) {
      647 |       if (!description.sdp.includes('UDP/TLS/RTP/SAVPF') && !description.sdp.includes('TCP/TLS/RTP/SAVPF')) {
    > 648 |         throw new Error('Secure transport required');
          |               ^
      649 |       }
      650 |     }
      651 |

      at MockPeerConnection.setRemoteDescription (src/__tests__/mocks/voipMocks.js:648:15)
      at Object.<anonymous> (src/__tests__/voip/webrtcSecurity.test.js:66:24)
    at Object.toThrow (/Users/sherwingorechomante/coldcaller/frontend/node_modules/expect/build/index.js:285:22)
    at Object.<anonymous> (/Users/sherwingorechomante/coldcaller/frontend/src/__tests__/voip/webrtcSecurity.test.js:67:17)
    at processTicksAndRejections (node:internal/process/task_queues:105:5)]]></failure>
    </testCase>
    <testCase name="WebRTC Security Tests DTLS-SRTP Encryption Enforcement should validate DTLS fingerprints in SDP" duration="1">
      <failure message="Error: expect(received).rejects.toThrow()"><![CDATA[Error: expect(received).rejects.toThrow()

Received promise resolved instead of rejected
Resolved to value: undefined
    at expect (/Users/sherwingorechomante/coldcaller/frontend/node_modules/expect/build/index.js:178:15)
    at Object.<anonymous> (/Users/sherwingorechomante/coldcaller/frontend/src/__tests__/voip/webrtcSecurity.test.js:89:13)
    at processTicksAndRejections (node:internal/process/task_queues:105:5)]]></failure>
    </testCase>
    <testCase name="WebRTC Security Tests DTLS-SRTP Encryption Enforcement should enforce secure transport protocols only" duration="0">
      <failure message="Error: expect(received).resolves.toBeDefined()"><![CDATA[Error: expect(received).resolves.toBeDefined()

Received promise rejected instead of resolved
Rejected to value: [Error: DTLS fingerprint required]
    at expect (/Users/sherwingorechomante/coldcaller/frontend/node_modules/expect/build/index.js:178:15)
    at Object.<anonymous> (/Users/sherwingorechomante/coldcaller/frontend/src/__tests__/voip/webrtcSecurity.test.js:120:13)
    at processTicksAndRejections (node:internal/process/task_queues:105:5)]]></failure>
    </testCase>
    <testCase name="WebRTC Security Tests DTLS-SRTP Encryption Enforcement should validate certificate chain properly" duration="1"/>
    <testCase name="WebRTC Security Tests DTLS-SRTP Encryption Enforcement should prevent downgrade attacks to unencrypted media" duration="0">
      <failure message="Error: expect(received).rejects.toThrow(expected)"><![CDATA[Error: expect(received).rejects.toThrow(expected)

Expected pattern: /downgrade.*not.*allowed/i
Received message: "Secure transport required"

      646 |     if (this.config.requireEncryption) {
      647 |       if (!description.sdp.includes('UDP/TLS/RTP/SAVPF') && !description.sdp.includes('TCP/TLS/RTP/SAVPF')) {
    > 648 |         throw new Error('Secure transport required');
          |               ^
      649 |       }
      650 |     }
      651 |

      at MockPeerConnection.setRemoteDescription (src/__tests__/mocks/voipMocks.js:648:15)
      at Object.<anonymous> (src/__tests__/voip/webrtcSecurity.test.js:182:24)
    at Object.toThrow (/Users/sherwingorechomante/coldcaller/frontend/node_modules/expect/build/index.js:285:22)
    at Object.<anonymous> (/Users/sherwingorechomante/coldcaller/frontend/src/__tests__/voip/webrtcSecurity.test.js:183:17)
    at processTicksAndRejections (node:internal/process/task_queues:105:5)]]></failure>
    </testCase>
    <testCase name="WebRTC Security Tests ICE Security and NAT Traversal should prevent ICE candidate manipulation" duration="1"/>
    <testCase name="WebRTC Security Tests ICE Security and NAT Traversal should validate ICE username and password security" duration="0">
      <failure message="Error: expect(received).toBeGreaterThanOrEqual(expected)"><![CDATA[Error: expect(received).toBeGreaterThanOrEqual(expected)

Expected: >= 22
Received:    11
    at Object.<anonymous> (/Users/sherwingorechomante/coldcaller/frontend/src/__tests__/voip/webrtcSecurity.test.js:244:29)
    at processTicksAndRejections (node:internal/process/task_queues:105:5)]]></failure>
    </testCase>
    <testCase name="WebRTC Security Tests ICE Security and NAT Traversal should prevent STUN/TURN credential leakage" duration="0"/>
    <testCase name="WebRTC Security Tests ICE Security and NAT Traversal should implement proper ICE consent freshness" duration="1"/>
    <testCase name="WebRTC Security Tests Media Stream Security should validate media stream sources and prevent hijacking" duration="0"/>
    <testCase name="WebRTC Security Tests Media Stream Security should prevent unauthorized media track replacement" duration="0"/>
    <testCase name="WebRTC Security Tests Media Stream Security should monitor media quality for tampering detection" duration="1"/>
    <testCase name="WebRTC Security Tests Media Stream Security should implement secure codec negotiation" duration="0"/>
    <testCase name="WebRTC Security Tests Media Stream Security should prevent media injection attacks" duration="0"/>
    <testCase name="WebRTC Security Tests WebRTC Privacy and Information Disclosure should prevent local network discovery" duration="111"/>
    <testCase name="WebRTC Security Tests WebRTC Privacy and Information Disclosure should implement proper mDNS candidate handling" duration="0"/>
    <testCase name="WebRTC Security Tests WebRTC Privacy and Information Disclosure should sanitize RTCP reports to prevent information leakage" duration="0"/>
    <testCase name="WebRTC Security Tests WebRTC Privacy and Information Disclosure should prevent device fingerprinting via media capabilities" duration="0">
      <failure message="ReferenceError: RTCRtpReceiver is not defined"><![CDATA[ReferenceError: RTCRtpReceiver is not defined
    at Object.<anonymous> (/Users/sherwingorechomante/coldcaller/frontend/src/__tests__/voip/webrtcSecurity.test.js:530:33)
    at Promise.then.completed (/Users/sherwingorechomante/coldcaller/frontend/node_modules/jest-circus/build/utils.js:391:28)
    at new Promise (<anonymous>)
    at callAsyncCircusFn (/Users/sherwingorechomante/coldcaller/frontend/node_modules/jest-circus/build/utils.js:316:10)
    at _callCircusTest (/Users/sherwingorechomante/coldcaller/frontend/node_modules/jest-circus/build/run.js:218:40)
    at _runTest (/Users/sherwingorechomante/coldcaller/frontend/node_modules/jest-circus/build/run.js:155:3)
    at _runTestsForDescribeBlock (/Users/sherwingorechomante/coldcaller/frontend/node_modules/jest-circus/build/run.js:66:9)
    at _runTestsForDescribeBlock (/Users/sherwingorechomante/coldcaller/frontend/node_modules/jest-circus/build/run.js:60:9)
    at _runTestsForDescribeBlock (/Users/sherwingorechomante/coldcaller/frontend/node_modules/jest-circus/build/run.js:60:9)
    at run (/Users/sherwingorechomante/coldcaller/frontend/node_modules/jest-circus/build/run.js:25:3)
    at runAndTransformResultsToJestFormat (/Users/sherwingorechomante/coldcaller/frontend/node_modules/jest-circus/build/legacy-code-todo-rewrite/jestAdapterInit.js:170:21)
    at jestAdapter (/Users/sherwingorechomante/coldcaller/frontend/node_modules/jest-circus/build/legacy-code-todo-rewrite/jestAdapter.js:82:19)
    at runTestInternal (/Users/sherwingorechomante/coldcaller/frontend/node_modules/jest-runner/build/runTest.js:389:16)
    at runTest (/Users/sherwingorechomante/coldcaller/frontend/node_modules/jest-runner/build/runTest.js:475:34)
    at Object.worker (/Users/sherwingorechomante/coldcaller/frontend/node_modules/jest-runner/build/testWorker.js:133:12)]]></failure>
    </testCase>
    <testCase name="WebRTC Security Tests WebRTC Denial of Service Protection should limit concurrent peer connections per user" duration="1"/>
    <testCase name="WebRTC Security Tests WebRTC Denial of Service Protection should implement bandwidth limiting and monitoring" duration="0">
      <failure message="Error: expect(received).toBe(expected) // Object.is equality"><![CDATA[Error: expect(received).toBe(expected) // Object.is equality

Expected: true
Received: false
    at Object.<anonymous> (/Users/sherwingorechomante/coldcaller/frontend/src/__tests__/voip/webrtcSecurity.test.js:592:29)]]></failure>
    </testCase>
    <testCase name="WebRTC Security Tests WebRTC Denial of Service Protection should prevent ICE candidate flooding attacks" duration="15">
      <failure message="Error: expect(received).toBeGreaterThan(expected)"><![CDATA[Error: expect(received).toBeGreaterThan(expected)

Expected: > 9900
Received:   1
    at Object.<anonymous> (/Users/sherwingorechomante/coldcaller/frontend/src/__tests__/voip/webrtcSecurity.test.js:625:34)]]></failure>
    </testCase>
    <testCase name="WebRTC Security Tests WebRTC Denial of Service Protection should implement connection attempt rate limiting" duration="0"/>
  </file>
  <file path="/Users/sherwingorechomante/coldcaller/frontend/src/components/__tests__/DialPad.test.js">
    <testCase name="DialPad Component renders dial pad with all elements" duration="21">
      <failure message="TestingLibraryElementError: Unable to find an element with the text: Dial Pad. This could be because the text is broken up by multiple elements. In this case, you can provide a function for your text matcher to make your matcher more flexible."><![CDATA[TestingLibraryElementError: Unable to find an element with the text: Dial Pad. This could be because the text is broken up by multiple elements. In this case, you can provide a function for your text matcher to make your matcher more flexible.

Ignored nodes: comments, script, style
<body>
  <div>
    <div
      class="space-y-4"
    >
      <div
        class="card max-w-sm mx-2"
      >
        <div
          class="text-center mb-4"
        >
          <h2
            class="text-xl font-semibold text-gray-700"
          >
            Enhanced VOIP Dialer
          </h2>
          <div
            class="inline-flex items-center mt-2 px-2 py-1 rounded-full text-xs bg-green-100 text-green-700"
          >
            <span
              class="mr-1"
            >
              🟢
            </span>
            SIP Ready
          </div>
        </div>
        <div
          class="flex mb-4 gap-1"
        >
          <input
            class="input-field flex-1 text-center text-lg"
            placeholder="Enter phone number"
            type="text"
            value=""
          />
          <button
            class="px-4 py-3 text-xl bg-red-500 hover:bg-red-600 text-white rounded-lg transition-colors duration-200"
          >
            ⌫
          </button>
        </div>
        <div
          class="grid grid-cols-3 gap-1 mb-4"
        >
          <button
            class="p-4 text-xl bg-green-500 text-white border-2 border-green-400 rounded-lg hover:bg-green-600 hover:border-green-500 hover:shadow-lg active:scale-95 transition-all duration-200 disabled:opacity-50 disabled:cursor-not-allowed font-semibold"
          >
            1
          </button>
          <button
            class="p-4 text-xl bg-green-500 text-white border-2 border-green-400 rounded-lg hover:bg-green-600 hover:border-green-500 hover:shadow-lg active:scale-95 transition-all duration-200 disabled:opacity-50 disabled:cursor-not-allowed font-semibold"
          >
            2
          </button>
          <button
            class="p-4 text-xl bg-green-500 text-white border-2 border-green-400 rounded-lg hover:bg-green-600 hover:border-green-500 hover:shadow-lg active:scale-95 transition-all duration-200 disabled:opacity-50 disabled:cursor-not-allowed font-semibold"
          >
            3
          </button>
          <button
            class="p-4 text-xl bg-green-500 text-white border-2 border-green-400 rounded-lg hover:bg-green-600 hover:border-green-500 hover:shadow-lg active:scale-95 transition-all duration-200 disabled:opacity-50 disabled:cursor-not-allowed font-semibold"
          >
            4
          </button>
          <button
            class="p-4 text-xl bg-green-500 text-white border-2 border-green-400 rounded-lg hover:bg-green-600 hover:border-green-500 hover:shadow-lg active:scale-95 transition-all duration-200 disabled:opacity-50 disabled:cursor-not-allowed font-semibold"
          >
            5
          </button>
          <button
            class="p-4 text-xl bg-green-500 text-white border-2 border-green-400 rounded-lg hover:bg-green-600 hover:border-green-500 hover:shadow-lg active:scale-95 transition-all duration-200 disabled:opacity-50 disabled:cursor-not-allowed font-semibold"
          >
            6
          </button>
          <button
            class="p-4 text-xl bg-green-500 text-white border-2 border-green-400 rounded-lg hover:bg-green-600 hover:border-green-500 hover:shadow-lg active:scale-95 transition-all duration-200 disabled:opacity-50 disabled:cursor-not-allowed font-semibold"
          >
            7
          </button>
          <button
            class="p-4 text-xl bg-green-500 text-white border-2 border-green-400 rounded-lg hover:bg-green-600 hover:border-green-500 hover:shadow-lg active:scale-95 transition-all duration-200 disabled:opacity-50 disabled:cursor-not-allowed font-semibold"
          >
            8
          </button>
          <button
            class="p-4 text-xl bg-green-500 text-white border-2 border-green-400 rounded-lg hover:bg-green-600 hover:border-green-500 hover:shadow-lg active:scale-95 transition-all duration-200 disabled:opacity-50 disabled:cursor-not-allowed font-semibold"
          >
            9
          </button>
          <button
            class="p-4 text-xl bg-green-500 text-white border-2 border-green-400 rounded-lg hover:bg-green-600 hover:border-green-500 hover:shadow-lg active:scale-95 transition-all duration-200 disabled:opacity-50 disabled:cursor-not-allowed font-semibold"
          >
            *
          </button>
          <button
            class="p-4 text-xl bg-green-500 text-white border-2 border-green-400 rounded-lg hover:bg-green-600 hover:border-green-500 hover:shadow-lg active:scale-95 transition-all duration-200 disabled:opacity-50 disabled:cursor-not-allowed font-semibold"
          >
            0
          </button>
          <button
            class="p-4 text-xl bg-green-500 text-white border-2 border-green-400 rounded-lg hover:bg-green-600 hover:border-green-500 hover:shadow-lg active:scale-95 transition-all duration-200 disabled:opacity-50 disabled:cursor-not-allowed font-semibold"
          >
            #
          </button>
        </div>
        <div
          class="space-y-3"
        >
          <button
            class="w-full text-lg py-4 bg-green-500 hover:bg-green-600 text-white rounded-lg transition-all duration-200 hover:shadow-lg active:scale-95 font-semibold disabled:bg-gray-300 disabled:cursor-not-allowed disabled:hover:shadow-none disabled:active:scale-100"
            disabled=""
          >
            📞 Call 
          </button>
        </div>
      </div>
      <div
        class="card"
      >
        <div
          class="text-center mb-4"
        >
          <h3
            class="text-lg font-semibold text-gray-700"
          >
            Call Status
          </h3>
        </div>
        <div
          class="text-center p-4 rounded-lg mb-4 bg-gray-50"
        >
          <div
            class="inline-flex items-center "
          >
            <span
              class="text-2xl mr-2"
            >
              📞
            </span>
            <span
              class="text-lg font-semibold text-gray-500"
            >
              Ready
            </span>
          </div>
        </div>
        <div
          class="space-y-3"
        >
          <div
            class="flex items-center justify-between"
          >
            <span
              class="text-sm font-medium text-gray-600"
            >
              Signal Quality:
            </span>
            <div
              class="flex items-center"
            >
              <div
                class="flex gap-0.5 mr-2"
              >
                <div
                  class="w-2 h-4 rounded-sm bg-green-500"
                />
                <div
                  class="w-2 h-4 rounded-sm bg-green-500"
                />
                <div
                  class="w-2 h-4 rounded-sm bg-green-500"
                />
                <div
                  class="w-2 h-4 rounded-sm bg-green-500"
                />
              </div>
              <span
                class="text-sm font-medium text-green-500"
              >
                Excellent
              </span>
            </div>
          </div>
          <div
            class="flex items-center justify-between"
          >
            <span
              class="text-sm font-medium text-gray-600"
            >
              Latency:
            </span>
            <span
              class="text-sm font-medium text-green-500"
            >
              35
              s
            </span>
          </div>
          <div
            class="flex items-center justify-between pt-2 border-t border-gray-200"
          >
            <span
              class="text-sm font-medium text-gray-600"
            >
              SIP Status:
            </span>
            <div
              class="flex items-center"
            >
              <span
                class="mr-1"
              >
                ✅
              </span>
              <span
                class="text-sm font-medium text-green-500"
              >
                Registered
              </span>
            </div>
          </div>
        </div>
      </div>
    </div>
  </div>
</body>
    at Object.getElementError (/Users/sherwingorechomante/coldcaller/frontend/node_modules/@testing-library/dom/dist/config.js:37:19)
    at /Users/sherwingorechomante/coldcaller/frontend/node_modules/@testing-library/dom/dist/query-helpers.js:76:38
    at /Users/sherwingorechomante/coldcaller/frontend/node_modules/@testing-library/dom/dist/query-helpers.js:52:17
    at getByText (/Users/sherwingorechomante/coldcaller/frontend/node_modules/@testing-library/dom/dist/query-helpers.js:95:19)
    at Object.<anonymous> (/Users/sherwingorechomante/coldcaller/frontend/src/components/__tests__/DialPad.test.js:12:19)
    at Promise.then.completed (/Users/sherwingorechomante/coldcaller/frontend/node_modules/jest-circus/build/utils.js:391:28)
    at new Promise (<anonymous>)
    at callAsyncCircusFn (/Users/sherwingorechomante/coldcaller/frontend/node_modules/jest-circus/build/utils.js:316:10)
    at _callCircusTest (/Users/sherwingorechomante/coldcaller/frontend/node_modules/jest-circus/build/run.js:218:40)
    at processTicksAndRejections (node:internal/process/task_queues:105:5)
    at _runTest (/Users/sherwingorechomante/coldcaller/frontend/node_modules/jest-circus/build/run.js:155:3)
    at _runTestsForDescribeBlock (/Users/sherwingorechomante/coldcaller/frontend/node_modules/jest-circus/build/run.js:66:9)
    at _runTestsForDescribeBlock (/Users/sherwingorechomante/coldcaller/frontend/node_modules/jest-circus/build/run.js:60:9)
    at run (/Users/sherwingorechomante/coldcaller/frontend/node_modules/jest-circus/build/run.js:25:3)
    at runAndTransformResultsToJestFormat (/Users/sherwingorechomante/coldcaller/frontend/node_modules/jest-circus/build/legacy-code-todo-rewrite/jestAdapterInit.js:170:21)
    at jestAdapter (/Users/sherwingorechomante/coldcaller/frontend/node_modules/jest-circus/build/legacy-code-todo-rewrite/jestAdapter.js:82:19)
    at runTestInternal (/Users/sherwingorechomante/coldcaller/frontend/node_modules/jest-runner/build/runTest.js:389:16)
    at runTest (/Users/sherwingorechomante/coldcaller/frontend/node_modules/jest-runner/build/runTest.js:475:34)
    at Object.worker (/Users/sherwingorechomante/coldcaller/frontend/node_modules/jest-runner/build/testWorker.js:133:12)]]></failure>
      <failure message="TypeError: audioContextRef.current.close is not a function"><![CDATA[TypeError: audioContextRef.current.close is not a function
    at /Users/sherwingorechomante/coldcaller/frontend/src/components/DTMFKeypad.js:43:33
    at Object.react_stack_bottom_frame (/Users/sherwingorechomante/coldcaller/frontend/node_modules/react-dom/cjs/react-dom-client.development.js:23965:13)
    at runWithFiberInDEV (/Users/sherwingorechomante/coldcaller/frontend/node_modules/react-dom/cjs/react-dom-client.development.js:1522:13)
    at commitHookEffectListUnmount (/Users/sherwingorechomante/coldcaller/frontend/node_modules/react-dom/cjs/react-dom-client.development.js:11996:17)
    at commitHookPassiveUnmountEffects (/Users/sherwingorechomante/coldcaller/frontend/node_modules/react-dom/cjs/react-dom-client.development.js:12043:11)
    at commitPassiveUnmountEffectsInsideOfDeletedTree_begin (/Users/sherwingorechomante/coldcaller/frontend/node_modules/react-dom/cjs/react-dom-client.development.js:14269:13)
    at recursivelyTraversePassiveUnmountEffects (/Users/sherwingorechomante/coldcaller/frontend/node_modules/react-dom/cjs/react-dom-client.development.js:14167:13)
    at commitPassiveUnmountOnFiber (/Users/sherwingorechomante/coldcaller/frontend/node_modules/react-dom/cjs/react-dom-client.development.js:14194:11)
    at flushPassiveEffects (/Users/sherwingorechomante/coldcaller/frontend/node_modules/react-dom/cjs/react-dom-client.development.js:15736:9)
    at flushPendingEffects (/Users/sherwingorechomante/coldcaller/frontend/node_modules/react-dom/cjs/react-dom-client.development.js:15702:14)
    at flushSpawnedWork (/Users/sherwingorechomante/coldcaller/frontend/node_modules/react-dom/cjs/react-dom-client.development.js:15668:44)
    at commitRoot (/Users/sherwingorechomante/coldcaller/frontend/node_modules/react-dom/cjs/react-dom-client.development.js:15403:9)
    at performWorkOnRoot (/Users/sherwingorechomante/coldcaller/frontend/node_modules/react-dom/cjs/react-dom-client.development.js:14526:15)
    at performSyncWorkOnRoot (/Users/sherwingorechomante/coldcaller/frontend/node_modules/react-dom/cjs/react-dom-client.development.js:16231:7)
    at flushSyncWorkAcrossRoots_impl (/Users/sherwingorechomante/coldcaller/frontend/node_modules/react-dom/cjs/react-dom-client.development.js:16079:21)
    at flushSyncWork$1 (/Users/sherwingorechomante/coldcaller/frontend/node_modules/react-dom/cjs/react-dom-client.development.js:14721:12)
    at ReactDOMRoot.Object.<anonymous>.process.env.NODE_ENV.ReactDOMHydrationRoot.unmount.ReactDOMRoot.unmount [as unmount] (/Users/sherwingorechomante/coldcaller/frontend/node_modules/react-dom/cjs/react-dom-client.development.js:24777:11)
    at Object.unmount (/Users/sherwingorechomante/coldcaller/frontend/node_modules/@testing-library/react/dist/pure.js:164:12)
    at /Users/sherwingorechomante/coldcaller/frontend/node_modules/@testing-library/react/dist/pure.js:308:12
    at /Users/sherwingorechomante/coldcaller/frontend/node_modules/@testing-library/react/dist/act-compat.js:48:24
    at Object.<anonymous>.process.env.NODE_ENV.exports.act (/Users/sherwingorechomante/coldcaller/frontend/node_modules/react/cjs/react.development.js:790:22)
    at /Users/sherwingorechomante/coldcaller/frontend/node_modules/@testing-library/react/dist/act-compat.js:47:25
    at /Users/sherwingorechomante/coldcaller/frontend/node_modules/@testing-library/react/dist/pure.js:307:28
    at Array.forEach (<anonymous>)
    at cleanup (/Users/sherwingorechomante/coldcaller/frontend/node_modules/@testing-library/react/dist/pure.js:303:22)
    at Object.<anonymous> (/Users/sherwingorechomante/coldcaller/frontend/node_modules/@testing-library/react/dist/index.js:28:25)
    at Promise.then.completed (/Users/sherwingorechomante/coldcaller/frontend/node_modules/jest-circus/build/utils.js:391:28)
    at new Promise (<anonymous>)
    at callAsyncCircusFn (/Users/sherwingorechomante/coldcaller/frontend/node_modules/jest-circus/build/utils.js:316:10)
    at _callCircusHook (/Users/sherwingorechomante/coldcaller/frontend/node_modules/jest-circus/build/run.js:181:40)
    at processTicksAndRejections (node:internal/process/task_queues:105:5)
    at _runTest (/Users/sherwingorechomante/coldcaller/frontend/node_modules/jest-circus/build/run.js:158:5)
    at _runTestsForDescribeBlock (/Users/sherwingorechomante/coldcaller/frontend/node_modules/jest-circus/build/run.js:66:9)
    at _runTestsForDescribeBlock (/Users/sherwingorechomante/coldcaller/frontend/node_modules/jest-circus/build/run.js:60:9)
    at run (/Users/sherwingorechomante/coldcaller/frontend/node_modules/jest-circus/build/run.js:25:3)
    at runAndTransformResultsToJestFormat (/Users/sherwingorechomante/coldcaller/frontend/node_modules/jest-circus/build/legacy-code-todo-rewrite/jestAdapterInit.js:170:21)
    at jestAdapter (/Users/sherwingorechomante/coldcaller/frontend/node_modules/jest-circus/build/legacy-code-todo-rewrite/jestAdapter.js:82:19)
    at runTestInternal (/Users/sherwingorechomante/coldcaller/frontend/node_modules/jest-runner/build/runTest.js:389:16)
    at runTest (/Users/sherwingorechomante/coldcaller/frontend/node_modules/jest-runner/build/runTest.js:475:34)
    at Object.worker (/Users/sherwingorechomante/coldcaller/frontend/node_modules/jest-runner/build/testWorker.js:133:12)]]></failure>
    </testCase>
    <testCase name="DialPad Component clicking number buttons adds digits to phone number" duration="84">
      <failure message="TestingLibraryElementError: Found multiple elements with the text: 5"><![CDATA[TestingLibraryElementError: Found multiple elements with the text: 5

Here are the matching elements:

Ignored nodes: comments, script, style
<button
  class="p-4 text-xl bg-green-500 text-white border-2 border-green-400 rounded-lg hover:bg-green-600 hover:border-green-500 hover:shadow-lg active:scale-95 transition-all duration-200 disabled:opacity-50 disabled:cursor-not-allowed font-semibold"
>
  5
</button>

Ignored nodes: comments, script, style
<div
  class="text-lg font-mono text-blue-600"
>
  5
</div>

(If this is intentional, then use the `*AllBy*` variant of the query (like `queryAllByText`, `getAllByText`, or `findAllByText`)).

Ignored nodes: comments, script, style
<body>
  <div />
  <div>
    <div
      class="space-y-4"
    >
      <div
        class="card max-w-sm mx-2"
      >
        <div
          class="text-center mb-4"
        >
          <h2
            class="text-xl font-semibold text-gray-700"
          >
            Enhanced VOIP Dialer
          </h2>
          <div
            class="inline-flex items-center mt-2 px-2 py-1 rounded-full text-xs bg-green-100 text-green-700"
          >
            <span
              class="mr-1"
            >
              🟢
            </span>
            SIP Ready
          </div>
        </div>
        <div
          class="flex mb-4 gap-1"
        >
          <input
            class="input-field flex-1 text-center text-lg"
            placeholder="Enter phone number"
            type="text"
            value="5"
          />
          <button
            class="px-4 py-3 text-xl bg-red-500 hover:bg-red-600 text-white rounded-lg transition-colors duration-200"
          >
            ⌫
          </button>
        </div>
        <div
          class="grid grid-cols-3 gap-1 mb-4"
        >
          <button
            class="p-4 text-xl bg-green-500 text-white border-2 border-green-400 rounded-lg hover:bg-green-600 hover:border-green-500 hover:shadow-lg active:scale-95 transition-all duration-200 disabled:opacity-50 disabled:cursor-not-allowed font-semibold"
          >
            1
          </button>
          <button
            class="p-4 text-xl bg-green-500 text-white border-2 border-green-400 rounded-lg hover:bg-green-600 hover:border-green-500 hover:shadow-lg active:scale-95 transition-all duration-200 disabled:opacity-50 disabled:cursor-not-allowed font-semibold"
          >
            2
          </button>
          <button
            class="p-4 text-xl bg-green-500 text-white border-2 border-green-400 rounded-lg hover:bg-green-600 hover:border-green-500 hover:shadow-lg active:scale-95 transition-all duration-200 disabled:opacity-50 disabled:cursor-not-allowed font-semibold"
          >
            3
          </button>
          <button
            class="p-4 text-xl bg-green-500 text-white border-2 border-green-400 rounded-lg hover:bg-green-600 hover:border-green-500 hover:shadow-lg active:scale-95 transition-all duration-200 disabled:opacity-50 disabled:cursor-not-allowed font-semibold"
          >
            4
          </button>
          <button
            class="p-4 text-xl bg-green-500 text-white border-2 border-green-400 rounded-lg hover:bg-green-600 hover:border-green-500 hover:shadow-lg active:scale-95 transition-all duration-200 disabled:opacity-50 disabled:cursor-not-allowed font-semibold"
          >
            5
          </button>
          <button
            class="p-4 text-xl bg-green-500 text-white border-2 border-green-400 rounded-lg hover:bg-green-600 hover:border-green-500 hover:shadow-lg active:scale-95 transition-all duration-200 disabled:opacity-50 disabled:cursor-not-allowed font-semibold"
          >
            6
          </button>
          <button
            class="p-4 text-xl bg-green-500 text-white border-2 border-green-400 rounded-lg hover:bg-green-600 hover:border-green-500 hover:shadow-lg active:scale-95 transition-all duration-200 disabled:opacity-50 disabled:cursor-not-allowed font-semibold"
          >
            7
          </button>
          <button
            class="p-4 text-xl bg-green-500 text-white border-2 border-green-400 rounded-lg hover:bg-green-600 hover:border-green-500 hover:shadow-lg active:scale-95 transition-all duration-200 disabled:opacity-50 disabled:cursor-not-allowed font-semibold"
          >
            8
          </button>
          <button
            class="p-4 text-xl bg-green-500 text-white border-2 border-green-400 rounded-lg hover:bg-green-600 hover:border-green-500 hover:shadow-lg active:scale-95 transition-all duration-200 disabled:opacity-50 disabled:cursor-not-allowed font-semibold"
          >
            9
          </button>
          <button
            class="p-4 text-xl bg-green-500 text-white border-2 border-green-400 rounded-lg hover:bg-green-600 hover:border-green-500 hover:shadow-lg active:scale-95 transition-all duration-200 disabled:opacity-50 disabled:cursor-not-allowed font-semibold"
          >
            *
          </button>
          <button
            class="p-4 text-xl bg-green-500 text-white border-2 border-green-400 rounded-lg hover:bg-green-600 hover:border-green-500 hover:shadow-lg active:scale-95 transition-all duration-200 disabled:opacity-50 disabled:cursor-not-allowed font-semibold"
          >
            0
          </button>
          <button
            class="p-4 text-xl bg-green-500 text-white border-2 border-green-400 rounded-lg hover:bg-green-600 hover:border-green-500 hover:shadow-lg active:scale-95 transition-all duration-200 disabled:opacity-50 disabled:cursor-not-allowed font-semibold"
          >
            #
          </button>
        </div>
        <div
          class="space-y-3"
        >
          <button
            class="w-full text-lg py-4 bg-green-500 hover:bg-green-600 text-white rounded-lg transition-all duration-200 hover:shadow-lg active:scale-95 font-semibold disabled:bg-gray-300 disabled:cursor-not-allowed disabled:hover:shadow-none disabled:active:scale-100"
          >
            📞 Call 
            5
          </button>
        </div>
      </div>
      <div
        class="card"
      >
        <div
          class="text-center mb-4"
        >
          <h3
            class="text-lg font-semibold text-gray-700"
          >
            Call Status
          </h3>
        </div>
        <div
          class="text-center p-4 rounded-lg mb-4 bg-gray-50"
        >
          <div
            class="inline-flex items-center "
          >
            <span
              class="text-2xl mr-2"
            >
              📞
            </span>
            <span
              class="text-lg font-semibold text-gray-500"
            >
              Ready
            </span>
          </div>
        </div>
        <div
          class="bg-gray-50 rounded-lg p-3 mb-4"
        >
          <div
            class="text-center"
          >
            <div
              class="text-lg font-mono text-blue-600"
            >
              5
            </div>
          </div>
        </div>
        <div
          class="space-y-3"
        >
          <div
            class="flex items-center justify-between"
          >
            <span
              class="text-sm font-medium text-gray-600"
            >
              Signal Quality:
            </span>
            <div
              class="flex items-center"
            >
              <div
                class="flex gap-0.5 mr-2"
              >
                <div
                  class="w-2 h-4 rounded-sm bg-green-500"
                />
                <div
                  class="w-2 h-4 rounded-sm bg-green-500"
                />
                <div
                  class="w-2 h-4 rounded-sm bg-green-500"
                />
                <div
                  class="w-2 h-4 rounded-sm bg-green-500"
                />
              </div>
              <span
                class="text-sm font-medium text-green-500"
              >
                Excellent
              </span>
            </div>
          </div>
          <div
            class="flex items-center justify-between"
          >
            <span
              class="text-sm font-medium text-gray-600"
            >
              Latency:
            </span>
            <span
              class="text-sm font-medium text-green-500"
            >
              35
              s
            </span>
          </div>
          <div
            class="flex items-center justify-between pt-2 border-t border-gray-200"
          >
            <span
              class="text-sm font-medium text-gray-600"
            >
              SIP Status:
            </span>
            <div
              class="flex items-center"
            >
              <span
                class="mr-1"
              >
                ✅
              </span>
              <span
                class="text-sm font-medium text-green-500"
              >
                Registered
              </span>
            </div>
          </div>
        </div>
      </div>
    </div>
  </div>
</body>
    at Object.getElementError (/Users/sherwingorechomante/coldcaller/frontend/node_modules/@testing-library/dom/dist/config.js:37:19)
    at getElementError (/Users/sherwingorechomante/coldcaller/frontend/node_modules/@testing-library/dom/dist/query-helpers.js:20:35)
    at getMultipleElementsFoundError (/Users/sherwingorechomante/coldcaller/frontend/node_modules/@testing-library/dom/dist/query-helpers.js:23:10)
    at /Users/sherwingorechomante/coldcaller/frontend/node_modules/@testing-library/dom/dist/query-helpers.js:55:13
    at getByText (/Users/sherwingorechomante/coldcaller/frontend/node_modules/@testing-library/dom/dist/query-helpers.js:95:19)
    at Object.<anonymous> (/Users/sherwingorechomante/coldcaller/frontend/src/components/__tests__/DialPad.test.js:33:29)]]></failure>
      <failure message="TypeError: audioContextRef.current.close is not a function"><![CDATA[TypeError: audioContextRef.current.close is not a function
    at /Users/sherwingorechomante/coldcaller/frontend/src/components/DTMFKeypad.js:43:33
    at Object.react_stack_bottom_frame (/Users/sherwingorechomante/coldcaller/frontend/node_modules/react-dom/cjs/react-dom-client.development.js:23965:13)
    at runWithFiberInDEV (/Users/sherwingorechomante/coldcaller/frontend/node_modules/react-dom/cjs/react-dom-client.development.js:1522:13)
    at commitHookEffectListUnmount (/Users/sherwingorechomante/coldcaller/frontend/node_modules/react-dom/cjs/react-dom-client.development.js:11996:17)
    at commitHookPassiveUnmountEffects (/Users/sherwingorechomante/coldcaller/frontend/node_modules/react-dom/cjs/react-dom-client.development.js:12043:11)
    at commitPassiveUnmountEffectsInsideOfDeletedTree_begin (/Users/sherwingorechomante/coldcaller/frontend/node_modules/react-dom/cjs/react-dom-client.development.js:14269:13)
    at recursivelyTraversePassiveUnmountEffects (/Users/sherwingorechomante/coldcaller/frontend/node_modules/react-dom/cjs/react-dom-client.development.js:14167:13)
    at commitPassiveUnmountOnFiber (/Users/sherwingorechomante/coldcaller/frontend/node_modules/react-dom/cjs/react-dom-client.development.js:14194:11)
    at flushPassiveEffects (/Users/sherwingorechomante/coldcaller/frontend/node_modules/react-dom/cjs/react-dom-client.development.js:15736:9)
    at flushPendingEffects (/Users/sherwingorechomante/coldcaller/frontend/node_modules/react-dom/cjs/react-dom-client.development.js:15702:14)
    at flushSpawnedWork (/Users/sherwingorechomante/coldcaller/frontend/node_modules/react-dom/cjs/react-dom-client.development.js:15668:44)
    at commitRoot (/Users/sherwingorechomante/coldcaller/frontend/node_modules/react-dom/cjs/react-dom-client.development.js:15403:9)
    at performWorkOnRoot (/Users/sherwingorechomante/coldcaller/frontend/node_modules/react-dom/cjs/react-dom-client.development.js:14526:15)
    at performSyncWorkOnRoot (/Users/sherwingorechomante/coldcaller/frontend/node_modules/react-dom/cjs/react-dom-client.development.js:16231:7)
    at flushSyncWorkAcrossRoots_impl (/Users/sherwingorechomante/coldcaller/frontend/node_modules/react-dom/cjs/react-dom-client.development.js:16079:21)
    at flushSyncWork$1 (/Users/sherwingorechomante/coldcaller/frontend/node_modules/react-dom/cjs/react-dom-client.development.js:14721:12)
    at ReactDOMRoot.Object.<anonymous>.process.env.NODE_ENV.ReactDOMHydrationRoot.unmount.ReactDOMRoot.unmount [as unmount] (/Users/sherwingorechomante/coldcaller/frontend/node_modules/react-dom/cjs/react-dom-client.development.js:24777:11)
    at Object.unmount (/Users/sherwingorechomante/coldcaller/frontend/node_modules/@testing-library/react/dist/pure.js:164:12)
    at /Users/sherwingorechomante/coldcaller/frontend/node_modules/@testing-library/react/dist/pure.js:308:12
    at /Users/sherwingorechomante/coldcaller/frontend/node_modules/@testing-library/react/dist/act-compat.js:48:24
    at Object.<anonymous>.process.env.NODE_ENV.exports.act (/Users/sherwingorechomante/coldcaller/frontend/node_modules/react/cjs/react.development.js:790:22)
    at /Users/sherwingorechomante/coldcaller/frontend/node_modules/@testing-library/react/dist/act-compat.js:47:25
    at /Users/sherwingorechomante/coldcaller/frontend/node_modules/@testing-library/react/dist/pure.js:307:28
    at Array.forEach (<anonymous>)
    at cleanup (/Users/sherwingorechomante/coldcaller/frontend/node_modules/@testing-library/react/dist/pure.js:303:22)
    at Object.<anonymous> (/Users/sherwingorechomante/coldcaller/frontend/node_modules/@testing-library/react/dist/index.js:28:25)
    at Promise.then.completed (/Users/sherwingorechomante/coldcaller/frontend/node_modules/jest-circus/build/utils.js:391:28)
    at new Promise (<anonymous>)
    at callAsyncCircusFn (/Users/sherwingorechomante/coldcaller/frontend/node_modules/jest-circus/build/utils.js:316:10)
    at _callCircusHook (/Users/sherwingorechomante/coldcaller/frontend/node_modules/jest-circus/build/run.js:181:40)
    at _runTest (/Users/sherwingorechomante/coldcaller/frontend/node_modules/jest-circus/build/run.js:158:5)
    at _runTestsForDescribeBlock (/Users/sherwingorechomante/coldcaller/frontend/node_modules/jest-circus/build/run.js:66:9)
    at _runTestsForDescribeBlock (/Users/sherwingorechomante/coldcaller/frontend/node_modules/jest-circus/build/run.js:60:9)
    at run (/Users/sherwingorechomante/coldcaller/frontend/node_modules/jest-circus/build/run.js:25:3)
    at runAndTransformResultsToJestFormat (/Users/sherwingorechomante/coldcaller/frontend/node_modules/jest-circus/build/legacy-code-todo-rewrite/jestAdapterInit.js:170:21)
    at jestAdapter (/Users/sherwingorechomante/coldcaller/frontend/node_modules/jest-circus/build/legacy-code-todo-rewrite/jestAdapter.js:82:19)
    at runTestInternal (/Users/sherwingorechomante/coldcaller/frontend/node_modules/jest-runner/build/runTest.js:389:16)
    at runTest (/Users/sherwingorechomante/coldcaller/frontend/node_modules/jest-runner/build/runTest.js:475:34)
    at Object.worker (/Users/sherwingorechomante/coldcaller/frontend/node_modules/jest-runner/build/testWorker.js:133:12)]]></failure>
    </testCase>
    <testCase name="DialPad Component formats phone number correctly" duration="24">
      <failure message="TestingLibraryElementError: Found multiple elements with the text: 5"><![CDATA[TestingLibraryElementError: Found multiple elements with the text: 5

Here are the matching elements:

Ignored nodes: comments, script, style
<button
  class="p-4 text-xl bg-green-500 text-white border-2 border-green-400 rounded-lg hover:bg-green-600 hover:border-green-500 hover:shadow-lg active:scale-95 transition-all duration-200 disabled:opacity-50 disabled:cursor-not-allowed font-semibold"
>
  5
</button>

Ignored nodes: comments, script, style
<div
  class="text-lg font-mono text-blue-600"
>
  5
</div>

(If this is intentional, then use the `*AllBy*` variant of the query (like `queryAllByText`, `getAllByText`, or `findAllByText`)).

Ignored nodes: comments, script, style
<body>
  <div />
  <div>
    <div
      class="space-y-4"
    >
      <div
        class="card max-w-sm mx-2"
      >
        <div
          class="text-center mb-4"
        >
          <h2
            class="text-xl font-semibold text-gray-700"
          >
            Enhanced VOIP Dialer
          </h2>
          <div
            class="inline-flex items-center mt-2 px-2 py-1 rounded-full text-xs bg-green-100 text-green-700"
          >
            <span
              class="mr-1"
            >
              🟢
            </span>
            SIP Ready
          </div>
        </div>
        <div
          class="flex mb-4 gap-1"
        >
          <input
            class="input-field flex-1 text-center text-lg"
            placeholder="Enter phone number"
            type="text"
            value="5"
          />
          <button
            class="px-4 py-3 text-xl bg-red-500 hover:bg-red-600 text-white rounded-lg transition-colors duration-200"
          >
            ⌫
          </button>
        </div>
        <div
          class="grid grid-cols-3 gap-1 mb-4"
        >
          <button
            class="p-4 text-xl bg-green-500 text-white border-2 border-green-400 rounded-lg hover:bg-green-600 hover:border-green-500 hover:shadow-lg active:scale-95 transition-all duration-200 disabled:opacity-50 disabled:cursor-not-allowed font-semibold"
          >
            1
          </button>
          <button
            class="p-4 text-xl bg-green-500 text-white border-2 border-green-400 rounded-lg hover:bg-green-600 hover:border-green-500 hover:shadow-lg active:scale-95 transition-all duration-200 disabled:opacity-50 disabled:cursor-not-allowed font-semibold"
          >
            2
          </button>
          <button
            class="p-4 text-xl bg-green-500 text-white border-2 border-green-400 rounded-lg hover:bg-green-600 hover:border-green-500 hover:shadow-lg active:scale-95 transition-all duration-200 disabled:opacity-50 disabled:cursor-not-allowed font-semibold"
          >
            3
          </button>
          <button
            class="p-4 text-xl bg-green-500 text-white border-2 border-green-400 rounded-lg hover:bg-green-600 hover:border-green-500 hover:shadow-lg active:scale-95 transition-all duration-200 disabled:opacity-50 disabled:cursor-not-allowed font-semibold"
          >
            4
          </button>
          <button
            class="p-4 text-xl bg-green-500 text-white border-2 border-green-400 rounded-lg hover:bg-green-600 hover:border-green-500 hover:shadow-lg active:scale-95 transition-all duration-200 disabled:opacity-50 disabled:cursor-not-allowed font-semibold"
          >
            5
          </button>
          <button
            class="p-4 text-xl bg-green-500 text-white border-2 border-green-400 rounded-lg hover:bg-green-600 hover:border-green-500 hover:shadow-lg active:scale-95 transition-all duration-200 disabled:opacity-50 disabled:cursor-not-allowed font-semibold"
          >
            6
          </button>
          <button
            class="p-4 text-xl bg-green-500 text-white border-2 border-green-400 rounded-lg hover:bg-green-600 hover:border-green-500 hover:shadow-lg active:scale-95 transition-all duration-200 disabled:opacity-50 disabled:cursor-not-allowed font-semibold"
          >
            7
          </button>
          <button
            class="p-4 text-xl bg-green-500 text-white border-2 border-green-400 rounded-lg hover:bg-green-600 hover:border-green-500 hover:shadow-lg active:scale-95 transition-all duration-200 disabled:opacity-50 disabled:cursor-not-allowed font-semibold"
          >
            8
          </button>
          <button
            class="p-4 text-xl bg-green-500 text-white border-2 border-green-400 rounded-lg hover:bg-green-600 hover:border-green-500 hover:shadow-lg active:scale-95 transition-all duration-200 disabled:opacity-50 disabled:cursor-not-allowed font-semibold"
          >
            9
          </button>
          <button
            class="p-4 text-xl bg-green-500 text-white border-2 border-green-400 rounded-lg hover:bg-green-600 hover:border-green-500 hover:shadow-lg active:scale-95 transition-all duration-200 disabled:opacity-50 disabled:cursor-not-allowed font-semibold"
          >
            *
          </button>
          <button
            class="p-4 text-xl bg-green-500 text-white border-2 border-green-400 rounded-lg hover:bg-green-600 hover:border-green-500 hover:shadow-lg active:scale-95 transition-all duration-200 disabled:opacity-50 disabled:cursor-not-allowed font-semibold"
          >
            0
          </button>
          <button
            class="p-4 text-xl bg-green-500 text-white border-2 border-green-400 rounded-lg hover:bg-green-600 hover:border-green-500 hover:shadow-lg active:scale-95 transition-all duration-200 disabled:opacity-50 disabled:cursor-not-allowed font-semibold"
          >
            #
          </button>
        </div>
        <div
          class="space-y-3"
        >
          <button
            class="w-full text-lg py-4 bg-green-500 hover:bg-green-600 text-white rounded-lg transition-all duration-200 hover:shadow-lg active:scale-95 font-semibold disabled:bg-gray-300 disabled:cursor-not-allowed disabled:hover:shadow-none disabled:active:scale-100"
          >
            📞 Call 
            5
          </button>
        </div>
      </div>
      <div
        class="card"
      >
        <div
          class="text-center mb-4"
        >
          <h3
            class="text-lg font-semibold text-gray-700"
          >
            Call Status
          </h3>
        </div>
        <div
          class="text-center p-4 rounded-lg mb-4 bg-gray-50"
        >
          <div
            class="inline-flex items-center "
          >
            <span
              class="text-2xl mr-2"
            >
              📞
            </span>
            <span
              class="text-lg font-semibold text-gray-500"
            >
              Ready
            </span>
          </div>
        </div>
        <div
          class="bg-gray-50 rounded-lg p-3 mb-4"
        >
          <div
            class="text-center"
          >
            <div
              class="text-lg font-mono text-blue-600"
            >
              5
            </div>
          </div>
        </div>
        <div
          class="space-y-3"
        >
          <div
            class="flex items-center justify-between"
          >
            <span
              class="text-sm font-medium text-gray-600"
            >
              Signal Quality:
            </span>
            <div
              class="flex items-center"
            >
              <div
                class="flex gap-0.5 mr-2"
              >
                <div
                  class="w-2 h-4 rounded-sm bg-green-500"
                />
                <div
                  class="w-2 h-4 rounded-sm bg-green-500"
                />
                <div
                  class="w-2 h-4 rounded-sm bg-green-500"
                />
                <div
                  class="w-2 h-4 rounded-sm bg-green-500"
                />
              </div>
              <span
                class="text-sm font-medium text-green-500"
              >
                Excellent
              </span>
            </div>
          </div>
          <div
            class="flex items-center justify-between"
          >
            <span
              class="text-sm font-medium text-gray-600"
            >
              Latency:
            </span>
            <span
              class="text-sm font-medium text-green-500"
            >
              35
              s
            </span>
          </div>
          <div
            class="flex items-center justify-between pt-2 border-t border-gray-200"
          >
            <span
              class="text-sm font-medium text-gray-600"
            >
              SIP Status:
            </span>
            <div
              class="flex items-center"
            >
              <span
                class="mr-1"
              >
                ✅
              </span>
              <span
                class="text-sm font-medium text-green-500"
              >
                Registered
              </span>
            </div>
          </div>
        </div>
      </div>
    </div>
  </div>
</body>
    at Object.getElementError (/Users/sherwingorechomante/coldcaller/frontend/node_modules/@testing-library/dom/dist/config.js:37:19)
    at getElementError (/Users/sherwingorechomante/coldcaller/frontend/node_modules/@testing-library/dom/dist/query-helpers.js:20:35)
    at getMultipleElementsFoundError (/Users/sherwingorechomante/coldcaller/frontend/node_modules/@testing-library/dom/dist/query-helpers.js:23:10)
    at /Users/sherwingorechomante/coldcaller/frontend/node_modules/@testing-library/dom/dist/query-helpers.js:55:13
    at getByText (/Users/sherwingorechomante/coldcaller/frontend/node_modules/@testing-library/dom/dist/query-helpers.js:95:19)
    at Object.<anonymous> (/Users/sherwingorechomante/coldcaller/frontend/src/components/__tests__/DialPad.test.js:48:31)]]></failure>
      <failure message="TypeError: audioContextRef.current.close is not a function"><![CDATA[TypeError: audioContextRef.current.close is not a function
    at /Users/sherwingorechomante/coldcaller/frontend/src/components/DTMFKeypad.js:43:33
    at Object.react_stack_bottom_frame (/Users/sherwingorechomante/coldcaller/frontend/node_modules/react-dom/cjs/react-dom-client.development.js:23965:13)
    at runWithFiberInDEV (/Users/sherwingorechomante/coldcaller/frontend/node_modules/react-dom/cjs/react-dom-client.development.js:1522:13)
    at commitHookEffectListUnmount (/Users/sherwingorechomante/coldcaller/frontend/node_modules/react-dom/cjs/react-dom-client.development.js:11996:17)
    at commitHookPassiveUnmountEffects (/Users/sherwingorechomante/coldcaller/frontend/node_modules/react-dom/cjs/react-dom-client.development.js:12043:11)
    at commitPassiveUnmountEffectsInsideOfDeletedTree_begin (/Users/sherwingorechomante/coldcaller/frontend/node_modules/react-dom/cjs/react-dom-client.development.js:14269:13)
    at recursivelyTraversePassiveUnmountEffects (/Users/sherwingorechomante/coldcaller/frontend/node_modules/react-dom/cjs/react-dom-client.development.js:14167:13)
    at commitPassiveUnmountOnFiber (/Users/sherwingorechomante/coldcaller/frontend/node_modules/react-dom/cjs/react-dom-client.development.js:14194:11)
    at flushPassiveEffects (/Users/sherwingorechomante/coldcaller/frontend/node_modules/react-dom/cjs/react-dom-client.development.js:15736:9)
    at flushPendingEffects (/Users/sherwingorechomante/coldcaller/frontend/node_modules/react-dom/cjs/react-dom-client.development.js:15702:14)
    at flushSpawnedWork (/Users/sherwingorechomante/coldcaller/frontend/node_modules/react-dom/cjs/react-dom-client.development.js:15668:44)
    at commitRoot (/Users/sherwingorechomante/coldcaller/frontend/node_modules/react-dom/cjs/react-dom-client.development.js:15403:9)
    at performWorkOnRoot (/Users/sherwingorechomante/coldcaller/frontend/node_modules/react-dom/cjs/react-dom-client.development.js:14526:15)
    at performSyncWorkOnRoot (/Users/sherwingorechomante/coldcaller/frontend/node_modules/react-dom/cjs/react-dom-client.development.js:16231:7)
    at flushSyncWorkAcrossRoots_impl (/Users/sherwingorechomante/coldcaller/frontend/node_modules/react-dom/cjs/react-dom-client.development.js:16079:21)
    at flushSyncWork$1 (/Users/sherwingorechomante/coldcaller/frontend/node_modules/react-dom/cjs/react-dom-client.development.js:14721:12)
    at ReactDOMRoot.Object.<anonymous>.process.env.NODE_ENV.ReactDOMHydrationRoot.unmount.ReactDOMRoot.unmount [as unmount] (/Users/sherwingorechomante/coldcaller/frontend/node_modules/react-dom/cjs/react-dom-client.development.js:24777:11)
    at Object.unmount (/Users/sherwingorechomante/coldcaller/frontend/node_modules/@testing-library/react/dist/pure.js:164:12)
    at /Users/sherwingorechomante/coldcaller/frontend/node_modules/@testing-library/react/dist/pure.js:308:12
    at /Users/sherwingorechomante/coldcaller/frontend/node_modules/@testing-library/react/dist/act-compat.js:48:24
    at Object.<anonymous>.process.env.NODE_ENV.exports.act (/Users/sherwingorechomante/coldcaller/frontend/node_modules/react/cjs/react.development.js:790:22)
    at /Users/sherwingorechomante/coldcaller/frontend/node_modules/@testing-library/react/dist/act-compat.js:47:25
    at /Users/sherwingorechomante/coldcaller/frontend/node_modules/@testing-library/react/dist/pure.js:307:28
    at Array.forEach (<anonymous>)
    at cleanup (/Users/sherwingorechomante/coldcaller/frontend/node_modules/@testing-library/react/dist/pure.js:303:22)
    at Object.<anonymous> (/Users/sherwingorechomante/coldcaller/frontend/node_modules/@testing-library/react/dist/index.js:28:25)
    at Promise.then.completed (/Users/sherwingorechomante/coldcaller/frontend/node_modules/jest-circus/build/utils.js:391:28)
    at new Promise (<anonymous>)
    at callAsyncCircusFn (/Users/sherwingorechomante/coldcaller/frontend/node_modules/jest-circus/build/utils.js:316:10)
    at _callCircusHook (/Users/sherwingorechomante/coldcaller/frontend/node_modules/jest-circus/build/run.js:181:40)
    at _runTest (/Users/sherwingorechomante/coldcaller/frontend/node_modules/jest-circus/build/run.js:158:5)
    at _runTestsForDescribeBlock (/Users/sherwingorechomante/coldcaller/frontend/node_modules/jest-circus/build/run.js:66:9)
    at _runTestsForDescribeBlock (/Users/sherwingorechomante/coldcaller/frontend/node_modules/jest-circus/build/run.js:60:9)
    at run (/Users/sherwingorechomante/coldcaller/frontend/node_modules/jest-circus/build/run.js:25:3)
    at runAndTransformResultsToJestFormat (/Users/sherwingorechomante/coldcaller/frontend/node_modules/jest-circus/build/legacy-code-todo-rewrite/jestAdapterInit.js:170:21)
    at jestAdapter (/Users/sherwingorechomante/coldcaller/frontend/node_modules/jest-circus/build/legacy-code-todo-rewrite/jestAdapter.js:82:19)
    at runTestInternal (/Users/sherwingorechomante/coldcaller/frontend/node_modules/jest-runner/build/runTest.js:389:16)
    at runTest (/Users/sherwingorechomante/coldcaller/frontend/node_modules/jest-runner/build/runTest.js:475:34)
    at Object.worker (/Users/sherwingorechomante/coldcaller/frontend/node_modules/jest-runner/build/testWorker.js:133:12)]]></failure>
    </testCase>
    <testCase name="DialPad Component delete button removes last digit" duration="143">
      <failure message="TypeError: audioContextRef.current.close is not a function"><![CDATA[TypeError: audioContextRef.current.close is not a function
    at /Users/sherwingorechomante/coldcaller/frontend/src/components/DTMFKeypad.js:43:33
    at Object.react_stack_bottom_frame (/Users/sherwingorechomante/coldcaller/frontend/node_modules/react-dom/cjs/react-dom-client.development.js:23965:13)
    at runWithFiberInDEV (/Users/sherwingorechomante/coldcaller/frontend/node_modules/react-dom/cjs/react-dom-client.development.js:1522:13)
    at commitHookEffectListUnmount (/Users/sherwingorechomante/coldcaller/frontend/node_modules/react-dom/cjs/react-dom-client.development.js:11996:17)
    at commitHookPassiveUnmountEffects (/Users/sherwingorechomante/coldcaller/frontend/node_modules/react-dom/cjs/react-dom-client.development.js:12043:11)
    at commitPassiveUnmountEffectsInsideOfDeletedTree_begin (/Users/sherwingorechomante/coldcaller/frontend/node_modules/react-dom/cjs/react-dom-client.development.js:14269:13)
    at recursivelyTraversePassiveUnmountEffects (/Users/sherwingorechomante/coldcaller/frontend/node_modules/react-dom/cjs/react-dom-client.development.js:14167:13)
    at commitPassiveUnmountOnFiber (/Users/sherwingorechomante/coldcaller/frontend/node_modules/react-dom/cjs/react-dom-client.development.js:14194:11)
    at flushPassiveEffects (/Users/sherwingorechomante/coldcaller/frontend/node_modules/react-dom/cjs/react-dom-client.development.js:15736:9)
    at flushPendingEffects (/Users/sherwingorechomante/coldcaller/frontend/node_modules/react-dom/cjs/react-dom-client.development.js:15702:14)
    at flushSpawnedWork (/Users/sherwingorechomante/coldcaller/frontend/node_modules/react-dom/cjs/react-dom-client.development.js:15668:44)
    at commitRoot (/Users/sherwingorechomante/coldcaller/frontend/node_modules/react-dom/cjs/react-dom-client.development.js:15403:9)
    at performWorkOnRoot (/Users/sherwingorechomante/coldcaller/frontend/node_modules/react-dom/cjs/react-dom-client.development.js:14526:15)
    at performSyncWorkOnRoot (/Users/sherwingorechomante/coldcaller/frontend/node_modules/react-dom/cjs/react-dom-client.development.js:16231:7)
    at flushSyncWorkAcrossRoots_impl (/Users/sherwingorechomante/coldcaller/frontend/node_modules/react-dom/cjs/react-dom-client.development.js:16079:21)
    at flushSyncWork$1 (/Users/sherwingorechomante/coldcaller/frontend/node_modules/react-dom/cjs/react-dom-client.development.js:14721:12)
    at ReactDOMRoot.Object.<anonymous>.process.env.NODE_ENV.ReactDOMHydrationRoot.unmount.ReactDOMRoot.unmount [as unmount] (/Users/sherwingorechomante/coldcaller/frontend/node_modules/react-dom/cjs/react-dom-client.development.js:24777:11)
    at Object.unmount (/Users/sherwingorechomante/coldcaller/frontend/node_modules/@testing-library/react/dist/pure.js:164:12)
    at /Users/sherwingorechomante/coldcaller/frontend/node_modules/@testing-library/react/dist/pure.js:308:12
    at /Users/sherwingorechomante/coldcaller/frontend/node_modules/@testing-library/react/dist/act-compat.js:48:24
    at Object.<anonymous>.process.env.NODE_ENV.exports.act (/Users/sherwingorechomante/coldcaller/frontend/node_modules/react/cjs/react.development.js:790:22)
    at /Users/sherwingorechomante/coldcaller/frontend/node_modules/@testing-library/react/dist/act-compat.js:47:25
    at /Users/sherwingorechomante/coldcaller/frontend/node_modules/@testing-library/react/dist/pure.js:307:28
    at Array.forEach (<anonymous>)
    at cleanup (/Users/sherwingorechomante/coldcaller/frontend/node_modules/@testing-library/react/dist/pure.js:303:22)
    at Object.<anonymous> (/Users/sherwingorechomante/coldcaller/frontend/node_modules/@testing-library/react/dist/index.js:28:25)
    at Promise.then.completed (/Users/sherwingorechomante/coldcaller/frontend/node_modules/jest-circus/build/utils.js:391:28)
    at new Promise (<anonymous>)
    at callAsyncCircusFn (/Users/sherwingorechomante/coldcaller/frontend/node_modules/jest-circus/build/utils.js:316:10)
    at _callCircusHook (/Users/sherwingorechomante/coldcaller/frontend/node_modules/jest-circus/build/run.js:181:40)
    at _runTest (/Users/sherwingorechomante/coldcaller/frontend/node_modules/jest-circus/build/run.js:158:5)
    at _runTestsForDescribeBlock (/Users/sherwingorechomante/coldcaller/frontend/node_modules/jest-circus/build/run.js:66:9)
    at _runTestsForDescribeBlock (/Users/sherwingorechomante/coldcaller/frontend/node_modules/jest-circus/build/run.js:60:9)
    at run (/Users/sherwingorechomante/coldcaller/frontend/node_modules/jest-circus/build/run.js:25:3)
    at runAndTransformResultsToJestFormat (/Users/sherwingorechomante/coldcaller/frontend/node_modules/jest-circus/build/legacy-code-todo-rewrite/jestAdapterInit.js:170:21)
    at jestAdapter (/Users/sherwingorechomante/coldcaller/frontend/node_modules/jest-circus/build/legacy-code-todo-rewrite/jestAdapter.js:82:19)
    at runTestInternal (/Users/sherwingorechomante/coldcaller/frontend/node_modules/jest-runner/build/runTest.js:389:16)
    at runTest (/Users/sherwingorechomante/coldcaller/frontend/node_modules/jest-runner/build/runTest.js:475:34)
    at Object.worker (/Users/sherwingorechomante/coldcaller/frontend/node_modules/jest-runner/build/testWorker.js:133:12)]]></failure>
    </testCase>
    <testCase name="DialPad Component call button is disabled when no number entered" duration="6">
      <failure message="TestingLibraryElementError: Found multiple elements with the text: /Call/i"><![CDATA[TestingLibraryElementError: Found multiple elements with the text: /Call/i

Here are the matching elements:

Ignored nodes: comments, script, style
<button
  class="w-full text-lg py-4 bg-green-500 hover:bg-green-600 text-white rounded-lg transition-all duration-200 hover:shadow-lg active:scale-95 font-semibold disabled:bg-gray-300 disabled:cursor-not-allowed disabled:hover:shadow-none disabled:active:scale-100"
  disabled=""
>
  📞 Call 
</button>

Ignored nodes: comments, script, style
<h3
  class="text-lg font-semibold text-gray-700"
>
  Call Status
</h3>

(If this is intentional, then use the `*AllBy*` variant of the query (like `queryAllByText`, `getAllByText`, or `findAllByText`)).

Ignored nodes: comments, script, style
<body>
  <div />
  <div>
    <div
      class="space-y-4"
    >
      <div
        class="card max-w-sm mx-2"
      >
        <div
          class="text-center mb-4"
        >
          <h2
            class="text-xl font-semibold text-gray-700"
          >
            Enhanced VOIP Dialer
          </h2>
          <div
            class="inline-flex items-center mt-2 px-2 py-1 rounded-full text-xs bg-green-100 text-green-700"
          >
            <span
              class="mr-1"
            >
              🟢
            </span>
            SIP Ready
          </div>
        </div>
        <div
          class="flex mb-4 gap-1"
        >
          <input
            class="input-field flex-1 text-center text-lg"
            placeholder="Enter phone number"
            type="text"
            value=""
          />
          <button
            class="px-4 py-3 text-xl bg-red-500 hover:bg-red-600 text-white rounded-lg transition-colors duration-200"
          >
            ⌫
          </button>
        </div>
        <div
          class="grid grid-cols-3 gap-1 mb-4"
        >
          <button
            class="p-4 text-xl bg-green-500 text-white border-2 border-green-400 rounded-lg hover:bg-green-600 hover:border-green-500 hover:shadow-lg active:scale-95 transition-all duration-200 disabled:opacity-50 disabled:cursor-not-allowed font-semibold"
          >
            1
          </button>
          <button
            class="p-4 text-xl bg-green-500 text-white border-2 border-green-400 rounded-lg hover:bg-green-600 hover:border-green-500 hover:shadow-lg active:scale-95 transition-all duration-200 disabled:opacity-50 disabled:cursor-not-allowed font-semibold"
          >
            2
          </button>
          <button
            class="p-4 text-xl bg-green-500 text-white border-2 border-green-400 rounded-lg hover:bg-green-600 hover:border-green-500 hover:shadow-lg active:scale-95 transition-all duration-200 disabled:opacity-50 disabled:cursor-not-allowed font-semibold"
          >
            3
          </button>
          <button
            class="p-4 text-xl bg-green-500 text-white border-2 border-green-400 rounded-lg hover:bg-green-600 hover:border-green-500 hover:shadow-lg active:scale-95 transition-all duration-200 disabled:opacity-50 disabled:cursor-not-allowed font-semibold"
          >
            4
          </button>
          <button
            class="p-4 text-xl bg-green-500 text-white border-2 border-green-400 rounded-lg hover:bg-green-600 hover:border-green-500 hover:shadow-lg active:scale-95 transition-all duration-200 disabled:opacity-50 disabled:cursor-not-allowed font-semibold"
          >
            5
          </button>
          <button
            class="p-4 text-xl bg-green-500 text-white border-2 border-green-400 rounded-lg hover:bg-green-600 hover:border-green-500 hover:shadow-lg active:scale-95 transition-all duration-200 disabled:opacity-50 disabled:cursor-not-allowed font-semibold"
          >
            6
          </button>
          <button
            class="p-4 text-xl bg-green-500 text-white border-2 border-green-400 rounded-lg hover:bg-green-600 hover:border-green-500 hover:shadow-lg active:scale-95 transition-all duration-200 disabled:opacity-50 disabled:cursor-not-allowed font-semibold"
          >
            7
          </button>
          <button
            class="p-4 text-xl bg-green-500 text-white border-2 border-green-400 rounded-lg hover:bg-green-600 hover:border-green-500 hover:shadow-lg active:scale-95 transition-all duration-200 disabled:opacity-50 disabled:cursor-not-allowed font-semibold"
          >
            8
          </button>
          <button
            class="p-4 text-xl bg-green-500 text-white border-2 border-green-400 rounded-lg hover:bg-green-600 hover:border-green-500 hover:shadow-lg active:scale-95 transition-all duration-200 disabled:opacity-50 disabled:cursor-not-allowed font-semibold"
          >
            9
          </button>
          <button
            class="p-4 text-xl bg-green-500 text-white border-2 border-green-400 rounded-lg hover:bg-green-600 hover:border-green-500 hover:shadow-lg active:scale-95 transition-all duration-200 disabled:opacity-50 disabled:cursor-not-allowed font-semibold"
          >
            *
          </button>
          <button
            class="p-4 text-xl bg-green-500 text-white border-2 border-green-400 rounded-lg hover:bg-green-600 hover:border-green-500 hover:shadow-lg active:scale-95 transition-all duration-200 disabled:opacity-50 disabled:cursor-not-allowed font-semibold"
          >
            0
          </button>
          <button
            class="p-4 text-xl bg-green-500 text-white border-2 border-green-400 rounded-lg hover:bg-green-600 hover:border-green-500 hover:shadow-lg active:scale-95 transition-all duration-200 disabled:opacity-50 disabled:cursor-not-allowed font-semibold"
          >
            #
          </button>
        </div>
        <div
          class="space-y-3"
        >
          <button
            class="w-full text-lg py-4 bg-green-500 hover:bg-green-600 text-white rounded-lg transition-all duration-200 hover:shadow-lg active:scale-95 font-semibold disabled:bg-gray-300 disabled:cursor-not-allowed disabled:hover:shadow-none disabled:active:scale-100"
            disabled=""
          >
            📞 Call 
          </button>
        </div>
      </div>
      <div
        class="card"
      >
        <div
          class="text-center mb-4"
        >
          <h3
            class="text-lg font-semibold text-gray-700"
          >
            Call Status
          </h3>
        </div>
        <div
          class="text-center p-4 rounded-lg mb-4 bg-gray-50"
        >
          <div
            class="inline-flex items-center "
          >
            <span
              class="text-2xl mr-2"
            >
              📞
            </span>
            <span
              class="text-lg font-semibold text-gray-500"
            >
              Ready
            </span>
          </div>
        </div>
        <div
          class="space-y-3"
        >
          <div
            class="flex items-center justify-between"
          >
            <span
              class="text-sm font-medium text-gray-600"
            >
              Signal Quality:
            </span>
            <div
              class="flex items-center"
            >
              <div
                class="flex gap-0.5 mr-2"
              >
                <div
                  class="w-2 h-4 rounded-sm bg-green-500"
                />
                <div
                  class="w-2 h-4 rounded-sm bg-green-500"
                />
                <div
                  class="w-2 h-4 rounded-sm bg-green-500"
                />
                <div
                  class="w-2 h-4 rounded-sm bg-green-500"
                />
              </div>
              <span
                class="text-sm font-medium text-green-500"
              >
                Excellent
              </span>
            </div>
          </div>
          <div
            class="flex items-center justify-between"
          >
            <span
              class="text-sm font-medium text-gray-600"
            >
              Latency:
            </span>
            <span
              class="text-sm font-medium text-green-500"
            >
              35
              s
            </span>
          </div>
          <div
            class="flex items-center justify-between pt-2 border-t border-gray-200"
          >
            <span
              class="text-sm font-medium text-gray-600"
            >
              SIP Status:
            </span>
            <div
              class="flex items-center"
            >
              <span
                class="mr-1"
              >
                ✅
              </span>
              <span
                class="text-sm font-medium text-green-500"
              >
                Registered
              </span>
            </div>
          </div>
        </div>
      </div>
    </div>
  </div>
</body>
    at Object.getElementError (/Users/sherwingorechomante/coldcaller/frontend/node_modules/@testing-library/dom/dist/config.js:37:19)
    at getElementError (/Users/sherwingorechomante/coldcaller/frontend/node_modules/@testing-library/dom/dist/query-helpers.js:20:35)
    at getMultipleElementsFoundError (/Users/sherwingorechomante/coldcaller/frontend/node_modules/@testing-library/dom/dist/query-helpers.js:23:10)
    at /Users/sherwingorechomante/coldcaller/frontend/node_modules/@testing-library/dom/dist/query-helpers.js:55:13
    at getByText (/Users/sherwingorechomante/coldcaller/frontend/node_modules/@testing-library/dom/dist/query-helpers.js:95:19)
    at Object.<anonymous> (/Users/sherwingorechomante/coldcaller/frontend/src/components/__tests__/DialPad.test.js:80:31)
    at Promise.then.completed (/Users/sherwingorechomante/coldcaller/frontend/node_modules/jest-circus/build/utils.js:391:28)
    at new Promise (<anonymous>)
    at callAsyncCircusFn (/Users/sherwingorechomante/coldcaller/frontend/node_modules/jest-circus/build/utils.js:316:10)
    at _callCircusTest (/Users/sherwingorechomante/coldcaller/frontend/node_modules/jest-circus/build/run.js:218:40)
    at _runTest (/Users/sherwingorechomante/coldcaller/frontend/node_modules/jest-circus/build/run.js:155:3)
    at _runTestsForDescribeBlock (/Users/sherwingorechomante/coldcaller/frontend/node_modules/jest-circus/build/run.js:66:9)
    at _runTestsForDescribeBlock (/Users/sherwingorechomante/coldcaller/frontend/node_modules/jest-circus/build/run.js:60:9)
    at run (/Users/sherwingorechomante/coldcaller/frontend/node_modules/jest-circus/build/run.js:25:3)
    at runAndTransformResultsToJestFormat (/Users/sherwingorechomante/coldcaller/frontend/node_modules/jest-circus/build/legacy-code-todo-rewrite/jestAdapterInit.js:170:21)
    at jestAdapter (/Users/sherwingorechomante/coldcaller/frontend/node_modules/jest-circus/build/legacy-code-todo-rewrite/jestAdapter.js:82:19)
    at runTestInternal (/Users/sherwingorechomante/coldcaller/frontend/node_modules/jest-runner/build/runTest.js:389:16)
    at runTest (/Users/sherwingorechomante/coldcaller/frontend/node_modules/jest-runner/build/runTest.js:475:34)
    at Object.worker (/Users/sherwingorechomante/coldcaller/frontend/node_modules/jest-runner/build/testWorker.js:133:12)]]></failure>
      <failure message="TypeError: audioContextRef.current.close is not a function"><![CDATA[TypeError: audioContextRef.current.close is not a function
    at /Users/sherwingorechomante/coldcaller/frontend/src/components/DTMFKeypad.js:43:33
    at Object.react_stack_bottom_frame (/Users/sherwingorechomante/coldcaller/frontend/node_modules/react-dom/cjs/react-dom-client.development.js:23965:13)
    at runWithFiberInDEV (/Users/sherwingorechomante/coldcaller/frontend/node_modules/react-dom/cjs/react-dom-client.development.js:1522:13)
    at commitHookEffectListUnmount (/Users/sherwingorechomante/coldcaller/frontend/node_modules/react-dom/cjs/react-dom-client.development.js:11996:17)
    at commitHookPassiveUnmountEffects (/Users/sherwingorechomante/coldcaller/frontend/node_modules/react-dom/cjs/react-dom-client.development.js:12043:11)
    at commitPassiveUnmountEffectsInsideOfDeletedTree_begin (/Users/sherwingorechomante/coldcaller/frontend/node_modules/react-dom/cjs/react-dom-client.development.js:14269:13)
    at recursivelyTraversePassiveUnmountEffects (/Users/sherwingorechomante/coldcaller/frontend/node_modules/react-dom/cjs/react-dom-client.development.js:14167:13)
    at commitPassiveUnmountOnFiber (/Users/sherwingorechomante/coldcaller/frontend/node_modules/react-dom/cjs/react-dom-client.development.js:14194:11)
    at flushPassiveEffects (/Users/sherwingorechomante/coldcaller/frontend/node_modules/react-dom/cjs/react-dom-client.development.js:15736:9)
    at flushPendingEffects (/Users/sherwingorechomante/coldcaller/frontend/node_modules/react-dom/cjs/react-dom-client.development.js:15702:14)
    at flushSpawnedWork (/Users/sherwingorechomante/coldcaller/frontend/node_modules/react-dom/cjs/react-dom-client.development.js:15668:44)
    at commitRoot (/Users/sherwingorechomante/coldcaller/frontend/node_modules/react-dom/cjs/react-dom-client.development.js:15403:9)
    at performWorkOnRoot (/Users/sherwingorechomante/coldcaller/frontend/node_modules/react-dom/cjs/react-dom-client.development.js:14526:15)
    at performSyncWorkOnRoot (/Users/sherwingorechomante/coldcaller/frontend/node_modules/react-dom/cjs/react-dom-client.development.js:16231:7)
    at flushSyncWorkAcrossRoots_impl (/Users/sherwingorechomante/coldcaller/frontend/node_modules/react-dom/cjs/react-dom-client.development.js:16079:21)
    at flushSyncWork$1 (/Users/sherwingorechomante/coldcaller/frontend/node_modules/react-dom/cjs/react-dom-client.development.js:14721:12)
    at ReactDOMRoot.Object.<anonymous>.process.env.NODE_ENV.ReactDOMHydrationRoot.unmount.ReactDOMRoot.unmount [as unmount] (/Users/sherwingorechomante/coldcaller/frontend/node_modules/react-dom/cjs/react-dom-client.development.js:24777:11)
    at Object.unmount (/Users/sherwingorechomante/coldcaller/frontend/node_modules/@testing-library/react/dist/pure.js:164:12)
    at /Users/sherwingorechomante/coldcaller/frontend/node_modules/@testing-library/react/dist/pure.js:308:12
    at /Users/sherwingorechomante/coldcaller/frontend/node_modules/@testing-library/react/dist/act-compat.js:48:24
    at Object.<anonymous>.process.env.NODE_ENV.exports.act (/Users/sherwingorechomante/coldcaller/frontend/node_modules/react/cjs/react.development.js:790:22)
    at /Users/sherwingorechomante/coldcaller/frontend/node_modules/@testing-library/react/dist/act-compat.js:47:25
    at /Users/sherwingorechomante/coldcaller/frontend/node_modules/@testing-library/react/dist/pure.js:307:28
    at Array.forEach (<anonymous>)
    at cleanup (/Users/sherwingorechomante/coldcaller/frontend/node_modules/@testing-library/react/dist/pure.js:303:22)
    at Object.<anonymous> (/Users/sherwingorechomante/coldcaller/frontend/node_modules/@testing-library/react/dist/index.js:28:25)
    at Promise.then.completed (/Users/sherwingorechomante/coldcaller/frontend/node_modules/jest-circus/build/utils.js:391:28)
    at new Promise (<anonymous>)
    at callAsyncCircusFn (/Users/sherwingorechomante/coldcaller/frontend/node_modules/jest-circus/build/utils.js:316:10)
    at _callCircusHook (/Users/sherwingorechomante/coldcaller/frontend/node_modules/jest-circus/build/run.js:181:40)
    at _runTest (/Users/sherwingorechomante/coldcaller/frontend/node_modules/jest-circus/build/run.js:158:5)
    at _runTestsForDescribeBlock (/Users/sherwingorechomante/coldcaller/frontend/node_modules/jest-circus/build/run.js:66:9)
    at _runTestsForDescribeBlock (/Users/sherwingorechomante/coldcaller/frontend/node_modules/jest-circus/build/run.js:60:9)
    at run (/Users/sherwingorechomante/coldcaller/frontend/node_modules/jest-circus/build/run.js:25:3)
    at runAndTransformResultsToJestFormat (/Users/sherwingorechomante/coldcaller/frontend/node_modules/jest-circus/build/legacy-code-todo-rewrite/jestAdapterInit.js:170:21)
    at jestAdapter (/Users/sherwingorechomante/coldcaller/frontend/node_modules/jest-circus/build/legacy-code-todo-rewrite/jestAdapter.js:82:19)
    at runTestInternal (/Users/sherwingorechomante/coldcaller/frontend/node_modules/jest-runner/build/runTest.js:389:16)
    at runTest (/Users/sherwingorechomante/coldcaller/frontend/node_modules/jest-runner/build/runTest.js:475:34)
    at Object.worker (/Users/sherwingorechomante/coldcaller/frontend/node_modules/jest-runner/build/testWorker.js:133:12)]]></failure>
    </testCase>
    <testCase name="DialPad Component call button enables when number is entered" duration="42">
      <failure message="TestingLibraryElementError: Found multiple elements with the text: /Call/i"><![CDATA[TestingLibraryElementError: Found multiple elements with the text: /Call/i

Here are the matching elements:

Ignored nodes: comments, script, style
<button
  class="w-full text-lg py-4 bg-green-500 hover:bg-green-600 text-white rounded-lg transition-all duration-200 hover:shadow-lg active:scale-95 font-semibold disabled:bg-gray-300 disabled:cursor-not-allowed disabled:hover:shadow-none disabled:active:scale-100"
>
  📞 Call 
  5
</button>

Ignored nodes: comments, script, style
<h3
  class="text-lg font-semibold text-gray-700"
>
  Call Status
</h3>

(If this is intentional, then use the `*AllBy*` variant of the query (like `queryAllByText`, `getAllByText`, or `findAllByText`)).

Ignored nodes: comments, script, style
<body>
  <div />
  <div>
    <div
      class="space-y-4"
    >
      <div
        class="card max-w-sm mx-2"
      >
        <div
          class="text-center mb-4"
        >
          <h2
            class="text-xl font-semibold text-gray-700"
          >
            Enhanced VOIP Dialer
          </h2>
          <div
            class="inline-flex items-center mt-2 px-2 py-1 rounded-full text-xs bg-green-100 text-green-700"
          >
            <span
              class="mr-1"
            >
              🟢
            </span>
            SIP Ready
          </div>
        </div>
        <div
          class="flex mb-4 gap-1"
        >
          <input
            class="input-field flex-1 text-center text-lg"
            placeholder="Enter phone number"
            type="text"
            value="5"
          />
          <button
            class="px-4 py-3 text-xl bg-red-500 hover:bg-red-600 text-white rounded-lg transition-colors duration-200"
          >
            ⌫
          </button>
        </div>
        <div
          class="grid grid-cols-3 gap-1 mb-4"
        >
          <button
            class="p-4 text-xl bg-green-500 text-white border-2 border-green-400 rounded-lg hover:bg-green-600 hover:border-green-500 hover:shadow-lg active:scale-95 transition-all duration-200 disabled:opacity-50 disabled:cursor-not-allowed font-semibold"
          >
            1
          </button>
          <button
            class="p-4 text-xl bg-green-500 text-white border-2 border-green-400 rounded-lg hover:bg-green-600 hover:border-green-500 hover:shadow-lg active:scale-95 transition-all duration-200 disabled:opacity-50 disabled:cursor-not-allowed font-semibold"
          >
            2
          </button>
          <button
            class="p-4 text-xl bg-green-500 text-white border-2 border-green-400 rounded-lg hover:bg-green-600 hover:border-green-500 hover:shadow-lg active:scale-95 transition-all duration-200 disabled:opacity-50 disabled:cursor-not-allowed font-semibold"
          >
            3
          </button>
          <button
            class="p-4 text-xl bg-green-500 text-white border-2 border-green-400 rounded-lg hover:bg-green-600 hover:border-green-500 hover:shadow-lg active:scale-95 transition-all duration-200 disabled:opacity-50 disabled:cursor-not-allowed font-semibold"
          >
            4
          </button>
          <button
            class="p-4 text-xl bg-green-500 text-white border-2 border-green-400 rounded-lg hover:bg-green-600 hover:border-green-500 hover:shadow-lg active:scale-95 transition-all duration-200 disabled:opacity-50 disabled:cursor-not-allowed font-semibold"
          >
            5
          </button>
          <button
            class="p-4 text-xl bg-green-500 text-white border-2 border-green-400 rounded-lg hover:bg-green-600 hover:border-green-500 hover:shadow-lg active:scale-95 transition-all duration-200 disabled:opacity-50 disabled:cursor-not-allowed font-semibold"
          >
            6
          </button>
          <button
            class="p-4 text-xl bg-green-500 text-white border-2 border-green-400 rounded-lg hover:bg-green-600 hover:border-green-500 hover:shadow-lg active:scale-95 transition-all duration-200 disabled:opacity-50 disabled:cursor-not-allowed font-semibold"
          >
            7
          </button>
          <button
            class="p-4 text-xl bg-green-500 text-white border-2 border-green-400 rounded-lg hover:bg-green-600 hover:border-green-500 hover:shadow-lg active:scale-95 transition-all duration-200 disabled:opacity-50 disabled:cursor-not-allowed font-semibold"
          >
            8
          </button>
          <button
            class="p-4 text-xl bg-green-500 text-white border-2 border-green-400 rounded-lg hover:bg-green-600 hover:border-green-500 hover:shadow-lg active:scale-95 transition-all duration-200 disabled:opacity-50 disabled:cursor-not-allowed font-semibold"
          >
            9
          </button>
          <button
            class="p-4 text-xl bg-green-500 text-white border-2 border-green-400 rounded-lg hover:bg-green-600 hover:border-green-500 hover:shadow-lg active:scale-95 transition-all duration-200 disabled:opacity-50 disabled:cursor-not-allowed font-semibold"
          >
            *
          </button>
          <button
            class="p-4 text-xl bg-green-500 text-white border-2 border-green-400 rounded-lg hover:bg-green-600 hover:border-green-500 hover:shadow-lg active:scale-95 transition-all duration-200 disabled:opacity-50 disabled:cursor-not-allowed font-semibold"
          >
            0
          </button>
          <button
            class="p-4 text-xl bg-green-500 text-white border-2 border-green-400 rounded-lg hover:bg-green-600 hover:border-green-500 hover:shadow-lg active:scale-95 transition-all duration-200 disabled:opacity-50 disabled:cursor-not-allowed font-semibold"
          >
            #
          </button>
        </div>
        <div
          class="space-y-3"
        >
          <button
            class="w-full text-lg py-4 bg-green-500 hover:bg-green-600 text-white rounded-lg transition-all duration-200 hover:shadow-lg active:scale-95 font-semibold disabled:bg-gray-300 disabled:cursor-not-allowed disabled:hover:shadow-none disabled:active:scale-100"
          >
            📞 Call 
            5
          </button>
        </div>
      </div>
      <div
        class="card"
      >
        <div
          class="text-center mb-4"
        >
          <h3
            class="text-lg font-semibold text-gray-700"
          >
            Call Status
          </h3>
        </div>
        <div
          class="text-center p-4 rounded-lg mb-4 bg-gray-50"
        >
          <div
            class="inline-flex items-center "
          >
            <span
              class="text-2xl mr-2"
            >
              📞
            </span>
            <span
              class="text-lg font-semibold text-gray-500"
            >
              Ready
            </span>
          </div>
        </div>
        <div
          class="bg-gray-50 rounded-lg p-3 mb-4"
        >
          <div
            class="text-center"
          >
            <div
              class="text-lg font-mono text-blue-600"
            >
              5
            </div>
          </div>
        </div>
        <div
          class="space-y-3"
        >
          <div
            class="flex items-center justify-between"
          >
            <span
              class="text-sm font-medium text-gray-600"
            >
              Signal Quality:
            </span>
            <div
              class="flex items-center"
            >
              <div
                class="flex gap-0.5 mr-2"
              >
                <div
                  class="w-2 h-4 rounded-sm bg-green-500"
                />
                <div
                  class="w-2 h-4 rounded-sm bg-green-500"
                />
                <div
                  class="w-2 h-4 rounded-sm bg-green-500"
                />
                <div
                  class="w-2 h-4 rounded-sm bg-green-500"
                />
              </div>
              <span
                class="text-sm font-medium text-green-500"
              >
                Excellent
              </span>
            </div>
          </div>
          <div
            class="flex items-center justify-between"
          >
            <span
              class="text-sm font-medium text-gray-600"
            >
              Latency:
            </span>
            <span
              class="text-sm font-medium text-green-500"
            >
              35
              s
            </span>
          </div>
          <div
            class="flex items-center justify-between pt-2 border-t border-gray-200"
          >
            <span
              class="text-sm font-medium text-gray-600"
            >
              SIP Status:
            </span>
            <div
              class="flex items-center"
            >
              <span
                class="mr-1"
              >
                ✅
              </span>
              <span
                class="text-sm font-medium text-green-500"
              >
                Registered
              </span>
            </div>
          </div>
        </div>
      </div>
    </div>
  </div>
</body>
    at Object.getElementError (/Users/sherwingorechomante/coldcaller/frontend/node_modules/@testing-library/dom/dist/config.js:37:19)
    at getElementError (/Users/sherwingorechomante/coldcaller/frontend/node_modules/@testing-library/dom/dist/query-helpers.js:20:35)
    at getMultipleElementsFoundError (/Users/sherwingorechomante/coldcaller/frontend/node_modules/@testing-library/dom/dist/query-helpers.js:23:10)
    at /Users/sherwingorechomante/coldcaller/frontend/node_modules/@testing-library/dom/dist/query-helpers.js:55:13
    at getByText (/Users/sherwingorechomante/coldcaller/frontend/node_modules/@testing-library/dom/dist/query-helpers.js:95:19)
    at Object.<anonymous> (/Users/sherwingorechomante/coldcaller/frontend/src/components/__tests__/DialPad.test.js:91:31)]]></failure>
      <failure message="TypeError: audioContextRef.current.close is not a function"><![CDATA[TypeError: audioContextRef.current.close is not a function
    at /Users/sherwingorechomante/coldcaller/frontend/src/components/DTMFKeypad.js:43:33
    at Object.react_stack_bottom_frame (/Users/sherwingorechomante/coldcaller/frontend/node_modules/react-dom/cjs/react-dom-client.development.js:23965:13)
    at runWithFiberInDEV (/Users/sherwingorechomante/coldcaller/frontend/node_modules/react-dom/cjs/react-dom-client.development.js:1522:13)
    at commitHookEffectListUnmount (/Users/sherwingorechomante/coldcaller/frontend/node_modules/react-dom/cjs/react-dom-client.development.js:11996:17)
    at commitHookPassiveUnmountEffects (/Users/sherwingorechomante/coldcaller/frontend/node_modules/react-dom/cjs/react-dom-client.development.js:12043:11)
    at commitPassiveUnmountEffectsInsideOfDeletedTree_begin (/Users/sherwingorechomante/coldcaller/frontend/node_modules/react-dom/cjs/react-dom-client.development.js:14269:13)
    at recursivelyTraversePassiveUnmountEffects (/Users/sherwingorechomante/coldcaller/frontend/node_modules/react-dom/cjs/react-dom-client.development.js:14167:13)
    at commitPassiveUnmountOnFiber (/Users/sherwingorechomante/coldcaller/frontend/node_modules/react-dom/cjs/react-dom-client.development.js:14194:11)
    at flushPassiveEffects (/Users/sherwingorechomante/coldcaller/frontend/node_modules/react-dom/cjs/react-dom-client.development.js:15736:9)
    at flushPendingEffects (/Users/sherwingorechomante/coldcaller/frontend/node_modules/react-dom/cjs/react-dom-client.development.js:15702:14)
    at flushSpawnedWork (/Users/sherwingorechomante/coldcaller/frontend/node_modules/react-dom/cjs/react-dom-client.development.js:15668:44)
    at commitRoot (/Users/sherwingorechomante/coldcaller/frontend/node_modules/react-dom/cjs/react-dom-client.development.js:15403:9)
    at performWorkOnRoot (/Users/sherwingorechomante/coldcaller/frontend/node_modules/react-dom/cjs/react-dom-client.development.js:14526:15)
    at performSyncWorkOnRoot (/Users/sherwingorechomante/coldcaller/frontend/node_modules/react-dom/cjs/react-dom-client.development.js:16231:7)
    at flushSyncWorkAcrossRoots_impl (/Users/sherwingorechomante/coldcaller/frontend/node_modules/react-dom/cjs/react-dom-client.development.js:16079:21)
    at flushSyncWork$1 (/Users/sherwingorechomante/coldcaller/frontend/node_modules/react-dom/cjs/react-dom-client.development.js:14721:12)
    at ReactDOMRoot.Object.<anonymous>.process.env.NODE_ENV.ReactDOMHydrationRoot.unmount.ReactDOMRoot.unmount [as unmount] (/Users/sherwingorechomante/coldcaller/frontend/node_modules/react-dom/cjs/react-dom-client.development.js:24777:11)
    at Object.unmount (/Users/sherwingorechomante/coldcaller/frontend/node_modules/@testing-library/react/dist/pure.js:164:12)
    at /Users/sherwingorechomante/coldcaller/frontend/node_modules/@testing-library/react/dist/pure.js:308:12
    at /Users/sherwingorechomante/coldcaller/frontend/node_modules/@testing-library/react/dist/act-compat.js:48:24
    at Object.<anonymous>.process.env.NODE_ENV.exports.act (/Users/sherwingorechomante/coldcaller/frontend/node_modules/react/cjs/react.development.js:790:22)
    at /Users/sherwingorechomante/coldcaller/frontend/node_modules/@testing-library/react/dist/act-compat.js:47:25
    at /Users/sherwingorechomante/coldcaller/frontend/node_modules/@testing-library/react/dist/pure.js:307:28
    at Array.forEach (<anonymous>)
    at cleanup (/Users/sherwingorechomante/coldcaller/frontend/node_modules/@testing-library/react/dist/pure.js:303:22)
    at Object.<anonymous> (/Users/sherwingorechomante/coldcaller/frontend/node_modules/@testing-library/react/dist/index.js:28:25)
    at Promise.then.completed (/Users/sherwingorechomante/coldcaller/frontend/node_modules/jest-circus/build/utils.js:391:28)
    at new Promise (<anonymous>)
    at callAsyncCircusFn (/Users/sherwingorechomante/coldcaller/frontend/node_modules/jest-circus/build/utils.js:316:10)
    at _callCircusHook (/Users/sherwingorechomante/coldcaller/frontend/node_modules/jest-circus/build/run.js:181:40)
    at _runTest (/Users/sherwingorechomante/coldcaller/frontend/node_modules/jest-circus/build/run.js:158:5)
    at _runTestsForDescribeBlock (/Users/sherwingorechomante/coldcaller/frontend/node_modules/jest-circus/build/run.js:66:9)
    at _runTestsForDescribeBlock (/Users/sherwingorechomante/coldcaller/frontend/node_modules/jest-circus/build/run.js:60:9)
    at run (/Users/sherwingorechomante/coldcaller/frontend/node_modules/jest-circus/build/run.js:25:3)
    at runAndTransformResultsToJestFormat (/Users/sherwingorechomante/coldcaller/frontend/node_modules/jest-circus/build/legacy-code-todo-rewrite/jestAdapterInit.js:170:21)
    at jestAdapter (/Users/sherwingorechomante/coldcaller/frontend/node_modules/jest-circus/build/legacy-code-todo-rewrite/jestAdapter.js:82:19)
    at runTestInternal (/Users/sherwingorechomante/coldcaller/frontend/node_modules/jest-runner/build/runTest.js:389:16)
    at runTest (/Users/sherwingorechomante/coldcaller/frontend/node_modules/jest-runner/build/runTest.js:475:34)
    at Object.worker (/Users/sherwingorechomante/coldcaller/frontend/node_modules/jest-runner/build/testWorker.js:133:12)]]></failure>
    </testCase>
    <testCase name="DialPad Component clicking call button starts a call" duration="24">
      <failure message="TestingLibraryElementError: Found multiple elements with the text: 5"><![CDATA[TestingLibraryElementError: Found multiple elements with the text: 5

Here are the matching elements:

Ignored nodes: comments, script, style
<button
  class="p-4 text-xl bg-green-500 text-white border-2 border-green-400 rounded-lg hover:bg-green-600 hover:border-green-500 hover:shadow-lg active:scale-95 transition-all duration-200 disabled:opacity-50 disabled:cursor-not-allowed font-semibold"
>
  5
</button>

Ignored nodes: comments, script, style
<div
  class="text-lg font-mono text-blue-600"
>
  5
</div>

(If this is intentional, then use the `*AllBy*` variant of the query (like `queryAllByText`, `getAllByText`, or `findAllByText`)).

Ignored nodes: comments, script, style
<body>
  <div />
  <div>
    <div
      class="space-y-4"
    >
      <div
        class="card max-w-sm mx-2"
      >
        <div
          class="text-center mb-4"
        >
          <h2
            class="text-xl font-semibold text-gray-700"
          >
            Enhanced VOIP Dialer
          </h2>
          <div
            class="inline-flex items-center mt-2 px-2 py-1 rounded-full text-xs bg-green-100 text-green-700"
          >
            <span
              class="mr-1"
            >
              🟢
            </span>
            SIP Ready
          </div>
        </div>
        <div
          class="flex mb-4 gap-1"
        >
          <input
            class="input-field flex-1 text-center text-lg"
            placeholder="Enter phone number"
            type="text"
            value="5"
          />
          <button
            class="px-4 py-3 text-xl bg-red-500 hover:bg-red-600 text-white rounded-lg transition-colors duration-200"
          >
            ⌫
          </button>
        </div>
        <div
          class="grid grid-cols-3 gap-1 mb-4"
        >
          <button
            class="p-4 text-xl bg-green-500 text-white border-2 border-green-400 rounded-lg hover:bg-green-600 hover:border-green-500 hover:shadow-lg active:scale-95 transition-all duration-200 disabled:opacity-50 disabled:cursor-not-allowed font-semibold"
          >
            1
          </button>
          <button
            class="p-4 text-xl bg-green-500 text-white border-2 border-green-400 rounded-lg hover:bg-green-600 hover:border-green-500 hover:shadow-lg active:scale-95 transition-all duration-200 disabled:opacity-50 disabled:cursor-not-allowed font-semibold"
          >
            2
          </button>
          <button
            class="p-4 text-xl bg-green-500 text-white border-2 border-green-400 rounded-lg hover:bg-green-600 hover:border-green-500 hover:shadow-lg active:scale-95 transition-all duration-200 disabled:opacity-50 disabled:cursor-not-allowed font-semibold"
          >
            3
          </button>
          <button
            class="p-4 text-xl bg-green-500 text-white border-2 border-green-400 rounded-lg hover:bg-green-600 hover:border-green-500 hover:shadow-lg active:scale-95 transition-all duration-200 disabled:opacity-50 disabled:cursor-not-allowed font-semibold"
          >
            4
          </button>
          <button
            class="p-4 text-xl bg-green-500 text-white border-2 border-green-400 rounded-lg hover:bg-green-600 hover:border-green-500 hover:shadow-lg active:scale-95 transition-all duration-200 disabled:opacity-50 disabled:cursor-not-allowed font-semibold"
          >
            5
          </button>
          <button
            class="p-4 text-xl bg-green-500 text-white border-2 border-green-400 rounded-lg hover:bg-green-600 hover:border-green-500 hover:shadow-lg active:scale-95 transition-all duration-200 disabled:opacity-50 disabled:cursor-not-allowed font-semibold"
          >
            6
          </button>
          <button
            class="p-4 text-xl bg-green-500 text-white border-2 border-green-400 rounded-lg hover:bg-green-600 hover:border-green-500 hover:shadow-lg active:scale-95 transition-all duration-200 disabled:opacity-50 disabled:cursor-not-allowed font-semibold"
          >
            7
          </button>
          <button
            class="p-4 text-xl bg-green-500 text-white border-2 border-green-400 rounded-lg hover:bg-green-600 hover:border-green-500 hover:shadow-lg active:scale-95 transition-all duration-200 disabled:opacity-50 disabled:cursor-not-allowed font-semibold"
          >
            8
          </button>
          <button
            class="p-4 text-xl bg-green-500 text-white border-2 border-green-400 rounded-lg hover:bg-green-600 hover:border-green-500 hover:shadow-lg active:scale-95 transition-all duration-200 disabled:opacity-50 disabled:cursor-not-allowed font-semibold"
          >
            9
          </button>
          <button
            class="p-4 text-xl bg-green-500 text-white border-2 border-green-400 rounded-lg hover:bg-green-600 hover:border-green-500 hover:shadow-lg active:scale-95 transition-all duration-200 disabled:opacity-50 disabled:cursor-not-allowed font-semibold"
          >
            *
          </button>
          <button
            class="p-4 text-xl bg-green-500 text-white border-2 border-green-400 rounded-lg hover:bg-green-600 hover:border-green-500 hover:shadow-lg active:scale-95 transition-all duration-200 disabled:opacity-50 disabled:cursor-not-allowed font-semibold"
          >
            0
          </button>
          <button
            class="p-4 text-xl bg-green-500 text-white border-2 border-green-400 rounded-lg hover:bg-green-600 hover:border-green-500 hover:shadow-lg active:scale-95 transition-all duration-200 disabled:opacity-50 disabled:cursor-not-allowed font-semibold"
          >
            #
          </button>
        </div>
        <div
          class="space-y-3"
        >
          <button
            class="w-full text-lg py-4 bg-green-500 hover:bg-green-600 text-white rounded-lg transition-all duration-200 hover:shadow-lg active:scale-95 font-semibold disabled:bg-gray-300 disabled:cursor-not-allowed disabled:hover:shadow-none disabled:active:scale-100"
          >
            📞 Call 
            5
          </button>
        </div>
      </div>
      <div
        class="card"
      >
        <div
          class="text-center mb-4"
        >
          <h3
            class="text-lg font-semibold text-gray-700"
          >
            Call Status
          </h3>
        </div>
        <div
          class="text-center p-4 rounded-lg mb-4 bg-gray-50"
        >
          <div
            class="inline-flex items-center "
          >
            <span
              class="text-2xl mr-2"
            >
              📞
            </span>
            <span
              class="text-lg font-semibold text-gray-500"
            >
              Ready
            </span>
          </div>
        </div>
        <div
          class="bg-gray-50 rounded-lg p-3 mb-4"
        >
          <div
            class="text-center"
          >
            <div
              class="text-lg font-mono text-blue-600"
            >
              5
            </div>
          </div>
        </div>
        <div
          class="space-y-3"
        >
          <div
            class="flex items-center justify-between"
          >
            <span
              class="text-sm font-medium text-gray-600"
            >
              Signal Quality:
            </span>
            <div
              class="flex items-center"
            >
              <div
                class="flex gap-0.5 mr-2"
              >
                <div
                  class="w-2 h-4 rounded-sm bg-green-500"
                />
                <div
                  class="w-2 h-4 rounded-sm bg-green-500"
                />
                <div
                  class="w-2 h-4 rounded-sm bg-green-500"
                />
                <div
                  class="w-2 h-4 rounded-sm bg-green-500"
                />
              </div>
              <span
                class="text-sm font-medium text-green-500"
              >
                Excellent
              </span>
            </div>
          </div>
          <div
            class="flex items-center justify-between"
          >
            <span
              class="text-sm font-medium text-gray-600"
            >
              Latency:
            </span>
            <span
              class="text-sm font-medium text-green-500"
            >
              35
              s
            </span>
          </div>
          <div
            class="flex items-center justify-between pt-2 border-t border-gray-200"
          >
            <span
              class="text-sm font-medium text-gray-600"
            >
              SIP Status:
            </span>
            <div
              class="flex items-center"
            >
              <span
                class="mr-1"
              >
                ✅
              </span>
              <span
                class="text-sm font-medium text-green-500"
              >
                Registered
              </span>
            </div>
          </div>
        </div>
      </div>
    </div>
  </div>
</body>
    at Object.getElementError (/Users/sherwingorechomante/coldcaller/frontend/node_modules/@testing-library/dom/dist/config.js:37:19)
    at getElementError (/Users/sherwingorechomante/coldcaller/frontend/node_modules/@testing-library/dom/dist/query-helpers.js:20:35)
    at getMultipleElementsFoundError (/Users/sherwingorechomante/coldcaller/frontend/node_modules/@testing-library/dom/dist/query-helpers.js:23:10)
    at /Users/sherwingorechomante/coldcaller/frontend/node_modules/@testing-library/dom/dist/query-helpers.js:55:13
    at getByText (/Users/sherwingorechomante/coldcaller/frontend/node_modules/@testing-library/dom/dist/query-helpers.js:95:19)
    at Object.<anonymous> (/Users/sherwingorechomante/coldcaller/frontend/src/components/__tests__/DialPad.test.js:102:29)]]></failure>
      <failure message="TypeError: audioContextRef.current.close is not a function"><![CDATA[TypeError: audioContextRef.current.close is not a function
    at /Users/sherwingorechomante/coldcaller/frontend/src/components/DTMFKeypad.js:43:33
    at Object.react_stack_bottom_frame (/Users/sherwingorechomante/coldcaller/frontend/node_modules/react-dom/cjs/react-dom-client.development.js:23965:13)
    at runWithFiberInDEV (/Users/sherwingorechomante/coldcaller/frontend/node_modules/react-dom/cjs/react-dom-client.development.js:1522:13)
    at commitHookEffectListUnmount (/Users/sherwingorechomante/coldcaller/frontend/node_modules/react-dom/cjs/react-dom-client.development.js:11996:17)
    at commitHookPassiveUnmountEffects (/Users/sherwingorechomante/coldcaller/frontend/node_modules/react-dom/cjs/react-dom-client.development.js:12043:11)
    at commitPassiveUnmountEffectsInsideOfDeletedTree_begin (/Users/sherwingorechomante/coldcaller/frontend/node_modules/react-dom/cjs/react-dom-client.development.js:14269:13)
    at recursivelyTraversePassiveUnmountEffects (/Users/sherwingorechomante/coldcaller/frontend/node_modules/react-dom/cjs/react-dom-client.development.js:14167:13)
    at commitPassiveUnmountOnFiber (/Users/sherwingorechomante/coldcaller/frontend/node_modules/react-dom/cjs/react-dom-client.development.js:14194:11)
    at flushPassiveEffects (/Users/sherwingorechomante/coldcaller/frontend/node_modules/react-dom/cjs/react-dom-client.development.js:15736:9)
    at flushPendingEffects (/Users/sherwingorechomante/coldcaller/frontend/node_modules/react-dom/cjs/react-dom-client.development.js:15702:14)
    at flushSpawnedWork (/Users/sherwingorechomante/coldcaller/frontend/node_modules/react-dom/cjs/react-dom-client.development.js:15668:44)
    at commitRoot (/Users/sherwingorechomante/coldcaller/frontend/node_modules/react-dom/cjs/react-dom-client.development.js:15403:9)
    at performWorkOnRoot (/Users/sherwingorechomante/coldcaller/frontend/node_modules/react-dom/cjs/react-dom-client.development.js:14526:15)
    at performSyncWorkOnRoot (/Users/sherwingorechomante/coldcaller/frontend/node_modules/react-dom/cjs/react-dom-client.development.js:16231:7)
    at flushSyncWorkAcrossRoots_impl (/Users/sherwingorechomante/coldcaller/frontend/node_modules/react-dom/cjs/react-dom-client.development.js:16079:21)
    at flushSyncWork$1 (/Users/sherwingorechomante/coldcaller/frontend/node_modules/react-dom/cjs/react-dom-client.development.js:14721:12)
    at ReactDOMRoot.Object.<anonymous>.process.env.NODE_ENV.ReactDOMHydrationRoot.unmount.ReactDOMRoot.unmount [as unmount] (/Users/sherwingorechomante/coldcaller/frontend/node_modules/react-dom/cjs/react-dom-client.development.js:24777:11)
    at Object.unmount (/Users/sherwingorechomante/coldcaller/frontend/node_modules/@testing-library/react/dist/pure.js:164:12)
    at /Users/sherwingorechomante/coldcaller/frontend/node_modules/@testing-library/react/dist/pure.js:308:12
    at /Users/sherwingorechomante/coldcaller/frontend/node_modules/@testing-library/react/dist/act-compat.js:48:24
    at Object.<anonymous>.process.env.NODE_ENV.exports.act (/Users/sherwingorechomante/coldcaller/frontend/node_modules/react/cjs/react.development.js:790:22)
    at /Users/sherwingorechomante/coldcaller/frontend/node_modules/@testing-library/react/dist/act-compat.js:47:25
    at /Users/sherwingorechomante/coldcaller/frontend/node_modules/@testing-library/react/dist/pure.js:307:28
    at Array.forEach (<anonymous>)
    at cleanup (/Users/sherwingorechomante/coldcaller/frontend/node_modules/@testing-library/react/dist/pure.js:303:22)
    at Object.<anonymous> (/Users/sherwingorechomante/coldcaller/frontend/node_modules/@testing-library/react/dist/index.js:28:25)
    at Promise.then.completed (/Users/sherwingorechomante/coldcaller/frontend/node_modules/jest-circus/build/utils.js:391:28)
    at new Promise (<anonymous>)
    at callAsyncCircusFn (/Users/sherwingorechomante/coldcaller/frontend/node_modules/jest-circus/build/utils.js:316:10)
    at _callCircusHook (/Users/sherwingorechomante/coldcaller/frontend/node_modules/jest-circus/build/run.js:181:40)
    at _runTest (/Users/sherwingorechomante/coldcaller/frontend/node_modules/jest-circus/build/run.js:158:5)
    at _runTestsForDescribeBlock (/Users/sherwingorechomante/coldcaller/frontend/node_modules/jest-circus/build/run.js:66:9)
    at _runTestsForDescribeBlock (/Users/sherwingorechomante/coldcaller/frontend/node_modules/jest-circus/build/run.js:60:9)
    at run (/Users/sherwingorechomante/coldcaller/frontend/node_modules/jest-circus/build/run.js:25:3)
    at runAndTransformResultsToJestFormat (/Users/sherwingorechomante/coldcaller/frontend/node_modules/jest-circus/build/legacy-code-todo-rewrite/jestAdapterInit.js:170:21)
    at jestAdapter (/Users/sherwingorechomante/coldcaller/frontend/node_modules/jest-circus/build/legacy-code-todo-rewrite/jestAdapter.js:82:19)
    at runTestInternal (/Users/sherwingorechomante/coldcaller/frontend/node_modules/jest-runner/build/runTest.js:389:16)
    at runTest (/Users/sherwingorechomante/coldcaller/frontend/node_modules/jest-runner/build/runTest.js:475:34)
    at Object.worker (/Users/sherwingorechomante/coldcaller/frontend/node_modules/jest-runner/build/testWorker.js:133:12)]]></failure>
    </testCase>
    <testCase name="DialPad Component clicking hang up ends the call" duration="26">
      <failure message="TestingLibraryElementError: Found multiple elements with the text: /Call/i"><![CDATA[TestingLibraryElementError: Found multiple elements with the text: /Call/i

Here are the matching elements:

Ignored nodes: comments, script, style
<button
  class="w-full text-lg py-4 bg-green-500 hover:bg-green-600 text-white rounded-lg transition-all duration-200 hover:shadow-lg active:scale-95 font-semibold disabled:bg-gray-300 disabled:cursor-not-allowed disabled:hover:shadow-none disabled:active:scale-100"
>
  📞 Call 
  5
</button>

Ignored nodes: comments, script, style
<h3
  class="text-lg font-semibold text-gray-700"
>
  Call Status
</h3>

(If this is intentional, then use the `*AllBy*` variant of the query (like `queryAllByText`, `getAllByText`, or `findAllByText`)).

Ignored nodes: comments, script, style
<body>
  <div />
  <div>
    <div
      class="space-y-4"
    >
      <div
        class="card max-w-sm mx-2"
      >
        <div
          class="text-center mb-4"
        >
          <h2
            class="text-xl font-semibold text-gray-700"
          >
            Enhanced VOIP Dialer
          </h2>
          <div
            class="inline-flex items-center mt-2 px-2 py-1 rounded-full text-xs bg-green-100 text-green-700"
          >
            <span
              class="mr-1"
            >
              🟢
            </span>
            SIP Ready
          </div>
        </div>
        <div
          class="flex mb-4 gap-1"
        >
          <input
            class="input-field flex-1 text-center text-lg"
            placeholder="Enter phone number"
            type="text"
            value="5"
          />
          <button
            class="px-4 py-3 text-xl bg-red-500 hover:bg-red-600 text-white rounded-lg transition-colors duration-200"
          >
            ⌫
          </button>
        </div>
        <div
          class="grid grid-cols-3 gap-1 mb-4"
        >
          <button
            class="p-4 text-xl bg-green-500 text-white border-2 border-green-400 rounded-lg hover:bg-green-600 hover:border-green-500 hover:shadow-lg active:scale-95 transition-all duration-200 disabled:opacity-50 disabled:cursor-not-allowed font-semibold"
          >
            1
          </button>
          <button
            class="p-4 text-xl bg-green-500 text-white border-2 border-green-400 rounded-lg hover:bg-green-600 hover:border-green-500 hover:shadow-lg active:scale-95 transition-all duration-200 disabled:opacity-50 disabled:cursor-not-allowed font-semibold"
          >
            2
          </button>
          <button
            class="p-4 text-xl bg-green-500 text-white border-2 border-green-400 rounded-lg hover:bg-green-600 hover:border-green-500 hover:shadow-lg active:scale-95 transition-all duration-200 disabled:opacity-50 disabled:cursor-not-allowed font-semibold"
          >
            3
          </button>
          <button
            class="p-4 text-xl bg-green-500 text-white border-2 border-green-400 rounded-lg hover:bg-green-600 hover:border-green-500 hover:shadow-lg active:scale-95 transition-all duration-200 disabled:opacity-50 disabled:cursor-not-allowed font-semibold"
          >
            4
          </button>
          <button
            class="p-4 text-xl bg-green-500 text-white border-2 border-green-400 rounded-lg hover:bg-green-600 hover:border-green-500 hover:shadow-lg active:scale-95 transition-all duration-200 disabled:opacity-50 disabled:cursor-not-allowed font-semibold"
          >
            5
          </button>
          <button
            class="p-4 text-xl bg-green-500 text-white border-2 border-green-400 rounded-lg hover:bg-green-600 hover:border-green-500 hover:shadow-lg active:scale-95 transition-all duration-200 disabled:opacity-50 disabled:cursor-not-allowed font-semibold"
          >
            6
          </button>
          <button
            class="p-4 text-xl bg-green-500 text-white border-2 border-green-400 rounded-lg hover:bg-green-600 hover:border-green-500 hover:shadow-lg active:scale-95 transition-all duration-200 disabled:opacity-50 disabled:cursor-not-allowed font-semibold"
          >
            7
          </button>
          <button
            class="p-4 text-xl bg-green-500 text-white border-2 border-green-400 rounded-lg hover:bg-green-600 hover:border-green-500 hover:shadow-lg active:scale-95 transition-all duration-200 disabled:opacity-50 disabled:cursor-not-allowed font-semibold"
          >
            8
          </button>
          <button
            class="p-4 text-xl bg-green-500 text-white border-2 border-green-400 rounded-lg hover:bg-green-600 hover:border-green-500 hover:shadow-lg active:scale-95 transition-all duration-200 disabled:opacity-50 disabled:cursor-not-allowed font-semibold"
          >
            9
          </button>
          <button
            class="p-4 text-xl bg-green-500 text-white border-2 border-green-400 rounded-lg hover:bg-green-600 hover:border-green-500 hover:shadow-lg active:scale-95 transition-all duration-200 disabled:opacity-50 disabled:cursor-not-allowed font-semibold"
          >
            *
          </button>
          <button
            class="p-4 text-xl bg-green-500 text-white border-2 border-green-400 rounded-lg hover:bg-green-600 hover:border-green-500 hover:shadow-lg active:scale-95 transition-all duration-200 disabled:opacity-50 disabled:cursor-not-allowed font-semibold"
          >
            0
          </button>
          <button
            class="p-4 text-xl bg-green-500 text-white border-2 border-green-400 rounded-lg hover:bg-green-600 hover:border-green-500 hover:shadow-lg active:scale-95 transition-all duration-200 disabled:opacity-50 disabled:cursor-not-allowed font-semibold"
          >
            #
          </button>
        </div>
        <div
          class="space-y-3"
        >
          <button
            class="w-full text-lg py-4 bg-green-500 hover:bg-green-600 text-white rounded-lg transition-all duration-200 hover:shadow-lg active:scale-95 font-semibold disabled:bg-gray-300 disabled:cursor-not-allowed disabled:hover:shadow-none disabled:active:scale-100"
          >
            📞 Call 
            5
          </button>
        </div>
      </div>
      <div
        class="card"
      >
        <div
          class="text-center mb-4"
        >
          <h3
            class="text-lg font-semibold text-gray-700"
          >
            Call Status
          </h3>
        </div>
        <div
          class="text-center p-4 rounded-lg mb-4 bg-gray-50"
        >
          <div
            class="inline-flex items-center "
          >
            <span
              class="text-2xl mr-2"
            >
              📞
            </span>
            <span
              class="text-lg font-semibold text-gray-500"
            >
              Ready
            </span>
          </div>
        </div>
        <div
          class="bg-gray-50 rounded-lg p-3 mb-4"
        >
          <div
            class="text-center"
          >
            <div
              class="text-lg font-mono text-blue-600"
            >
              5
            </div>
          </div>
        </div>
        <div
          class="space-y-3"
        >
          <div
            class="flex items-center justify-between"
          >
            <span
              class="text-sm font-medium text-gray-600"
            >
              Signal Quality:
            </span>
            <div
              class="flex items-center"
            >
              <div
                class="flex gap-0.5 mr-2"
              >
                <div
                  class="w-2 h-4 rounded-sm bg-green-500"
                />
                <div
                  class="w-2 h-4 rounded-sm bg-green-500"
                />
                <div
                  class="w-2 h-4 rounded-sm bg-green-500"
                />
                <div
                  class="w-2 h-4 rounded-sm bg-green-500"
                />
              </div>
              <span
                class="text-sm font-medium text-green-500"
              >
                Excellent
              </span>
            </div>
          </div>
          <div
            class="flex items-center justify-between"
          >
            <span
              class="text-sm font-medium text-gray-600"
            >
              Latency:
            </span>
            <span
              class="text-sm font-medium text-green-500"
            >
              35
              s
            </span>
          </div>
          <div
            class="flex items-center justify-between pt-2 border-t border-gray-200"
          >
            <span
              class="text-sm font-medium text-gray-600"
            >
              SIP Status:
            </span>
            <div
              class="flex items-center"
            >
              <span
                class="mr-1"
              >
                ✅
              </span>
              <span
                class="text-sm font-medium text-green-500"
              >
                Registered
              </span>
            </div>
          </div>
        </div>
      </div>
    </div>
  </div>
</body>
    at Object.getElementError (/Users/sherwingorechomante/coldcaller/frontend/node_modules/@testing-library/dom/dist/config.js:37:19)
    at getElementError (/Users/sherwingorechomante/coldcaller/frontend/node_modules/@testing-library/dom/dist/query-helpers.js:20:35)
    at getMultipleElementsFoundError (/Users/sherwingorechomante/coldcaller/frontend/node_modules/@testing-library/dom/dist/query-helpers.js:23:10)
    at /Users/sherwingorechomante/coldcaller/frontend/node_modules/@testing-library/dom/dist/query-helpers.js:55:13
    at getByText (/Users/sherwingorechomante/coldcaller/frontend/node_modules/@testing-library/dom/dist/query-helpers.js:95:19)
    at Object.<anonymous> (/Users/sherwingorechomante/coldcaller/frontend/src/components/__tests__/DialPad.test.js:124:29)]]></failure>
      <failure message="TypeError: audioContextRef.current.close is not a function"><![CDATA[TypeError: audioContextRef.current.close is not a function
    at /Users/sherwingorechomante/coldcaller/frontend/src/components/DTMFKeypad.js:43:33
    at Object.react_stack_bottom_frame (/Users/sherwingorechomante/coldcaller/frontend/node_modules/react-dom/cjs/react-dom-client.development.js:23965:13)
    at runWithFiberInDEV (/Users/sherwingorechomante/coldcaller/frontend/node_modules/react-dom/cjs/react-dom-client.development.js:1522:13)
    at commitHookEffectListUnmount (/Users/sherwingorechomante/coldcaller/frontend/node_modules/react-dom/cjs/react-dom-client.development.js:11996:17)
    at commitHookPassiveUnmountEffects (/Users/sherwingorechomante/coldcaller/frontend/node_modules/react-dom/cjs/react-dom-client.development.js:12043:11)
    at commitPassiveUnmountEffectsInsideOfDeletedTree_begin (/Users/sherwingorechomante/coldcaller/frontend/node_modules/react-dom/cjs/react-dom-client.development.js:14269:13)
    at recursivelyTraversePassiveUnmountEffects (/Users/sherwingorechomante/coldcaller/frontend/node_modules/react-dom/cjs/react-dom-client.development.js:14167:13)
    at commitPassiveUnmountOnFiber (/Users/sherwingorechomante/coldcaller/frontend/node_modules/react-dom/cjs/react-dom-client.development.js:14194:11)
    at flushPassiveEffects (/Users/sherwingorechomante/coldcaller/frontend/node_modules/react-dom/cjs/react-dom-client.development.js:15736:9)
    at flushPendingEffects (/Users/sherwingorechomante/coldcaller/frontend/node_modules/react-dom/cjs/react-dom-client.development.js:15702:14)
    at flushSpawnedWork (/Users/sherwingorechomante/coldcaller/frontend/node_modules/react-dom/cjs/react-dom-client.development.js:15668:44)
    at commitRoot (/Users/sherwingorechomante/coldcaller/frontend/node_modules/react-dom/cjs/react-dom-client.development.js:15403:9)
    at performWorkOnRoot (/Users/sherwingorechomante/coldcaller/frontend/node_modules/react-dom/cjs/react-dom-client.development.js:14526:15)
    at performSyncWorkOnRoot (/Users/sherwingorechomante/coldcaller/frontend/node_modules/react-dom/cjs/react-dom-client.development.js:16231:7)
    at flushSyncWorkAcrossRoots_impl (/Users/sherwingorechomante/coldcaller/frontend/node_modules/react-dom/cjs/react-dom-client.development.js:16079:21)
    at flushSyncWork$1 (/Users/sherwingorechomante/coldcaller/frontend/node_modules/react-dom/cjs/react-dom-client.development.js:14721:12)
    at ReactDOMRoot.Object.<anonymous>.process.env.NODE_ENV.ReactDOMHydrationRoot.unmount.ReactDOMRoot.unmount [as unmount] (/Users/sherwingorechomante/coldcaller/frontend/node_modules/react-dom/cjs/react-dom-client.development.js:24777:11)
    at Object.unmount (/Users/sherwingorechomante/coldcaller/frontend/node_modules/@testing-library/react/dist/pure.js:164:12)
    at /Users/sherwingorechomante/coldcaller/frontend/node_modules/@testing-library/react/dist/pure.js:308:12
    at /Users/sherwingorechomante/coldcaller/frontend/node_modules/@testing-library/react/dist/act-compat.js:48:24
    at Object.<anonymous>.process.env.NODE_ENV.exports.act (/Users/sherwingorechomante/coldcaller/frontend/node_modules/react/cjs/react.development.js:790:22)
    at /Users/sherwingorechomante/coldcaller/frontend/node_modules/@testing-library/react/dist/act-compat.js:47:25
    at /Users/sherwingorechomante/coldcaller/frontend/node_modules/@testing-library/react/dist/pure.js:307:28
    at Array.forEach (<anonymous>)
    at cleanup (/Users/sherwingorechomante/coldcaller/frontend/node_modules/@testing-library/react/dist/pure.js:303:22)
    at Object.<anonymous> (/Users/sherwingorechomante/coldcaller/frontend/node_modules/@testing-library/react/dist/index.js:28:25)
    at Promise.then.completed (/Users/sherwingorechomante/coldcaller/frontend/node_modules/jest-circus/build/utils.js:391:28)
    at new Promise (<anonymous>)
    at callAsyncCircusFn (/Users/sherwingorechomante/coldcaller/frontend/node_modules/jest-circus/build/utils.js:316:10)
    at _callCircusHook (/Users/sherwingorechomante/coldcaller/frontend/node_modules/jest-circus/build/run.js:181:40)
    at _runTest (/Users/sherwingorechomante/coldcaller/frontend/node_modules/jest-circus/build/run.js:158:5)
    at _runTestsForDescribeBlock (/Users/sherwingorechomante/coldcaller/frontend/node_modules/jest-circus/build/run.js:66:9)
    at _runTestsForDescribeBlock (/Users/sherwingorechomante/coldcaller/frontend/node_modules/jest-circus/build/run.js:60:9)
    at run (/Users/sherwingorechomante/coldcaller/frontend/node_modules/jest-circus/build/run.js:25:3)
    at runAndTransformResultsToJestFormat (/Users/sherwingorechomante/coldcaller/frontend/node_modules/jest-circus/build/legacy-code-todo-rewrite/jestAdapterInit.js:170:21)
    at jestAdapter (/Users/sherwingorechomante/coldcaller/frontend/node_modules/jest-circus/build/legacy-code-todo-rewrite/jestAdapter.js:82:19)
    at runTestInternal (/Users/sherwingorechomante/coldcaller/frontend/node_modules/jest-runner/build/runTest.js:389:16)
    at runTest (/Users/sherwingorechomante/coldcaller/frontend/node_modules/jest-runner/build/runTest.js:475:34)
    at Object.worker (/Users/sherwingorechomante/coldcaller/frontend/node_modules/jest-runner/build/testWorker.js:133:12)]]></failure>
    </testCase>
    <testCase name="DialPad Component number buttons are disabled during call" duration="29">
      <failure message="TestingLibraryElementError: Found multiple elements with the text: /Call/i"><![CDATA[TestingLibraryElementError: Found multiple elements with the text: /Call/i

Here are the matching elements:

Ignored nodes: comments, script, style
<button
  class="w-full text-lg py-4 bg-green-500 hover:bg-green-600 text-white rounded-lg transition-all duration-200 hover:shadow-lg active:scale-95 font-semibold disabled:bg-gray-300 disabled:cursor-not-allowed disabled:hover:shadow-none disabled:active:scale-100"
>
  📞 Call 
  5
</button>

Ignored nodes: comments, script, style
<h3
  class="text-lg font-semibold text-gray-700"
>
  Call Status
</h3>

(If this is intentional, then use the `*AllBy*` variant of the query (like `queryAllByText`, `getAllByText`, or `findAllByText`)).

Ignored nodes: comments, script, style
<body>
  <div />
  <div>
    <div
      class="space-y-4"
    >
      <div
        class="card max-w-sm mx-2"
      >
        <div
          class="text-center mb-4"
        >
          <h2
            class="text-xl font-semibold text-gray-700"
          >
            Enhanced VOIP Dialer
          </h2>
          <div
            class="inline-flex items-center mt-2 px-2 py-1 rounded-full text-xs bg-green-100 text-green-700"
          >
            <span
              class="mr-1"
            >
              🟢
            </span>
            SIP Ready
          </div>
        </div>
        <div
          class="flex mb-4 gap-1"
        >
          <input
            class="input-field flex-1 text-center text-lg"
            placeholder="Enter phone number"
            type="text"
            value="5"
          />
          <button
            class="px-4 py-3 text-xl bg-red-500 hover:bg-red-600 text-white rounded-lg transition-colors duration-200"
          >
            ⌫
          </button>
        </div>
        <div
          class="grid grid-cols-3 gap-1 mb-4"
        >
          <button
            class="p-4 text-xl bg-green-500 text-white border-2 border-green-400 rounded-lg hover:bg-green-600 hover:border-green-500 hover:shadow-lg active:scale-95 transition-all duration-200 disabled:opacity-50 disabled:cursor-not-allowed font-semibold"
          >
            1
          </button>
          <button
            class="p-4 text-xl bg-green-500 text-white border-2 border-green-400 rounded-lg hover:bg-green-600 hover:border-green-500 hover:shadow-lg active:scale-95 transition-all duration-200 disabled:opacity-50 disabled:cursor-not-allowed font-semibold"
          >
            2
          </button>
          <button
            class="p-4 text-xl bg-green-500 text-white border-2 border-green-400 rounded-lg hover:bg-green-600 hover:border-green-500 hover:shadow-lg active:scale-95 transition-all duration-200 disabled:opacity-50 disabled:cursor-not-allowed font-semibold"
          >
            3
          </button>
          <button
            class="p-4 text-xl bg-green-500 text-white border-2 border-green-400 rounded-lg hover:bg-green-600 hover:border-green-500 hover:shadow-lg active:scale-95 transition-all duration-200 disabled:opacity-50 disabled:cursor-not-allowed font-semibold"
          >
            4
          </button>
          <button
            class="p-4 text-xl bg-green-500 text-white border-2 border-green-400 rounded-lg hover:bg-green-600 hover:border-green-500 hover:shadow-lg active:scale-95 transition-all duration-200 disabled:opacity-50 disabled:cursor-not-allowed font-semibold"
          >
            5
          </button>
          <button
            class="p-4 text-xl bg-green-500 text-white border-2 border-green-400 rounded-lg hover:bg-green-600 hover:border-green-500 hover:shadow-lg active:scale-95 transition-all duration-200 disabled:opacity-50 disabled:cursor-not-allowed font-semibold"
          >
            6
          </button>
          <button
            class="p-4 text-xl bg-green-500 text-white border-2 border-green-400 rounded-lg hover:bg-green-600 hover:border-green-500 hover:shadow-lg active:scale-95 transition-all duration-200 disabled:opacity-50 disabled:cursor-not-allowed font-semibold"
          >
            7
          </button>
          <button
            class="p-4 text-xl bg-green-500 text-white border-2 border-green-400 rounded-lg hover:bg-green-600 hover:border-green-500 hover:shadow-lg active:scale-95 transition-all duration-200 disabled:opacity-50 disabled:cursor-not-allowed font-semibold"
          >
            8
          </button>
          <button
            class="p-4 text-xl bg-green-500 text-white border-2 border-green-400 rounded-lg hover:bg-green-600 hover:border-green-500 hover:shadow-lg active:scale-95 transition-all duration-200 disabled:opacity-50 disabled:cursor-not-allowed font-semibold"
          >
            9
          </button>
          <button
            class="p-4 text-xl bg-green-500 text-white border-2 border-green-400 rounded-lg hover:bg-green-600 hover:border-green-500 hover:shadow-lg active:scale-95 transition-all duration-200 disabled:opacity-50 disabled:cursor-not-allowed font-semibold"
          >
            *
          </button>
          <button
            class="p-4 text-xl bg-green-500 text-white border-2 border-green-400 rounded-lg hover:bg-green-600 hover:border-green-500 hover:shadow-lg active:scale-95 transition-all duration-200 disabled:opacity-50 disabled:cursor-not-allowed font-semibold"
          >
            0
          </button>
          <button
            class="p-4 text-xl bg-green-500 text-white border-2 border-green-400 rounded-lg hover:bg-green-600 hover:border-green-500 hover:shadow-lg active:scale-95 transition-all duration-200 disabled:opacity-50 disabled:cursor-not-allowed font-semibold"
          >
            #
          </button>
        </div>
        <div
          class="space-y-3"
        >
          <button
            class="w-full text-lg py-4 bg-green-500 hover:bg-green-600 text-white rounded-lg transition-all duration-200 hover:shadow-lg active:scale-95 font-semibold disabled:bg-gray-300 disabled:cursor-not-allowed disabled:hover:shadow-none disabled:active:scale-100"
          >
            📞 Call 
            5
          </button>
        </div>
      </div>
      <div
        class="card"
      >
        <div
          class="text-center mb-4"
        >
          <h3
            class="text-lg font-semibold text-gray-700"
          >
            Call Status
          </h3>
        </div>
        <div
          class="text-center p-4 rounded-lg mb-4 bg-gray-50"
        >
          <div
            class="inline-flex items-center "
          >
            <span
              class="text-2xl mr-2"
            >
              📞
            </span>
            <span
              class="text-lg font-semibold text-gray-500"
            >
              Ready
            </span>
          </div>
        </div>
        <div
          class="bg-gray-50 rounded-lg p-3 mb-4"
        >
          <div
            class="text-center"
          >
            <div
              class="text-lg font-mono text-blue-600"
            >
              5
            </div>
          </div>
        </div>
        <div
          class="space-y-3"
        >
          <div
            class="flex items-center justify-between"
          >
            <span
              class="text-sm font-medium text-gray-600"
            >
              Signal Quality:
            </span>
            <div
              class="flex items-center"
            >
              <div
                class="flex gap-0.5 mr-2"
              >
                <div
                  class="w-2 h-4 rounded-sm bg-green-500"
                />
                <div
                  class="w-2 h-4 rounded-sm bg-green-500"
                />
                <div
                  class="w-2 h-4 rounded-sm bg-green-500"
                />
                <div
                  class="w-2 h-4 rounded-sm bg-green-500"
                />
              </div>
              <span
                class="text-sm font-medium text-green-500"
              >
                Excellent
              </span>
            </div>
          </div>
          <div
            class="flex items-center justify-between"
          >
            <span
              class="text-sm font-medium text-gray-600"
            >
              Latency:
            </span>
            <span
              class="text-sm font-medium text-green-500"
            >
              35
              s
            </span>
          </div>
          <div
            class="flex items-center justify-between pt-2 border-t border-gray-200"
          >
            <span
              class="text-sm font-medium text-gray-600"
            >
              SIP Status:
            </span>
            <div
              class="flex items-center"
            >
              <span
                class="mr-1"
              >
                ✅
              </span>
              <span
                class="text-sm font-medium text-green-500"
              >
                Registered
              </span>
            </div>
          </div>
        </div>
      </div>
    </div>
  </div>
</body>
    at Object.getElementError (/Users/sherwingorechomante/coldcaller/frontend/node_modules/@testing-library/dom/dist/config.js:37:19)
    at getElementError (/Users/sherwingorechomante/coldcaller/frontend/node_modules/@testing-library/dom/dist/query-helpers.js:20:35)
    at getMultipleElementsFoundError (/Users/sherwingorechomante/coldcaller/frontend/node_modules/@testing-library/dom/dist/query-helpers.js:23:10)
    at /Users/sherwingorechomante/coldcaller/frontend/node_modules/@testing-library/dom/dist/query-helpers.js:55:13
    at getByText (/Users/sherwingorechomante/coldcaller/frontend/node_modules/@testing-library/dom/dist/query-helpers.js:95:19)
    at Object.<anonymous> (/Users/sherwingorechomante/coldcaller/frontend/src/components/__tests__/DialPad.test.js:144:29)]]></failure>
      <failure message="TypeError: audioContextRef.current.close is not a function"><![CDATA[TypeError: audioContextRef.current.close is not a function
    at /Users/sherwingorechomante/coldcaller/frontend/src/components/DTMFKeypad.js:43:33
    at Object.react_stack_bottom_frame (/Users/sherwingorechomante/coldcaller/frontend/node_modules/react-dom/cjs/react-dom-client.development.js:23965:13)
    at runWithFiberInDEV (/Users/sherwingorechomante/coldcaller/frontend/node_modules/react-dom/cjs/react-dom-client.development.js:1522:13)
    at commitHookEffectListUnmount (/Users/sherwingorechomante/coldcaller/frontend/node_modules/react-dom/cjs/react-dom-client.development.js:11996:17)
    at commitHookPassiveUnmountEffects (/Users/sherwingorechomante/coldcaller/frontend/node_modules/react-dom/cjs/react-dom-client.development.js:12043:11)
    at commitPassiveUnmountEffectsInsideOfDeletedTree_begin (/Users/sherwingorechomante/coldcaller/frontend/node_modules/react-dom/cjs/react-dom-client.development.js:14269:13)
    at recursivelyTraversePassiveUnmountEffects (/Users/sherwingorechomante/coldcaller/frontend/node_modules/react-dom/cjs/react-dom-client.development.js:14167:13)
    at commitPassiveUnmountOnFiber (/Users/sherwingorechomante/coldcaller/frontend/node_modules/react-dom/cjs/react-dom-client.development.js:14194:11)
    at flushPassiveEffects (/Users/sherwingorechomante/coldcaller/frontend/node_modules/react-dom/cjs/react-dom-client.development.js:15736:9)
    at flushPendingEffects (/Users/sherwingorechomante/coldcaller/frontend/node_modules/react-dom/cjs/react-dom-client.development.js:15702:14)
    at flushSpawnedWork (/Users/sherwingorechomante/coldcaller/frontend/node_modules/react-dom/cjs/react-dom-client.development.js:15668:44)
    at commitRoot (/Users/sherwingorechomante/coldcaller/frontend/node_modules/react-dom/cjs/react-dom-client.development.js:15403:9)
    at performWorkOnRoot (/Users/sherwingorechomante/coldcaller/frontend/node_modules/react-dom/cjs/react-dom-client.development.js:14526:15)
    at performSyncWorkOnRoot (/Users/sherwingorechomante/coldcaller/frontend/node_modules/react-dom/cjs/react-dom-client.development.js:16231:7)
    at flushSyncWorkAcrossRoots_impl (/Users/sherwingorechomante/coldcaller/frontend/node_modules/react-dom/cjs/react-dom-client.development.js:16079:21)
    at flushSyncWork$1 (/Users/sherwingorechomante/coldcaller/frontend/node_modules/react-dom/cjs/react-dom-client.development.js:14721:12)
    at ReactDOMRoot.Object.<anonymous>.process.env.NODE_ENV.ReactDOMHydrationRoot.unmount.ReactDOMRoot.unmount [as unmount] (/Users/sherwingorechomante/coldcaller/frontend/node_modules/react-dom/cjs/react-dom-client.development.js:24777:11)
    at Object.unmount (/Users/sherwingorechomante/coldcaller/frontend/node_modules/@testing-library/react/dist/pure.js:164:12)
    at /Users/sherwingorechomante/coldcaller/frontend/node_modules/@testing-library/react/dist/pure.js:308:12
    at /Users/sherwingorechomante/coldcaller/frontend/node_modules/@testing-library/react/dist/act-compat.js:48:24
    at Object.<anonymous>.process.env.NODE_ENV.exports.act (/Users/sherwingorechomante/coldcaller/frontend/node_modules/react/cjs/react.development.js:790:22)
    at /Users/sherwingorechomante/coldcaller/frontend/node_modules/@testing-library/react/dist/act-compat.js:47:25
    at /Users/sherwingorechomante/coldcaller/frontend/node_modules/@testing-library/react/dist/pure.js:307:28
    at Array.forEach (<anonymous>)
    at cleanup (/Users/sherwingorechomante/coldcaller/frontend/node_modules/@testing-library/react/dist/pure.js:303:22)
    at Object.<anonymous> (/Users/sherwingorechomante/coldcaller/frontend/node_modules/@testing-library/react/dist/index.js:28:25)
    at Promise.then.completed (/Users/sherwingorechomante/coldcaller/frontend/node_modules/jest-circus/build/utils.js:391:28)
    at new Promise (<anonymous>)
    at callAsyncCircusFn (/Users/sherwingorechomante/coldcaller/frontend/node_modules/jest-circus/build/utils.js:316:10)
    at _callCircusHook (/Users/sherwingorechomante/coldcaller/frontend/node_modules/jest-circus/build/run.js:181:40)
    at _runTest (/Users/sherwingorechomante/coldcaller/frontend/node_modules/jest-circus/build/run.js:158:5)
    at _runTestsForDescribeBlock (/Users/sherwingorechomante/coldcaller/frontend/node_modules/jest-circus/build/run.js:66:9)
    at _runTestsForDescribeBlock (/Users/sherwingorechomante/coldcaller/frontend/node_modules/jest-circus/build/run.js:60:9)
    at run (/Users/sherwingorechomante/coldcaller/frontend/node_modules/jest-circus/build/run.js:25:3)
    at runAndTransformResultsToJestFormat (/Users/sherwingorechomante/coldcaller/frontend/node_modules/jest-circus/build/legacy-code-todo-rewrite/jestAdapterInit.js:170:21)
    at jestAdapter (/Users/sherwingorechomante/coldcaller/frontend/node_modules/jest-circus/build/legacy-code-todo-rewrite/jestAdapter.js:82:19)
    at runTestInternal (/Users/sherwingorechomante/coldcaller/frontend/node_modules/jest-runner/build/runTest.js:389:16)
    at runTest (/Users/sherwingorechomante/coldcaller/frontend/node_modules/jest-runner/build/runTest.js:475:34)
    at Object.worker (/Users/sherwingorechomante/coldcaller/frontend/node_modules/jest-runner/build/testWorker.js:133:12)]]></failure>
    </testCase>
    <testCase name="DialPad Component direct input in text field works" duration="90">
      <failure message="TypeError: audioContextRef.current.close is not a function"><![CDATA[TypeError: audioContextRef.current.close is not a function
    at /Users/sherwingorechomante/coldcaller/frontend/src/components/DTMFKeypad.js:43:33
    at Object.react_stack_bottom_frame (/Users/sherwingorechomante/coldcaller/frontend/node_modules/react-dom/cjs/react-dom-client.development.js:23965:13)
    at runWithFiberInDEV (/Users/sherwingorechomante/coldcaller/frontend/node_modules/react-dom/cjs/react-dom-client.development.js:1522:13)
    at commitHookEffectListUnmount (/Users/sherwingorechomante/coldcaller/frontend/node_modules/react-dom/cjs/react-dom-client.development.js:11996:17)
    at commitHookPassiveUnmountEffects (/Users/sherwingorechomante/coldcaller/frontend/node_modules/react-dom/cjs/react-dom-client.development.js:12043:11)
    at commitPassiveUnmountEffectsInsideOfDeletedTree_begin (/Users/sherwingorechomante/coldcaller/frontend/node_modules/react-dom/cjs/react-dom-client.development.js:14269:13)
    at recursivelyTraversePassiveUnmountEffects (/Users/sherwingorechomante/coldcaller/frontend/node_modules/react-dom/cjs/react-dom-client.development.js:14167:13)
    at commitPassiveUnmountOnFiber (/Users/sherwingorechomante/coldcaller/frontend/node_modules/react-dom/cjs/react-dom-client.development.js:14194:11)
    at flushPassiveEffects (/Users/sherwingorechomante/coldcaller/frontend/node_modules/react-dom/cjs/react-dom-client.development.js:15736:9)
    at flushPendingEffects (/Users/sherwingorechomante/coldcaller/frontend/node_modules/react-dom/cjs/react-dom-client.development.js:15702:14)
    at flushSpawnedWork (/Users/sherwingorechomante/coldcaller/frontend/node_modules/react-dom/cjs/react-dom-client.development.js:15668:44)
    at commitRoot (/Users/sherwingorechomante/coldcaller/frontend/node_modules/react-dom/cjs/react-dom-client.development.js:15403:9)
    at performWorkOnRoot (/Users/sherwingorechomante/coldcaller/frontend/node_modules/react-dom/cjs/react-dom-client.development.js:14526:15)
    at performSyncWorkOnRoot (/Users/sherwingorechomante/coldcaller/frontend/node_modules/react-dom/cjs/react-dom-client.development.js:16231:7)
    at flushSyncWorkAcrossRoots_impl (/Users/sherwingorechomante/coldcaller/frontend/node_modules/react-dom/cjs/react-dom-client.development.js:16079:21)
    at flushSyncWork$1 (/Users/sherwingorechomante/coldcaller/frontend/node_modules/react-dom/cjs/react-dom-client.development.js:14721:12)
    at ReactDOMRoot.Object.<anonymous>.process.env.NODE_ENV.ReactDOMHydrationRoot.unmount.ReactDOMRoot.unmount [as unmount] (/Users/sherwingorechomante/coldcaller/frontend/node_modules/react-dom/cjs/react-dom-client.development.js:24777:11)
    at Object.unmount (/Users/sherwingorechomante/coldcaller/frontend/node_modules/@testing-library/react/dist/pure.js:164:12)
    at /Users/sherwingorechomante/coldcaller/frontend/node_modules/@testing-library/react/dist/pure.js:308:12
    at /Users/sherwingorechomante/coldcaller/frontend/node_modules/@testing-library/react/dist/act-compat.js:48:24
    at Object.<anonymous>.process.env.NODE_ENV.exports.act (/Users/sherwingorechomante/coldcaller/frontend/node_modules/react/cjs/react.development.js:790:22)
    at /Users/sherwingorechomante/coldcaller/frontend/node_modules/@testing-library/react/dist/act-compat.js:47:25
    at /Users/sherwingorechomante/coldcaller/frontend/node_modules/@testing-library/react/dist/pure.js:307:28
    at Array.forEach (<anonymous>)
    at cleanup (/Users/sherwingorechomante/coldcaller/frontend/node_modules/@testing-library/react/dist/pure.js:303:22)
    at Object.<anonymous> (/Users/sherwingorechomante/coldcaller/frontend/node_modules/@testing-library/react/dist/index.js:28:25)
    at Promise.then.completed (/Users/sherwingorechomante/coldcaller/frontend/node_modules/jest-circus/build/utils.js:391:28)
    at new Promise (<anonymous>)
    at callAsyncCircusFn (/Users/sherwingorechomante/coldcaller/frontend/node_modules/jest-circus/build/utils.js:316:10)
    at _callCircusHook (/Users/sherwingorechomante/coldcaller/frontend/node_modules/jest-circus/build/run.js:181:40)
    at _runTest (/Users/sherwingorechomante/coldcaller/frontend/node_modules/jest-circus/build/run.js:158:5)
    at _runTestsForDescribeBlock (/Users/sherwingorechomante/coldcaller/frontend/node_modules/jest-circus/build/run.js:66:9)
    at _runTestsForDescribeBlock (/Users/sherwingorechomante/coldcaller/frontend/node_modules/jest-circus/build/run.js:60:9)
    at run (/Users/sherwingorechomante/coldcaller/frontend/node_modules/jest-circus/build/run.js:25:3)
    at runAndTransformResultsToJestFormat (/Users/sherwingorechomante/coldcaller/frontend/node_modules/jest-circus/build/legacy-code-todo-rewrite/jestAdapterInit.js:170:21)
    at jestAdapter (/Users/sherwingorechomante/coldcaller/frontend/node_modules/jest-circus/build/legacy-code-todo-rewrite/jestAdapter.js:82:19)
    at runTestInternal (/Users/sherwingorechomante/coldcaller/frontend/node_modules/jest-runner/build/runTest.js:389:16)
    at runTest (/Users/sherwingorechomante/coldcaller/frontend/node_modules/jest-runner/build/runTest.js:475:34)
    at Object.worker (/Users/sherwingorechomante/coldcaller/frontend/node_modules/jest-runner/build/testWorker.js:133:12)]]></failure>
    </testCase>
    <testCase name="DialPad Component non-numeric characters are filtered out" duration="59">
      <failure message="TypeError: audioContextRef.current.close is not a function"><![CDATA[TypeError: audioContextRef.current.close is not a function
    at /Users/sherwingorechomante/coldcaller/frontend/src/components/DTMFKeypad.js:43:33
    at Object.react_stack_bottom_frame (/Users/sherwingorechomante/coldcaller/frontend/node_modules/react-dom/cjs/react-dom-client.development.js:23965:13)
    at runWithFiberInDEV (/Users/sherwingorechomante/coldcaller/frontend/node_modules/react-dom/cjs/react-dom-client.development.js:1522:13)
    at commitHookEffectListUnmount (/Users/sherwingorechomante/coldcaller/frontend/node_modules/react-dom/cjs/react-dom-client.development.js:11996:17)
    at commitHookPassiveUnmountEffects (/Users/sherwingorechomante/coldcaller/frontend/node_modules/react-dom/cjs/react-dom-client.development.js:12043:11)
    at commitPassiveUnmountEffectsInsideOfDeletedTree_begin (/Users/sherwingorechomante/coldcaller/frontend/node_modules/react-dom/cjs/react-dom-client.development.js:14269:13)
    at recursivelyTraversePassiveUnmountEffects (/Users/sherwingorechomante/coldcaller/frontend/node_modules/react-dom/cjs/react-dom-client.development.js:14167:13)
    at commitPassiveUnmountOnFiber (/Users/sherwingorechomante/coldcaller/frontend/node_modules/react-dom/cjs/react-dom-client.development.js:14194:11)
    at flushPassiveEffects (/Users/sherwingorechomante/coldcaller/frontend/node_modules/react-dom/cjs/react-dom-client.development.js:15736:9)
    at flushPendingEffects (/Users/sherwingorechomante/coldcaller/frontend/node_modules/react-dom/cjs/react-dom-client.development.js:15702:14)
    at flushSpawnedWork (/Users/sherwingorechomante/coldcaller/frontend/node_modules/react-dom/cjs/react-dom-client.development.js:15668:44)
    at commitRoot (/Users/sherwingorechomante/coldcaller/frontend/node_modules/react-dom/cjs/react-dom-client.development.js:15403:9)
    at performWorkOnRoot (/Users/sherwingorechomante/coldcaller/frontend/node_modules/react-dom/cjs/react-dom-client.development.js:14526:15)
    at performSyncWorkOnRoot (/Users/sherwingorechomante/coldcaller/frontend/node_modules/react-dom/cjs/react-dom-client.development.js:16231:7)
    at flushSyncWorkAcrossRoots_impl (/Users/sherwingorechomante/coldcaller/frontend/node_modules/react-dom/cjs/react-dom-client.development.js:16079:21)
    at flushSyncWork$1 (/Users/sherwingorechomante/coldcaller/frontend/node_modules/react-dom/cjs/react-dom-client.development.js:14721:12)
    at ReactDOMRoot.Object.<anonymous>.process.env.NODE_ENV.ReactDOMHydrationRoot.unmount.ReactDOMRoot.unmount [as unmount] (/Users/sherwingorechomante/coldcaller/frontend/node_modules/react-dom/cjs/react-dom-client.development.js:24777:11)
    at Object.unmount (/Users/sherwingorechomante/coldcaller/frontend/node_modules/@testing-library/react/dist/pure.js:164:12)
    at /Users/sherwingorechomante/coldcaller/frontend/node_modules/@testing-library/react/dist/pure.js:308:12
    at /Users/sherwingorechomante/coldcaller/frontend/node_modules/@testing-library/react/dist/act-compat.js:48:24
    at Object.<anonymous>.process.env.NODE_ENV.exports.act (/Users/sherwingorechomante/coldcaller/frontend/node_modules/react/cjs/react.development.js:790:22)
    at /Users/sherwingorechomante/coldcaller/frontend/node_modules/@testing-library/react/dist/act-compat.js:47:25
    at /Users/sherwingorechomante/coldcaller/frontend/node_modules/@testing-library/react/dist/pure.js:307:28
    at Array.forEach (<anonymous>)
    at cleanup (/Users/sherwingorechomante/coldcaller/frontend/node_modules/@testing-library/react/dist/pure.js:303:22)
    at Object.<anonymous> (/Users/sherwingorechomante/coldcaller/frontend/node_modules/@testing-library/react/dist/index.js:28:25)
    at Promise.then.completed (/Users/sherwingorechomante/coldcaller/frontend/node_modules/jest-circus/build/utils.js:391:28)
    at new Promise (<anonymous>)
    at callAsyncCircusFn (/Users/sherwingorechomante/coldcaller/frontend/node_modules/jest-circus/build/utils.js:316:10)
    at _callCircusHook (/Users/sherwingorechomante/coldcaller/frontend/node_modules/jest-circus/build/run.js:181:40)
    at _runTest (/Users/sherwingorechomante/coldcaller/frontend/node_modules/jest-circus/build/run.js:158:5)
    at _runTestsForDescribeBlock (/Users/sherwingorechomante/coldcaller/frontend/node_modules/jest-circus/build/run.js:66:9)
    at _runTestsForDescribeBlock (/Users/sherwingorechomante/coldcaller/frontend/node_modules/jest-circus/build/run.js:60:9)
    at run (/Users/sherwingorechomante/coldcaller/frontend/node_modules/jest-circus/build/run.js:25:3)
    at runAndTransformResultsToJestFormat (/Users/sherwingorechomante/coldcaller/frontend/node_modules/jest-circus/build/legacy-code-todo-rewrite/jestAdapterInit.js:170:21)
    at jestAdapter (/Users/sherwingorechomante/coldcaller/frontend/node_modules/jest-circus/build/legacy-code-todo-rewrite/jestAdapter.js:82:19)
    at runTestInternal (/Users/sherwingorechomante/coldcaller/frontend/node_modules/jest-runner/build/runTest.js:389:16)
    at runTest (/Users/sherwingorechomante/coldcaller/frontend/node_modules/jest-runner/build/runTest.js:475:34)
    at Object.worker (/Users/sherwingorechomante/coldcaller/frontend/node_modules/jest-runner/build/testWorker.js:133:12)]]></failure>
    </testCase>
  </file>
  <file path="/Users/sherwingorechomante/coldcaller/frontend/src/components/__tests__/LeadPanel.test.js">
    <testCase name="LeadPanel Component renders lead panel with all elements" duration="30">
      <failure message="TestingLibraryElementError: Unable to find an element with the text: Lead 1 of 3. This could be because the text is broken up by multiple elements. In this case, you can provide a function for your text matcher to make your matcher more flexible."><![CDATA[TestingLibraryElementError: Unable to find an element with the text: Lead 1 of 3. This could be because the text is broken up by multiple elements. In this case, you can provide a function for your text matcher to make your matcher more flexible.

Ignored nodes: comments, script, style
<body>
  <div>
    <div
      class="card max-w-md m-3"
    >
      <div
        class="text-center mb-4"
      >
        <h2
          class="text-xl font-semibold text-gray-800"
        >
          Current Lead
        </h2>
        <div
          class="text-sm text-blue-600 mt-1"
        >
          🔄 Loading leads...
        </div>
      </div>
      <div
        class="flex justify-between items-center mb-5 p-3 bg-white rounded-lg shadow-sm"
      >
        <button
          class="btn-primary text-sm py-2 px-4 opacity-50 cursor-not-allowed transition-colors"
          disabled=""
        >
          ⬅️ Previous
        </button>
        <span
          class="text-sm font-semibold text-gray-600"
        >
          Lead 
          1
           of 
          0
          <span
            class="ml-2 text-xs text-orange-600"
          >
            (Offline)
          </span>
        </span>
        <button
          class="btn-primary text-sm py-2 px-4 opacity-50 cursor-not-allowed transition-colors"
          disabled=""
        >
          Next ➡️
        </button>
      </div>
      <div
        class="bg-white rounded-lg shadow-soft p-6 relative mb-5"
      >
        <div
          class="absolute top-3 right-3 px-3 py-1 text-white text-xs font-bold rounded-full transition-colors bg-blue-500"
        >
          New
        </div>
        <div
          class="mb-5"
        >
          <div
            class="flex mb-3 text-sm"
          >
            <span
              class="w-28 font-semibold text-gray-600"
            >
              👤 Name:
            </span>
            <span
              class="flex-1 text-gray-800"
            >
              John Smith
            </span>
          </div>
          <div
            class="flex mb-3 text-sm"
          >
            <span
              class="w-28 font-semibold text-gray-600"
            >
              🏢 Company:
            </span>
            <span
              class="flex-1 text-gray-800"
            >
              Tech Solutions Inc.
            </span>
          </div>
          <div
            class="flex mb-3 text-sm"
          >
            <span
              class="w-28 font-semibold text-gray-600"
            >
              📞 Phone:
            </span>
            <span
              class="flex-1 text-gray-800"
            >
              (555) 123-4567
            </span>
          </div>
          <div
            class="flex mb-3 text-sm"
          >
            <span
              class="w-28 font-semibold text-gray-600"
            >
              ✉️ Email:
            </span>
            <span
              class="flex-1 text-gray-800"
            >
              john@techsolutions.com
            </span>
          </div>
          <div
            class="flex mb-3 text-sm"
          >
            <span
              class="w-28 font-semibold text-gray-600"
            >
              📅 Last Contact:
            </span>
            <span
              class="flex-1 text-gray-800"
            >
              Never
            </span>
          </div>
        </div>
        <div
          class="border-t border-gray-200 pt-4"
        >
          <div
            class="flex justify-between items-center mb-3"
          >
            <span
              class="font-semibold text-sm text-gray-600"
            >
              📝 Notes:
            </span>
            <button
              class="btn-secondary text-xs py-1 px-3 hover:bg-blue-600 transition-colors"
            >
              ✏️ Edit
            </button>
          </div>
          <div
            class="p-3 bg-gray-50 rounded-md text-sm leading-relaxed text-gray-800"
          >
            Interested in cloud services
          </div>
        </div>
      </div>
      <div
        class="space-y-3"
      >
        <div
          class="flex flex-wrap gap-2"
        >
          <button
            class="flex-1 min-w-[100px] p-2 bg-orange-500 hover:bg-orange-600 disabled:opacity-50 disabled:cursor-not-allowed text-white rounded-md text-xs font-medium transition-colors"
            disabled=""
          >
            📅 Follow-up
          </button>
          <button
            class="flex-1 min-w-[100px] p-2 bg-green-500 hover:bg-green-600 disabled:opacity-50 disabled:cursor-not-allowed text-white rounded-md text-xs font-medium transition-colors"
            disabled=""
          >
            ✅ Qualified
          </button>
          <button
            class="flex-1 min-w-[100px] p-2 bg-red-500 hover:bg-red-600 disabled:opacity-50 disabled:cursor-not-allowed text-white rounded-md text-xs font-medium transition-colors"
            disabled=""
          >
            ❌ Not Interested
          </button>
        </div>
        <div
          class="flex flex-wrap gap-3"
        >
          <button
            class="flex-1 min-w-[120px] p-3 bg-white hover:bg-gray-50 disabled:opacity-50 text-gray-700 border border-gray-300 rounded-md text-sm font-medium transition-all hover:shadow-sm"
            disabled=""
          >
            📧 Send Email
          </button>
          <button
            class="flex-1 min-w-[120px] p-3 bg-white hover:bg-gray-50 disabled:opacity-50 text-gray-700 border border-gray-300 rounded-md text-sm font-medium transition-all hover:shadow-sm"
            disabled=""
          >
            🔄 Loading...
          </button>
          <button
            class="flex-1 min-w-[120px] p-3 bg-white hover:bg-gray-50 disabled:opacity-50 text-gray-700 border border-gray-300 rounded-md text-sm font-medium transition-all hover:shadow-sm"
            disabled=""
          >
            📞 Call Log
          </button>
        </div>
        <div
          class="text-center text-xs text-gray-500 mt-2"
        >
          API Status:
          <span
            class="ml-1 font-semibold text-orange-600"
          >
            🟡 Offline Mode
          </span>
        </div>
      </div>
    </div>
  </div>
</body>
    at Object.getElementError (/Users/sherwingorechomante/coldcaller/frontend/node_modules/@testing-library/dom/dist/config.js:37:19)
    at /Users/sherwingorechomante/coldcaller/frontend/node_modules/@testing-library/dom/dist/query-helpers.js:76:38
    at /Users/sherwingorechomante/coldcaller/frontend/node_modules/@testing-library/dom/dist/query-helpers.js:52:17
    at getByText (/Users/sherwingorechomante/coldcaller/frontend/node_modules/@testing-library/dom/dist/query-helpers.js:95:19)
    at Object.<anonymous> (/Users/sherwingorechomante/coldcaller/frontend/src/components/__tests__/LeadPanel.test.js:16:19)
    at Promise.then.completed (/Users/sherwingorechomante/coldcaller/frontend/node_modules/jest-circus/build/utils.js:391:28)
    at new Promise (<anonymous>)
    at callAsyncCircusFn (/Users/sherwingorechomante/coldcaller/frontend/node_modules/jest-circus/build/utils.js:316:10)
    at _callCircusTest (/Users/sherwingorechomante/coldcaller/frontend/node_modules/jest-circus/build/run.js:218:40)
    at processTicksAndRejections (node:internal/process/task_queues:105:5)
    at _runTest (/Users/sherwingorechomante/coldcaller/frontend/node_modules/jest-circus/build/run.js:155:3)
    at _runTestsForDescribeBlock (/Users/sherwingorechomante/coldcaller/frontend/node_modules/jest-circus/build/run.js:66:9)
    at _runTestsForDescribeBlock (/Users/sherwingorechomante/coldcaller/frontend/node_modules/jest-circus/build/run.js:60:9)
    at run (/Users/sherwingorechomante/coldcaller/frontend/node_modules/jest-circus/build/run.js:25:3)
    at runAndTransformResultsToJestFormat (/Users/sherwingorechomante/coldcaller/frontend/node_modules/jest-circus/build/legacy-code-todo-rewrite/jestAdapterInit.js:170:21)
    at jestAdapter (/Users/sherwingorechomante/coldcaller/frontend/node_modules/jest-circus/build/legacy-code-todo-rewrite/jestAdapter.js:82:19)
    at runTestInternal (/Users/sherwingorechomante/coldcaller/frontend/node_modules/jest-runner/build/runTest.js:389:16)
    at runTest (/Users/sherwingorechomante/coldcaller/frontend/node_modules/jest-runner/build/runTest.js:475:34)
    at Object.worker (/Users/sherwingorechomante/coldcaller/frontend/node_modules/jest-runner/build/testWorker.js:133:12)]]></failure>
    </testCase>
    <testCase name="LeadPanel Component navigation buttons work correctly" duration="6">
      <failure message="TestingLibraryElementError: Unable to find an element with the text: Lead 1 of 3. This could be because the text is broken up by multiple elements. In this case, you can provide a function for your text matcher to make your matcher more flexible."><![CDATA[TestingLibraryElementError: Unable to find an element with the text: Lead 1 of 3. This could be because the text is broken up by multiple elements. In this case, you can provide a function for your text matcher to make your matcher more flexible.

Ignored nodes: comments, script, style
<body>
  <div>
    <div
      class="card max-w-md m-3"
    >
      <div
        class="text-center mb-4"
      >
        <h2
          class="text-xl font-semibold text-gray-800"
        >
          Current Lead
        </h2>
        <div
          class="text-sm text-blue-600 mt-1"
        >
          🔄 Loading leads...
        </div>
      </div>
      <div
        class="flex justify-between items-center mb-5 p-3 bg-white rounded-lg shadow-sm"
      >
        <button
          class="btn-primary text-sm py-2 px-4 opacity-50 cursor-not-allowed transition-colors"
          disabled=""
        >
          ⬅️ Previous
        </button>
        <span
          class="text-sm font-semibold text-gray-600"
        >
          Lead 
          1
           of 
          0
          <span
            class="ml-2 text-xs text-orange-600"
          >
            (Offline)
          </span>
        </span>
        <button
          class="btn-primary text-sm py-2 px-4 opacity-50 cursor-not-allowed transition-colors"
          disabled=""
        >
          Next ➡️
        </button>
      </div>
      <div
        class="bg-white rounded-lg shadow-soft p-6 relative mb-5"
      >
        <div
          class="absolute top-3 right-3 px-3 py-1 text-white text-xs font-bold rounded-full transition-colors bg-blue-500"
        >
          New
        </div>
        <div
          class="mb-5"
        >
          <div
            class="flex mb-3 text-sm"
          >
            <span
              class="w-28 font-semibold text-gray-600"
            >
              👤 Name:
            </span>
            <span
              class="flex-1 text-gray-800"
            >
              John Smith
            </span>
          </div>
          <div
            class="flex mb-3 text-sm"
          >
            <span
              class="w-28 font-semibold text-gray-600"
            >
              🏢 Company:
            </span>
            <span
              class="flex-1 text-gray-800"
            >
              Tech Solutions Inc.
            </span>
          </div>
          <div
            class="flex mb-3 text-sm"
          >
            <span
              class="w-28 font-semibold text-gray-600"
            >
              📞 Phone:
            </span>
            <span
              class="flex-1 text-gray-800"
            >
              (555) 123-4567
            </span>
          </div>
          <div
            class="flex mb-3 text-sm"
          >
            <span
              class="w-28 font-semibold text-gray-600"
            >
              ✉️ Email:
            </span>
            <span
              class="flex-1 text-gray-800"
            >
              john@techsolutions.com
            </span>
          </div>
          <div
            class="flex mb-3 text-sm"
          >
            <span
              class="w-28 font-semibold text-gray-600"
            >
              📅 Last Contact:
            </span>
            <span
              class="flex-1 text-gray-800"
            >
              Never
            </span>
          </div>
        </div>
        <div
          class="border-t border-gray-200 pt-4"
        >
          <div
            class="flex justify-between items-center mb-3"
          >
            <span
              class="font-semibold text-sm text-gray-600"
            >
              📝 Notes:
            </span>
            <button
              class="btn-secondary text-xs py-1 px-3 hover:bg-blue-600 transition-colors"
            >
              ✏️ Edit
            </button>
          </div>
          <div
            class="p-3 bg-gray-50 rounded-md text-sm leading-relaxed text-gray-800"
          >
            Interested in cloud services
          </div>
        </div>
      </div>
      <div
        class="space-y-3"
      >
        <div
          class="flex flex-wrap gap-2"
        >
          <button
            class="flex-1 min-w-[100px] p-2 bg-orange-500 hover:bg-orange-600 disabled:opacity-50 disabled:cursor-not-allowed text-white rounded-md text-xs font-medium transition-colors"
            disabled=""
          >
            📅 Follow-up
          </button>
          <button
            class="flex-1 min-w-[100px] p-2 bg-green-500 hover:bg-green-600 disabled:opacity-50 disabled:cursor-not-allowed text-white rounded-md text-xs font-medium transition-colors"
            disabled=""
          >
            ✅ Qualified
          </button>
          <button
            class="flex-1 min-w-[100px] p-2 bg-red-500 hover:bg-red-600 disabled:opacity-50 disabled:cursor-not-allowed text-white rounded-md text-xs font-medium transition-colors"
            disabled=""
          >
            ❌ Not Interested
          </button>
        </div>
        <div
          class="flex flex-wrap gap-3"
        >
          <button
            class="flex-1 min-w-[120px] p-3 bg-white hover:bg-gray-50 disabled:opacity-50 text-gray-700 border border-gray-300 rounded-md text-sm font-medium transition-all hover:shadow-sm"
            disabled=""
          >
            📧 Send Email
          </button>
          <button
            class="flex-1 min-w-[120px] p-3 bg-white hover:bg-gray-50 disabled:opacity-50 text-gray-700 border border-gray-300 rounded-md text-sm font-medium transition-all hover:shadow-sm"
            disabled=""
          >
            🔄 Loading...
          </button>
          <button
            class="flex-1 min-w-[120px] p-3 bg-white hover:bg-gray-50 disabled:opacity-50 text-gray-700 border border-gray-300 rounded-md text-sm font-medium transition-all hover:shadow-sm"
            disabled=""
          >
            📞 Call Log
          </button>
        </div>
        <div
          class="text-center text-xs text-gray-500 mt-2"
        >
          API Status:
          <span
            class="ml-1 font-semibold text-orange-600"
          >
            🟡 Offline Mode
          </span>
        </div>
      </div>
    </div>
  </div>
</body>
    at Object.getElementError (/Users/sherwingorechomante/coldcaller/frontend/node_modules/@testing-library/dom/dist/config.js:37:19)
    at /Users/sherwingorechomante/coldcaller/frontend/node_modules/@testing-library/dom/dist/query-helpers.js:76:38
    at /Users/sherwingorechomante/coldcaller/frontend/node_modules/@testing-library/dom/dist/query-helpers.js:52:17
    at getByText (/Users/sherwingorechomante/coldcaller/frontend/node_modules/@testing-library/dom/dist/query-helpers.js:95:19)
    at Object.<anonymous> (/Users/sherwingorechomante/coldcaller/frontend/src/components/__tests__/LeadPanel.test.js:38:19)
    at Promise.then.completed (/Users/sherwingorechomante/coldcaller/frontend/node_modules/jest-circus/build/utils.js:391:28)
    at new Promise (<anonymous>)
    at callAsyncCircusFn (/Users/sherwingorechomante/coldcaller/frontend/node_modules/jest-circus/build/utils.js:316:10)
    at _callCircusTest (/Users/sherwingorechomante/coldcaller/frontend/node_modules/jest-circus/build/run.js:218:40)
    at processTicksAndRejections (node:internal/process/task_queues:105:5)
    at _runTest (/Users/sherwingorechomante/coldcaller/frontend/node_modules/jest-circus/build/run.js:155:3)
    at _runTestsForDescribeBlock (/Users/sherwingorechomante/coldcaller/frontend/node_modules/jest-circus/build/run.js:66:9)
    at _runTestsForDescribeBlock (/Users/sherwingorechomante/coldcaller/frontend/node_modules/jest-circus/build/run.js:60:9)
    at run (/Users/sherwingorechomante/coldcaller/frontend/node_modules/jest-circus/build/run.js:25:3)
    at runAndTransformResultsToJestFormat (/Users/sherwingorechomante/coldcaller/frontend/node_modules/jest-circus/build/legacy-code-todo-rewrite/jestAdapterInit.js:170:21)
    at jestAdapter (/Users/sherwingorechomante/coldcaller/frontend/node_modules/jest-circus/build/legacy-code-todo-rewrite/jestAdapter.js:82:19)
    at runTestInternal (/Users/sherwingorechomante/coldcaller/frontend/node_modules/jest-runner/build/runTest.js:389:16)
    at runTest (/Users/sherwingorechomante/coldcaller/frontend/node_modules/jest-runner/build/runTest.js:475:34)
    at Object.worker (/Users/sherwingorechomante/coldcaller/frontend/node_modules/jest-runner/build/testWorker.js:133:12)]]></failure>
    </testCase>
    <testCase name="LeadPanel Component previous button is disabled on first lead" duration="13"/>
    <testCase name="LeadPanel Component next button is disabled on last lead" duration="66"/>
    <testCase name="LeadPanel Component edit notes functionality works" duration="51"/>
    <testCase name="LeadPanel Component saving notes updates the display" duration="203">
      <failure message="Error: expect(jest.fn()).toHaveBeenCalledWith(...expected)"><![CDATA[Error: expect(jest.fn()).toHaveBeenCalledWith(...expected)

Expected: "Saving notes:", "New test notes"
Received: "💾 Notes saved locally (API unavailable)"

Number of calls: 1
    at Object.<anonymous> (/Users/sherwingorechomante/coldcaller/frontend/src/components/__tests__/LeadPanel.test.js:118:24)]]></failure>
    </testCase>
    <testCase name="LeadPanel Component canceling edit reverts changes" duration="403"/>
    <testCase name="LeadPanel Component status badges have correct colors" duration="26">
      <failure message="TestingLibraryElementError: Unable to find an element with the text: Follow-up. This could be because the text is broken up by multiple elements. In this case, you can provide a function for your text matcher to make your matcher more flexible."><![CDATA[TestingLibraryElementError: Unable to find an element with the text: Follow-up. This could be because the text is broken up by multiple elements. In this case, you can provide a function for your text matcher to make your matcher more flexible.

Ignored nodes: comments, script, style
<body>
  <div>
    <div
      class="card max-w-md m-3"
    >
      <div
        class="text-center mb-4"
      >
        <h2
          class="text-xl font-semibold text-gray-800"
        >
          Current Lead
        </h2>
        <div
          class="text-sm text-blue-600 mt-1"
        >
          🔄 Loading leads...
        </div>
      </div>
      <div
        class="flex justify-between items-center mb-5 p-3 bg-white rounded-lg shadow-sm"
      >
        <button
          class="btn-primary text-sm py-2 px-4 opacity-50 cursor-not-allowed transition-colors"
          disabled=""
        >
          ⬅️ Previous
        </button>
        <span
          class="text-sm font-semibold text-gray-600"
        >
          Lead 
          1
           of 
          0
          <span
            class="ml-2 text-xs text-orange-600"
          >
            (Offline)
          </span>
        </span>
        <button
          class="btn-primary text-sm py-2 px-4 opacity-50 cursor-not-allowed transition-colors"
          disabled=""
        >
          Next ➡️
        </button>
      </div>
      <div
        class="bg-white rounded-lg shadow-soft p-6 relative mb-5"
      >
        <div
          class="absolute top-3 right-3 px-3 py-1 text-white text-xs font-bold rounded-full transition-colors bg-blue-500"
        >
          New
        </div>
        <div
          class="mb-5"
        >
          <div
            class="flex mb-3 text-sm"
          >
            <span
              class="w-28 font-semibold text-gray-600"
            >
              👤 Name:
            </span>
            <span
              class="flex-1 text-gray-800"
            >
              John Smith
            </span>
          </div>
          <div
            class="flex mb-3 text-sm"
          >
            <span
              class="w-28 font-semibold text-gray-600"
            >
              🏢 Company:
            </span>
            <span
              class="flex-1 text-gray-800"
            >
              Tech Solutions Inc.
            </span>
          </div>
          <div
            class="flex mb-3 text-sm"
          >
            <span
              class="w-28 font-semibold text-gray-600"
            >
              📞 Phone:
            </span>
            <span
              class="flex-1 text-gray-800"
            >
              (555) 123-4567
            </span>
          </div>
          <div
            class="flex mb-3 text-sm"
          >
            <span
              class="w-28 font-semibold text-gray-600"
            >
              ✉️ Email:
            </span>
            <span
              class="flex-1 text-gray-800"
            >
              john@techsolutions.com
            </span>
          </div>
          <div
            class="flex mb-3 text-sm"
          >
            <span
              class="w-28 font-semibold text-gray-600"
            >
              📅 Last Contact:
            </span>
            <span
              class="flex-1 text-gray-800"
            >
              Never
            </span>
          </div>
        </div>
        <div
          class="border-t border-gray-200 pt-4"
        >
          <div
            class="flex justify-between items-center mb-3"
          >
            <span
              class="font-semibold text-sm text-gray-600"
            >
              📝 Notes:
            </span>
            <button
              class="btn-secondary text-xs py-1 px-3 hover:bg-blue-600 transition-colors"
            >
              ✏️ Edit
            </button>
          </div>
          <div
            class="p-3 bg-gray-50 rounded-md text-sm leading-relaxed text-gray-800"
          >
            Interested in cloud services
          </div>
        </div>
      </div>
      <div
        class="space-y-3"
      >
        <div
          class="flex flex-wrap gap-2"
        >
          <button
            class="flex-1 min-w-[100px] p-2 bg-orange-500 hover:bg-orange-600 disabled:opacity-50 disabled:cursor-not-allowed text-white rounded-md text-xs font-medium transition-colors"
            disabled=""
          >
            📅 Follow-up
          </button>
          <button
            class="flex-1 min-w-[100px] p-2 bg-green-500 hover:bg-green-600 disabled:opacity-50 disabled:cursor-not-allowed text-white rounded-md text-xs font-medium transition-colors"
            disabled=""
          >
            ✅ Qualified
          </button>
          <button
            class="flex-1 min-w-[100px] p-2 bg-red-500 hover:bg-red-600 disabled:opacity-50 disabled:cursor-not-allowed text-white rounded-md text-xs font-medium transition-colors"
            disabled=""
          >
            ❌ Not Interested
          </button>
        </div>
        <div
          class="flex flex-wrap gap-3"
        >
          <button
            class="flex-1 min-w-[120px] p-3 bg-white hover:bg-gray-50 disabled:opacity-50 text-gray-700 border border-gray-300 rounded-md text-sm font-medium transition-all hover:shadow-sm"
            disabled=""
          >
            📧 Send Email
          </button>
          <button
            class="flex-1 min-w-[120px] p-3 bg-white hover:bg-gray-50 disabled:opacity-50 text-gray-700 border border-gray-300 rounded-md text-sm font-medium transition-all hover:shadow-sm"
            disabled=""
          >
            🔄 Loading...
          </button>
          <button
            class="flex-1 min-w-[120px] p-3 bg-white hover:bg-gray-50 disabled:opacity-50 text-gray-700 border border-gray-300 rounded-md text-sm font-medium transition-all hover:shadow-sm"
            disabled=""
          >
            📞 Call Log
          </button>
        </div>
        <div
          class="text-center text-xs text-gray-500 mt-2"
        >
          API Status:
          <span
            class="ml-1 font-semibold text-orange-600"
          >
            🟡 Offline Mode
          </span>
        </div>
      </div>
    </div>
  </div>
</body>
    at Object.getElementError (/Users/sherwingorechomante/coldcaller/frontend/node_modules/@testing-library/dom/dist/config.js:37:19)
    at /Users/sherwingorechomante/coldcaller/frontend/node_modules/@testing-library/dom/dist/query-helpers.js:76:38
    at /Users/sherwingorechomante/coldcaller/frontend/node_modules/@testing-library/dom/dist/query-helpers.js:52:17
    at getByText (/Users/sherwingorechomante/coldcaller/frontend/node_modules/@testing-library/dom/dist/query-helpers.js:95:19)
    at Object.<anonymous> (/Users/sherwingorechomante/coldcaller/frontend/src/components/__tests__/LeadPanel.test.js:162:26)]]></failure>
    </testCase>
    <testCase name="LeadPanel Component all lead information fields are displayed" duration="5"/>
    <testCase name="LeadPanel Component navigating leads clears edit mode" duration="46">
      <failure message="Error: expect(element).not.toBeInTheDocument()"><![CDATA[Error: expect(element).not.toBeInTheDocument()

expected document not to contain element, found <textarea class="input-field text-sm resize-y" placeholder="Enter your notes about this lead..." rows="4">Interested in cloud services</textarea> instead
    at Object.<anonymous> (/Users/sherwingorechomante/coldcaller/frontend/src/components/__tests__/LeadPanel.test.js:199:47)]]></failure>
    </testCase>
    <testCase name="LeadPanel Component empty notes show placeholder text" duration="49"/>
    <testCase name="LeadPanel Component quick action buttons are clickable" duration="6">
      <failure message="TestingLibraryElementError: Unable to find an element with the text: 📅 Schedule Follow-up. This could be because the text is broken up by multiple elements. In this case, you can provide a function for your text matcher to make your matcher more flexible."><![CDATA[TestingLibraryElementError: Unable to find an element with the text: 📅 Schedule Follow-up. This could be because the text is broken up by multiple elements. In this case, you can provide a function for your text matcher to make your matcher more flexible.

Ignored nodes: comments, script, style
<body>
  <div>
    <div
      class="card max-w-md m-3"
    >
      <div
        class="text-center mb-4"
      >
        <h2
          class="text-xl font-semibold text-gray-800"
        >
          Current Lead
        </h2>
        <div
          class="text-sm text-blue-600 mt-1"
        >
          🔄 Loading leads...
        </div>
      </div>
      <div
        class="flex justify-between items-center mb-5 p-3 bg-white rounded-lg shadow-sm"
      >
        <button
          class="btn-primary text-sm py-2 px-4 opacity-50 cursor-not-allowed transition-colors"
          disabled=""
        >
          ⬅️ Previous
        </button>
        <span
          class="text-sm font-semibold text-gray-600"
        >
          Lead 
          1
           of 
          0
          <span
            class="ml-2 text-xs text-orange-600"
          >
            (Offline)
          </span>
        </span>
        <button
          class="btn-primary text-sm py-2 px-4 opacity-50 cursor-not-allowed transition-colors"
          disabled=""
        >
          Next ➡️
        </button>
      </div>
      <div
        class="bg-white rounded-lg shadow-soft p-6 relative mb-5"
      >
        <div
          class="absolute top-3 right-3 px-3 py-1 text-white text-xs font-bold rounded-full transition-colors bg-blue-500"
        >
          New
        </div>
        <div
          class="mb-5"
        >
          <div
            class="flex mb-3 text-sm"
          >
            <span
              class="w-28 font-semibold text-gray-600"
            >
              👤 Name:
            </span>
            <span
              class="flex-1 text-gray-800"
            >
              John Smith
            </span>
          </div>
          <div
            class="flex mb-3 text-sm"
          >
            <span
              class="w-28 font-semibold text-gray-600"
            >
              🏢 Company:
            </span>
            <span
              class="flex-1 text-gray-800"
            >
              Tech Solutions Inc.
            </span>
          </div>
          <div
            class="flex mb-3 text-sm"
          >
            <span
              class="w-28 font-semibold text-gray-600"
            >
              📞 Phone:
            </span>
            <span
              class="flex-1 text-gray-800"
            >
              (555) 123-4567
            </span>
          </div>
          <div
            class="flex mb-3 text-sm"
          >
            <span
              class="w-28 font-semibold text-gray-600"
            >
              ✉️ Email:
            </span>
            <span
              class="flex-1 text-gray-800"
            >
              john@techsolutions.com
            </span>
          </div>
          <div
            class="flex mb-3 text-sm"
          >
            <span
              class="w-28 font-semibold text-gray-600"
            >
              📅 Last Contact:
            </span>
            <span
              class="flex-1 text-gray-800"
            >
              Never
            </span>
          </div>
        </div>
        <div
          class="border-t border-gray-200 pt-4"
        >
          <div
            class="flex justify-between items-center mb-3"
          >
            <span
              class="font-semibold text-sm text-gray-600"
            >
              📝 Notes:
            </span>
            <button
              class="btn-secondary text-xs py-1 px-3 hover:bg-blue-600 transition-colors"
            >
              ✏️ Edit
            </button>
          </div>
          <div
            class="p-3 bg-gray-50 rounded-md text-sm leading-relaxed text-gray-800"
          >
            Interested in cloud services
          </div>
        </div>
      </div>
      <div
        class="space-y-3"
      >
        <div
          class="flex flex-wrap gap-2"
        >
          <button
            class="flex-1 min-w-[100px] p-2 bg-orange-500 hover:bg-orange-600 disabled:opacity-50 disabled:cursor-not-allowed text-white rounded-md text-xs font-medium transition-colors"
            disabled=""
          >
            📅 Follow-up
          </button>
          <button
            class="flex-1 min-w-[100px] p-2 bg-green-500 hover:bg-green-600 disabled:opacity-50 disabled:cursor-not-allowed text-white rounded-md text-xs font-medium transition-colors"
            disabled=""
          >
            ✅ Qualified
          </button>
          <button
            class="flex-1 min-w-[100px] p-2 bg-red-500 hover:bg-red-600 disabled:opacity-50 disabled:cursor-not-allowed text-white rounded-md text-xs font-medium transition-colors"
            disabled=""
          >
            ❌ Not Interested
          </button>
        </div>
        <div
          class="flex flex-wrap gap-3"
        >
          <button
            class="flex-1 min-w-[120px] p-3 bg-white hover:bg-gray-50 disabled:opacity-50 text-gray-700 border border-gray-300 rounded-md text-sm font-medium transition-all hover:shadow-sm"
            disabled=""
          >
            📧 Send Email
          </button>
          <button
            class="flex-1 min-w-[120px] p-3 bg-white hover:bg-gray-50 disabled:opacity-50 text-gray-700 border border-gray-300 rounded-md text-sm font-medium transition-all hover:shadow-sm"
            disabled=""
          >
            🔄 Loading...
          </button>
          <button
            class="flex-1 min-w-[120px] p-3 bg-white hover:bg-gray-50 disabled:opacity-50 text-gray-700 border border-gray-300 rounded-md text-sm font-medium transition-all hover:shadow-sm"
            disabled=""
          >
            📞 Call Log
          </button>
        </div>
        <div
          class="text-center text-xs text-gray-500 mt-2"
        >
          API Status:
          <span
            class="ml-1 font-semibold text-orange-600"
          >
            🟡 Offline Mode
          </span>
        </div>
      </div>
    </div>
  </div>
</body>
    at Object.getElementError (/Users/sherwingorechomante/coldcaller/frontend/node_modules/@testing-library/dom/dist/config.js:37:19)
    at /Users/sherwingorechomante/coldcaller/frontend/node_modules/@testing-library/dom/dist/query-helpers.js:76:38
    at /Users/sherwingorechomante/coldcaller/frontend/node_modules/@testing-library/dom/dist/query-helpers.js:52:17
    at getByText (/Users/sherwingorechomante/coldcaller/frontend/node_modules/@testing-library/dom/dist/query-helpers.js:95:19)
    at Object.<anonymous> (/Users/sherwingorechomante/coldcaller/frontend/src/components/__tests__/LeadPanel.test.js:223:35)
    at Promise.then.completed (/Users/sherwingorechomante/coldcaller/frontend/node_modules/jest-circus/build/utils.js:391:28)
    at new Promise (<anonymous>)
    at callAsyncCircusFn (/Users/sherwingorechomante/coldcaller/frontend/node_modules/jest-circus/build/utils.js:316:10)
    at _callCircusTest (/Users/sherwingorechomante/coldcaller/frontend/node_modules/jest-circus/build/run.js:218:40)
    at _runTest (/Users/sherwingorechomante/coldcaller/frontend/node_modules/jest-circus/build/run.js:155:3)
    at _runTestsForDescribeBlock (/Users/sherwingorechomante/coldcaller/frontend/node_modules/jest-circus/build/run.js:66:9)
    at _runTestsForDescribeBlock (/Users/sherwingorechomante/coldcaller/frontend/node_modules/jest-circus/build/run.js:60:9)
    at run (/Users/sherwingorechomante/coldcaller/frontend/node_modules/jest-circus/build/run.js:25:3)
    at runAndTransformResultsToJestFormat (/Users/sherwingorechomante/coldcaller/frontend/node_modules/jest-circus/build/legacy-code-todo-rewrite/jestAdapterInit.js:170:21)
    at jestAdapter (/Users/sherwingorechomante/coldcaller/frontend/node_modules/jest-circus/build/legacy-code-todo-rewrite/jestAdapter.js:82:19)
    at runTestInternal (/Users/sherwingorechomante/coldcaller/frontend/node_modules/jest-runner/build/runTest.js:389:16)
    at runTest (/Users/sherwingorechomante/coldcaller/frontend/node_modules/jest-runner/build/runTest.js:475:34)
    at Object.worker (/Users/sherwingorechomante/coldcaller/frontend/node_modules/jest-runner/build/testWorker.js:133:12)]]></failure>
    </testCase>
  </file>
  <file path="/Users/sherwingorechomante/coldcaller/frontend/src/components/__tests__/AudioClipPlayer.test.js">
    <testCase name="AudioClipPlayer Component renders audio clip player with all elements" duration="17">
      <failure message="TestingLibraryElementError: Unable to find an element with the text: Greetings. This could be because the text is broken up by multiple elements. In this case, you can provide a function for your text matcher to make your matcher more flexible."><![CDATA[TestingLibraryElementError: Unable to find an element with the text: Greetings. This could be because the text is broken up by multiple elements. In this case, you can provide a function for your text matcher to make your matcher more flexible.

Ignored nodes: comments, script, style
<body>
  <div>
    <div
      class="card max-w-md mx-2.5"
    >
      <div
        class="text-center mb-4"
      >
        <h2
          class="text-slate-800 text-lg font-semibold"
        >
          Audio Clips
        </h2>
        <div
          class="text-sm text-blue-600 mt-1"
        >
          🔄 Loading audio clips...
        </div>
        <div
          class="text-xs text-gray-500 mt-1"
        >
          API: 
          <span
            class="font-semibold text-orange-600"
          >
            🟡 Offline
          </span>
        </div>
      </div>
      <div
        class="flex gap-1 mb-5 border-b-2 border-gray-200 pb-2.5"
      >
        <div
          class="text-center text-gray-500 py-2"
        >
          🔄 Loading...
        </div>
      </div>
      <div
        class="max-h-80 overflow-y-auto"
      >
        <div
          class="text-center text-gray-500 py-8"
        >
          🔄 Loading audio clips...
        </div>
      </div>
      <div
        class="space-y-3 mt-4"
      >
        <div
          class="flex gap-2"
        >
          <button
            class="flex-1 px-3 py-2 bg-blue-100 hover:bg-blue-200 disabled:opacity-50 text-blue-700 rounded-md text-sm font-medium transition-colors"
            disabled=""
          >
            🔄 Loading...
          </button>
          <button
            class="px-3 py-2 text-sm font-medium rounded-md transition-colors bg-gray-100 text-gray-700 hover:bg-gray-200 disabled:opacity-50"
            disabled=""
          >
            📊 Visualizer
          </button>
        </div>
        <div
          class="flex gap-2"
        >
          <button
            class="flex-1 px-3 py-2 text-sm font-medium rounded-md transition-colors bg-gray-100 text-gray-700 hover:bg-gray-200"
          >
            📚 Library
          </button>
          <button
            class="flex-1 px-3 py-2 bg-red-100 hover:bg-red-200 disabled:opacity-50 text-red-700 rounded-md text-sm font-medium transition-colors"
            disabled=""
            title="Web Audio API required for recording"
          >
            🎤 Record
          </button>
        </div>
      </div>
      <div
        class="mt-4 space-y-3"
      >
        <div
          class="p-3 bg-orange-50 rounded-md text-sm text-gray-600 leading-relaxed"
        >
          💡 
          <strong>
            Audio Controls:
          </strong>
          <div
            class="mt-1 text-xs space-y-1"
          >
            <div>
              • 
              <kbd
                class="bg-gray-200 px-1 rounded"
              >
                Space
              </kbd>
               - Play/Pause first clip
            </div>
            <div>
              • 
              <kbd
                class="bg-gray-200 px-1 rounded"
              >
                ↑/↓
              </kbd>
               - Volume control
            </div>
            <div>
              • 
              <kbd
                class="bg-gray-200 px-1 rounded"
              >
                Esc
              </kbd>
               - Stop playback
            </div>
            <div>
              • 🔄 HTML5 Audio fallback mode
            </div>
          </div>
          <div
            class="mt-2 text-xs text-orange-700"
          >
            ⚠️ Offline mode - audio playback simulated
          </div>
        </div>
        <div
          class="p-3 bg-gray-50 rounded-md text-xs"
        >
          <div
            class="grid grid-cols-2 gap-2"
          >
            <div
              class="flex items-center justify-between"
            >
              <span>
                Web Audio API:
              </span>
              <span
                class="text-red-600"
              >
                ❌ Not available
              </span>
            </div>
            <div
              class="flex items-center justify-between"
            >
              <span>
                Recording:
              </span>
              <span
                class="text-red-600"
              >
                ❌ Not supported
              </span>
            </div>
          </div>
        </div>
      </div>
    </div>
  </div>
</body>
    at Object.getElementError (/Users/sherwingorechomante/coldcaller/frontend/node_modules/@testing-library/dom/dist/config.js:37:19)
    at /Users/sherwingorechomante/coldcaller/frontend/node_modules/@testing-library/dom/dist/query-helpers.js:76:38
    at /Users/sherwingorechomante/coldcaller/frontend/node_modules/@testing-library/dom/dist/query-helpers.js:52:17
    at getByText (/Users/sherwingorechomante/coldcaller/frontend/node_modules/@testing-library/dom/dist/query-helpers.js:95:19)
    at Object.<anonymous> (/Users/sherwingorechomante/coldcaller/frontend/src/components/__tests__/AudioClipPlayer.test.js:14:19)
    at Promise.then.completed (/Users/sherwingorechomante/coldcaller/frontend/node_modules/jest-circus/build/utils.js:391:28)
    at new Promise (<anonymous>)
    at callAsyncCircusFn (/Users/sherwingorechomante/coldcaller/frontend/node_modules/jest-circus/build/utils.js:316:10)
    at _callCircusTest (/Users/sherwingorechomante/coldcaller/frontend/node_modules/jest-circus/build/run.js:218:40)
    at processTicksAndRejections (node:internal/process/task_queues:105:5)
    at _runTest (/Users/sherwingorechomante/coldcaller/frontend/node_modules/jest-circus/build/run.js:155:3)
    at _runTestsForDescribeBlock (/Users/sherwingorechomante/coldcaller/frontend/node_modules/jest-circus/build/run.js:66:9)
    at _runTestsForDescribeBlock (/Users/sherwingorechomante/coldcaller/frontend/node_modules/jest-circus/build/run.js:60:9)
    at run (/Users/sherwingorechomante/coldcaller/frontend/node_modules/jest-circus/build/run.js:25:3)
    at runAndTransformResultsToJestFormat (/Users/sherwingorechomante/coldcaller/frontend/node_modules/jest-circus/build/legacy-code-todo-rewrite/jestAdapterInit.js:170:21)
    at jestAdapter (/Users/sherwingorechomante/coldcaller/frontend/node_modules/jest-circus/build/legacy-code-todo-rewrite/jestAdapter.js:82:19)
    at runTestInternal (/Users/sherwingorechomante/coldcaller/frontend/node_modules/jest-runner/build/runTest.js:389:16)
    at runTest (/Users/sherwingorechomante/coldcaller/frontend/node_modules/jest-runner/build/runTest.js:475:34)
    at Object.worker (/Users/sherwingorechomante/coldcaller/frontend/node_modules/jest-runner/build/testWorker.js:133:12)]]></failure>
    </testCase>
    <testCase name="AudioClipPlayer Component switching categories shows different clips" duration="4">
      <failure message="TestingLibraryElementError: Unable to find an element with the text: Professional Intro. This could be because the text is broken up by multiple elements. In this case, you can provide a function for your text matcher to make your matcher more flexible."><![CDATA[TestingLibraryElementError: Unable to find an element with the text: Professional Intro. This could be because the text is broken up by multiple elements. In this case, you can provide a function for your text matcher to make your matcher more flexible.

Ignored nodes: comments, script, style
<body>
  <div>
    <div
      class="card max-w-md mx-2.5"
    >
      <div
        class="text-center mb-4"
      >
        <h2
          class="text-slate-800 text-lg font-semibold"
        >
          Audio Clips
        </h2>
        <div
          class="text-sm text-blue-600 mt-1"
        >
          🔄 Loading audio clips...
        </div>
        <div
          class="text-xs text-gray-500 mt-1"
        >
          API: 
          <span
            class="font-semibold text-orange-600"
          >
            🟡 Offline
          </span>
        </div>
      </div>
      <div
        class="flex gap-1 mb-5 border-b-2 border-gray-200 pb-2.5"
      >
        <div
          class="text-center text-gray-500 py-2"
        >
          🔄 Loading...
        </div>
      </div>
      <div
        class="max-h-80 overflow-y-auto"
      >
        <div
          class="text-center text-gray-500 py-8"
        >
          🔄 Loading audio clips...
        </div>
      </div>
      <div
        class="space-y-3 mt-4"
      >
        <div
          class="flex gap-2"
        >
          <button
            class="flex-1 px-3 py-2 bg-blue-100 hover:bg-blue-200 disabled:opacity-50 text-blue-700 rounded-md text-sm font-medium transition-colors"
            disabled=""
          >
            🔄 Loading...
          </button>
          <button
            class="px-3 py-2 text-sm font-medium rounded-md transition-colors bg-gray-100 text-gray-700 hover:bg-gray-200 disabled:opacity-50"
            disabled=""
          >
            📊 Visualizer
          </button>
        </div>
        <div
          class="flex gap-2"
        >
          <button
            class="flex-1 px-3 py-2 text-sm font-medium rounded-md transition-colors bg-gray-100 text-gray-700 hover:bg-gray-200"
          >
            📚 Library
          </button>
          <button
            class="flex-1 px-3 py-2 bg-red-100 hover:bg-red-200 disabled:opacity-50 text-red-700 rounded-md text-sm font-medium transition-colors"
            disabled=""
            title="Web Audio API required for recording"
          >
            🎤 Record
          </button>
        </div>
      </div>
      <div
        class="mt-4 space-y-3"
      >
        <div
          class="p-3 bg-orange-50 rounded-md text-sm text-gray-600 leading-relaxed"
        >
          💡 
          <strong>
            Audio Controls:
          </strong>
          <div
            class="mt-1 text-xs space-y-1"
          >
            <div>
              • 
              <kbd
                class="bg-gray-200 px-1 rounded"
              >
                Space
              </kbd>
               - Play/Pause first clip
            </div>
            <div>
              • 
              <kbd
                class="bg-gray-200 px-1 rounded"
              >
                ↑/↓
              </kbd>
               - Volume control
            </div>
            <div>
              • 
              <kbd
                class="bg-gray-200 px-1 rounded"
              >
                Esc
              </kbd>
               - Stop playback
            </div>
            <div>
              • 🔄 HTML5 Audio fallback mode
            </div>
          </div>
          <div
            class="mt-2 text-xs text-orange-700"
          >
            ⚠️ Offline mode - audio playback simulated
          </div>
        </div>
        <div
          class="p-3 bg-gray-50 rounded-md text-xs"
        >
          <div
            class="grid grid-cols-2 gap-2"
          >
            <div
              class="flex items-center justify-between"
            >
              <span>
                Web Audio API:
              </span>
              <span
                class="text-red-600"
              >
                ❌ Not available
              </span>
            </div>
            <div
              class="flex items-center justify-between"
            >
              <span>
                Recording:
              </span>
              <span
                class="text-red-600"
              >
                ❌ Not supported
              </span>
            </div>
          </div>
        </div>
      </div>
    </div>
  </div>
</body>
    at Object.getElementError (/Users/sherwingorechomante/coldcaller/frontend/node_modules/@testing-library/dom/dist/config.js:37:19)
    at /Users/sherwingorechomante/coldcaller/frontend/node_modules/@testing-library/dom/dist/query-helpers.js:76:38
    at /Users/sherwingorechomante/coldcaller/frontend/node_modules/@testing-library/dom/dist/query-helpers.js:52:17
    at getByText (/Users/sherwingorechomante/coldcaller/frontend/node_modules/@testing-library/dom/dist/query-helpers.js:95:19)
    at Object.<anonymous> (/Users/sherwingorechomante/coldcaller/frontend/src/components/__tests__/AudioClipPlayer.test.js:32:19)
    at Promise.then.completed (/Users/sherwingorechomante/coldcaller/frontend/node_modules/jest-circus/build/utils.js:391:28)
    at new Promise (<anonymous>)
    at callAsyncCircusFn (/Users/sherwingorechomante/coldcaller/frontend/node_modules/jest-circus/build/utils.js:316:10)
    at _callCircusTest (/Users/sherwingorechomante/coldcaller/frontend/node_modules/jest-circus/build/run.js:218:40)
    at processTicksAndRejections (node:internal/process/task_queues:105:5)
    at _runTest (/Users/sherwingorechomante/coldcaller/frontend/node_modules/jest-circus/build/run.js:155:3)
    at _runTestsForDescribeBlock (/Users/sherwingorechomante/coldcaller/frontend/node_modules/jest-circus/build/run.js:66:9)
    at _runTestsForDescribeBlock (/Users/sherwingorechomante/coldcaller/frontend/node_modules/jest-circus/build/run.js:60:9)
    at run (/Users/sherwingorechomante/coldcaller/frontend/node_modules/jest-circus/build/run.js:25:3)
    at runAndTransformResultsToJestFormat (/Users/sherwingorechomante/coldcaller/frontend/node_modules/jest-circus/build/legacy-code-todo-rewrite/jestAdapterInit.js:170:21)
    at jestAdapter (/Users/sherwingorechomante/coldcaller/frontend/node_modules/jest-circus/build/legacy-code-todo-rewrite/jestAdapter.js:82:19)
    at runTestInternal (/Users/sherwingorechomante/coldcaller/frontend/node_modules/jest-runner/build/runTest.js:389:16)
    at runTest (/Users/sherwingorechomante/coldcaller/frontend/node_modules/jest-runner/build/runTest.js:475:34)
    at Object.worker (/Users/sherwingorechomante/coldcaller/frontend/node_modules/jest-runner/build/testWorker.js:133:12)]]></failure>
    </testCase>
    <testCase name="AudioClipPlayer Component active category tab is highlighted" duration="4">
      <failure message="TestingLibraryElementError: Unable to find an element with the text: Greetings. This could be because the text is broken up by multiple elements. In this case, you can provide a function for your text matcher to make your matcher more flexible."><![CDATA[TestingLibraryElementError: Unable to find an element with the text: Greetings. This could be because the text is broken up by multiple elements. In this case, you can provide a function for your text matcher to make your matcher more flexible.

Ignored nodes: comments, script, style
<body>
  <div>
    <div
      class="card max-w-md mx-2.5"
    >
      <div
        class="text-center mb-4"
      >
        <h2
          class="text-slate-800 text-lg font-semibold"
        >
          Audio Clips
        </h2>
        <div
          class="text-sm text-blue-600 mt-1"
        >
          🔄 Loading audio clips...
        </div>
        <div
          class="text-xs text-gray-500 mt-1"
        >
          API: 
          <span
            class="font-semibold text-orange-600"
          >
            🟡 Offline
          </span>
        </div>
      </div>
      <div
        class="flex gap-1 mb-5 border-b-2 border-gray-200 pb-2.5"
      >
        <div
          class="text-center text-gray-500 py-2"
        >
          🔄 Loading...
        </div>
      </div>
      <div
        class="max-h-80 overflow-y-auto"
      >
        <div
          class="text-center text-gray-500 py-8"
        >
          🔄 Loading audio clips...
        </div>
      </div>
      <div
        class="space-y-3 mt-4"
      >
        <div
          class="flex gap-2"
        >
          <button
            class="flex-1 px-3 py-2 bg-blue-100 hover:bg-blue-200 disabled:opacity-50 text-blue-700 rounded-md text-sm font-medium transition-colors"
            disabled=""
          >
            🔄 Loading...
          </button>
          <button
            class="px-3 py-2 text-sm font-medium rounded-md transition-colors bg-gray-100 text-gray-700 hover:bg-gray-200 disabled:opacity-50"
            disabled=""
          >
            📊 Visualizer
          </button>
        </div>
        <div
          class="flex gap-2"
        >
          <button
            class="flex-1 px-3 py-2 text-sm font-medium rounded-md transition-colors bg-gray-100 text-gray-700 hover:bg-gray-200"
          >
            📚 Library
          </button>
          <button
            class="flex-1 px-3 py-2 bg-red-100 hover:bg-red-200 disabled:opacity-50 text-red-700 rounded-md text-sm font-medium transition-colors"
            disabled=""
            title="Web Audio API required for recording"
          >
            🎤 Record
          </button>
        </div>
      </div>
      <div
        class="mt-4 space-y-3"
      >
        <div
          class="p-3 bg-orange-50 rounded-md text-sm text-gray-600 leading-relaxed"
        >
          💡 
          <strong>
            Audio Controls:
          </strong>
          <div
            class="mt-1 text-xs space-y-1"
          >
            <div>
              • 
              <kbd
                class="bg-gray-200 px-1 rounded"
              >
                Space
              </kbd>
               - Play/Pause first clip
            </div>
            <div>
              • 
              <kbd
                class="bg-gray-200 px-1 rounded"
              >
                ↑/↓
              </kbd>
               - Volume control
            </div>
            <div>
              • 
              <kbd
                class="bg-gray-200 px-1 rounded"
              >
                Esc
              </kbd>
               - Stop playback
            </div>
            <div>
              • 🔄 HTML5 Audio fallback mode
            </div>
          </div>
          <div
            class="mt-2 text-xs text-orange-700"
          >
            ⚠️ Offline mode - audio playback simulated
          </div>
        </div>
        <div
          class="p-3 bg-gray-50 rounded-md text-xs"
        >
          <div
            class="grid grid-cols-2 gap-2"
          >
            <div
              class="flex items-center justify-between"
            >
              <span>
                Web Audio API:
              </span>
              <span
                class="text-red-600"
              >
                ❌ Not available
              </span>
            </div>
            <div
              class="flex items-center justify-between"
            >
              <span>
                Recording:
              </span>
              <span
                class="text-red-600"
              >
                ❌ Not supported
              </span>
            </div>
          </div>
        </div>
      </div>
    </div>
  </div>
</body>
    at Object.getElementError (/Users/sherwingorechomante/coldcaller/frontend/node_modules/@testing-library/dom/dist/config.js:37:19)
    at /Users/sherwingorechomante/coldcaller/frontend/node_modules/@testing-library/dom/dist/query-helpers.js:76:38
    at /Users/sherwingorechomante/coldcaller/frontend/node_modules/@testing-library/dom/dist/query-helpers.js:52:17
    at getByText (/Users/sherwingorechomante/coldcaller/frontend/node_modules/@testing-library/dom/dist/query-helpers.js:95:19)
    at Object.<anonymous> (/Users/sherwingorechomante/coldcaller/frontend/src/components/__tests__/AudioClipPlayer.test.js:51:33)
    at Promise.then.completed (/Users/sherwingorechomante/coldcaller/frontend/node_modules/jest-circus/build/utils.js:391:28)
    at new Promise (<anonymous>)
    at callAsyncCircusFn (/Users/sherwingorechomante/coldcaller/frontend/node_modules/jest-circus/build/utils.js:316:10)
    at _callCircusTest (/Users/sherwingorechomante/coldcaller/frontend/node_modules/jest-circus/build/run.js:218:40)
    at processTicksAndRejections (node:internal/process/task_queues:105:5)
    at _runTest (/Users/sherwingorechomante/coldcaller/frontend/node_modules/jest-circus/build/run.js:155:3)
    at _runTestsForDescribeBlock (/Users/sherwingorechomante/coldcaller/frontend/node_modules/jest-circus/build/run.js:66:9)
    at _runTestsForDescribeBlock (/Users/sherwingorechomante/coldcaller/frontend/node_modules/jest-circus/build/run.js:60:9)
    at run (/Users/sherwingorechomante/coldcaller/frontend/node_modules/jest-circus/build/run.js:25:3)
    at runAndTransformResultsToJestFormat (/Users/sherwingorechomante/coldcaller/frontend/node_modules/jest-circus/build/legacy-code-todo-rewrite/jestAdapterInit.js:170:21)
    at jestAdapter (/Users/sherwingorechomante/coldcaller/frontend/node_modules/jest-circus/build/legacy-code-todo-rewrite/jestAdapter.js:82:19)
    at runTestInternal (/Users/sherwingorechomante/coldcaller/frontend/node_modules/jest-runner/build/runTest.js:389:16)
    at runTest (/Users/sherwingorechomante/coldcaller/frontend/node_modules/jest-runner/build/runTest.js:475:34)
    at Object.worker (/Users/sherwingorechomante/coldcaller/frontend/node_modules/jest-runner/build/testWorker.js:133:12)]]></failure>
    </testCase>
    <testCase name="AudioClipPlayer Component clicking play button starts playing clip" duration="5">
      <failure message="TestingLibraryElementError: Unable to find an element with the text: /▶️ Play/i. This could be because the text is broken up by multiple elements. In this case, you can provide a function for your text matcher to make your matcher more flexible."><![CDATA[TestingLibraryElementError: Unable to find an element with the text: /▶️ Play/i. This could be because the text is broken up by multiple elements. In this case, you can provide a function for your text matcher to make your matcher more flexible.

Ignored nodes: comments, script, style
<body>
  <div>
    <div
      class="card max-w-md mx-2.5"
    >
      <div
        class="text-center mb-4"
      >
        <h2
          class="text-slate-800 text-lg font-semibold"
        >
          Audio Clips
        </h2>
        <div
          class="text-sm text-blue-600 mt-1"
        >
          🔄 Loading audio clips...
        </div>
        <div
          class="text-xs text-gray-500 mt-1"
        >
          API: 
          <span
            class="font-semibold text-orange-600"
          >
            🟡 Offline
          </span>
        </div>
      </div>
      <div
        class="flex gap-1 mb-5 border-b-2 border-gray-200 pb-2.5"
      >
        <div
          class="text-center text-gray-500 py-2"
        >
          🔄 Loading...
        </div>
      </div>
      <div
        class="max-h-80 overflow-y-auto"
      >
        <div
          class="text-center text-gray-500 py-8"
        >
          🔄 Loading audio clips...
        </div>
      </div>
      <div
        class="space-y-3 mt-4"
      >
        <div
          class="flex gap-2"
        >
          <button
            class="flex-1 px-3 py-2 bg-blue-100 hover:bg-blue-200 disabled:opacity-50 text-blue-700 rounded-md text-sm font-medium transition-colors"
            disabled=""
          >
            🔄 Loading...
          </button>
          <button
            class="px-3 py-2 text-sm font-medium rounded-md transition-colors bg-gray-100 text-gray-700 hover:bg-gray-200 disabled:opacity-50"
            disabled=""
          >
            📊 Visualizer
          </button>
        </div>
        <div
          class="flex gap-2"
        >
          <button
            class="flex-1 px-3 py-2 text-sm font-medium rounded-md transition-colors bg-gray-100 text-gray-700 hover:bg-gray-200"
          >
            📚 Library
          </button>
          <button
            class="flex-1 px-3 py-2 bg-red-100 hover:bg-red-200 disabled:opacity-50 text-red-700 rounded-md text-sm font-medium transition-colors"
            disabled=""
            title="Web Audio API required for recording"
          >
            🎤 Record
          </button>
        </div>
      </div>
      <div
        class="mt-4 space-y-3"
      >
        <div
          class="p-3 bg-orange-50 rounded-md text-sm text-gray-600 leading-relaxed"
        >
          💡 
          <strong>
            Audio Controls:
          </strong>
          <div
            class="mt-1 text-xs space-y-1"
          >
            <div>
              • 
              <kbd
                class="bg-gray-200 px-1 rounded"
              >
                Space
              </kbd>
               - Play/Pause first clip
            </div>
            <div>
              • 
              <kbd
                class="bg-gray-200 px-1 rounded"
              >
                ↑/↓
              </kbd>
               - Volume control
            </div>
            <div>
              • 
              <kbd
                class="bg-gray-200 px-1 rounded"
              >
                Esc
              </kbd>
               - Stop playback
            </div>
            <div>
              • 🔄 HTML5 Audio fallback mode
            </div>
          </div>
          <div
            class="mt-2 text-xs text-orange-700"
          >
            ⚠️ Offline mode - audio playback simulated
          </div>
        </div>
        <div
          class="p-3 bg-gray-50 rounded-md text-xs"
        >
          <div
            class="grid grid-cols-2 gap-2"
          >
            <div
              class="flex items-center justify-between"
            >
              <span>
                Web Audio API:
              </span>
              <span
                class="text-red-600"
              >
                ❌ Not available
              </span>
            </div>
            <div
              class="flex items-center justify-between"
            >
              <span>
                Recording:
              </span>
              <span
                class="text-red-600"
              >
                ❌ Not supported
              </span>
            </div>
          </div>
        </div>
      </div>
    </div>
  </div>
</body>
    at Object.getElementError (/Users/sherwingorechomante/coldcaller/frontend/node_modules/@testing-library/dom/dist/config.js:37:19)
    at /Users/sherwingorechomante/coldcaller/frontend/node_modules/@testing-library/dom/dist/query-helpers.js:76:38
    at getAllByText (/Users/sherwingorechomante/coldcaller/frontend/node_modules/@testing-library/dom/dist/query-helpers.js:109:15)
    at Object.<anonymous> (/Users/sherwingorechomante/coldcaller/frontend/src/components/__tests__/AudioClipPlayer.test.js:74:32)
    at Promise.then.completed (/Users/sherwingorechomante/coldcaller/frontend/node_modules/jest-circus/build/utils.js:391:28)
    at new Promise (<anonymous>)
    at callAsyncCircusFn (/Users/sherwingorechomante/coldcaller/frontend/node_modules/jest-circus/build/utils.js:316:10)
    at _callCircusTest (/Users/sherwingorechomante/coldcaller/frontend/node_modules/jest-circus/build/run.js:218:40)
    at processTicksAndRejections (node:internal/process/task_queues:105:5)
    at _runTest (/Users/sherwingorechomante/coldcaller/frontend/node_modules/jest-circus/build/run.js:155:3)
    at _runTestsForDescribeBlock (/Users/sherwingorechomante/coldcaller/frontend/node_modules/jest-circus/build/run.js:66:9)
    at _runTestsForDescribeBlock (/Users/sherwingorechomante/coldcaller/frontend/node_modules/jest-circus/build/run.js:60:9)
    at run (/Users/sherwingorechomante/coldcaller/frontend/node_modules/jest-circus/build/run.js:25:3)
    at runAndTransformResultsToJestFormat (/Users/sherwingorechomante/coldcaller/frontend/node_modules/jest-circus/build/legacy-code-todo-rewrite/jestAdapterInit.js:170:21)
    at jestAdapter (/Users/sherwingorechomante/coldcaller/frontend/node_modules/jest-circus/build/legacy-code-todo-rewrite/jestAdapter.js:82:19)
    at runTestInternal (/Users/sherwingorechomante/coldcaller/frontend/node_modules/jest-runner/build/runTest.js:389:16)
    at runTest (/Users/sherwingorechomante/coldcaller/frontend/node_modules/jest-runner/build/runTest.js:475:34)
    at Object.worker (/Users/sherwingorechomante/coldcaller/frontend/node_modules/jest-runner/build/testWorker.js:133:12)]]></failure>
    </testCase>
    <testCase name="AudioClipPlayer Component clicking pause stops the clip" duration="7">
      <failure message="TestingLibraryElementError: Unable to find an element with the text: /▶️ Play/i. This could be because the text is broken up by multiple elements. In this case, you can provide a function for your text matcher to make your matcher more flexible."><![CDATA[TestingLibraryElementError: Unable to find an element with the text: /▶️ Play/i. This could be because the text is broken up by multiple elements. In this case, you can provide a function for your text matcher to make your matcher more flexible.

Ignored nodes: comments, script, style
<body>
  <div>
    <div
      class="card max-w-md mx-2.5"
    >
      <div
        class="text-center mb-4"
      >
        <h2
          class="text-slate-800 text-lg font-semibold"
        >
          Audio Clips
        </h2>
        <div
          class="text-sm text-blue-600 mt-1"
        >
          🔄 Loading audio clips...
        </div>
        <div
          class="text-xs text-gray-500 mt-1"
        >
          API: 
          <span
            class="font-semibold text-orange-600"
          >
            🟡 Offline
          </span>
        </div>
      </div>
      <div
        class="flex gap-1 mb-5 border-b-2 border-gray-200 pb-2.5"
      >
        <div
          class="text-center text-gray-500 py-2"
        >
          🔄 Loading...
        </div>
      </div>
      <div
        class="max-h-80 overflow-y-auto"
      >
        <div
          class="text-center text-gray-500 py-8"
        >
          🔄 Loading audio clips...
        </div>
      </div>
      <div
        class="space-y-3 mt-4"
      >
        <div
          class="flex gap-2"
        >
          <button
            class="flex-1 px-3 py-2 bg-blue-100 hover:bg-blue-200 disabled:opacity-50 text-blue-700 rounded-md text-sm font-medium transition-colors"
            disabled=""
          >
            🔄 Loading...
          </button>
          <button
            class="px-3 py-2 text-sm font-medium rounded-md transition-colors bg-gray-100 text-gray-700 hover:bg-gray-200 disabled:opacity-50"
            disabled=""
          >
            📊 Visualizer
          </button>
        </div>
        <div
          class="flex gap-2"
        >
          <button
            class="flex-1 px-3 py-2 text-sm font-medium rounded-md transition-colors bg-gray-100 text-gray-700 hover:bg-gray-200"
          >
            📚 Library
          </button>
          <button
            class="flex-1 px-3 py-2 bg-red-100 hover:bg-red-200 disabled:opacity-50 text-red-700 rounded-md text-sm font-medium transition-colors"
            disabled=""
            title="Web Audio API required for recording"
          >
            🎤 Record
          </button>
        </div>
      </div>
      <div
        class="mt-4 space-y-3"
      >
        <div
          class="p-3 bg-orange-50 rounded-md text-sm text-gray-600 leading-relaxed"
        >
          💡 
          <strong>
            Audio Controls:
          </strong>
          <div
            class="mt-1 text-xs space-y-1"
          >
            <div>
              • 
              <kbd
                class="bg-gray-200 px-1 rounded"
              >
                Space
              </kbd>
               - Play/Pause first clip
            </div>
            <div>
              • 
              <kbd
                class="bg-gray-200 px-1 rounded"
              >
                ↑/↓
              </kbd>
               - Volume control
            </div>
            <div>
              • 
              <kbd
                class="bg-gray-200 px-1 rounded"
              >
                Esc
              </kbd>
               - Stop playback
            </div>
            <div>
              • 🔄 HTML5 Audio fallback mode
            </div>
          </div>
          <div
            class="mt-2 text-xs text-orange-700"
          >
            ⚠️ Offline mode - audio playback simulated
          </div>
        </div>
        <div
          class="p-3 bg-gray-50 rounded-md text-xs"
        >
          <div
            class="grid grid-cols-2 gap-2"
          >
            <div
              class="flex items-center justify-between"
            >
              <span>
                Web Audio API:
              </span>
              <span
                class="text-red-600"
              >
                ❌ Not available
              </span>
            </div>
            <div
              class="flex items-center justify-between"
            >
              <span>
                Recording:
              </span>
              <span
                class="text-red-600"
              >
                ❌ Not supported
              </span>
            </div>
          </div>
        </div>
      </div>
    </div>
  </div>
</body>
    at Object.getElementError (/Users/sherwingorechomante/coldcaller/frontend/node_modules/@testing-library/dom/dist/config.js:37:19)
    at /Users/sherwingorechomante/coldcaller/frontend/node_modules/@testing-library/dom/dist/query-helpers.js:76:38
    at getAllByText (/Users/sherwingorechomante/coldcaller/frontend/node_modules/@testing-library/dom/dist/query-helpers.js:109:15)
    at Object.<anonymous> (/Users/sherwingorechomante/coldcaller/frontend/src/components/__tests__/AudioClipPlayer.test.js:93:32)
    at Promise.then.completed (/Users/sherwingorechomante/coldcaller/frontend/node_modules/jest-circus/build/utils.js:391:28)
    at new Promise (<anonymous>)
    at callAsyncCircusFn (/Users/sherwingorechomante/coldcaller/frontend/node_modules/jest-circus/build/utils.js:316:10)
    at _callCircusTest (/Users/sherwingorechomante/coldcaller/frontend/node_modules/jest-circus/build/run.js:218:40)
    at processTicksAndRejections (node:internal/process/task_queues:105:5)
    at _runTest (/Users/sherwingorechomante/coldcaller/frontend/node_modules/jest-circus/build/run.js:155:3)
    at _runTestsForDescribeBlock (/Users/sherwingorechomante/coldcaller/frontend/node_modules/jest-circus/build/run.js:66:9)
    at _runTestsForDescribeBlock (/Users/sherwingorechomante/coldcaller/frontend/node_modules/jest-circus/build/run.js:60:9)
    at run (/Users/sherwingorechomante/coldcaller/frontend/node_modules/jest-circus/build/run.js:25:3)
    at runAndTransformResultsToJestFormat (/Users/sherwingorechomante/coldcaller/frontend/node_modules/jest-circus/build/legacy-code-todo-rewrite/jestAdapterInit.js:170:21)
    at jestAdapter (/Users/sherwingorechomante/coldcaller/frontend/node_modules/jest-circus/build/legacy-code-todo-rewrite/jestAdapter.js:82:19)
    at runTestInternal (/Users/sherwingorechomante/coldcaller/frontend/node_modules/jest-runner/build/runTest.js:389:16)
    at runTest (/Users/sherwingorechomante/coldcaller/frontend/node_modules/jest-runner/build/runTest.js:475:34)
    at Object.worker (/Users/sherwingorechomante/coldcaller/frontend/node_modules/jest-runner/build/testWorker.js:133:12)]]></failure>
    </testCase>
    <testCase name="AudioClipPlayer Component playing a new clip stops the previous one" duration="4">
      <failure message="TestingLibraryElementError: Unable to find an element with the text: /▶️ Play/i. This could be because the text is broken up by multiple elements. In this case, you can provide a function for your text matcher to make your matcher more flexible."><![CDATA[TestingLibraryElementError: Unable to find an element with the text: /▶️ Play/i. This could be because the text is broken up by multiple elements. In this case, you can provide a function for your text matcher to make your matcher more flexible.

Ignored nodes: comments, script, style
<body>
  <div>
    <div
      class="card max-w-md mx-2.5"
    >
      <div
        class="text-center mb-4"
      >
        <h2
          class="text-slate-800 text-lg font-semibold"
        >
          Audio Clips
        </h2>
        <div
          class="text-sm text-blue-600 mt-1"
        >
          🔄 Loading audio clips...
        </div>
        <div
          class="text-xs text-gray-500 mt-1"
        >
          API: 
          <span
            class="font-semibold text-orange-600"
          >
            🟡 Offline
          </span>
        </div>
      </div>
      <div
        class="flex gap-1 mb-5 border-b-2 border-gray-200 pb-2.5"
      >
        <div
          class="text-center text-gray-500 py-2"
        >
          🔄 Loading...
        </div>
      </div>
      <div
        class="max-h-80 overflow-y-auto"
      >
        <div
          class="text-center text-gray-500 py-8"
        >
          🔄 Loading audio clips...
        </div>
      </div>
      <div
        class="space-y-3 mt-4"
      >
        <div
          class="flex gap-2"
        >
          <button
            class="flex-1 px-3 py-2 bg-blue-100 hover:bg-blue-200 disabled:opacity-50 text-blue-700 rounded-md text-sm font-medium transition-colors"
            disabled=""
          >
            🔄 Loading...
          </button>
          <button
            class="px-3 py-2 text-sm font-medium rounded-md transition-colors bg-gray-100 text-gray-700 hover:bg-gray-200 disabled:opacity-50"
            disabled=""
          >
            📊 Visualizer
          </button>
        </div>
        <div
          class="flex gap-2"
        >
          <button
            class="flex-1 px-3 py-2 text-sm font-medium rounded-md transition-colors bg-gray-100 text-gray-700 hover:bg-gray-200"
          >
            📚 Library
          </button>
          <button
            class="flex-1 px-3 py-2 bg-red-100 hover:bg-red-200 disabled:opacity-50 text-red-700 rounded-md text-sm font-medium transition-colors"
            disabled=""
            title="Web Audio API required for recording"
          >
            🎤 Record
          </button>
        </div>
      </div>
      <div
        class="mt-4 space-y-3"
      >
        <div
          class="p-3 bg-orange-50 rounded-md text-sm text-gray-600 leading-relaxed"
        >
          💡 
          <strong>
            Audio Controls:
          </strong>
          <div
            class="mt-1 text-xs space-y-1"
          >
            <div>
              • 
              <kbd
                class="bg-gray-200 px-1 rounded"
              >
                Space
              </kbd>
               - Play/Pause first clip
            </div>
            <div>
              • 
              <kbd
                class="bg-gray-200 px-1 rounded"
              >
                ↑/↓
              </kbd>
               - Volume control
            </div>
            <div>
              • 
              <kbd
                class="bg-gray-200 px-1 rounded"
              >
                Esc
              </kbd>
               - Stop playback
            </div>
            <div>
              • 🔄 HTML5 Audio fallback mode
            </div>
          </div>
          <div
            class="mt-2 text-xs text-orange-700"
          >
            ⚠️ Offline mode - audio playback simulated
          </div>
        </div>
        <div
          class="p-3 bg-gray-50 rounded-md text-xs"
        >
          <div
            class="grid grid-cols-2 gap-2"
          >
            <div
              class="flex items-center justify-between"
            >
              <span>
                Web Audio API:
              </span>
              <span
                class="text-red-600"
              >
                ❌ Not available
              </span>
            </div>
            <div
              class="flex items-center justify-between"
            >
              <span>
                Recording:
              </span>
              <span
                class="text-red-600"
              >
                ❌ Not supported
              </span>
            </div>
          </div>
        </div>
      </div>
    </div>
  </div>
</body>
    at Object.getElementError (/Users/sherwingorechomante/coldcaller/frontend/node_modules/@testing-library/dom/dist/config.js:37:19)
    at /Users/sherwingorechomante/coldcaller/frontend/node_modules/@testing-library/dom/dist/query-helpers.js:76:38
    at getAllByText (/Users/sherwingorechomante/coldcaller/frontend/node_modules/@testing-library/dom/dist/query-helpers.js:109:15)
    at Object.<anonymous> (/Users/sherwingorechomante/coldcaller/frontend/src/components/__tests__/AudioClipPlayer.test.js:113:32)
    at Promise.then.completed (/Users/sherwingorechomante/coldcaller/frontend/node_modules/jest-circus/build/utils.js:391:28)
    at new Promise (<anonymous>)
    at callAsyncCircusFn (/Users/sherwingorechomante/coldcaller/frontend/node_modules/jest-circus/build/utils.js:316:10)
    at _callCircusTest (/Users/sherwingorechomante/coldcaller/frontend/node_modules/jest-circus/build/run.js:218:40)
    at processTicksAndRejections (node:internal/process/task_queues:105:5)
    at _runTest (/Users/sherwingorechomante/coldcaller/frontend/node_modules/jest-circus/build/run.js:155:3)
    at _runTestsForDescribeBlock (/Users/sherwingorechomante/coldcaller/frontend/node_modules/jest-circus/build/run.js:66:9)
    at _runTestsForDescribeBlock (/Users/sherwingorechomante/coldcaller/frontend/node_modules/jest-circus/build/run.js:60:9)
    at run (/Users/sherwingorechomante/coldcaller/frontend/node_modules/jest-circus/build/run.js:25:3)
    at runAndTransformResultsToJestFormat (/Users/sherwingorechomante/coldcaller/frontend/node_modules/jest-circus/build/legacy-code-todo-rewrite/jestAdapterInit.js:170:21)
    at jestAdapter (/Users/sherwingorechomante/coldcaller/frontend/node_modules/jest-circus/build/legacy-code-todo-rewrite/jestAdapter.js:82:19)
    at runTestInternal (/Users/sherwingorechomante/coldcaller/frontend/node_modules/jest-runner/build/runTest.js:389:16)
    at runTest (/Users/sherwingorechomante/coldcaller/frontend/node_modules/jest-runner/build/runTest.js:475:34)
    at Object.worker (/Users/sherwingorechomante/coldcaller/frontend/node_modules/jest-runner/build/testWorker.js:133:12)]]></failure>
    </testCase>
    <testCase name="AudioClipPlayer Component clip auto-stops after timeout" duration="4">
      <failure message="TestingLibraryElementError: Unable to find an element with the text: /▶️ Play/i. This could be because the text is broken up by multiple elements. In this case, you can provide a function for your text matcher to make your matcher more flexible."><![CDATA[TestingLibraryElementError: Unable to find an element with the text: /▶️ Play/i. This could be because the text is broken up by multiple elements. In this case, you can provide a function for your text matcher to make your matcher more flexible.

Ignored nodes: comments, script, style
<body>
  <div>
    <div
      class="card max-w-md mx-2.5"
    >
      <div
        class="text-center mb-4"
      >
        <h2
          class="text-slate-800 text-lg font-semibold"
        >
          Audio Clips
        </h2>
        <div
          class="text-sm text-blue-600 mt-1"
        >
          🔄 Loading audio clips...
        </div>
        <div
          class="text-xs text-gray-500 mt-1"
        >
          API: 
          <span
            class="font-semibold text-orange-600"
          >
            🟡 Offline
          </span>
        </div>
      </div>
      <div
        class="flex gap-1 mb-5 border-b-2 border-gray-200 pb-2.5"
      >
        <div
          class="text-center text-gray-500 py-2"
        >
          🔄 Loading...
        </div>
      </div>
      <div
        class="max-h-80 overflow-y-auto"
      >
        <div
          class="text-center text-gray-500 py-8"
        >
          🔄 Loading audio clips...
        </div>
      </div>
      <div
        class="space-y-3 mt-4"
      >
        <div
          class="flex gap-2"
        >
          <button
            class="flex-1 px-3 py-2 bg-blue-100 hover:bg-blue-200 disabled:opacity-50 text-blue-700 rounded-md text-sm font-medium transition-colors"
            disabled=""
          >
            🔄 Loading...
          </button>
          <button
            class="px-3 py-2 text-sm font-medium rounded-md transition-colors bg-gray-100 text-gray-700 hover:bg-gray-200 disabled:opacity-50"
            disabled=""
          >
            📊 Visualizer
          </button>
        </div>
        <div
          class="flex gap-2"
        >
          <button
            class="flex-1 px-3 py-2 text-sm font-medium rounded-md transition-colors bg-gray-100 text-gray-700 hover:bg-gray-200"
          >
            📚 Library
          </button>
          <button
            class="flex-1 px-3 py-2 bg-red-100 hover:bg-red-200 disabled:opacity-50 text-red-700 rounded-md text-sm font-medium transition-colors"
            disabled=""
            title="Web Audio API required for recording"
          >
            🎤 Record
          </button>
        </div>
      </div>
      <div
        class="mt-4 space-y-3"
      >
        <div
          class="p-3 bg-orange-50 rounded-md text-sm text-gray-600 leading-relaxed"
        >
          💡 
          <strong>
            Audio Controls:
          </strong>
          <div
            class="mt-1 text-xs space-y-1"
          >
            <div>
              • 
              <kbd
                class="bg-gray-200 px-1 rounded"
              >
                Space
              </kbd>
               - Play/Pause first clip
            </div>
            <div>
              • 
              <kbd
                class="bg-gray-200 px-1 rounded"
              >
                ↑/↓
              </kbd>
               - Volume control
            </div>
            <div>
              • 
              <kbd
                class="bg-gray-200 px-1 rounded"
              >
                Esc
              </kbd>
               - Stop playback
            </div>
            <div>
              • 🔄 HTML5 Audio fallback mode
            </div>
          </div>
          <div
            class="mt-2 text-xs text-orange-700"
          >
            ⚠️ Offline mode - audio playback simulated
          </div>
        </div>
        <div
          class="p-3 bg-gray-50 rounded-md text-xs"
        >
          <div
            class="grid grid-cols-2 gap-2"
          >
            <div
              class="flex items-center justify-between"
            >
              <span>
                Web Audio API:
              </span>
              <span
                class="text-red-600"
              >
                ❌ Not available
              </span>
            </div>
            <div
              class="flex items-center justify-between"
            >
              <span>
                Recording:
              </span>
              <span
                class="text-red-600"
              >
                ❌ Not supported
              </span>
            </div>
          </div>
        </div>
      </div>
    </div>
  </div>
</body>
    at Object.getElementError (/Users/sherwingorechomante/coldcaller/frontend/node_modules/@testing-library/dom/dist/config.js:37:19)
    at /Users/sherwingorechomante/coldcaller/frontend/node_modules/@testing-library/dom/dist/query-helpers.js:76:38
    at getAllByText (/Users/sherwingorechomante/coldcaller/frontend/node_modules/@testing-library/dom/dist/query-helpers.js:109:15)
    at Object.<anonymous> (/Users/sherwingorechomante/coldcaller/frontend/src/components/__tests__/AudioClipPlayer.test.js:133:32)
    at Promise.then.completed (/Users/sherwingorechomante/coldcaller/frontend/node_modules/jest-circus/build/utils.js:391:28)
    at new Promise (<anonymous>)
    at callAsyncCircusFn (/Users/sherwingorechomante/coldcaller/frontend/node_modules/jest-circus/build/utils.js:316:10)
    at _callCircusTest (/Users/sherwingorechomante/coldcaller/frontend/node_modules/jest-circus/build/run.js:218:40)
    at processTicksAndRejections (node:internal/process/task_queues:105:5)
    at _runTest (/Users/sherwingorechomante/coldcaller/frontend/node_modules/jest-circus/build/run.js:155:3)
    at _runTestsForDescribeBlock (/Users/sherwingorechomante/coldcaller/frontend/node_modules/jest-circus/build/run.js:66:9)
    at _runTestsForDescribeBlock (/Users/sherwingorechomante/coldcaller/frontend/node_modules/jest-circus/build/run.js:60:9)
    at run (/Users/sherwingorechomante/coldcaller/frontend/node_modules/jest-circus/build/run.js:25:3)
    at runAndTransformResultsToJestFormat (/Users/sherwingorechomante/coldcaller/frontend/node_modules/jest-circus/build/legacy-code-todo-rewrite/jestAdapterInit.js:170:21)
    at jestAdapter (/Users/sherwingorechomante/coldcaller/frontend/node_modules/jest-circus/build/legacy-code-todo-rewrite/jestAdapter.js:82:19)
    at runTestInternal (/Users/sherwingorechomante/coldcaller/frontend/node_modules/jest-runner/build/runTest.js:389:16)
    at runTest (/Users/sherwingorechomante/coldcaller/frontend/node_modules/jest-runner/build/runTest.js:475:34)
    at Object.worker (/Users/sherwingorechomante/coldcaller/frontend/node_modules/jest-runner/build/testWorker.js:133:12)]]></failure>
    </testCase>
    <testCase name="AudioClipPlayer Component displays clip duration" duration="4">
      <failure message="TestingLibraryElementError: Unable to find an element with the text: 0:15. This could be because the text is broken up by multiple elements. In this case, you can provide a function for your text matcher to make your matcher more flexible."><![CDATA[TestingLibraryElementError: Unable to find an element with the text: 0:15. This could be because the text is broken up by multiple elements. In this case, you can provide a function for your text matcher to make your matcher more flexible.

Ignored nodes: comments, script, style
<body>
  <div>
    <div
      class="card max-w-md mx-2.5"
    >
      <div
        class="text-center mb-4"
      >
        <h2
          class="text-slate-800 text-lg font-semibold"
        >
          Audio Clips
        </h2>
        <div
          class="text-sm text-blue-600 mt-1"
        >
          🔄 Loading audio clips...
        </div>
        <div
          class="text-xs text-gray-500 mt-1"
        >
          API: 
          <span
            class="font-semibold text-orange-600"
          >
            🟡 Offline
          </span>
        </div>
      </div>
      <div
        class="flex gap-1 mb-5 border-b-2 border-gray-200 pb-2.5"
      >
        <div
          class="text-center text-gray-500 py-2"
        >
          🔄 Loading...
        </div>
      </div>
      <div
        class="max-h-80 overflow-y-auto"
      >
        <div
          class="text-center text-gray-500 py-8"
        >
          🔄 Loading audio clips...
        </div>
      </div>
      <div
        class="space-y-3 mt-4"
      >
        <div
          class="flex gap-2"
        >
          <button
            class="flex-1 px-3 py-2 bg-blue-100 hover:bg-blue-200 disabled:opacity-50 text-blue-700 rounded-md text-sm font-medium transition-colors"
            disabled=""
          >
            🔄 Loading...
          </button>
          <button
            class="px-3 py-2 text-sm font-medium rounded-md transition-colors bg-gray-100 text-gray-700 hover:bg-gray-200 disabled:opacity-50"
            disabled=""
          >
            📊 Visualizer
          </button>
        </div>
        <div
          class="flex gap-2"
        >
          <button
            class="flex-1 px-3 py-2 text-sm font-medium rounded-md transition-colors bg-gray-100 text-gray-700 hover:bg-gray-200"
          >
            📚 Library
          </button>
          <button
            class="flex-1 px-3 py-2 bg-red-100 hover:bg-red-200 disabled:opacity-50 text-red-700 rounded-md text-sm font-medium transition-colors"
            disabled=""
            title="Web Audio API required for recording"
          >
            🎤 Record
          </button>
        </div>
      </div>
      <div
        class="mt-4 space-y-3"
      >
        <div
          class="p-3 bg-orange-50 rounded-md text-sm text-gray-600 leading-relaxed"
        >
          💡 
          <strong>
            Audio Controls:
          </strong>
          <div
            class="mt-1 text-xs space-y-1"
          >
            <div>
              • 
              <kbd
                class="bg-gray-200 px-1 rounded"
              >
                Space
              </kbd>
               - Play/Pause first clip
            </div>
            <div>
              • 
              <kbd
                class="bg-gray-200 px-1 rounded"
              >
                ↑/↓
              </kbd>
               - Volume control
            </div>
            <div>
              • 
              <kbd
                class="bg-gray-200 px-1 rounded"
              >
                Esc
              </kbd>
               - Stop playback
            </div>
            <div>
              • 🔄 HTML5 Audio fallback mode
            </div>
          </div>
          <div
            class="mt-2 text-xs text-orange-700"
          >
            ⚠️ Offline mode - audio playback simulated
          </div>
        </div>
        <div
          class="p-3 bg-gray-50 rounded-md text-xs"
        >
          <div
            class="grid grid-cols-2 gap-2"
          >
            <div
              class="flex items-center justify-between"
            >
              <span>
                Web Audio API:
              </span>
              <span
                class="text-red-600"
              >
                ❌ Not available
              </span>
            </div>
            <div
              class="flex items-center justify-between"
            >
              <span>
                Recording:
              </span>
              <span
                class="text-red-600"
              >
                ❌ Not supported
              </span>
            </div>
          </div>
        </div>
      </div>
    </div>
  </div>
</body>
    at Object.getElementError (/Users/sherwingorechomante/coldcaller/frontend/node_modules/@testing-library/dom/dist/config.js:37:19)
    at /Users/sherwingorechomante/coldcaller/frontend/node_modules/@testing-library/dom/dist/query-helpers.js:76:38
    at /Users/sherwingorechomante/coldcaller/frontend/node_modules/@testing-library/dom/dist/query-helpers.js:52:17
    at getByText (/Users/sherwingorechomante/coldcaller/frontend/node_modules/@testing-library/dom/dist/query-helpers.js:95:19)
    at Object.<anonymous> (/Users/sherwingorechomante/coldcaller/frontend/src/components/__tests__/AudioClipPlayer.test.js:154:19)
    at Promise.then.completed (/Users/sherwingorechomante/coldcaller/frontend/node_modules/jest-circus/build/utils.js:391:28)
    at new Promise (<anonymous>)
    at callAsyncCircusFn (/Users/sherwingorechomante/coldcaller/frontend/node_modules/jest-circus/build/utils.js:316:10)
    at _callCircusTest (/Users/sherwingorechomante/coldcaller/frontend/node_modules/jest-circus/build/run.js:218:40)
    at processTicksAndRejections (node:internal/process/task_queues:105:5)
    at _runTest (/Users/sherwingorechomante/coldcaller/frontend/node_modules/jest-circus/build/run.js:155:3)
    at _runTestsForDescribeBlock (/Users/sherwingorechomante/coldcaller/frontend/node_modules/jest-circus/build/run.js:66:9)
    at _runTestsForDescribeBlock (/Users/sherwingorechomante/coldcaller/frontend/node_modules/jest-circus/build/run.js:60:9)
    at run (/Users/sherwingorechomante/coldcaller/frontend/node_modules/jest-circus/build/run.js:25:3)
    at runAndTransformResultsToJestFormat (/Users/sherwingorechomante/coldcaller/frontend/node_modules/jest-circus/build/legacy-code-todo-rewrite/jestAdapterInit.js:170:21)
    at jestAdapter (/Users/sherwingorechomante/coldcaller/frontend/node_modules/jest-circus/build/legacy-code-todo-rewrite/jestAdapter.js:82:19)
    at runTestInternal (/Users/sherwingorechomante/coldcaller/frontend/node_modules/jest-runner/build/runTest.js:389:16)
    at runTest (/Users/sherwingorechomante/coldcaller/frontend/node_modules/jest-runner/build/runTest.js:475:34)
    at Object.worker (/Users/sherwingorechomante/coldcaller/frontend/node_modules/jest-runner/build/testWorker.js:133:12)]]></failure>
    </testCase>
    <testCase name="AudioClipPlayer Component all three categories have clips" duration="18">
      <failure message="Error: expect(received).toHaveLength(expected)"><![CDATA[Error: expect(received).toHaveLength(expected)

Expected length: 3
Received length: 0
Received array:  []
    at Object.<anonymous> (/Users/sherwingorechomante/coldcaller/frontend/src/components/__tests__/AudioClipPlayer.test.js:165:29)
    at Promise.then.completed (/Users/sherwingorechomante/coldcaller/frontend/node_modules/jest-circus/build/utils.js:391:28)
    at new Promise (<anonymous>)
    at callAsyncCircusFn (/Users/sherwingorechomante/coldcaller/frontend/node_modules/jest-circus/build/utils.js:316:10)
    at _callCircusTest (/Users/sherwingorechomante/coldcaller/frontend/node_modules/jest-circus/build/run.js:218:40)
    at processTicksAndRejections (node:internal/process/task_queues:105:5)
    at _runTest (/Users/sherwingorechomante/coldcaller/frontend/node_modules/jest-circus/build/run.js:155:3)
    at _runTestsForDescribeBlock (/Users/sherwingorechomante/coldcaller/frontend/node_modules/jest-circus/build/run.js:66:9)
    at _runTestsForDescribeBlock (/Users/sherwingorechomante/coldcaller/frontend/node_modules/jest-circus/build/run.js:60:9)
    at run (/Users/sherwingorechomante/coldcaller/frontend/node_modules/jest-circus/build/run.js:25:3)
    at runAndTransformResultsToJestFormat (/Users/sherwingorechomante/coldcaller/frontend/node_modules/jest-circus/build/legacy-code-todo-rewrite/jestAdapterInit.js:170:21)
    at jestAdapter (/Users/sherwingorechomante/coldcaller/frontend/node_modules/jest-circus/build/legacy-code-todo-rewrite/jestAdapter.js:82:19)
    at runTestInternal (/Users/sherwingorechomante/coldcaller/frontend/node_modules/jest-runner/build/runTest.js:389:16)
    at runTest (/Users/sherwingorechomante/coldcaller/frontend/node_modules/jest-runner/build/runTest.js:475:34)
    at Object.worker (/Users/sherwingorechomante/coldcaller/frontend/node_modules/jest-runner/build/testWorker.js:133:12)]]></failure>
    </testCase>
    <testCase name="AudioClipPlayer Component clips container is scrollable" duration="5">
      <failure message="Error: expect(element).toHaveClass(&quot;max-h-80&quot;)"><![CDATA[Error: expect(element).toHaveClass("max-h-80")

Expected the element to have class:
  max-h-80
Received:
  mt-1 text-xs space-y-1
    at Object.<anonymous> (/Users/sherwingorechomante/coldcaller/frontend/src/components/__tests__/AudioClipPlayer.test.js:185:23)
    at Promise.then.completed (/Users/sherwingorechomante/coldcaller/frontend/node_modules/jest-circus/build/utils.js:391:28)
    at new Promise (<anonymous>)
    at callAsyncCircusFn (/Users/sherwingorechomante/coldcaller/frontend/node_modules/jest-circus/build/utils.js:316:10)
    at _callCircusTest (/Users/sherwingorechomante/coldcaller/frontend/node_modules/jest-circus/build/run.js:218:40)
    at processTicksAndRejections (node:internal/process/task_queues:105:5)
    at _runTest (/Users/sherwingorechomante/coldcaller/frontend/node_modules/jest-circus/build/run.js:155:3)
    at _runTestsForDescribeBlock (/Users/sherwingorechomante/coldcaller/frontend/node_modules/jest-circus/build/run.js:66:9)
    at _runTestsForDescribeBlock (/Users/sherwingorechomante/coldcaller/frontend/node_modules/jest-circus/build/run.js:60:9)
    at run (/Users/sherwingorechomante/coldcaller/frontend/node_modules/jest-circus/build/run.js:25:3)
    at runAndTransformResultsToJestFormat (/Users/sherwingorechomante/coldcaller/frontend/node_modules/jest-circus/build/legacy-code-todo-rewrite/jestAdapterInit.js:170:21)
    at jestAdapter (/Users/sherwingorechomante/coldcaller/frontend/node_modules/jest-circus/build/legacy-code-todo-rewrite/jestAdapter.js:82:19)
    at runTestInternal (/Users/sherwingorechomante/coldcaller/frontend/node_modules/jest-runner/build/runTest.js:389:16)
    at runTest (/Users/sherwingorechomante/coldcaller/frontend/node_modules/jest-runner/build/runTest.js:475:34)
    at Object.worker (/Users/sherwingorechomante/coldcaller/frontend/node_modules/jest-runner/build/testWorker.js:133:12)]]></failure>
    </testCase>
  </file>
  <file path="/Users/sherwingorechomante/coldcaller/frontend/src/__tests__/App.integration.test.js">
    <testCase name="App Integration Tests renders complete dashboard with all components" duration="129">
      <failure message="AggregateError: "><![CDATA[AggregateError: 
    at aggregateErrors (/Users/sherwingorechomante/coldcaller/frontend/node_modules/react/cjs/react.development.js:527:11)
    at Object.<anonymous>.process.env.NODE_ENV.exports.act (/Users/sherwingorechomante/coldcaller/frontend/node_modules/react/cjs/react.development.js:873:24)
    at /Users/sherwingorechomante/coldcaller/frontend/node_modules/@testing-library/react/dist/act-compat.js:47:25
    at renderRoot (/Users/sherwingorechomante/coldcaller/frontend/node_modules/@testing-library/react/dist/pure.js:190:26)
    at render (/Users/sherwingorechomante/coldcaller/frontend/node_modules/@testing-library/react/dist/pure.js:292:10)
    at Object.<anonymous> (/Users/sherwingorechomante/coldcaller/frontend/src/__tests__/App.integration.test.js:8:11)
    at Promise.then.completed (/Users/sherwingorechomante/coldcaller/frontend/node_modules/jest-circus/build/utils.js:391:28)
    at new Promise (<anonymous>)
    at callAsyncCircusFn (/Users/sherwingorechomante/coldcaller/frontend/node_modules/jest-circus/build/utils.js:316:10)
    at _callCircusTest (/Users/sherwingorechomante/coldcaller/frontend/node_modules/jest-circus/build/run.js:218:40)
    at processTicksAndRejections (node:internal/process/task_queues:105:5)
    at _runTest (/Users/sherwingorechomante/coldcaller/frontend/node_modules/jest-circus/build/run.js:155:3)
    at _runTestsForDescribeBlock (/Users/sherwingorechomante/coldcaller/frontend/node_modules/jest-circus/build/run.js:66:9)
    at _runTestsForDescribeBlock (/Users/sherwingorechomante/coldcaller/frontend/node_modules/jest-circus/build/run.js:60:9)
    at run (/Users/sherwingorechomante/coldcaller/frontend/node_modules/jest-circus/build/run.js:25:3)
    at runAndTransformResultsToJestFormat (/Users/sherwingorechomante/coldcaller/frontend/node_modules/jest-circus/build/legacy-code-todo-rewrite/jestAdapterInit.js:170:21)
    at jestAdapter (/Users/sherwingorechomante/coldcaller/frontend/node_modules/jest-circus/build/legacy-code-todo-rewrite/jestAdapter.js:82:19)
    at runTestInternal (/Users/sherwingorechomante/coldcaller/frontend/node_modules/jest-runner/build/runTest.js:389:16)
    at runTest (/Users/sherwingorechomante/coldcaller/frontend/node_modules/jest-runner/build/runTest.js:475:34)
    at Object.worker (/Users/sherwingorechomante/coldcaller/frontend/node_modules/jest-runner/build/testWorker.js:133:12)]]></failure>
    </testCase>
    <testCase name="App Integration Tests complete calling workflow" duration="19">
      <failure message="AggregateError: "><![CDATA[AggregateError: 
    at aggregateErrors (/Users/sherwingorechomante/coldcaller/frontend/node_modules/react/cjs/react.development.js:527:11)
    at Object.<anonymous>.process.env.NODE_ENV.exports.act (/Users/sherwingorechomante/coldcaller/frontend/node_modules/react/cjs/react.development.js:873:24)
    at /Users/sherwingorechomante/coldcaller/frontend/node_modules/@testing-library/react/dist/act-compat.js:47:25
    at renderRoot (/Users/sherwingorechomante/coldcaller/frontend/node_modules/@testing-library/react/dist/pure.js:190:26)
    at render (/Users/sherwingorechomante/coldcaller/frontend/node_modules/@testing-library/react/dist/pure.js:292:10)
    at Object.<anonymous> (/Users/sherwingorechomante/coldcaller/frontend/src/__tests__/App.integration.test.js:31:11)
    at Promise.then.completed (/Users/sherwingorechomante/coldcaller/frontend/node_modules/jest-circus/build/utils.js:391:28)
    at new Promise (<anonymous>)
    at callAsyncCircusFn (/Users/sherwingorechomante/coldcaller/frontend/node_modules/jest-circus/build/utils.js:316:10)
    at _callCircusTest (/Users/sherwingorechomante/coldcaller/frontend/node_modules/jest-circus/build/run.js:218:40)
    at processTicksAndRejections (node:internal/process/task_queues:105:5)
    at _runTest (/Users/sherwingorechomante/coldcaller/frontend/node_modules/jest-circus/build/run.js:155:3)
    at _runTestsForDescribeBlock (/Users/sherwingorechomante/coldcaller/frontend/node_modules/jest-circus/build/run.js:66:9)
    at _runTestsForDescribeBlock (/Users/sherwingorechomante/coldcaller/frontend/node_modules/jest-circus/build/run.js:60:9)
    at run (/Users/sherwingorechomante/coldcaller/frontend/node_modules/jest-circus/build/run.js:25:3)
    at runAndTransformResultsToJestFormat (/Users/sherwingorechomante/coldcaller/frontend/node_modules/jest-circus/build/legacy-code-todo-rewrite/jestAdapterInit.js:170:21)
    at jestAdapter (/Users/sherwingorechomante/coldcaller/frontend/node_modules/jest-circus/build/legacy-code-todo-rewrite/jestAdapter.js:82:19)
    at runTestInternal (/Users/sherwingorechomante/coldcaller/frontend/node_modules/jest-runner/build/runTest.js:389:16)
    at runTest (/Users/sherwingorechomante/coldcaller/frontend/node_modules/jest-runner/build/runTest.js:475:34)
    at Object.worker (/Users/sherwingorechomante/coldcaller/frontend/node_modules/jest-runner/build/testWorker.js:133:12)]]></failure>
    </testCase>
    <testCase name="App Integration Tests lead navigation updates display" duration="25">
      <failure message="AggregateError: "><![CDATA[AggregateError: 
    at aggregateErrors (/Users/sherwingorechomante/coldcaller/frontend/node_modules/react/cjs/react.development.js:527:11)
    at Object.<anonymous>.process.env.NODE_ENV.exports.act (/Users/sherwingorechomante/coldcaller/frontend/node_modules/react/cjs/react.development.js:873:24)
    at /Users/sherwingorechomante/coldcaller/frontend/node_modules/@testing-library/react/dist/act-compat.js:47:25
    at renderRoot (/Users/sherwingorechomante/coldcaller/frontend/node_modules/@testing-library/react/dist/pure.js:190:26)
    at render (/Users/sherwingorechomante/coldcaller/frontend/node_modules/@testing-library/react/dist/pure.js:292:10)
    at Object.<anonymous> (/Users/sherwingorechomante/coldcaller/frontend/src/__tests__/App.integration.test.js:69:11)
    at Promise.then.completed (/Users/sherwingorechomante/coldcaller/frontend/node_modules/jest-circus/build/utils.js:391:28)
    at new Promise (<anonymous>)
    at callAsyncCircusFn (/Users/sherwingorechomante/coldcaller/frontend/node_modules/jest-circus/build/utils.js:316:10)
    at _callCircusTest (/Users/sherwingorechomante/coldcaller/frontend/node_modules/jest-circus/build/run.js:218:40)
    at processTicksAndRejections (node:internal/process/task_queues:105:5)
    at _runTest (/Users/sherwingorechomante/coldcaller/frontend/node_modules/jest-circus/build/run.js:155:3)
    at _runTestsForDescribeBlock (/Users/sherwingorechomante/coldcaller/frontend/node_modules/jest-circus/build/run.js:66:9)
    at _runTestsForDescribeBlock (/Users/sherwingorechomante/coldcaller/frontend/node_modules/jest-circus/build/run.js:60:9)
    at run (/Users/sherwingorechomante/coldcaller/frontend/node_modules/jest-circus/build/run.js:25:3)
    at runAndTransformResultsToJestFormat (/Users/sherwingorechomante/coldcaller/frontend/node_modules/jest-circus/build/legacy-code-todo-rewrite/jestAdapterInit.js:170:21)
    at jestAdapter (/Users/sherwingorechomante/coldcaller/frontend/node_modules/jest-circus/build/legacy-code-todo-rewrite/jestAdapter.js:82:19)
    at runTestInternal (/Users/sherwingorechomante/coldcaller/frontend/node_modules/jest-runner/build/runTest.js:389:16)
    at runTest (/Users/sherwingorechomante/coldcaller/frontend/node_modules/jest-runner/build/runTest.js:475:34)
    at Object.worker (/Users/sherwingorechomante/coldcaller/frontend/node_modules/jest-runner/build/testWorker.js:133:12)]]></failure>
    </testCase>
    <testCase name="App Integration Tests script selection and copy workflow" duration="29">
      <failure message="AggregateError: "><![CDATA[AggregateError: 
    at aggregateErrors (/Users/sherwingorechomante/coldcaller/frontend/node_modules/react/cjs/react.development.js:527:11)
    at Object.<anonymous>.process.env.NODE_ENV.exports.act (/Users/sherwingorechomante/coldcaller/frontend/node_modules/react/cjs/react.development.js:873:24)
    at /Users/sherwingorechomante/coldcaller/frontend/node_modules/@testing-library/react/dist/act-compat.js:47:25
    at renderRoot (/Users/sherwingorechomante/coldcaller/frontend/node_modules/@testing-library/react/dist/pure.js:190:26)
    at render (/Users/sherwingorechomante/coldcaller/frontend/node_modules/@testing-library/react/dist/pure.js:292:10)
    at Object.<anonymous> (/Users/sherwingorechomante/coldcaller/frontend/src/__tests__/App.integration.test.js:86:11)
    at Promise.then.completed (/Users/sherwingorechomante/coldcaller/frontend/node_modules/jest-circus/build/utils.js:391:28)
    at new Promise (<anonymous>)
    at callAsyncCircusFn (/Users/sherwingorechomante/coldcaller/frontend/node_modules/jest-circus/build/utils.js:316:10)
    at _callCircusTest (/Users/sherwingorechomante/coldcaller/frontend/node_modules/jest-circus/build/run.js:218:40)
    at processTicksAndRejections (node:internal/process/task_queues:105:5)
    at _runTest (/Users/sherwingorechomante/coldcaller/frontend/node_modules/jest-circus/build/run.js:155:3)
    at _runTestsForDescribeBlock (/Users/sherwingorechomante/coldcaller/frontend/node_modules/jest-circus/build/run.js:66:9)
    at _runTestsForDescribeBlock (/Users/sherwingorechomante/coldcaller/frontend/node_modules/jest-circus/build/run.js:60:9)
    at run (/Users/sherwingorechomante/coldcaller/frontend/node_modules/jest-circus/build/run.js:25:3)
    at runAndTransformResultsToJestFormat (/Users/sherwingorechomante/coldcaller/frontend/node_modules/jest-circus/build/legacy-code-todo-rewrite/jestAdapterInit.js:170:21)
    at jestAdapter (/Users/sherwingorechomante/coldcaller/frontend/node_modules/jest-circus/build/legacy-code-todo-rewrite/jestAdapter.js:82:19)
    at runTestInternal (/Users/sherwingorechomante/coldcaller/frontend/node_modules/jest-runner/build/runTest.js:389:16)
    at runTest (/Users/sherwingorechomante/coldcaller/frontend/node_modules/jest-runner/build/runTest.js:475:34)
    at Object.worker (/Users/sherwingorechomante/coldcaller/frontend/node_modules/jest-runner/build/testWorker.js:133:12)]]></failure>
    </testCase>
    <testCase name="App Integration Tests audio clip category switching" duration="22">
      <failure message="AggregateError: "><![CDATA[AggregateError: 
    at aggregateErrors (/Users/sherwingorechomante/coldcaller/frontend/node_modules/react/cjs/react.development.js:527:11)
    at Object.<anonymous>.process.env.NODE_ENV.exports.act (/Users/sherwingorechomante/coldcaller/frontend/node_modules/react/cjs/react.development.js:873:24)
    at /Users/sherwingorechomante/coldcaller/frontend/node_modules/@testing-library/react/dist/act-compat.js:47:25
    at renderRoot (/Users/sherwingorechomante/coldcaller/frontend/node_modules/@testing-library/react/dist/pure.js:190:26)
    at render (/Users/sherwingorechomante/coldcaller/frontend/node_modules/@testing-library/react/dist/pure.js:292:10)
    at Object.<anonymous> (/Users/sherwingorechomante/coldcaller/frontend/src/__tests__/App.integration.test.js:110:11)
    at Promise.then.completed (/Users/sherwingorechomante/coldcaller/frontend/node_modules/jest-circus/build/utils.js:391:28)
    at new Promise (<anonymous>)
    at callAsyncCircusFn (/Users/sherwingorechomante/coldcaller/frontend/node_modules/jest-circus/build/utils.js:316:10)
    at _callCircusTest (/Users/sherwingorechomante/coldcaller/frontend/node_modules/jest-circus/build/run.js:218:40)
    at processTicksAndRejections (node:internal/process/task_queues:105:5)
    at _runTest (/Users/sherwingorechomante/coldcaller/frontend/node_modules/jest-circus/build/run.js:155:3)
    at _runTestsForDescribeBlock (/Users/sherwingorechomante/coldcaller/frontend/node_modules/jest-circus/build/run.js:66:9)
    at _runTestsForDescribeBlock (/Users/sherwingorechomante/coldcaller/frontend/node_modules/jest-circus/build/run.js:60:9)
    at run (/Users/sherwingorechomante/coldcaller/frontend/node_modules/jest-circus/build/run.js:25:3)
    at runAndTransformResultsToJestFormat (/Users/sherwingorechomante/coldcaller/frontend/node_modules/jest-circus/build/legacy-code-todo-rewrite/jestAdapterInit.js:170:21)
    at jestAdapter (/Users/sherwingorechomante/coldcaller/frontend/node_modules/jest-circus/build/legacy-code-todo-rewrite/jestAdapter.js:82:19)
    at runTestInternal (/Users/sherwingorechomante/coldcaller/frontend/node_modules/jest-runner/build/runTest.js:389:16)
    at runTest (/Users/sherwingorechomante/coldcaller/frontend/node_modules/jest-runner/build/runTest.js:475:34)
    at Object.worker (/Users/sherwingorechomante/coldcaller/frontend/node_modules/jest-runner/build/testWorker.js:133:12)]]></failure>
    </testCase>
    <testCase name="App Integration Tests note editing workflow" duration="19">
      <failure message="AggregateError: "><![CDATA[AggregateError: 
    at aggregateErrors (/Users/sherwingorechomante/coldcaller/frontend/node_modules/react/cjs/react.development.js:527:11)
    at Object.<anonymous>.process.env.NODE_ENV.exports.act (/Users/sherwingorechomante/coldcaller/frontend/node_modules/react/cjs/react.development.js:873:24)
    at /Users/sherwingorechomante/coldcaller/frontend/node_modules/@testing-library/react/dist/act-compat.js:47:25
    at renderRoot (/Users/sherwingorechomante/coldcaller/frontend/node_modules/@testing-library/react/dist/pure.js:190:26)
    at render (/Users/sherwingorechomante/coldcaller/frontend/node_modules/@testing-library/react/dist/pure.js:292:10)
    at Object.<anonymous> (/Users/sherwingorechomante/coldcaller/frontend/src/__tests__/App.integration.test.js:133:11)
    at Promise.then.completed (/Users/sherwingorechomante/coldcaller/frontend/node_modules/jest-circus/build/utils.js:391:28)
    at new Promise (<anonymous>)
    at callAsyncCircusFn (/Users/sherwingorechomante/coldcaller/frontend/node_modules/jest-circus/build/utils.js:316:10)
    at _callCircusTest (/Users/sherwingorechomante/coldcaller/frontend/node_modules/jest-circus/build/run.js:218:40)
    at processTicksAndRejections (node:internal/process/task_queues:105:5)
    at _runTest (/Users/sherwingorechomante/coldcaller/frontend/node_modules/jest-circus/build/run.js:155:3)
    at _runTestsForDescribeBlock (/Users/sherwingorechomante/coldcaller/frontend/node_modules/jest-circus/build/run.js:66:9)
    at _runTestsForDescribeBlock (/Users/sherwingorechomante/coldcaller/frontend/node_modules/jest-circus/build/run.js:60:9)
    at run (/Users/sherwingorechomante/coldcaller/frontend/node_modules/jest-circus/build/run.js:25:3)
    at runAndTransformResultsToJestFormat (/Users/sherwingorechomante/coldcaller/frontend/node_modules/jest-circus/build/legacy-code-todo-rewrite/jestAdapterInit.js:170:21)
    at jestAdapter (/Users/sherwingorechomante/coldcaller/frontend/node_modules/jest-circus/build/legacy-code-todo-rewrite/jestAdapter.js:82:19)
    at runTestInternal (/Users/sherwingorechomante/coldcaller/frontend/node_modules/jest-runner/build/runTest.js:389:16)
    at runTest (/Users/sherwingorechomante/coldcaller/frontend/node_modules/jest-runner/build/runTest.js:475:34)
    at Object.worker (/Users/sherwingorechomante/coldcaller/frontend/node_modules/jest-runner/build/testWorker.js:133:12)]]></failure>
    </testCase>
    <testCase name="App Integration Tests stats display remains static" duration="22">
      <failure message="AggregateError: "><![CDATA[AggregateError: 
    at aggregateErrors (/Users/sherwingorechomante/coldcaller/frontend/node_modules/react/cjs/react.development.js:527:11)
    at Object.<anonymous>.process.env.NODE_ENV.exports.act (/Users/sherwingorechomante/coldcaller/frontend/node_modules/react/cjs/react.development.js:873:24)
    at /Users/sherwingorechomante/coldcaller/frontend/node_modules/@testing-library/react/dist/act-compat.js:47:25
    at renderRoot (/Users/sherwingorechomante/coldcaller/frontend/node_modules/@testing-library/react/dist/pure.js:190:26)
    at render (/Users/sherwingorechomante/coldcaller/frontend/node_modules/@testing-library/react/dist/pure.js:292:10)
    at Object.<anonymous> (/Users/sherwingorechomante/coldcaller/frontend/src/__tests__/App.integration.test.js:168:11)
    at Promise.then.completed (/Users/sherwingorechomante/coldcaller/frontend/node_modules/jest-circus/build/utils.js:391:28)
    at new Promise (<anonymous>)
    at callAsyncCircusFn (/Users/sherwingorechomante/coldcaller/frontend/node_modules/jest-circus/build/utils.js:316:10)
    at _callCircusTest (/Users/sherwingorechomante/coldcaller/frontend/node_modules/jest-circus/build/run.js:218:40)
    at processTicksAndRejections (node:internal/process/task_queues:105:5)
    at _runTest (/Users/sherwingorechomante/coldcaller/frontend/node_modules/jest-circus/build/run.js:155:3)
    at _runTestsForDescribeBlock (/Users/sherwingorechomante/coldcaller/frontend/node_modules/jest-circus/build/run.js:66:9)
    at _runTestsForDescribeBlock (/Users/sherwingorechomante/coldcaller/frontend/node_modules/jest-circus/build/run.js:60:9)
    at run (/Users/sherwingorechomante/coldcaller/frontend/node_modules/jest-circus/build/run.js:25:3)
    at runAndTransformResultsToJestFormat (/Users/sherwingorechomante/coldcaller/frontend/node_modules/jest-circus/build/legacy-code-todo-rewrite/jestAdapterInit.js:170:21)
    at jestAdapter (/Users/sherwingorechomante/coldcaller/frontend/node_modules/jest-circus/build/legacy-code-todo-rewrite/jestAdapter.js:82:19)
    at runTestInternal (/Users/sherwingorechomante/coldcaller/frontend/node_modules/jest-runner/build/runTest.js:389:16)
    at runTest (/Users/sherwingorechomante/coldcaller/frontend/node_modules/jest-runner/build/runTest.js:475:34)
    at Object.worker (/Users/sherwingorechomante/coldcaller/frontend/node_modules/jest-runner/build/testWorker.js:133:12)]]></failure>
    </testCase>
    <testCase name="App Integration Tests recent calls display" duration="21">
      <failure message="AggregateError: "><![CDATA[AggregateError: 
    at aggregateErrors (/Users/sherwingorechomante/coldcaller/frontend/node_modules/react/cjs/react.development.js:527:11)
    at Object.<anonymous>.process.env.NODE_ENV.exports.act (/Users/sherwingorechomante/coldcaller/frontend/node_modules/react/cjs/react.development.js:873:24)
    at /Users/sherwingorechomante/coldcaller/frontend/node_modules/@testing-library/react/dist/act-compat.js:47:25
    at renderRoot (/Users/sherwingorechomante/coldcaller/frontend/node_modules/@testing-library/react/dist/pure.js:190:26)
    at render (/Users/sherwingorechomante/coldcaller/frontend/node_modules/@testing-library/react/dist/pure.js:292:10)
    at Object.<anonymous> (/Users/sherwingorechomante/coldcaller/frontend/src/__tests__/App.integration.test.js:185:11)
    at Promise.then.completed (/Users/sherwingorechomante/coldcaller/frontend/node_modules/jest-circus/build/utils.js:391:28)
    at new Promise (<anonymous>)
    at callAsyncCircusFn (/Users/sherwingorechomante/coldcaller/frontend/node_modules/jest-circus/build/utils.js:316:10)
    at _callCircusTest (/Users/sherwingorechomante/coldcaller/frontend/node_modules/jest-circus/build/run.js:218:40)
    at processTicksAndRejections (node:internal/process/task_queues:105:5)
    at _runTest (/Users/sherwingorechomante/coldcaller/frontend/node_modules/jest-circus/build/run.js:155:3)
    at _runTestsForDescribeBlock (/Users/sherwingorechomante/coldcaller/frontend/node_modules/jest-circus/build/run.js:66:9)
    at _runTestsForDescribeBlock (/Users/sherwingorechomante/coldcaller/frontend/node_modules/jest-circus/build/run.js:60:9)
    at run (/Users/sherwingorechomante/coldcaller/frontend/node_modules/jest-circus/build/run.js:25:3)
    at runAndTransformResultsToJestFormat (/Users/sherwingorechomante/coldcaller/frontend/node_modules/jest-circus/build/legacy-code-todo-rewrite/jestAdapterInit.js:170:21)
    at jestAdapter (/Users/sherwingorechomante/coldcaller/frontend/node_modules/jest-circus/build/legacy-code-todo-rewrite/jestAdapter.js:82:19)
    at runTestInternal (/Users/sherwingorechomante/coldcaller/frontend/node_modules/jest-runner/build/runTest.js:389:16)
    at runTest (/Users/sherwingorechomante/coldcaller/frontend/node_modules/jest-runner/build/runTest.js:475:34)
    at Object.worker (/Users/sherwingorechomante/coldcaller/frontend/node_modules/jest-runner/build/testWorker.js:133:12)]]></failure>
    </testCase>
    <testCase name="App Integration Tests responsive layout renders all columns" duration="32">
      <failure message="AggregateError: "><![CDATA[AggregateError: 
    at aggregateErrors (/Users/sherwingorechomante/coldcaller/frontend/node_modules/react/cjs/react.development.js:527:11)
    at Object.<anonymous>.process.env.NODE_ENV.exports.act (/Users/sherwingorechomante/coldcaller/frontend/node_modules/react/cjs/react.development.js:873:24)
    at /Users/sherwingorechomante/coldcaller/frontend/node_modules/@testing-library/react/dist/act-compat.js:47:25
    at renderRoot (/Users/sherwingorechomante/coldcaller/frontend/node_modules/@testing-library/react/dist/pure.js:190:26)
    at render (/Users/sherwingorechomante/coldcaller/frontend/node_modules/@testing-library/react/dist/pure.js:292:10)
    at Object.<anonymous> (/Users/sherwingorechomante/coldcaller/frontend/src/__tests__/App.integration.test.js:197:11)
    at Promise.then.completed (/Users/sherwingorechomante/coldcaller/frontend/node_modules/jest-circus/build/utils.js:391:28)
    at new Promise (<anonymous>)
    at callAsyncCircusFn (/Users/sherwingorechomante/coldcaller/frontend/node_modules/jest-circus/build/utils.js:316:10)
    at _callCircusTest (/Users/sherwingorechomante/coldcaller/frontend/node_modules/jest-circus/build/run.js:218:40)
    at processTicksAndRejections (node:internal/process/task_queues:105:5)
    at _runTest (/Users/sherwingorechomante/coldcaller/frontend/node_modules/jest-circus/build/run.js:155:3)
    at _runTestsForDescribeBlock (/Users/sherwingorechomante/coldcaller/frontend/node_modules/jest-circus/build/run.js:66:9)
    at _runTestsForDescribeBlock (/Users/sherwingorechomante/coldcaller/frontend/node_modules/jest-circus/build/run.js:60:9)
    at run (/Users/sherwingorechomante/coldcaller/frontend/node_modules/jest-circus/build/run.js:25:3)
    at runAndTransformResultsToJestFormat (/Users/sherwingorechomante/coldcaller/frontend/node_modules/jest-circus/build/legacy-code-todo-rewrite/jestAdapterInit.js:170:21)
    at jestAdapter (/Users/sherwingorechomante/coldcaller/frontend/node_modules/jest-circus/build/legacy-code-todo-rewrite/jestAdapter.js:82:19)
    at runTestInternal (/Users/sherwingorechomante/coldcaller/frontend/node_modules/jest-runner/build/runTest.js:389:16)
    at runTest (/Users/sherwingorechomante/coldcaller/frontend/node_modules/jest-runner/build/runTest.js:475:34)
    at Object.worker (/Users/sherwingorechomante/coldcaller/frontend/node_modules/jest-runner/build/testWorker.js:133:12)]]></failure>
    </testCase>
    <testCase name="App Integration Tests multiple components can be interacted with independently" duration="51">
      <failure message="AggregateError: "><![CDATA[AggregateError: 
    at aggregateErrors (/Users/sherwingorechomante/coldcaller/frontend/node_modules/react/cjs/react.development.js:527:11)
    at Object.<anonymous>.process.env.NODE_ENV.exports.act (/Users/sherwingorechomante/coldcaller/frontend/node_modules/react/cjs/react.development.js:873:24)
    at /Users/sherwingorechomante/coldcaller/frontend/node_modules/@testing-library/react/dist/act-compat.js:47:25
    at renderRoot (/Users/sherwingorechomante/coldcaller/frontend/node_modules/@testing-library/react/dist/pure.js:190:26)
    at render (/Users/sherwingorechomante/coldcaller/frontend/node_modules/@testing-library/react/dist/pure.js:292:10)
    at Object.<anonymous> (/Users/sherwingorechomante/coldcaller/frontend/src/__tests__/App.integration.test.js:208:11)
    at Promise.then.completed (/Users/sherwingorechomante/coldcaller/frontend/node_modules/jest-circus/build/utils.js:391:28)
    at new Promise (<anonymous>)
    at callAsyncCircusFn (/Users/sherwingorechomante/coldcaller/frontend/node_modules/jest-circus/build/utils.js:316:10)
    at _callCircusTest (/Users/sherwingorechomante/coldcaller/frontend/node_modules/jest-circus/build/run.js:218:40)
    at processTicksAndRejections (node:internal/process/task_queues:105:5)
    at _runTest (/Users/sherwingorechomante/coldcaller/frontend/node_modules/jest-circus/build/run.js:155:3)
    at _runTestsForDescribeBlock (/Users/sherwingorechomante/coldcaller/frontend/node_modules/jest-circus/build/run.js:66:9)
    at _runTestsForDescribeBlock (/Users/sherwingorechomante/coldcaller/frontend/node_modules/jest-circus/build/run.js:60:9)
    at run (/Users/sherwingorechomante/coldcaller/frontend/node_modules/jest-circus/build/run.js:25:3)
    at runAndTransformResultsToJestFormat (/Users/sherwingorechomante/coldcaller/frontend/node_modules/jest-circus/build/legacy-code-todo-rewrite/jestAdapterInit.js:170:21)
    at jestAdapter (/Users/sherwingorechomante/coldcaller/frontend/node_modules/jest-circus/build/legacy-code-todo-rewrite/jestAdapter.js:82:19)
    at runTestInternal (/Users/sherwingorechomante/coldcaller/frontend/node_modules/jest-runner/build/runTest.js:389:16)
    at runTest (/Users/sherwingorechomante/coldcaller/frontend/node_modules/jest-runner/build/runTest.js:475:34)
    at Object.worker (/Users/sherwingorechomante/coldcaller/frontend/node_modules/jest-runner/build/testWorker.js:133:12)]]></failure>
    </testCase>
    <testCase name="App Integration Tests expand/collapse script works within full app" duration="37">
      <failure message="AggregateError: "><![CDATA[AggregateError: 
    at aggregateErrors (/Users/sherwingorechomante/coldcaller/frontend/node_modules/react/cjs/react.development.js:527:11)
    at Object.<anonymous>.process.env.NODE_ENV.exports.act (/Users/sherwingorechomante/coldcaller/frontend/node_modules/react/cjs/react.development.js:873:24)
    at /Users/sherwingorechomante/coldcaller/frontend/node_modules/@testing-library/react/dist/act-compat.js:47:25
    at renderRoot (/Users/sherwingorechomante/coldcaller/frontend/node_modules/@testing-library/react/dist/pure.js:190:26)
    at render (/Users/sherwingorechomante/coldcaller/frontend/node_modules/@testing-library/react/dist/pure.js:292:10)
    at Object.<anonymous> (/Users/sherwingorechomante/coldcaller/frontend/src/__tests__/App.integration.test.js:233:11)
    at Promise.then.completed (/Users/sherwingorechomante/coldcaller/frontend/node_modules/jest-circus/build/utils.js:391:28)
    at new Promise (<anonymous>)
    at callAsyncCircusFn (/Users/sherwingorechomante/coldcaller/frontend/node_modules/jest-circus/build/utils.js:316:10)
    at _callCircusTest (/Users/sherwingorechomante/coldcaller/frontend/node_modules/jest-circus/build/run.js:218:40)
    at processTicksAndRejections (node:internal/process/task_queues:105:5)
    at _runTest (/Users/sherwingorechomante/coldcaller/frontend/node_modules/jest-circus/build/run.js:155:3)
    at _runTestsForDescribeBlock (/Users/sherwingorechomante/coldcaller/frontend/node_modules/jest-circus/build/run.js:66:9)
    at _runTestsForDescribeBlock (/Users/sherwingorechomante/coldcaller/frontend/node_modules/jest-circus/build/run.js:60:9)
    at run (/Users/sherwingorechomante/coldcaller/frontend/node_modules/jest-circus/build/run.js:25:3)
    at runAndTransformResultsToJestFormat (/Users/sherwingorechomante/coldcaller/frontend/node_modules/jest-circus/build/legacy-code-todo-rewrite/jestAdapterInit.js:170:21)
    at jestAdapter (/Users/sherwingorechomante/coldcaller/frontend/node_modules/jest-circus/build/legacy-code-todo-rewrite/jestAdapter.js:82:19)
    at runTestInternal (/Users/sherwingorechomante/coldcaller/frontend/node_modules/jest-runner/build/runTest.js:389:16)
    at runTest (/Users/sherwingorechomante/coldcaller/frontend/node_modules/jest-runner/build/runTest.js:475:34)
    at Object.worker (/Users/sherwingorechomante/coldcaller/frontend/node_modules/jest-runner/build/testWorker.js:133:12)]]></failure>
    </testCase>
    <testCase name="App Integration Tests footer tips are displayed" duration="30">
      <failure message="AggregateError: "><![CDATA[AggregateError: 
    at aggregateErrors (/Users/sherwingorechomante/coldcaller/frontend/node_modules/react/cjs/react.development.js:527:11)
    at Object.<anonymous>.process.env.NODE_ENV.exports.act (/Users/sherwingorechomante/coldcaller/frontend/node_modules/react/cjs/react.development.js:873:24)
    at /Users/sherwingorechomante/coldcaller/frontend/node_modules/@testing-library/react/dist/act-compat.js:47:25
    at renderRoot (/Users/sherwingorechomante/coldcaller/frontend/node_modules/@testing-library/react/dist/pure.js:190:26)
    at render (/Users/sherwingorechomante/coldcaller/frontend/node_modules/@testing-library/react/dist/pure.js:292:10)
    at Object.<anonymous> (/Users/sherwingorechomante/coldcaller/frontend/src/__tests__/App.integration.test.js:250:11)
    at Promise.then.completed (/Users/sherwingorechomante/coldcaller/frontend/node_modules/jest-circus/build/utils.js:391:28)
    at new Promise (<anonymous>)
    at callAsyncCircusFn (/Users/sherwingorechomante/coldcaller/frontend/node_modules/jest-circus/build/utils.js:316:10)
    at _callCircusTest (/Users/sherwingorechomante/coldcaller/frontend/node_modules/jest-circus/build/run.js:218:40)
    at processTicksAndRejections (node:internal/process/task_queues:105:5)
    at _runTest (/Users/sherwingorechomante/coldcaller/frontend/node_modules/jest-circus/build/run.js:155:3)
    at _runTestsForDescribeBlock (/Users/sherwingorechomante/coldcaller/frontend/node_modules/jest-circus/build/run.js:66:9)
    at _runTestsForDescribeBlock (/Users/sherwingorechomante/coldcaller/frontend/node_modules/jest-circus/build/run.js:60:9)
    at run (/Users/sherwingorechomante/coldcaller/frontend/node_modules/jest-circus/build/run.js:25:3)
    at runAndTransformResultsToJestFormat (/Users/sherwingorechomante/coldcaller/frontend/node_modules/jest-circus/build/legacy-code-todo-rewrite/jestAdapterInit.js:170:21)
    at jestAdapter (/Users/sherwingorechomante/coldcaller/frontend/node_modules/jest-circus/build/legacy-code-todo-rewrite/jestAdapter.js:82:19)
    at runTestInternal (/Users/sherwingorechomante/coldcaller/frontend/node_modules/jest-runner/build/runTest.js:389:16)
    at runTest (/Users/sherwingorechomante/coldcaller/frontend/node_modules/jest-runner/build/runTest.js:475:34)
    at Object.worker (/Users/sherwingorechomante/coldcaller/frontend/node_modules/jest-runner/build/testWorker.js:133:12)]]></failure>
    </testCase>
  </file>
  <file path="/Users/sherwingorechomante/coldcaller/frontend/src/__tests__/workflows.e2e.test.js">
    <testCase name="End-to-End Workflow Tests Complete Sales Call Workflow perform a full sales call from start to finish" duration="108">
      <failure message="AggregateError: "><![CDATA[AggregateError: 
    at aggregateErrors (/Users/sherwingorechomante/coldcaller/frontend/node_modules/react/cjs/react.development.js:527:11)
    at Object.<anonymous>.process.env.NODE_ENV.exports.act (/Users/sherwingorechomante/coldcaller/frontend/node_modules/react/cjs/react.development.js:873:24)
    at /Users/sherwingorechomante/coldcaller/frontend/node_modules/@testing-library/react/dist/act-compat.js:47:25
    at renderRoot (/Users/sherwingorechomante/coldcaller/frontend/node_modules/@testing-library/react/dist/pure.js:190:26)
    at render (/Users/sherwingorechomante/coldcaller/frontend/node_modules/@testing-library/react/dist/pure.js:292:10)
    at Object.<anonymous> (/Users/sherwingorechomante/coldcaller/frontend/src/__tests__/workflows.e2e.test.js:11:13)
    at Promise.then.completed (/Users/sherwingorechomante/coldcaller/frontend/node_modules/jest-circus/build/utils.js:391:28)
    at new Promise (<anonymous>)
    at callAsyncCircusFn (/Users/sherwingorechomante/coldcaller/frontend/node_modules/jest-circus/build/utils.js:316:10)
    at _callCircusTest (/Users/sherwingorechomante/coldcaller/frontend/node_modules/jest-circus/build/run.js:218:40)
    at processTicksAndRejections (node:internal/process/task_queues:105:5)
    at _runTest (/Users/sherwingorechomante/coldcaller/frontend/node_modules/jest-circus/build/run.js:155:3)
    at _runTestsForDescribeBlock (/Users/sherwingorechomante/coldcaller/frontend/node_modules/jest-circus/build/run.js:66:9)
    at _runTestsForDescribeBlock (/Users/sherwingorechomante/coldcaller/frontend/node_modules/jest-circus/build/run.js:60:9)
    at _runTestsForDescribeBlock (/Users/sherwingorechomante/coldcaller/frontend/node_modules/jest-circus/build/run.js:60:9)
    at run (/Users/sherwingorechomante/coldcaller/frontend/node_modules/jest-circus/build/run.js:25:3)
    at runAndTransformResultsToJestFormat (/Users/sherwingorechomante/coldcaller/frontend/node_modules/jest-circus/build/legacy-code-todo-rewrite/jestAdapterInit.js:170:21)
    at jestAdapter (/Users/sherwingorechomante/coldcaller/frontend/node_modules/jest-circus/build/legacy-code-todo-rewrite/jestAdapter.js:82:19)
    at runTestInternal (/Users/sherwingorechomante/coldcaller/frontend/node_modules/jest-runner/build/runTest.js:389:16)
    at runTest (/Users/sherwingorechomante/coldcaller/frontend/node_modules/jest-runner/build/runTest.js:475:34)
    at Object.worker (/Users/sherwingorechomante/coldcaller/frontend/node_modules/jest-runner/build/testWorker.js:133:12)]]></failure>
    </testCase>
    <testCase name="End-to-End Workflow Tests Lead Management Workflow navigate through all leads and update notes" duration="20">
      <failure message="AggregateError: "><![CDATA[AggregateError: 
    at aggregateErrors (/Users/sherwingorechomante/coldcaller/frontend/node_modules/react/cjs/react.development.js:527:11)
    at Object.<anonymous>.process.env.NODE_ENV.exports.act (/Users/sherwingorechomante/coldcaller/frontend/node_modules/react/cjs/react.development.js:873:24)
    at /Users/sherwingorechomante/coldcaller/frontend/node_modules/@testing-library/react/dist/act-compat.js:47:25
    at renderRoot (/Users/sherwingorechomante/coldcaller/frontend/node_modules/@testing-library/react/dist/pure.js:190:26)
    at render (/Users/sherwingorechomante/coldcaller/frontend/node_modules/@testing-library/react/dist/pure.js:292:10)
    at Object.<anonymous> (/Users/sherwingorechomante/coldcaller/frontend/src/__tests__/workflows.e2e.test.js:82:13)
    at Promise.then.completed (/Users/sherwingorechomante/coldcaller/frontend/node_modules/jest-circus/build/utils.js:391:28)
    at new Promise (<anonymous>)
    at callAsyncCircusFn (/Users/sherwingorechomante/coldcaller/frontend/node_modules/jest-circus/build/utils.js:316:10)
    at _callCircusTest (/Users/sherwingorechomante/coldcaller/frontend/node_modules/jest-circus/build/run.js:218:40)
    at processTicksAndRejections (node:internal/process/task_queues:105:5)
    at _runTest (/Users/sherwingorechomante/coldcaller/frontend/node_modules/jest-circus/build/run.js:155:3)
    at _runTestsForDescribeBlock (/Users/sherwingorechomante/coldcaller/frontend/node_modules/jest-circus/build/run.js:66:9)
    at _runTestsForDescribeBlock (/Users/sherwingorechomante/coldcaller/frontend/node_modules/jest-circus/build/run.js:60:9)
    at _runTestsForDescribeBlock (/Users/sherwingorechomante/coldcaller/frontend/node_modules/jest-circus/build/run.js:60:9)
    at run (/Users/sherwingorechomante/coldcaller/frontend/node_modules/jest-circus/build/run.js:25:3)
    at runAndTransformResultsToJestFormat (/Users/sherwingorechomante/coldcaller/frontend/node_modules/jest-circus/build/legacy-code-todo-rewrite/jestAdapterInit.js:170:21)
    at jestAdapter (/Users/sherwingorechomante/coldcaller/frontend/node_modules/jest-circus/build/legacy-code-todo-rewrite/jestAdapter.js:82:19)
    at runTestInternal (/Users/sherwingorechomante/coldcaller/frontend/node_modules/jest-runner/build/runTest.js:389:16)
    at runTest (/Users/sherwingorechomante/coldcaller/frontend/node_modules/jest-runner/build/runTest.js:475:34)
    at Object.worker (/Users/sherwingorechomante/coldcaller/frontend/node_modules/jest-runner/build/testWorker.js:133:12)]]></failure>
    </testCase>
    <testCase name="End-to-End Workflow Tests Script Preparation Workflow prepare all scripts before calling" duration="29">
      <failure message="AggregateError: "><![CDATA[AggregateError: 
    at aggregateErrors (/Users/sherwingorechomante/coldcaller/frontend/node_modules/react/cjs/react.development.js:527:11)
    at Object.<anonymous>.process.env.NODE_ENV.exports.act (/Users/sherwingorechomante/coldcaller/frontend/node_modules/react/cjs/react.development.js:873:24)
    at /Users/sherwingorechomante/coldcaller/frontend/node_modules/@testing-library/react/dist/act-compat.js:47:25
    at renderRoot (/Users/sherwingorechomante/coldcaller/frontend/node_modules/@testing-library/react/dist/pure.js:190:26)
    at render (/Users/sherwingorechomante/coldcaller/frontend/node_modules/@testing-library/react/dist/pure.js:292:10)
    at Object.<anonymous> (/Users/sherwingorechomante/coldcaller/frontend/src/__tests__/workflows.e2e.test.js:123:13)
    at Promise.then.completed (/Users/sherwingorechomante/coldcaller/frontend/node_modules/jest-circus/build/utils.js:391:28)
    at new Promise (<anonymous>)
    at callAsyncCircusFn (/Users/sherwingorechomante/coldcaller/frontend/node_modules/jest-circus/build/utils.js:316:10)
    at _callCircusTest (/Users/sherwingorechomante/coldcaller/frontend/node_modules/jest-circus/build/run.js:218:40)
    at processTicksAndRejections (node:internal/process/task_queues:105:5)
    at _runTest (/Users/sherwingorechomante/coldcaller/frontend/node_modules/jest-circus/build/run.js:155:3)
    at _runTestsForDescribeBlock (/Users/sherwingorechomante/coldcaller/frontend/node_modules/jest-circus/build/run.js:66:9)
    at _runTestsForDescribeBlock (/Users/sherwingorechomante/coldcaller/frontend/node_modules/jest-circus/build/run.js:60:9)
    at _runTestsForDescribeBlock (/Users/sherwingorechomante/coldcaller/frontend/node_modules/jest-circus/build/run.js:60:9)
    at run (/Users/sherwingorechomante/coldcaller/frontend/node_modules/jest-circus/build/run.js:25:3)
    at runAndTransformResultsToJestFormat (/Users/sherwingorechomante/coldcaller/frontend/node_modules/jest-circus/build/legacy-code-todo-rewrite/jestAdapterInit.js:170:21)
    at jestAdapter (/Users/sherwingorechomante/coldcaller/frontend/node_modules/jest-circus/build/legacy-code-todo-rewrite/jestAdapter.js:82:19)
    at runTestInternal (/Users/sherwingorechomante/coldcaller/frontend/node_modules/jest-runner/build/runTest.js:389:16)
    at runTest (/Users/sherwingorechomante/coldcaller/frontend/node_modules/jest-runner/build/runTest.js:475:34)
    at Object.worker (/Users/sherwingorechomante/coldcaller/frontend/node_modules/jest-runner/build/testWorker.js:133:12)]]></failure>
    </testCase>
    <testCase name="End-to-End Workflow Tests Audio Clip Testing Workflow test all audio clips before calling" duration="24">
      <failure message="AggregateError: "><![CDATA[AggregateError: 
    at aggregateErrors (/Users/sherwingorechomante/coldcaller/frontend/node_modules/react/cjs/react.development.js:527:11)
    at Object.<anonymous>.process.env.NODE_ENV.exports.act (/Users/sherwingorechomante/coldcaller/frontend/node_modules/react/cjs/react.development.js:873:24)
    at /Users/sherwingorechomante/coldcaller/frontend/node_modules/@testing-library/react/dist/act-compat.js:47:25
    at renderRoot (/Users/sherwingorechomante/coldcaller/frontend/node_modules/@testing-library/react/dist/pure.js:190:26)
    at render (/Users/sherwingorechomante/coldcaller/frontend/node_modules/@testing-library/react/dist/pure.js:292:10)
    at Object.<anonymous> (/Users/sherwingorechomante/coldcaller/frontend/src/__tests__/workflows.e2e.test.js:157:13)
    at Promise.then.completed (/Users/sherwingorechomante/coldcaller/frontend/node_modules/jest-circus/build/utils.js:391:28)
    at new Promise (<anonymous>)
    at callAsyncCircusFn (/Users/sherwingorechomante/coldcaller/frontend/node_modules/jest-circus/build/utils.js:316:10)
    at _callCircusTest (/Users/sherwingorechomante/coldcaller/frontend/node_modules/jest-circus/build/run.js:218:40)
    at processTicksAndRejections (node:internal/process/task_queues:105:5)
    at _runTest (/Users/sherwingorechomante/coldcaller/frontend/node_modules/jest-circus/build/run.js:155:3)
    at _runTestsForDescribeBlock (/Users/sherwingorechomante/coldcaller/frontend/node_modules/jest-circus/build/run.js:66:9)
    at _runTestsForDescribeBlock (/Users/sherwingorechomante/coldcaller/frontend/node_modules/jest-circus/build/run.js:60:9)
    at _runTestsForDescribeBlock (/Users/sherwingorechomante/coldcaller/frontend/node_modules/jest-circus/build/run.js:60:9)
    at run (/Users/sherwingorechomante/coldcaller/frontend/node_modules/jest-circus/build/run.js:25:3)
    at runAndTransformResultsToJestFormat (/Users/sherwingorechomante/coldcaller/frontend/node_modules/jest-circus/build/legacy-code-todo-rewrite/jestAdapterInit.js:170:21)
    at jestAdapter (/Users/sherwingorechomante/coldcaller/frontend/node_modules/jest-circus/build/legacy-code-todo-rewrite/jestAdapter.js:82:19)
    at runTestInternal (/Users/sherwingorechomante/coldcaller/frontend/node_modules/jest-runner/build/runTest.js:389:16)
    at runTest (/Users/sherwingorechomante/coldcaller/frontend/node_modules/jest-runner/build/runTest.js:475:34)
    at Object.worker (/Users/sherwingorechomante/coldcaller/frontend/node_modules/jest-runner/build/testWorker.js:133:12)]]></failure>
    </testCase>
    <testCase name="End-to-End Workflow Tests Quick Actions Workflow use quick actions for lead management" duration="16">
      <failure message="AggregateError: "><![CDATA[AggregateError: 
    at aggregateErrors (/Users/sherwingorechomante/coldcaller/frontend/node_modules/react/cjs/react.development.js:527:11)
    at Object.<anonymous>.process.env.NODE_ENV.exports.act (/Users/sherwingorechomante/coldcaller/frontend/node_modules/react/cjs/react.development.js:873:24)
    at /Users/sherwingorechomante/coldcaller/frontend/node_modules/@testing-library/react/dist/act-compat.js:47:25
    at renderRoot (/Users/sherwingorechomante/coldcaller/frontend/node_modules/@testing-library/react/dist/pure.js:190:26)
    at render (/Users/sherwingorechomante/coldcaller/frontend/node_modules/@testing-library/react/dist/pure.js:292:10)
    at Object.<anonymous> (/Users/sherwingorechomante/coldcaller/frontend/src/__tests__/workflows.e2e.test.js:190:13)
    at Promise.then.completed (/Users/sherwingorechomante/coldcaller/frontend/node_modules/jest-circus/build/utils.js:391:28)
    at new Promise (<anonymous>)
    at callAsyncCircusFn (/Users/sherwingorechomante/coldcaller/frontend/node_modules/jest-circus/build/utils.js:316:10)
    at _callCircusTest (/Users/sherwingorechomante/coldcaller/frontend/node_modules/jest-circus/build/run.js:218:40)
    at processTicksAndRejections (node:internal/process/task_queues:105:5)
    at _runTest (/Users/sherwingorechomante/coldcaller/frontend/node_modules/jest-circus/build/run.js:155:3)
    at _runTestsForDescribeBlock (/Users/sherwingorechomante/coldcaller/frontend/node_modules/jest-circus/build/run.js:66:9)
    at _runTestsForDescribeBlock (/Users/sherwingorechomante/coldcaller/frontend/node_modules/jest-circus/build/run.js:60:9)
    at _runTestsForDescribeBlock (/Users/sherwingorechomante/coldcaller/frontend/node_modules/jest-circus/build/run.js:60:9)
    at run (/Users/sherwingorechomante/coldcaller/frontend/node_modules/jest-circus/build/run.js:25:3)
    at runAndTransformResultsToJestFormat (/Users/sherwingorechomante/coldcaller/frontend/node_modules/jest-circus/build/legacy-code-todo-rewrite/jestAdapterInit.js:170:21)
    at jestAdapter (/Users/sherwingorechomante/coldcaller/frontend/node_modules/jest-circus/build/legacy-code-todo-rewrite/jestAdapter.js:82:19)
    at runTestInternal (/Users/sherwingorechomante/coldcaller/frontend/node_modules/jest-runner/build/runTest.js:389:16)
    at runTest (/Users/sherwingorechomante/coldcaller/frontend/node_modules/jest-runner/build/runTest.js:475:34)
    at Object.worker (/Users/sherwingorechomante/coldcaller/frontend/node_modules/jest-runner/build/testWorker.js:133:12)]]></failure>
    </testCase>
    <testCase name="End-to-End Workflow Tests Multi-Lead Calling Session make calls to multiple leads in sequence" duration="20">
      <failure message="AggregateError: "><![CDATA[AggregateError: 
    at aggregateErrors (/Users/sherwingorechomante/coldcaller/frontend/node_modules/react/cjs/react.development.js:527:11)
    at Object.<anonymous>.process.env.NODE_ENV.exports.act (/Users/sherwingorechomante/coldcaller/frontend/node_modules/react/cjs/react.development.js:873:24)
    at /Users/sherwingorechomante/coldcaller/frontend/node_modules/@testing-library/react/dist/act-compat.js:47:25
    at renderRoot (/Users/sherwingorechomante/coldcaller/frontend/node_modules/@testing-library/react/dist/pure.js:190:26)
    at render (/Users/sherwingorechomante/coldcaller/frontend/node_modules/@testing-library/react/dist/pure.js:292:10)
    at Object.<anonymous> (/Users/sherwingorechomante/coldcaller/frontend/src/__tests__/workflows.e2e.test.js:214:13)
    at Promise.then.completed (/Users/sherwingorechomante/coldcaller/frontend/node_modules/jest-circus/build/utils.js:391:28)
    at new Promise (<anonymous>)
    at callAsyncCircusFn (/Users/sherwingorechomante/coldcaller/frontend/node_modules/jest-circus/build/utils.js:316:10)
    at _callCircusTest (/Users/sherwingorechomante/coldcaller/frontend/node_modules/jest-circus/build/run.js:218:40)
    at processTicksAndRejections (node:internal/process/task_queues:105:5)
    at _runTest (/Users/sherwingorechomante/coldcaller/frontend/node_modules/jest-circus/build/run.js:155:3)
    at _runTestsForDescribeBlock (/Users/sherwingorechomante/coldcaller/frontend/node_modules/jest-circus/build/run.js:66:9)
    at _runTestsForDescribeBlock (/Users/sherwingorechomante/coldcaller/frontend/node_modules/jest-circus/build/run.js:60:9)
    at _runTestsForDescribeBlock (/Users/sherwingorechomante/coldcaller/frontend/node_modules/jest-circus/build/run.js:60:9)
    at run (/Users/sherwingorechomante/coldcaller/frontend/node_modules/jest-circus/build/run.js:25:3)
    at runAndTransformResultsToJestFormat (/Users/sherwingorechomante/coldcaller/frontend/node_modules/jest-circus/build/legacy-code-todo-rewrite/jestAdapterInit.js:170:21)
    at jestAdapter (/Users/sherwingorechomante/coldcaller/frontend/node_modules/jest-circus/build/legacy-code-todo-rewrite/jestAdapter.js:82:19)
    at runTestInternal (/Users/sherwingorechomante/coldcaller/frontend/node_modules/jest-runner/build/runTest.js:389:16)
    at runTest (/Users/sherwingorechomante/coldcaller/frontend/node_modules/jest-runner/build/runTest.js:475:34)
    at Object.worker (/Users/sherwingorechomante/coldcaller/frontend/node_modules/jest-runner/build/testWorker.js:133:12)]]></failure>
    </testCase>
    <testCase name="End-to-End Workflow Tests Error Recovery Workflow recover from mis-dialed number" duration="18">
      <failure message="AggregateError: "><![CDATA[AggregateError: 
    at aggregateErrors (/Users/sherwingorechomante/coldcaller/frontend/node_modules/react/cjs/react.development.js:527:11)
    at Object.<anonymous>.process.env.NODE_ENV.exports.act (/Users/sherwingorechomante/coldcaller/frontend/node_modules/react/cjs/react.development.js:873:24)
    at /Users/sherwingorechomante/coldcaller/frontend/node_modules/@testing-library/react/dist/act-compat.js:47:25
    at renderRoot (/Users/sherwingorechomante/coldcaller/frontend/node_modules/@testing-library/react/dist/pure.js:190:26)
    at render (/Users/sherwingorechomante/coldcaller/frontend/node_modules/@testing-library/react/dist/pure.js:292:10)
    at Object.<anonymous> (/Users/sherwingorechomante/coldcaller/frontend/src/__tests__/workflows.e2e.test.js:258:13)
    at Promise.then.completed (/Users/sherwingorechomante/coldcaller/frontend/node_modules/jest-circus/build/utils.js:391:28)
    at new Promise (<anonymous>)
    at callAsyncCircusFn (/Users/sherwingorechomante/coldcaller/frontend/node_modules/jest-circus/build/utils.js:316:10)
    at _callCircusTest (/Users/sherwingorechomante/coldcaller/frontend/node_modules/jest-circus/build/run.js:218:40)
    at processTicksAndRejections (node:internal/process/task_queues:105:5)
    at _runTest (/Users/sherwingorechomante/coldcaller/frontend/node_modules/jest-circus/build/run.js:155:3)
    at _runTestsForDescribeBlock (/Users/sherwingorechomante/coldcaller/frontend/node_modules/jest-circus/build/run.js:66:9)
    at _runTestsForDescribeBlock (/Users/sherwingorechomante/coldcaller/frontend/node_modules/jest-circus/build/run.js:60:9)
    at _runTestsForDescribeBlock (/Users/sherwingorechomante/coldcaller/frontend/node_modules/jest-circus/build/run.js:60:9)
    at run (/Users/sherwingorechomante/coldcaller/frontend/node_modules/jest-circus/build/run.js:25:3)
    at runAndTransformResultsToJestFormat (/Users/sherwingorechomante/coldcaller/frontend/node_modules/jest-circus/build/legacy-code-todo-rewrite/jestAdapterInit.js:170:21)
    at jestAdapter (/Users/sherwingorechomante/coldcaller/frontend/node_modules/jest-circus/build/legacy-code-todo-rewrite/jestAdapter.js:82:19)
    at runTestInternal (/Users/sherwingorechomante/coldcaller/frontend/node_modules/jest-runner/build/runTest.js:389:16)
    at runTest (/Users/sherwingorechomante/coldcaller/frontend/node_modules/jest-runner/build/runTest.js:475:34)
    at Object.worker (/Users/sherwingorechomante/coldcaller/frontend/node_modules/jest-runner/build/testWorker.js:133:12)]]></failure>
    </testCase>
    <testCase name="End-to-End Workflow Tests Error Recovery Workflow cancel note editing without saving" duration="16">
      <failure message="AggregateError: "><![CDATA[AggregateError: 
    at aggregateErrors (/Users/sherwingorechomante/coldcaller/frontend/node_modules/react/cjs/react.development.js:527:11)
    at Object.<anonymous>.process.env.NODE_ENV.exports.act (/Users/sherwingorechomante/coldcaller/frontend/node_modules/react/cjs/react.development.js:873:24)
    at /Users/sherwingorechomante/coldcaller/frontend/node_modules/@testing-library/react/dist/act-compat.js:47:25
    at renderRoot (/Users/sherwingorechomante/coldcaller/frontend/node_modules/@testing-library/react/dist/pure.js:190:26)
    at render (/Users/sherwingorechomante/coldcaller/frontend/node_modules/@testing-library/react/dist/pure.js:292:10)
    at Object.<anonymous> (/Users/sherwingorechomante/coldcaller/frontend/src/__tests__/workflows.e2e.test.js:284:13)
    at Promise.then.completed (/Users/sherwingorechomante/coldcaller/frontend/node_modules/jest-circus/build/utils.js:391:28)
    at new Promise (<anonymous>)
    at callAsyncCircusFn (/Users/sherwingorechomante/coldcaller/frontend/node_modules/jest-circus/build/utils.js:316:10)
    at _callCircusTest (/Users/sherwingorechomante/coldcaller/frontend/node_modules/jest-circus/build/run.js:218:40)
    at processTicksAndRejections (node:internal/process/task_queues:105:5)
    at _runTest (/Users/sherwingorechomante/coldcaller/frontend/node_modules/jest-circus/build/run.js:155:3)
    at _runTestsForDescribeBlock (/Users/sherwingorechomante/coldcaller/frontend/node_modules/jest-circus/build/run.js:66:9)
    at _runTestsForDescribeBlock (/Users/sherwingorechomante/coldcaller/frontend/node_modules/jest-circus/build/run.js:60:9)
    at _runTestsForDescribeBlock (/Users/sherwingorechomante/coldcaller/frontend/node_modules/jest-circus/build/run.js:60:9)
    at run (/Users/sherwingorechomante/coldcaller/frontend/node_modules/jest-circus/build/run.js:25:3)
    at runAndTransformResultsToJestFormat (/Users/sherwingorechomante/coldcaller/frontend/node_modules/jest-circus/build/legacy-code-todo-rewrite/jestAdapterInit.js:170:21)
    at jestAdapter (/Users/sherwingorechomante/coldcaller/frontend/node_modules/jest-circus/build/legacy-code-todo-rewrite/jestAdapter.js:82:19)
    at runTestInternal (/Users/sherwingorechomante/coldcaller/frontend/node_modules/jest-runner/build/runTest.js:389:16)
    at runTest (/Users/sherwingorechomante/coldcaller/frontend/node_modules/jest-runner/build/runTest.js:475:34)
    at Object.worker (/Users/sherwingorechomante/coldcaller/frontend/node_modules/jest-runner/build/testWorker.js:133:12)]]></failure>
    </testCase>
  </file>
  <file path="/Users/sherwingorechomante/coldcaller/frontend/src/__tests__/comprehensive/VoipSystem.test.js">
    <testCase name="Comprehensive VOIP System Tests VOIP Phone Component Integration renders VOIP phone with all controls" duration="9">
      <failure message="TypeError: _SIPManager.default is not a constructor"><![CDATA[TypeError: _SIPManager.default is not a constructor
    at /Users/sherwingorechomante/coldcaller/frontend/src/components/VOIPPhone.js:44:29
    at Object.react_stack_bottom_frame (/Users/sherwingorechomante/coldcaller/frontend/node_modules/react-dom/cjs/react-dom-client.development.js:23953:20)
    at runWithFiberInDEV (/Users/sherwingorechomante/coldcaller/frontend/node_modules/react-dom/cjs/react-dom-client.development.js:1522:13)
    at commitHookEffectListMount (/Users/sherwingorechomante/coldcaller/frontend/node_modules/react-dom/cjs/react-dom-client.development.js:11905:29)
    at commitHookPassiveMountEffects (/Users/sherwingorechomante/coldcaller/frontend/node_modules/react-dom/cjs/react-dom-client.development.js:12028:11)
    at commitPassiveMountOnFiber (/Users/sherwingorechomante/coldcaller/frontend/node_modules/react-dom/cjs/react-dom-client.development.js:13841:13)
    at recursivelyTraversePassiveMountEffects (/Users/sherwingorechomante/coldcaller/frontend/node_modules/react-dom/cjs/react-dom-client.development.js:13815:11)
    at commitPassiveMountOnFiber (/Users/sherwingorechomante/coldcaller/frontend/node_modules/react-dom/cjs/react-dom-client.development.js:13853:11)
    at flushPassiveEffects (/Users/sherwingorechomante/coldcaller/frontend/node_modules/react-dom/cjs/react-dom-client.development.js:15737:9)
    at /Users/sherwingorechomante/coldcaller/frontend/node_modules/react-dom/cjs/react-dom-client.development.js:15379:15
    at flushActQueue (/Users/sherwingorechomante/coldcaller/frontend/node_modules/react/cjs/react.development.js:566:34)
    at Object.<anonymous>.process.env.NODE_ENV.exports.act (/Users/sherwingorechomante/coldcaller/frontend/node_modules/react/cjs/react.development.js:860:10)
    at /Users/sherwingorechomante/coldcaller/frontend/node_modules/@testing-library/react/dist/act-compat.js:47:25
    at renderRoot (/Users/sherwingorechomante/coldcaller/frontend/node_modules/@testing-library/react/dist/pure.js:190:26)
    at render (/Users/sherwingorechomante/coldcaller/frontend/node_modules/@testing-library/react/dist/pure.js:292:10)
    at Object.<anonymous> (/Users/sherwingorechomante/coldcaller/frontend/src/__tests__/comprehensive/VoipSystem.test.js:107:13)
    at Promise.then.completed (/Users/sherwingorechomante/coldcaller/frontend/node_modules/jest-circus/build/utils.js:391:28)
    at new Promise (<anonymous>)
    at callAsyncCircusFn (/Users/sherwingorechomante/coldcaller/frontend/node_modules/jest-circus/build/utils.js:316:10)
    at _callCircusTest (/Users/sherwingorechomante/coldcaller/frontend/node_modules/jest-circus/build/run.js:218:40)
    at processTicksAndRejections (node:internal/process/task_queues:105:5)
    at _runTest (/Users/sherwingorechomante/coldcaller/frontend/node_modules/jest-circus/build/run.js:155:3)
    at _runTestsForDescribeBlock (/Users/sherwingorechomante/coldcaller/frontend/node_modules/jest-circus/build/run.js:66:9)
    at _runTestsForDescribeBlock (/Users/sherwingorechomante/coldcaller/frontend/node_modules/jest-circus/build/run.js:60:9)
    at _runTestsForDescribeBlock (/Users/sherwingorechomante/coldcaller/frontend/node_modules/jest-circus/build/run.js:60:9)
    at run (/Users/sherwingorechomante/coldcaller/frontend/node_modules/jest-circus/build/run.js:25:3)
    at runAndTransformResultsToJestFormat (/Users/sherwingorechomante/coldcaller/frontend/node_modules/jest-circus/build/legacy-code-todo-rewrite/jestAdapterInit.js:170:21)
    at jestAdapter (/Users/sherwingorechomante/coldcaller/frontend/node_modules/jest-circus/build/legacy-code-todo-rewrite/jestAdapter.js:82:19)
    at runTestInternal (/Users/sherwingorechomante/coldcaller/frontend/node_modules/jest-runner/build/runTest.js:389:16)
    at runTest (/Users/sherwingorechomante/coldcaller/frontend/node_modules/jest-runner/build/runTest.js:475:34)
    at Object.worker (/Users/sherwingorechomante/coldcaller/frontend/node_modules/jest-runner/build/testWorker.js:133:12)]]></failure>
    </testCase>
    <testCase name="Comprehensive VOIP System Tests VOIP Phone Component Integration initializes VOIP service on mount" duration="5">
      <failure message="TypeError: _SIPManager.default is not a constructor"><![CDATA[TypeError: _SIPManager.default is not a constructor
    at /Users/sherwingorechomante/coldcaller/frontend/src/components/VOIPPhone.js:44:29
    at Object.react_stack_bottom_frame (/Users/sherwingorechomante/coldcaller/frontend/node_modules/react-dom/cjs/react-dom-client.development.js:23953:20)
    at runWithFiberInDEV (/Users/sherwingorechomante/coldcaller/frontend/node_modules/react-dom/cjs/react-dom-client.development.js:1522:13)
    at commitHookEffectListMount (/Users/sherwingorechomante/coldcaller/frontend/node_modules/react-dom/cjs/react-dom-client.development.js:11905:29)
    at commitHookPassiveMountEffects (/Users/sherwingorechomante/coldcaller/frontend/node_modules/react-dom/cjs/react-dom-client.development.js:12028:11)
    at commitPassiveMountOnFiber (/Users/sherwingorechomante/coldcaller/frontend/node_modules/react-dom/cjs/react-dom-client.development.js:13841:13)
    at recursivelyTraversePassiveMountEffects (/Users/sherwingorechomante/coldcaller/frontend/node_modules/react-dom/cjs/react-dom-client.development.js:13815:11)
    at commitPassiveMountOnFiber (/Users/sherwingorechomante/coldcaller/frontend/node_modules/react-dom/cjs/react-dom-client.development.js:13853:11)
    at flushPassiveEffects (/Users/sherwingorechomante/coldcaller/frontend/node_modules/react-dom/cjs/react-dom-client.development.js:15737:9)
    at /Users/sherwingorechomante/coldcaller/frontend/node_modules/react-dom/cjs/react-dom-client.development.js:15379:15
    at flushActQueue (/Users/sherwingorechomante/coldcaller/frontend/node_modules/react/cjs/react.development.js:566:34)
    at Object.<anonymous>.process.env.NODE_ENV.exports.act (/Users/sherwingorechomante/coldcaller/frontend/node_modules/react/cjs/react.development.js:860:10)
    at /Users/sherwingorechomante/coldcaller/frontend/node_modules/@testing-library/react/dist/act-compat.js:47:25
    at renderRoot (/Users/sherwingorechomante/coldcaller/frontend/node_modules/@testing-library/react/dist/pure.js:190:26)
    at render (/Users/sherwingorechomante/coldcaller/frontend/node_modules/@testing-library/react/dist/pure.js:292:10)
    at Object.<anonymous> (/Users/sherwingorechomante/coldcaller/frontend/src/__tests__/comprehensive/VoipSystem.test.js:117:13)
    at processTicksAndRejections (node:internal/process/task_queues:105:5)]]></failure>
    </testCase>
    <testCase name="Comprehensive VOIP System Tests VOIP Phone Component Integration handles VOIP service initialization failure gracefully" duration="4">
      <failure message="TypeError: _SIPManager.default is not a constructor"><![CDATA[TypeError: _SIPManager.default is not a constructor
    at /Users/sherwingorechomante/coldcaller/frontend/src/components/VOIPPhone.js:44:29
    at Object.react_stack_bottom_frame (/Users/sherwingorechomante/coldcaller/frontend/node_modules/react-dom/cjs/react-dom-client.development.js:23953:20)
    at runWithFiberInDEV (/Users/sherwingorechomante/coldcaller/frontend/node_modules/react-dom/cjs/react-dom-client.development.js:1522:13)
    at commitHookEffectListMount (/Users/sherwingorechomante/coldcaller/frontend/node_modules/react-dom/cjs/react-dom-client.development.js:11905:29)
    at commitHookPassiveMountEffects (/Users/sherwingorechomante/coldcaller/frontend/node_modules/react-dom/cjs/react-dom-client.development.js:12028:11)
    at commitPassiveMountOnFiber (/Users/sherwingorechomante/coldcaller/frontend/node_modules/react-dom/cjs/react-dom-client.development.js:13841:13)
    at recursivelyTraversePassiveMountEffects (/Users/sherwingorechomante/coldcaller/frontend/node_modules/react-dom/cjs/react-dom-client.development.js:13815:11)
    at commitPassiveMountOnFiber (/Users/sherwingorechomante/coldcaller/frontend/node_modules/react-dom/cjs/react-dom-client.development.js:13853:11)
    at flushPassiveEffects (/Users/sherwingorechomante/coldcaller/frontend/node_modules/react-dom/cjs/react-dom-client.development.js:15737:9)
    at /Users/sherwingorechomante/coldcaller/frontend/node_modules/react-dom/cjs/react-dom-client.development.js:15379:15
    at flushActQueue (/Users/sherwingorechomante/coldcaller/frontend/node_modules/react/cjs/react.development.js:566:34)
    at Object.<anonymous>.process.env.NODE_ENV.exports.act (/Users/sherwingorechomante/coldcaller/frontend/node_modules/react/cjs/react.development.js:860:10)
    at /Users/sherwingorechomante/coldcaller/frontend/node_modules/@testing-library/react/dist/act-compat.js:47:25
    at renderRoot (/Users/sherwingorechomante/coldcaller/frontend/node_modules/@testing-library/react/dist/pure.js:190:26)
    at render (/Users/sherwingorechomante/coldcaller/frontend/node_modules/@testing-library/react/dist/pure.js:292:10)
    at Object.<anonymous> (/Users/sherwingorechomante/coldcaller/frontend/src/__tests__/comprehensive/VoipSystem.test.js:129:13)
    at processTicksAndRejections (node:internal/process/task_queues:105:5)]]></failure>
    </testCase>
    <testCase name="Comprehensive VOIP System Tests Call Management successfully makes outbound call" duration="3">
      <failure message="TypeError: _SIPManager.default is not a constructor"><![CDATA[TypeError: _SIPManager.default is not a constructor
    at /Users/sherwingorechomante/coldcaller/frontend/src/components/VOIPPhone.js:44:29
    at Object.react_stack_bottom_frame (/Users/sherwingorechomante/coldcaller/frontend/node_modules/react-dom/cjs/react-dom-client.development.js:23953:20)
    at runWithFiberInDEV (/Users/sherwingorechomante/coldcaller/frontend/node_modules/react-dom/cjs/react-dom-client.development.js:1522:13)
    at commitHookEffectListMount (/Users/sherwingorechomante/coldcaller/frontend/node_modules/react-dom/cjs/react-dom-client.development.js:11905:29)
    at commitHookPassiveMountEffects (/Users/sherwingorechomante/coldcaller/frontend/node_modules/react-dom/cjs/react-dom-client.development.js:12028:11)
    at commitPassiveMountOnFiber (/Users/sherwingorechomante/coldcaller/frontend/node_modules/react-dom/cjs/react-dom-client.development.js:13841:13)
    at recursivelyTraversePassiveMountEffects (/Users/sherwingorechomante/coldcaller/frontend/node_modules/react-dom/cjs/react-dom-client.development.js:13815:11)
    at commitPassiveMountOnFiber (/Users/sherwingorechomante/coldcaller/frontend/node_modules/react-dom/cjs/react-dom-client.development.js:13853:11)
    at flushPassiveEffects (/Users/sherwingorechomante/coldcaller/frontend/node_modules/react-dom/cjs/react-dom-client.development.js:15737:9)
    at /Users/sherwingorechomante/coldcaller/frontend/node_modules/react-dom/cjs/react-dom-client.development.js:15379:15
    at flushActQueue (/Users/sherwingorechomante/coldcaller/frontend/node_modules/react/cjs/react.development.js:566:34)
    at Object.<anonymous>.process.env.NODE_ENV.exports.act (/Users/sherwingorechomante/coldcaller/frontend/node_modules/react/cjs/react.development.js:860:10)
    at /Users/sherwingorechomante/coldcaller/frontend/node_modules/@testing-library/react/dist/act-compat.js:47:25
    at renderRoot (/Users/sherwingorechomante/coldcaller/frontend/node_modules/@testing-library/react/dist/pure.js:190:26)
    at render (/Users/sherwingorechomante/coldcaller/frontend/node_modules/@testing-library/react/dist/pure.js:292:10)
    at Object.<anonymous> (/Users/sherwingorechomante/coldcaller/frontend/src/__tests__/comprehensive/VoipSystem.test.js:146:13)
    at processTicksAndRejections (node:internal/process/task_queues:105:5)]]></failure>
    </testCase>
    <testCase name="Comprehensive VOIP System Tests Call Management validates phone number before making call" duration="3">
      <failure message="TypeError: _SIPManager.default is not a constructor"><![CDATA[TypeError: _SIPManager.default is not a constructor
    at /Users/sherwingorechomante/coldcaller/frontend/src/components/VOIPPhone.js:44:29
    at Object.react_stack_bottom_frame (/Users/sherwingorechomante/coldcaller/frontend/node_modules/react-dom/cjs/react-dom-client.development.js:23953:20)
    at runWithFiberInDEV (/Users/sherwingorechomante/coldcaller/frontend/node_modules/react-dom/cjs/react-dom-client.development.js:1522:13)
    at commitHookEffectListMount (/Users/sherwingorechomante/coldcaller/frontend/node_modules/react-dom/cjs/react-dom-client.development.js:11905:29)
    at commitHookPassiveMountEffects (/Users/sherwingorechomante/coldcaller/frontend/node_modules/react-dom/cjs/react-dom-client.development.js:12028:11)
    at commitPassiveMountOnFiber (/Users/sherwingorechomante/coldcaller/frontend/node_modules/react-dom/cjs/react-dom-client.development.js:13841:13)
    at recursivelyTraversePassiveMountEffects (/Users/sherwingorechomante/coldcaller/frontend/node_modules/react-dom/cjs/react-dom-client.development.js:13815:11)
    at commitPassiveMountOnFiber (/Users/sherwingorechomante/coldcaller/frontend/node_modules/react-dom/cjs/react-dom-client.development.js:13853:11)
    at flushPassiveEffects (/Users/sherwingorechomante/coldcaller/frontend/node_modules/react-dom/cjs/react-dom-client.development.js:15737:9)
    at /Users/sherwingorechomante/coldcaller/frontend/node_modules/react-dom/cjs/react-dom-client.development.js:15379:15
    at flushActQueue (/Users/sherwingorechomante/coldcaller/frontend/node_modules/react/cjs/react.development.js:566:34)
    at Object.<anonymous>.process.env.NODE_ENV.exports.act (/Users/sherwingorechomante/coldcaller/frontend/node_modules/react/cjs/react.development.js:860:10)
    at /Users/sherwingorechomante/coldcaller/frontend/node_modules/@testing-library/react/dist/act-compat.js:47:25
    at renderRoot (/Users/sherwingorechomante/coldcaller/frontend/node_modules/@testing-library/react/dist/pure.js:190:26)
    at render (/Users/sherwingorechomante/coldcaller/frontend/node_modules/@testing-library/react/dist/pure.js:292:10)
    at Object.<anonymous> (/Users/sherwingorechomante/coldcaller/frontend/src/__tests__/comprehensive/VoipSystem.test.js:161:13)
    at Promise.then.completed (/Users/sherwingorechomante/coldcaller/frontend/node_modules/jest-circus/build/utils.js:391:28)
    at new Promise (<anonymous>)
    at callAsyncCircusFn (/Users/sherwingorechomante/coldcaller/frontend/node_modules/jest-circus/build/utils.js:316:10)
    at _callCircusTest (/Users/sherwingorechomante/coldcaller/frontend/node_modules/jest-circus/build/run.js:218:40)
    at processTicksAndRejections (node:internal/process/task_queues:105:5)
    at _runTest (/Users/sherwingorechomante/coldcaller/frontend/node_modules/jest-circus/build/run.js:155:3)
    at _runTestsForDescribeBlock (/Users/sherwingorechomante/coldcaller/frontend/node_modules/jest-circus/build/run.js:66:9)
    at _runTestsForDescribeBlock (/Users/sherwingorechomante/coldcaller/frontend/node_modules/jest-circus/build/run.js:60:9)
    at _runTestsForDescribeBlock (/Users/sherwingorechomante/coldcaller/frontend/node_modules/jest-circus/build/run.js:60:9)
    at run (/Users/sherwingorechomante/coldcaller/frontend/node_modules/jest-circus/build/run.js:25:3)
    at runAndTransformResultsToJestFormat (/Users/sherwingorechomante/coldcaller/frontend/node_modules/jest-circus/build/legacy-code-todo-rewrite/jestAdapterInit.js:170:21)
    at jestAdapter (/Users/sherwingorechomante/coldcaller/frontend/node_modules/jest-circus/build/legacy-code-todo-rewrite/jestAdapter.js:82:19)
    at runTestInternal (/Users/sherwingorechomante/coldcaller/frontend/node_modules/jest-runner/build/runTest.js:389:16)
    at runTest (/Users/sherwingorechomante/coldcaller/frontend/node_modules/jest-runner/build/runTest.js:475:34)
    at Object.worker (/Users/sherwingorechomante/coldcaller/frontend/node_modules/jest-runner/build/testWorker.js:133:12)]]></failure>
    </testCase>
    <testCase name="Comprehensive VOIP System Tests Call Management handles call connection states" duration="3">
      <failure message="TypeError: _SIPManager.default is not a constructor"><![CDATA[TypeError: _SIPManager.default is not a constructor
    at /Users/sherwingorechomante/coldcaller/frontend/src/components/VOIPPhone.js:44:29
    at Object.react_stack_bottom_frame (/Users/sherwingorechomante/coldcaller/frontend/node_modules/react-dom/cjs/react-dom-client.development.js:23953:20)
    at runWithFiberInDEV (/Users/sherwingorechomante/coldcaller/frontend/node_modules/react-dom/cjs/react-dom-client.development.js:1522:13)
    at commitHookEffectListMount (/Users/sherwingorechomante/coldcaller/frontend/node_modules/react-dom/cjs/react-dom-client.development.js:11905:29)
    at commitHookPassiveMountEffects (/Users/sherwingorechomante/coldcaller/frontend/node_modules/react-dom/cjs/react-dom-client.development.js:12028:11)
    at commitPassiveMountOnFiber (/Users/sherwingorechomante/coldcaller/frontend/node_modules/react-dom/cjs/react-dom-client.development.js:13841:13)
    at recursivelyTraversePassiveMountEffects (/Users/sherwingorechomante/coldcaller/frontend/node_modules/react-dom/cjs/react-dom-client.development.js:13815:11)
    at commitPassiveMountOnFiber (/Users/sherwingorechomante/coldcaller/frontend/node_modules/react-dom/cjs/react-dom-client.development.js:13853:11)
    at flushPassiveEffects (/Users/sherwingorechomante/coldcaller/frontend/node_modules/react-dom/cjs/react-dom-client.development.js:15737:9)
    at /Users/sherwingorechomante/coldcaller/frontend/node_modules/react-dom/cjs/react-dom-client.development.js:15379:15
    at flushActQueue (/Users/sherwingorechomante/coldcaller/frontend/node_modules/react/cjs/react.development.js:566:34)
    at Object.<anonymous>.process.env.NODE_ENV.exports.act (/Users/sherwingorechomante/coldcaller/frontend/node_modules/react/cjs/react.development.js:860:10)
    at /Users/sherwingorechomante/coldcaller/frontend/node_modules/@testing-library/react/dist/act-compat.js:47:25
    at renderRoot (/Users/sherwingorechomante/coldcaller/frontend/node_modules/@testing-library/react/dist/pure.js:190:26)
    at render (/Users/sherwingorechomante/coldcaller/frontend/node_modules/@testing-library/react/dist/pure.js:292:10)
    at Object.<anonymous> (/Users/sherwingorechomante/coldcaller/frontend/src/__tests__/comprehensive/VoipSystem.test.js:182:13)
    at processTicksAndRejections (node:internal/process/task_queues:105:5)]]></failure>
    </testCase>
    <testCase name="Comprehensive VOIP System Tests Call Management successfully hangs up active call" duration="17">
      <failure message="TypeError: _SIPManager.default is not a constructor"><![CDATA[TypeError: _SIPManager.default is not a constructor
    at /Users/sherwingorechomante/coldcaller/frontend/src/components/VOIPPhone.js:44:29
    at Object.react_stack_bottom_frame (/Users/sherwingorechomante/coldcaller/frontend/node_modules/react-dom/cjs/react-dom-client.development.js:23953:20)
    at runWithFiberInDEV (/Users/sherwingorechomante/coldcaller/frontend/node_modules/react-dom/cjs/react-dom-client.development.js:1522:13)
    at commitHookEffectListMount (/Users/sherwingorechomante/coldcaller/frontend/node_modules/react-dom/cjs/react-dom-client.development.js:11905:29)
    at commitHookPassiveMountEffects (/Users/sherwingorechomante/coldcaller/frontend/node_modules/react-dom/cjs/react-dom-client.development.js:12028:11)
    at commitPassiveMountOnFiber (/Users/sherwingorechomante/coldcaller/frontend/node_modules/react-dom/cjs/react-dom-client.development.js:13841:13)
    at recursivelyTraversePassiveMountEffects (/Users/sherwingorechomante/coldcaller/frontend/node_modules/react-dom/cjs/react-dom-client.development.js:13815:11)
    at commitPassiveMountOnFiber (/Users/sherwingorechomante/coldcaller/frontend/node_modules/react-dom/cjs/react-dom-client.development.js:13853:11)
    at flushPassiveEffects (/Users/sherwingorechomante/coldcaller/frontend/node_modules/react-dom/cjs/react-dom-client.development.js:15737:9)
    at /Users/sherwingorechomante/coldcaller/frontend/node_modules/react-dom/cjs/react-dom-client.development.js:15379:15
    at flushActQueue (/Users/sherwingorechomante/coldcaller/frontend/node_modules/react/cjs/react.development.js:566:34)
    at Object.<anonymous>.process.env.NODE_ENV.exports.act (/Users/sherwingorechomante/coldcaller/frontend/node_modules/react/cjs/react.development.js:860:10)
    at /Users/sherwingorechomante/coldcaller/frontend/node_modules/@testing-library/react/dist/act-compat.js:47:25
    at renderRoot (/Users/sherwingorechomante/coldcaller/frontend/node_modules/@testing-library/react/dist/pure.js:190:26)
    at render (/Users/sherwingorechomante/coldcaller/frontend/node_modules/@testing-library/react/dist/pure.js:292:10)
    at Object.<anonymous> (/Users/sherwingorechomante/coldcaller/frontend/src/__tests__/comprehensive/VoipSystem.test.js:213:13)
    at processTicksAndRejections (node:internal/process/task_queues:105:5)]]></failure>
    </testCase>
    <testCase name="Comprehensive VOIP System Tests Call Quality Monitoring displays call quality indicators" duration="12">
      <failure message="TypeError: _SIPManager.default is not a constructor"><![CDATA[TypeError: _SIPManager.default is not a constructor
    at /Users/sherwingorechomante/coldcaller/frontend/src/components/VOIPPhone.js:44:29
    at Object.react_stack_bottom_frame (/Users/sherwingorechomante/coldcaller/frontend/node_modules/react-dom/cjs/react-dom-client.development.js:23953:20)
    at runWithFiberInDEV (/Users/sherwingorechomante/coldcaller/frontend/node_modules/react-dom/cjs/react-dom-client.development.js:1522:13)
    at commitHookEffectListMount (/Users/sherwingorechomante/coldcaller/frontend/node_modules/react-dom/cjs/react-dom-client.development.js:11905:29)
    at commitHookPassiveMountEffects (/Users/sherwingorechomante/coldcaller/frontend/node_modules/react-dom/cjs/react-dom-client.development.js:12028:11)
    at commitPassiveMountOnFiber (/Users/sherwingorechomante/coldcaller/frontend/node_modules/react-dom/cjs/react-dom-client.development.js:13841:13)
    at recursivelyTraversePassiveMountEffects (/Users/sherwingorechomante/coldcaller/frontend/node_modules/react-dom/cjs/react-dom-client.development.js:13815:11)
    at commitPassiveMountOnFiber (/Users/sherwingorechomante/coldcaller/frontend/node_modules/react-dom/cjs/react-dom-client.development.js:13853:11)
    at flushPassiveEffects (/Users/sherwingorechomante/coldcaller/frontend/node_modules/react-dom/cjs/react-dom-client.development.js:15737:9)
    at /Users/sherwingorechomante/coldcaller/frontend/node_modules/react-dom/cjs/react-dom-client.development.js:15379:15
    at flushActQueue (/Users/sherwingorechomante/coldcaller/frontend/node_modules/react/cjs/react.development.js:566:34)
    at Object.<anonymous>.process.env.NODE_ENV.exports.act (/Users/sherwingorechomante/coldcaller/frontend/node_modules/react/cjs/react.development.js:860:10)
    at /Users/sherwingorechomante/coldcaller/frontend/node_modules/@testing-library/react/dist/act-compat.js:47:25
    at renderRoot (/Users/sherwingorechomante/coldcaller/frontend/node_modules/@testing-library/react/dist/pure.js:190:26)
    at render (/Users/sherwingorechomante/coldcaller/frontend/node_modules/@testing-library/react/dist/pure.js:292:10)
    at Object.<anonymous> (/Users/sherwingorechomante/coldcaller/frontend/src/__tests__/comprehensive/VoipSystem.test.js:243:13)
    at processTicksAndRejections (node:internal/process/task_queues:105:5)]]></failure>
    </testCase>
    <testCase name="Comprehensive VOIP System Tests Call Quality Monitoring warns about poor call quality" duration="6">
      <failure message="TypeError: _SIPManager.default is not a constructor"><![CDATA[TypeError: _SIPManager.default is not a constructor
    at /Users/sherwingorechomante/coldcaller/frontend/src/components/VOIPPhone.js:44:29
    at Object.react_stack_bottom_frame (/Users/sherwingorechomante/coldcaller/frontend/node_modules/react-dom/cjs/react-dom-client.development.js:23953:20)
    at runWithFiberInDEV (/Users/sherwingorechomante/coldcaller/frontend/node_modules/react-dom/cjs/react-dom-client.development.js:1522:13)
    at commitHookEffectListMount (/Users/sherwingorechomante/coldcaller/frontend/node_modules/react-dom/cjs/react-dom-client.development.js:11905:29)
    at commitHookPassiveMountEffects (/Users/sherwingorechomante/coldcaller/frontend/node_modules/react-dom/cjs/react-dom-client.development.js:12028:11)
    at commitPassiveMountOnFiber (/Users/sherwingorechomante/coldcaller/frontend/node_modules/react-dom/cjs/react-dom-client.development.js:13841:13)
    at recursivelyTraversePassiveMountEffects (/Users/sherwingorechomante/coldcaller/frontend/node_modules/react-dom/cjs/react-dom-client.development.js:13815:11)
    at commitPassiveMountOnFiber (/Users/sherwingorechomante/coldcaller/frontend/node_modules/react-dom/cjs/react-dom-client.development.js:13853:11)
    at flushPassiveEffects (/Users/sherwingorechomante/coldcaller/frontend/node_modules/react-dom/cjs/react-dom-client.development.js:15737:9)
    at /Users/sherwingorechomante/coldcaller/frontend/node_modules/react-dom/cjs/react-dom-client.development.js:15379:15
    at flushActQueue (/Users/sherwingorechomante/coldcaller/frontend/node_modules/react/cjs/react.development.js:566:34)
    at Object.<anonymous>.process.env.NODE_ENV.exports.act (/Users/sherwingorechomante/coldcaller/frontend/node_modules/react/cjs/react.development.js:860:10)
    at /Users/sherwingorechomante/coldcaller/frontend/node_modules/@testing-library/react/dist/act-compat.js:47:25
    at renderRoot (/Users/sherwingorechomante/coldcaller/frontend/node_modules/@testing-library/react/dist/pure.js:190:26)
    at render (/Users/sherwingorechomante/coldcaller/frontend/node_modules/@testing-library/react/dist/pure.js:292:10)
    at Object.<anonymous> (/Users/sherwingorechomante/coldcaller/frontend/src/__tests__/comprehensive/VoipSystem.test.js:269:13)
    at processTicksAndRejections (node:internal/process/task_queues:105:5)]]></failure>
    </testCase>
    <testCase name="Comprehensive VOIP System Tests DTMF (Touch Tone) Support sends DTMF tones during active call" duration="4">
      <failure message="TestingLibraryElementError: Unable to find an accessible element with the role &quot;button&quot; and name &quot;1&quot;"><![CDATA[TestingLibraryElementError: Unable to find an accessible element with the role "button" and name "1"

There are no accessible roles. But there might be some inaccessible roles. If you wish to access them, then set the `hidden` option to `true`. Learn more about this here: https://testing-library.com/docs/dom-testing-library/api-queries#byrole

Ignored nodes: comments, script, style
<body>
  <div />
</body>
    at Object.getElementError (/Users/sherwingorechomante/coldcaller/frontend/node_modules/@testing-library/dom/dist/config.js:37:19)
    at /Users/sherwingorechomante/coldcaller/frontend/node_modules/@testing-library/dom/dist/query-helpers.js:76:38
    at /Users/sherwingorechomante/coldcaller/frontend/node_modules/@testing-library/dom/dist/query-helpers.js:52:17
    at getByRole (/Users/sherwingorechomante/coldcaller/frontend/node_modules/@testing-library/dom/dist/query-helpers.js:95:19)
    at Object.<anonymous> (/Users/sherwingorechomante/coldcaller/frontend/src/__tests__/comprehensive/VoipSystem.test.js:297:38)
    at processTicksAndRejections (node:internal/process/task_queues:105:5)]]></failure>
    </testCase>
    <testCase name="Comprehensive VOIP System Tests DTMF (Touch Tone) Support plays DTMF tone sound when button pressed" duration="3">
      <failure message="TestingLibraryElementError: Unable to find an accessible element with the role &quot;button&quot; and name &quot;1&quot;"><![CDATA[TestingLibraryElementError: Unable to find an accessible element with the role "button" and name "1"

There are no accessible roles. But there might be some inaccessible roles. If you wish to access them, then set the `hidden` option to `true`. Learn more about this here: https://testing-library.com/docs/dom-testing-library/api-queries#byrole

Ignored nodes: comments, script, style
<body>
  <div />
</body>
    at Object.getElementError (/Users/sherwingorechomante/coldcaller/frontend/node_modules/@testing-library/dom/dist/config.js:37:19)
    at /Users/sherwingorechomante/coldcaller/frontend/node_modules/@testing-library/dom/dist/query-helpers.js:76:38
    at /Users/sherwingorechomante/coldcaller/frontend/node_modules/@testing-library/dom/dist/query-helpers.js:52:17
    at getByRole (/Users/sherwingorechomante/coldcaller/frontend/node_modules/@testing-library/dom/dist/query-helpers.js:95:19)
    at Object.<anonymous> (/Users/sherwingorechomante/coldcaller/frontend/src/__tests__/comprehensive/VoipSystem.test.js:312:30)
    at Promise.then.completed (/Users/sherwingorechomante/coldcaller/frontend/node_modules/jest-circus/build/utils.js:391:28)
    at new Promise (<anonymous>)
    at callAsyncCircusFn (/Users/sherwingorechomante/coldcaller/frontend/node_modules/jest-circus/build/utils.js:316:10)
    at _callCircusTest (/Users/sherwingorechomante/coldcaller/frontend/node_modules/jest-circus/build/run.js:218:40)
    at processTicksAndRejections (node:internal/process/task_queues:105:5)
    at _runTest (/Users/sherwingorechomante/coldcaller/frontend/node_modules/jest-circus/build/run.js:155:3)
    at _runTestsForDescribeBlock (/Users/sherwingorechomante/coldcaller/frontend/node_modules/jest-circus/build/run.js:66:9)
    at _runTestsForDescribeBlock (/Users/sherwingorechomante/coldcaller/frontend/node_modules/jest-circus/build/run.js:60:9)
    at _runTestsForDescribeBlock (/Users/sherwingorechomante/coldcaller/frontend/node_modules/jest-circus/build/run.js:60:9)
    at run (/Users/sherwingorechomante/coldcaller/frontend/node_modules/jest-circus/build/run.js:25:3)
    at runAndTransformResultsToJestFormat (/Users/sherwingorechomante/coldcaller/frontend/node_modules/jest-circus/build/legacy-code-todo-rewrite/jestAdapterInit.js:170:21)
    at jestAdapter (/Users/sherwingorechomante/coldcaller/frontend/node_modules/jest-circus/build/legacy-code-todo-rewrite/jestAdapter.js:82:19)
    at runTestInternal (/Users/sherwingorechomante/coldcaller/frontend/node_modules/jest-runner/build/runTest.js:389:16)
    at runTest (/Users/sherwingorechomante/coldcaller/frontend/node_modules/jest-runner/build/runTest.js:475:34)
    at Object.worker (/Users/sherwingorechomante/coldcaller/frontend/node_modules/jest-runner/build/testWorker.js:133:12)]]></failure>
    </testCase>
    <testCase name="Comprehensive VOIP System Tests DTMF (Touch Tone) Support disables DTMF when no active call" duration="2">
      <failure message="TestingLibraryElementError: Unable to find an accessible element with the role &quot;button&quot;"><![CDATA[TestingLibraryElementError: Unable to find an accessible element with the role "button"

There are no accessible roles. But there might be some inaccessible roles. If you wish to access them, then set the `hidden` option to `true`. Learn more about this here: https://testing-library.com/docs/dom-testing-library/api-queries#byrole

Ignored nodes: comments, script, style
<body>
  <div />
</body>
    at Object.getElementError (/Users/sherwingorechomante/coldcaller/frontend/node_modules/@testing-library/dom/dist/config.js:37:19)
    at /Users/sherwingorechomante/coldcaller/frontend/node_modules/@testing-library/dom/dist/query-helpers.js:76:38
    at getAllByRole (/Users/sherwingorechomante/coldcaller/frontend/node_modules/@testing-library/dom/dist/query-helpers.js:109:15)
    at Object.<anonymous> (/Users/sherwingorechomante/coldcaller/frontend/src/__tests__/comprehensive/VoipSystem.test.js:322:34)
    at Promise.then.completed (/Users/sherwingorechomante/coldcaller/frontend/node_modules/jest-circus/build/utils.js:391:28)
    at new Promise (<anonymous>)
    at callAsyncCircusFn (/Users/sherwingorechomante/coldcaller/frontend/node_modules/jest-circus/build/utils.js:316:10)
    at _callCircusTest (/Users/sherwingorechomante/coldcaller/frontend/node_modules/jest-circus/build/run.js:218:40)
    at processTicksAndRejections (node:internal/process/task_queues:105:5)
    at _runTest (/Users/sherwingorechomante/coldcaller/frontend/node_modules/jest-circus/build/run.js:155:3)
    at _runTestsForDescribeBlock (/Users/sherwingorechomante/coldcaller/frontend/node_modules/jest-circus/build/run.js:66:9)
    at _runTestsForDescribeBlock (/Users/sherwingorechomante/coldcaller/frontend/node_modules/jest-circus/build/run.js:60:9)
    at _runTestsForDescribeBlock (/Users/sherwingorechomante/coldcaller/frontend/node_modules/jest-circus/build/run.js:60:9)
    at run (/Users/sherwingorechomante/coldcaller/frontend/node_modules/jest-circus/build/run.js:25:3)
    at runAndTransformResultsToJestFormat (/Users/sherwingorechomante/coldcaller/frontend/node_modules/jest-circus/build/legacy-code-todo-rewrite/jestAdapterInit.js:170:21)
    at jestAdapter (/Users/sherwingorechomante/coldcaller/frontend/node_modules/jest-circus/build/legacy-code-todo-rewrite/jestAdapter.js:82:19)
    at runTestInternal (/Users/sherwingorechomante/coldcaller/frontend/node_modules/jest-runner/build/runTest.js:389:16)
    at runTest (/Users/sherwingorechomante/coldcaller/frontend/node_modules/jest-runner/build/runTest.js:475:34)
    at Object.worker (/Users/sherwingorechomante/coldcaller/frontend/node_modules/jest-runner/build/testWorker.js:133:12)]]></failure>
    </testCase>
    <testCase name="Comprehensive VOIP System Tests Call Controls mute/unmute functionality" duration="2">
      <failure message="TestingLibraryElementError: Unable to find an accessible element with the role &quot;button&quot; and name `/mute/i`"><![CDATA[TestingLibraryElementError: Unable to find an accessible element with the role "button" and name `/mute/i`

There are no accessible roles. But there might be some inaccessible roles. If you wish to access them, then set the `hidden` option to `true`. Learn more about this here: https://testing-library.com/docs/dom-testing-library/api-queries#byrole

Ignored nodes: comments, script, style
<body>
  <div />
</body>
    at Object.getElementError (/Users/sherwingorechomante/coldcaller/frontend/node_modules/@testing-library/dom/dist/config.js:37:19)
    at /Users/sherwingorechomante/coldcaller/frontend/node_modules/@testing-library/dom/dist/query-helpers.js:76:38
    at /Users/sherwingorechomante/coldcaller/frontend/node_modules/@testing-library/dom/dist/query-helpers.js:52:17
    at getByRole (/Users/sherwingorechomante/coldcaller/frontend/node_modules/@testing-library/dom/dist/query-helpers.js:95:19)
    at Object.<anonymous> (/Users/sherwingorechomante/coldcaller/frontend/src/__tests__/comprehensive/VoipSystem.test.js:336:33)
    at processTicksAndRejections (node:internal/process/task_queues:105:5)]]></failure>
    </testCase>
    <testCase name="Comprehensive VOIP System Tests Call Controls hold/unhold functionality" duration="2">
      <failure message="TestingLibraryElementError: Unable to find an accessible element with the role &quot;button&quot; and name `/hold/i`"><![CDATA[TestingLibraryElementError: Unable to find an accessible element with the role "button" and name `/hold/i`

There are no accessible roles. But there might be some inaccessible roles. If you wish to access them, then set the `hidden` option to `true`. Learn more about this here: https://testing-library.com/docs/dom-testing-library/api-queries#byrole

Ignored nodes: comments, script, style
<body>
  <div />
</body>
    at Object.getElementError (/Users/sherwingorechomante/coldcaller/frontend/node_modules/@testing-library/dom/dist/config.js:37:19)
    at /Users/sherwingorechomante/coldcaller/frontend/node_modules/@testing-library/dom/dist/query-helpers.js:76:38
    at /Users/sherwingorechomante/coldcaller/frontend/node_modules/@testing-library/dom/dist/query-helpers.js:52:17
    at getByRole (/Users/sherwingorechomante/coldcaller/frontend/node_modules/@testing-library/dom/dist/query-helpers.js:95:19)
    at Object.<anonymous> (/Users/sherwingorechomante/coldcaller/frontend/src/__tests__/comprehensive/VoipSystem.test.js:360:33)
    at processTicksAndRejections (node:internal/process/task_queues:105:5)]]></failure>
    </testCase>
    <testCase name="Comprehensive VOIP System Tests Call Controls call transfer functionality" duration="1">
      <failure message="TestingLibraryElementError: Unable to find an accessible element with the role &quot;button&quot; and name `/transfer/i`"><![CDATA[TestingLibraryElementError: Unable to find an accessible element with the role "button" and name `/transfer/i`

There are no accessible roles. But there might be some inaccessible roles. If you wish to access them, then set the `hidden` option to `true`. Learn more about this here: https://testing-library.com/docs/dom-testing-library/api-queries#byrole

Ignored nodes: comments, script, style
<body>
  <div />
</body>
    at Object.getElementError (/Users/sherwingorechomante/coldcaller/frontend/node_modules/@testing-library/dom/dist/config.js:37:19)
    at /Users/sherwingorechomante/coldcaller/frontend/node_modules/@testing-library/dom/dist/query-helpers.js:76:38
    at /Users/sherwingorechomante/coldcaller/frontend/node_modules/@testing-library/dom/dist/query-helpers.js:52:17
    at getByRole (/Users/sherwingorechomante/coldcaller/frontend/node_modules/@testing-library/dom/dist/query-helpers.js:95:19)
    at Object.<anonymous> (/Users/sherwingorechomante/coldcaller/frontend/src/__tests__/comprehensive/VoipSystem.test.js:377:37)
    at processTicksAndRejections (node:internal/process/task_queues:105:5)]]></failure>
    </testCase>
    <testCase name="Comprehensive VOIP System Tests Network Resilience handles network disconnection gracefully" duration="4">
      <failure message="TypeError: _SIPManager.default is not a constructor"><![CDATA[TypeError: _SIPManager.default is not a constructor
    at /Users/sherwingorechomante/coldcaller/frontend/src/components/VOIPPhone.js:44:29
    at Object.react_stack_bottom_frame (/Users/sherwingorechomante/coldcaller/frontend/node_modules/react-dom/cjs/react-dom-client.development.js:23953:20)
    at runWithFiberInDEV (/Users/sherwingorechomante/coldcaller/frontend/node_modules/react-dom/cjs/react-dom-client.development.js:1522:13)
    at commitHookEffectListMount (/Users/sherwingorechomante/coldcaller/frontend/node_modules/react-dom/cjs/react-dom-client.development.js:11905:29)
    at commitHookPassiveMountEffects (/Users/sherwingorechomante/coldcaller/frontend/node_modules/react-dom/cjs/react-dom-client.development.js:12028:11)
    at commitPassiveMountOnFiber (/Users/sherwingorechomante/coldcaller/frontend/node_modules/react-dom/cjs/react-dom-client.development.js:13841:13)
    at recursivelyTraversePassiveMountEffects (/Users/sherwingorechomante/coldcaller/frontend/node_modules/react-dom/cjs/react-dom-client.development.js:13815:11)
    at commitPassiveMountOnFiber (/Users/sherwingorechomante/coldcaller/frontend/node_modules/react-dom/cjs/react-dom-client.development.js:13853:11)
    at flushPassiveEffects (/Users/sherwingorechomante/coldcaller/frontend/node_modules/react-dom/cjs/react-dom-client.development.js:15737:9)
    at /Users/sherwingorechomante/coldcaller/frontend/node_modules/react-dom/cjs/react-dom-client.development.js:15379:15
    at flushActQueue (/Users/sherwingorechomante/coldcaller/frontend/node_modules/react/cjs/react.development.js:566:34)
    at Object.<anonymous>.process.env.NODE_ENV.exports.act (/Users/sherwingorechomante/coldcaller/frontend/node_modules/react/cjs/react.development.js:860:10)
    at /Users/sherwingorechomante/coldcaller/frontend/node_modules/@testing-library/react/dist/act-compat.js:47:25
    at renderRoot (/Users/sherwingorechomante/coldcaller/frontend/node_modules/@testing-library/react/dist/pure.js:190:26)
    at render (/Users/sherwingorechomante/coldcaller/frontend/node_modules/@testing-library/react/dist/pure.js:292:10)
    at Object.<anonymous> (/Users/sherwingorechomante/coldcaller/frontend/src/__tests__/comprehensive/VoipSystem.test.js:398:13)
    at Promise.then.completed (/Users/sherwingorechomante/coldcaller/frontend/node_modules/jest-circus/build/utils.js:391:28)
    at new Promise (<anonymous>)
    at callAsyncCircusFn (/Users/sherwingorechomante/coldcaller/frontend/node_modules/jest-circus/build/utils.js:316:10)
    at _callCircusTest (/Users/sherwingorechomante/coldcaller/frontend/node_modules/jest-circus/build/run.js:218:40)
    at processTicksAndRejections (node:internal/process/task_queues:105:5)
    at _runTest (/Users/sherwingorechomante/coldcaller/frontend/node_modules/jest-circus/build/run.js:155:3)
    at _runTestsForDescribeBlock (/Users/sherwingorechomante/coldcaller/frontend/node_modules/jest-circus/build/run.js:66:9)
    at _runTestsForDescribeBlock (/Users/sherwingorechomante/coldcaller/frontend/node_modules/jest-circus/build/run.js:60:9)
    at _runTestsForDescribeBlock (/Users/sherwingorechomante/coldcaller/frontend/node_modules/jest-circus/build/run.js:60:9)
    at run (/Users/sherwingorechomante/coldcaller/frontend/node_modules/jest-circus/build/run.js:25:3)
    at runAndTransformResultsToJestFormat (/Users/sherwingorechomante/coldcaller/frontend/node_modules/jest-circus/build/legacy-code-todo-rewrite/jestAdapterInit.js:170:21)
    at jestAdapter (/Users/sherwingorechomante/coldcaller/frontend/node_modules/jest-circus/build/legacy-code-todo-rewrite/jestAdapter.js:82:19)
    at runTestInternal (/Users/sherwingorechomante/coldcaller/frontend/node_modules/jest-runner/build/runTest.js:389:16)
    at runTest (/Users/sherwingorechomante/coldcaller/frontend/node_modules/jest-runner/build/runTest.js:475:34)
    at Object.worker (/Users/sherwingorechomante/coldcaller/frontend/node_modules/jest-runner/build/testWorker.js:133:12)]]></failure>
    </testCase>
    <testCase name="Comprehensive VOIP System Tests Network Resilience attempts automatic reconnection" duration="5">
      <failure message="TypeError: _SIPManager.default is not a constructor"><![CDATA[TypeError: _SIPManager.default is not a constructor
    at /Users/sherwingorechomante/coldcaller/frontend/src/components/VOIPPhone.js:44:29
    at Object.react_stack_bottom_frame (/Users/sherwingorechomante/coldcaller/frontend/node_modules/react-dom/cjs/react-dom-client.development.js:23953:20)
    at runWithFiberInDEV (/Users/sherwingorechomante/coldcaller/frontend/node_modules/react-dom/cjs/react-dom-client.development.js:1522:13)
    at commitHookEffectListMount (/Users/sherwingorechomante/coldcaller/frontend/node_modules/react-dom/cjs/react-dom-client.development.js:11905:29)
    at commitHookPassiveMountEffects (/Users/sherwingorechomante/coldcaller/frontend/node_modules/react-dom/cjs/react-dom-client.development.js:12028:11)
    at commitPassiveMountOnFiber (/Users/sherwingorechomante/coldcaller/frontend/node_modules/react-dom/cjs/react-dom-client.development.js:13841:13)
    at recursivelyTraversePassiveMountEffects (/Users/sherwingorechomante/coldcaller/frontend/node_modules/react-dom/cjs/react-dom-client.development.js:13815:11)
    at commitPassiveMountOnFiber (/Users/sherwingorechomante/coldcaller/frontend/node_modules/react-dom/cjs/react-dom-client.development.js:13853:11)
    at flushPassiveEffects (/Users/sherwingorechomante/coldcaller/frontend/node_modules/react-dom/cjs/react-dom-client.development.js:15737:9)
    at /Users/sherwingorechomante/coldcaller/frontend/node_modules/react-dom/cjs/react-dom-client.development.js:15379:15
    at flushActQueue (/Users/sherwingorechomante/coldcaller/frontend/node_modules/react/cjs/react.development.js:566:34)
    at Object.<anonymous>.process.env.NODE_ENV.exports.act (/Users/sherwingorechomante/coldcaller/frontend/node_modules/react/cjs/react.development.js:860:10)
    at /Users/sherwingorechomante/coldcaller/frontend/node_modules/@testing-library/react/dist/act-compat.js:47:25
    at renderRoot (/Users/sherwingorechomante/coldcaller/frontend/node_modules/@testing-library/react/dist/pure.js:190:26)
    at render (/Users/sherwingorechomante/coldcaller/frontend/node_modules/@testing-library/react/dist/pure.js:292:10)
    at Object.<anonymous> (/Users/sherwingorechomante/coldcaller/frontend/src/__tests__/comprehensive/VoipSystem.test.js:418:13)
    at processTicksAndRejections (node:internal/process/task_queues:105:5)]]></failure>
    </testCase>
    <testCase name="Comprehensive VOIP System Tests Network Resilience handles poor network conditions" duration="10">
      <failure message="TypeError: _SIPManager.default is not a constructor"><![CDATA[TypeError: _SIPManager.default is not a constructor
    at /Users/sherwingorechomante/coldcaller/frontend/src/components/VOIPPhone.js:44:29
    at Object.react_stack_bottom_frame (/Users/sherwingorechomante/coldcaller/frontend/node_modules/react-dom/cjs/react-dom-client.development.js:23953:20)
    at runWithFiberInDEV (/Users/sherwingorechomante/coldcaller/frontend/node_modules/react-dom/cjs/react-dom-client.development.js:1522:13)
    at commitHookEffectListMount (/Users/sherwingorechomante/coldcaller/frontend/node_modules/react-dom/cjs/react-dom-client.development.js:11905:29)
    at commitHookPassiveMountEffects (/Users/sherwingorechomante/coldcaller/frontend/node_modules/react-dom/cjs/react-dom-client.development.js:12028:11)
    at commitPassiveMountOnFiber (/Users/sherwingorechomante/coldcaller/frontend/node_modules/react-dom/cjs/react-dom-client.development.js:13841:13)
    at recursivelyTraversePassiveMountEffects (/Users/sherwingorechomante/coldcaller/frontend/node_modules/react-dom/cjs/react-dom-client.development.js:13815:11)
    at commitPassiveMountOnFiber (/Users/sherwingorechomante/coldcaller/frontend/node_modules/react-dom/cjs/react-dom-client.development.js:13853:11)
    at flushPassiveEffects (/Users/sherwingorechomante/coldcaller/frontend/node_modules/react-dom/cjs/react-dom-client.development.js:15737:9)
    at /Users/sherwingorechomante/coldcaller/frontend/node_modules/react-dom/cjs/react-dom-client.development.js:15379:15
    at flushActQueue (/Users/sherwingorechomante/coldcaller/frontend/node_modules/react/cjs/react.development.js:566:34)
    at Object.<anonymous>.process.env.NODE_ENV.exports.act (/Users/sherwingorechomante/coldcaller/frontend/node_modules/react/cjs/react.development.js:860:10)
    at /Users/sherwingorechomante/coldcaller/frontend/node_modules/@testing-library/react/dist/act-compat.js:47:25
    at renderRoot (/Users/sherwingorechomante/coldcaller/frontend/node_modules/@testing-library/react/dist/pure.js:190:26)
    at render (/Users/sherwingorechomante/coldcaller/frontend/node_modules/@testing-library/react/dist/pure.js:292:10)
    at Object.<anonymous> (/Users/sherwingorechomante/coldcaller/frontend/src/__tests__/comprehensive/VoipSystem.test.js:435:13)
    at Promise.then.completed (/Users/sherwingorechomante/coldcaller/frontend/node_modules/jest-circus/build/utils.js:391:28)
    at new Promise (<anonymous>)
    at callAsyncCircusFn (/Users/sherwingorechomante/coldcaller/frontend/node_modules/jest-circus/build/utils.js:316:10)
    at _callCircusTest (/Users/sherwingorechomante/coldcaller/frontend/node_modules/jest-circus/build/run.js:218:40)
    at processTicksAndRejections (node:internal/process/task_queues:105:5)
    at _runTest (/Users/sherwingorechomante/coldcaller/frontend/node_modules/jest-circus/build/run.js:155:3)
    at _runTestsForDescribeBlock (/Users/sherwingorechomante/coldcaller/frontend/node_modules/jest-circus/build/run.js:66:9)
    at _runTestsForDescribeBlock (/Users/sherwingorechomante/coldcaller/frontend/node_modules/jest-circus/build/run.js:60:9)
    at _runTestsForDescribeBlock (/Users/sherwingorechomante/coldcaller/frontend/node_modules/jest-circus/build/run.js:60:9)
    at run (/Users/sherwingorechomante/coldcaller/frontend/node_modules/jest-circus/build/run.js:25:3)
    at runAndTransformResultsToJestFormat (/Users/sherwingorechomante/coldcaller/frontend/node_modules/jest-circus/build/legacy-code-todo-rewrite/jestAdapterInit.js:170:21)
    at jestAdapter (/Users/sherwingorechomante/coldcaller/frontend/node_modules/jest-circus/build/legacy-code-todo-rewrite/jestAdapter.js:82:19)
    at runTestInternal (/Users/sherwingorechomante/coldcaller/frontend/node_modules/jest-runner/build/runTest.js:389:16)
    at runTest (/Users/sherwingorechomante/coldcaller/frontend/node_modules/jest-runner/build/runTest.js:475:34)
    at Object.worker (/Users/sherwingorechomante/coldcaller/frontend/node_modules/jest-runner/build/testWorker.js:133:12)]]></failure>
    </testCase>
    <testCase name="Comprehensive VOIP System Tests Error Handling handles VOIP service errors gracefully" duration="3">
      <failure message="TypeError: _SIPManager.default is not a constructor"><![CDATA[TypeError: _SIPManager.default is not a constructor
    at /Users/sherwingorechomante/coldcaller/frontend/src/components/VOIPPhone.js:44:29
    at Object.react_stack_bottom_frame (/Users/sherwingorechomante/coldcaller/frontend/node_modules/react-dom/cjs/react-dom-client.development.js:23953:20)
    at runWithFiberInDEV (/Users/sherwingorechomante/coldcaller/frontend/node_modules/react-dom/cjs/react-dom-client.development.js:1522:13)
    at commitHookEffectListMount (/Users/sherwingorechomante/coldcaller/frontend/node_modules/react-dom/cjs/react-dom-client.development.js:11905:29)
    at commitHookPassiveMountEffects (/Users/sherwingorechomante/coldcaller/frontend/node_modules/react-dom/cjs/react-dom-client.development.js:12028:11)
    at commitPassiveMountOnFiber (/Users/sherwingorechomante/coldcaller/frontend/node_modules/react-dom/cjs/react-dom-client.development.js:13841:13)
    at recursivelyTraversePassiveMountEffects (/Users/sherwingorechomante/coldcaller/frontend/node_modules/react-dom/cjs/react-dom-client.development.js:13815:11)
    at commitPassiveMountOnFiber (/Users/sherwingorechomante/coldcaller/frontend/node_modules/react-dom/cjs/react-dom-client.development.js:13853:11)
    at flushPassiveEffects (/Users/sherwingorechomante/coldcaller/frontend/node_modules/react-dom/cjs/react-dom-client.development.js:15737:9)
    at /Users/sherwingorechomante/coldcaller/frontend/node_modules/react-dom/cjs/react-dom-client.development.js:15379:15
    at flushActQueue (/Users/sherwingorechomante/coldcaller/frontend/node_modules/react/cjs/react.development.js:566:34)
    at Object.<anonymous>.process.env.NODE_ENV.exports.act (/Users/sherwingorechomante/coldcaller/frontend/node_modules/react/cjs/react.development.js:860:10)
    at /Users/sherwingorechomante/coldcaller/frontend/node_modules/@testing-library/react/dist/act-compat.js:47:25
    at renderRoot (/Users/sherwingorechomante/coldcaller/frontend/node_modules/@testing-library/react/dist/pure.js:190:26)
    at render (/Users/sherwingorechomante/coldcaller/frontend/node_modules/@testing-library/react/dist/pure.js:292:10)
    at Object.<anonymous> (/Users/sherwingorechomante/coldcaller/frontend/src/__tests__/comprehensive/VoipSystem.test.js:457:13)
    at processTicksAndRejections (node:internal/process/task_queues:105:5)]]></failure>
    </testCase>
    <testCase name="Comprehensive VOIP System Tests Error Handling handles WebRTC errors" duration="3">
      <failure message="TypeError: _SIPManager.default is not a constructor"><![CDATA[TypeError: _SIPManager.default is not a constructor
    at /Users/sherwingorechomante/coldcaller/frontend/src/components/VOIPPhone.js:44:29
    at Object.react_stack_bottom_frame (/Users/sherwingorechomante/coldcaller/frontend/node_modules/react-dom/cjs/react-dom-client.development.js:23953:20)
    at runWithFiberInDEV (/Users/sherwingorechomante/coldcaller/frontend/node_modules/react-dom/cjs/react-dom-client.development.js:1522:13)
    at commitHookEffectListMount (/Users/sherwingorechomante/coldcaller/frontend/node_modules/react-dom/cjs/react-dom-client.development.js:11905:29)
    at commitHookPassiveMountEffects (/Users/sherwingorechomante/coldcaller/frontend/node_modules/react-dom/cjs/react-dom-client.development.js:12028:11)
    at commitPassiveMountOnFiber (/Users/sherwingorechomante/coldcaller/frontend/node_modules/react-dom/cjs/react-dom-client.development.js:13841:13)
    at recursivelyTraversePassiveMountEffects (/Users/sherwingorechomante/coldcaller/frontend/node_modules/react-dom/cjs/react-dom-client.development.js:13815:11)
    at commitPassiveMountOnFiber (/Users/sherwingorechomante/coldcaller/frontend/node_modules/react-dom/cjs/react-dom-client.development.js:13853:11)
    at flushPassiveEffects (/Users/sherwingorechomante/coldcaller/frontend/node_modules/react-dom/cjs/react-dom-client.development.js:15737:9)
    at /Users/sherwingorechomante/coldcaller/frontend/node_modules/react-dom/cjs/react-dom-client.development.js:15379:15
    at flushActQueue (/Users/sherwingorechomante/coldcaller/frontend/node_modules/react/cjs/react.development.js:566:34)
    at Object.<anonymous>.process.env.NODE_ENV.exports.act (/Users/sherwingorechomante/coldcaller/frontend/node_modules/react/cjs/react.development.js:860:10)
    at /Users/sherwingorechomante/coldcaller/frontend/node_modules/@testing-library/react/dist/act-compat.js:47:25
    at renderRoot (/Users/sherwingorechomante/coldcaller/frontend/node_modules/@testing-library/react/dist/pure.js:190:26)
    at render (/Users/sherwingorechomante/coldcaller/frontend/node_modules/@testing-library/react/dist/pure.js:292:10)
    at Object.<anonymous> (/Users/sherwingorechomante/coldcaller/frontend/src/__tests__/comprehensive/VoipSystem.test.js:477:13)
    at Promise.then.completed (/Users/sherwingorechomante/coldcaller/frontend/node_modules/jest-circus/build/utils.js:391:28)
    at new Promise (<anonymous>)
    at callAsyncCircusFn (/Users/sherwingorechomante/coldcaller/frontend/node_modules/jest-circus/build/utils.js:316:10)
    at _callCircusTest (/Users/sherwingorechomante/coldcaller/frontend/node_modules/jest-circus/build/run.js:218:40)
    at processTicksAndRejections (node:internal/process/task_queues:105:5)
    at _runTest (/Users/sherwingorechomante/coldcaller/frontend/node_modules/jest-circus/build/run.js:155:3)
    at _runTestsForDescribeBlock (/Users/sherwingorechomante/coldcaller/frontend/node_modules/jest-circus/build/run.js:66:9)
    at _runTestsForDescribeBlock (/Users/sherwingorechomante/coldcaller/frontend/node_modules/jest-circus/build/run.js:60:9)
    at _runTestsForDescribeBlock (/Users/sherwingorechomante/coldcaller/frontend/node_modules/jest-circus/build/run.js:60:9)
    at run (/Users/sherwingorechomante/coldcaller/frontend/node_modules/jest-circus/build/run.js:25:3)
    at runAndTransformResultsToJestFormat (/Users/sherwingorechomante/coldcaller/frontend/node_modules/jest-circus/build/legacy-code-todo-rewrite/jestAdapterInit.js:170:21)
    at jestAdapter (/Users/sherwingorechomante/coldcaller/frontend/node_modules/jest-circus/build/legacy-code-todo-rewrite/jestAdapter.js:82:19)
    at runTestInternal (/Users/sherwingorechomante/coldcaller/frontend/node_modules/jest-runner/build/runTest.js:389:16)
    at runTest (/Users/sherwingorechomante/coldcaller/frontend/node_modules/jest-runner/build/runTest.js:475:34)
    at Object.worker (/Users/sherwingorechomante/coldcaller/frontend/node_modules/jest-runner/build/testWorker.js:133:12)]]></failure>
    </testCase>
    <testCase name="Comprehensive VOIP System Tests Error Handling handles audio device errors" duration="3">
      <failure message="TypeError: _SIPManager.default is not a constructor"><![CDATA[TypeError: _SIPManager.default is not a constructor
    at /Users/sherwingorechomante/coldcaller/frontend/src/components/VOIPPhone.js:44:29
    at Object.react_stack_bottom_frame (/Users/sherwingorechomante/coldcaller/frontend/node_modules/react-dom/cjs/react-dom-client.development.js:23953:20)
    at runWithFiberInDEV (/Users/sherwingorechomante/coldcaller/frontend/node_modules/react-dom/cjs/react-dom-client.development.js:1522:13)
    at commitHookEffectListMount (/Users/sherwingorechomante/coldcaller/frontend/node_modules/react-dom/cjs/react-dom-client.development.js:11905:29)
    at commitHookPassiveMountEffects (/Users/sherwingorechomante/coldcaller/frontend/node_modules/react-dom/cjs/react-dom-client.development.js:12028:11)
    at commitPassiveMountOnFiber (/Users/sherwingorechomante/coldcaller/frontend/node_modules/react-dom/cjs/react-dom-client.development.js:13841:13)
    at recursivelyTraversePassiveMountEffects (/Users/sherwingorechomante/coldcaller/frontend/node_modules/react-dom/cjs/react-dom-client.development.js:13815:11)
    at commitPassiveMountOnFiber (/Users/sherwingorechomante/coldcaller/frontend/node_modules/react-dom/cjs/react-dom-client.development.js:13853:11)
    at flushPassiveEffects (/Users/sherwingorechomante/coldcaller/frontend/node_modules/react-dom/cjs/react-dom-client.development.js:15737:9)
    at /Users/sherwingorechomante/coldcaller/frontend/node_modules/react-dom/cjs/react-dom-client.development.js:15379:15
    at flushActQueue (/Users/sherwingorechomante/coldcaller/frontend/node_modules/react/cjs/react.development.js:566:34)
    at Object.<anonymous>.process.env.NODE_ENV.exports.act (/Users/sherwingorechomante/coldcaller/frontend/node_modules/react/cjs/react.development.js:860:10)
    at /Users/sherwingorechomante/coldcaller/frontend/node_modules/@testing-library/react/dist/act-compat.js:47:25
    at renderRoot (/Users/sherwingorechomante/coldcaller/frontend/node_modules/@testing-library/react/dist/pure.js:190:26)
    at render (/Users/sherwingorechomante/coldcaller/frontend/node_modules/@testing-library/react/dist/pure.js:292:10)
    at Object.<anonymous> (/Users/sherwingorechomante/coldcaller/frontend/src/__tests__/comprehensive/VoipSystem.test.js:492:13)
    at Promise.then.completed (/Users/sherwingorechomante/coldcaller/frontend/node_modules/jest-circus/build/utils.js:391:28)
    at new Promise (<anonymous>)
    at callAsyncCircusFn (/Users/sherwingorechomante/coldcaller/frontend/node_modules/jest-circus/build/utils.js:316:10)
    at _callCircusTest (/Users/sherwingorechomante/coldcaller/frontend/node_modules/jest-circus/build/run.js:218:40)
    at processTicksAndRejections (node:internal/process/task_queues:105:5)
    at _runTest (/Users/sherwingorechomante/coldcaller/frontend/node_modules/jest-circus/build/run.js:155:3)
    at _runTestsForDescribeBlock (/Users/sherwingorechomante/coldcaller/frontend/node_modules/jest-circus/build/run.js:66:9)
    at _runTestsForDescribeBlock (/Users/sherwingorechomante/coldcaller/frontend/node_modules/jest-circus/build/run.js:60:9)
    at _runTestsForDescribeBlock (/Users/sherwingorechomante/coldcaller/frontend/node_modules/jest-circus/build/run.js:60:9)
    at run (/Users/sherwingorechomante/coldcaller/frontend/node_modules/jest-circus/build/run.js:25:3)
    at runAndTransformResultsToJestFormat (/Users/sherwingorechomante/coldcaller/frontend/node_modules/jest-circus/build/legacy-code-todo-rewrite/jestAdapterInit.js:170:21)
    at jestAdapter (/Users/sherwingorechomante/coldcaller/frontend/node_modules/jest-circus/build/legacy-code-todo-rewrite/jestAdapter.js:82:19)
    at runTestInternal (/Users/sherwingorechomante/coldcaller/frontend/node_modules/jest-runner/build/runTest.js:389:16)
    at runTest (/Users/sherwingorechomante/coldcaller/frontend/node_modules/jest-runner/build/runTest.js:475:34)
    at Object.worker (/Users/sherwingorechomante/coldcaller/frontend/node_modules/jest-runner/build/testWorker.js:133:12)]]></failure>
    </testCase>
    <testCase name="Comprehensive VOIP System Tests Performance Testing VOIP initialization completes within timeout" duration="4">
      <failure message="TypeError: _SIPManager.default is not a constructor"><![CDATA[TypeError: _SIPManager.default is not a constructor
    at /Users/sherwingorechomante/coldcaller/frontend/src/components/VOIPPhone.js:44:29
    at Object.react_stack_bottom_frame (/Users/sherwingorechomante/coldcaller/frontend/node_modules/react-dom/cjs/react-dom-client.development.js:23953:20)
    at runWithFiberInDEV (/Users/sherwingorechomante/coldcaller/frontend/node_modules/react-dom/cjs/react-dom-client.development.js:1522:13)
    at commitHookEffectListMount (/Users/sherwingorechomante/coldcaller/frontend/node_modules/react-dom/cjs/react-dom-client.development.js:11905:29)
    at commitHookPassiveMountEffects (/Users/sherwingorechomante/coldcaller/frontend/node_modules/react-dom/cjs/react-dom-client.development.js:12028:11)
    at commitPassiveMountOnFiber (/Users/sherwingorechomante/coldcaller/frontend/node_modules/react-dom/cjs/react-dom-client.development.js:13841:13)
    at recursivelyTraversePassiveMountEffects (/Users/sherwingorechomante/coldcaller/frontend/node_modules/react-dom/cjs/react-dom-client.development.js:13815:11)
    at commitPassiveMountOnFiber (/Users/sherwingorechomante/coldcaller/frontend/node_modules/react-dom/cjs/react-dom-client.development.js:13853:11)
    at flushPassiveEffects (/Users/sherwingorechomante/coldcaller/frontend/node_modules/react-dom/cjs/react-dom-client.development.js:15737:9)
    at /Users/sherwingorechomante/coldcaller/frontend/node_modules/react-dom/cjs/react-dom-client.development.js:15379:15
    at flushActQueue (/Users/sherwingorechomante/coldcaller/frontend/node_modules/react/cjs/react.development.js:566:34)
    at Object.<anonymous>.process.env.NODE_ENV.exports.act (/Users/sherwingorechomante/coldcaller/frontend/node_modules/react/cjs/react.development.js:860:10)
    at /Users/sherwingorechomante/coldcaller/frontend/node_modules/@testing-library/react/dist/act-compat.js:47:25
    at renderRoot (/Users/sherwingorechomante/coldcaller/frontend/node_modules/@testing-library/react/dist/pure.js:190:26)
    at render (/Users/sherwingorechomante/coldcaller/frontend/node_modules/@testing-library/react/dist/pure.js:292:10)
    at Object.<anonymous> (/Users/sherwingorechomante/coldcaller/frontend/src/__tests__/comprehensive/VoipSystem.test.js:506:13)
    at Promise.then.completed (/Users/sherwingorechomante/coldcaller/frontend/node_modules/jest-circus/build/utils.js:391:28)
    at new Promise (<anonymous>)
    at callAsyncCircusFn (/Users/sherwingorechomante/coldcaller/frontend/node_modules/jest-circus/build/utils.js:316:10)
    at _callCircusTest (/Users/sherwingorechomante/coldcaller/frontend/node_modules/jest-circus/build/run.js:218:40)
    at processTicksAndRejections (node:internal/process/task_queues:105:5)
    at _runTest (/Users/sherwingorechomante/coldcaller/frontend/node_modules/jest-circus/build/run.js:155:3)
    at _runTestsForDescribeBlock (/Users/sherwingorechomante/coldcaller/frontend/node_modules/jest-circus/build/run.js:66:9)
    at _runTestsForDescribeBlock (/Users/sherwingorechomante/coldcaller/frontend/node_modules/jest-circus/build/run.js:60:9)
    at _runTestsForDescribeBlock (/Users/sherwingorechomante/coldcaller/frontend/node_modules/jest-circus/build/run.js:60:9)
    at run (/Users/sherwingorechomante/coldcaller/frontend/node_modules/jest-circus/build/run.js:25:3)
    at runAndTransformResultsToJestFormat (/Users/sherwingorechomante/coldcaller/frontend/node_modules/jest-circus/build/legacy-code-todo-rewrite/jestAdapterInit.js:170:21)
    at jestAdapter (/Users/sherwingorechomante/coldcaller/frontend/node_modules/jest-circus/build/legacy-code-todo-rewrite/jestAdapter.js:82:19)
    at runTestInternal (/Users/sherwingorechomante/coldcaller/frontend/node_modules/jest-runner/build/runTest.js:389:16)
    at runTest (/Users/sherwingorechomante/coldcaller/frontend/node_modules/jest-runner/build/runTest.js:475:34)
    at Object.worker (/Users/sherwingorechomante/coldcaller/frontend/node_modules/jest-runner/build/testWorker.js:133:12)]]></failure>
    </testCase>
    <testCase name="Comprehensive VOIP System Tests Performance Testing call establishment is responsive" duration="4">
      <failure message="TypeError: _SIPManager.default is not a constructor"><![CDATA[TypeError: _SIPManager.default is not a constructor
    at /Users/sherwingorechomante/coldcaller/frontend/src/components/VOIPPhone.js:44:29
    at Object.react_stack_bottom_frame (/Users/sherwingorechomante/coldcaller/frontend/node_modules/react-dom/cjs/react-dom-client.development.js:23953:20)
    at runWithFiberInDEV (/Users/sherwingorechomante/coldcaller/frontend/node_modules/react-dom/cjs/react-dom-client.development.js:1522:13)
    at commitHookEffectListMount (/Users/sherwingorechomante/coldcaller/frontend/node_modules/react-dom/cjs/react-dom-client.development.js:11905:29)
    at commitHookPassiveMountEffects (/Users/sherwingorechomante/coldcaller/frontend/node_modules/react-dom/cjs/react-dom-client.development.js:12028:11)
    at commitPassiveMountOnFiber (/Users/sherwingorechomante/coldcaller/frontend/node_modules/react-dom/cjs/react-dom-client.development.js:13841:13)
    at recursivelyTraversePassiveMountEffects (/Users/sherwingorechomante/coldcaller/frontend/node_modules/react-dom/cjs/react-dom-client.development.js:13815:11)
    at commitPassiveMountOnFiber (/Users/sherwingorechomante/coldcaller/frontend/node_modules/react-dom/cjs/react-dom-client.development.js:13853:11)
    at flushPassiveEffects (/Users/sherwingorechomante/coldcaller/frontend/node_modules/react-dom/cjs/react-dom-client.development.js:15737:9)
    at /Users/sherwingorechomante/coldcaller/frontend/node_modules/react-dom/cjs/react-dom-client.development.js:15379:15
    at flushActQueue (/Users/sherwingorechomante/coldcaller/frontend/node_modules/react/cjs/react.development.js:566:34)
    at Object.<anonymous>.process.env.NODE_ENV.exports.act (/Users/sherwingorechomante/coldcaller/frontend/node_modules/react/cjs/react.development.js:860:10)
    at /Users/sherwingorechomante/coldcaller/frontend/node_modules/@testing-library/react/dist/act-compat.js:47:25
    at renderRoot (/Users/sherwingorechomante/coldcaller/frontend/node_modules/@testing-library/react/dist/pure.js:190:26)
    at render (/Users/sherwingorechomante/coldcaller/frontend/node_modules/@testing-library/react/dist/pure.js:292:10)
    at Object.<anonymous> (/Users/sherwingorechomante/coldcaller/frontend/src/__tests__/comprehensive/VoipSystem.test.js:518:13)
    at processTicksAndRejections (node:internal/process/task_queues:105:5)]]></failure>
    </testCase>
    <testCase name="Comprehensive VOIP System Tests Performance Testing handles multiple concurrent calls efficiently" duration="19">
      <failure message="AggregateError: "><![CDATA[AggregateError: 
    at aggregateErrors (/Users/sherwingorechomante/coldcaller/frontend/node_modules/react/cjs/react.development.js:527:11)
    at Object.<anonymous>.process.env.NODE_ENV.exports.act (/Users/sherwingorechomante/coldcaller/frontend/node_modules/react/cjs/react.development.js:873:24)
    at /Users/sherwingorechomante/coldcaller/frontend/node_modules/@testing-library/react/dist/act-compat.js:47:25
    at renderRoot (/Users/sherwingorechomante/coldcaller/frontend/node_modules/@testing-library/react/dist/pure.js:190:26)
    at render (/Users/sherwingorechomante/coldcaller/frontend/node_modules/@testing-library/react/dist/pure.js:292:10)
    at Object.<anonymous> (/Users/sherwingorechomante/coldcaller/frontend/src/__tests__/comprehensive/VoipSystem.test.js:543:13)
    at processTicksAndRejections (node:internal/process/task_queues:105:5)]]></failure>
    </testCase>
    <testCase name="Comprehensive VOIP System Tests Accessibility VOIP phone is keyboard accessible" duration="8">
      <failure message="TypeError: _SIPManager.default is not a constructor"><![CDATA[TypeError: _SIPManager.default is not a constructor
    at /Users/sherwingorechomante/coldcaller/frontend/src/components/VOIPPhone.js:44:29
    at Object.react_stack_bottom_frame (/Users/sherwingorechomante/coldcaller/frontend/node_modules/react-dom/cjs/react-dom-client.development.js:23953:20)
    at runWithFiberInDEV (/Users/sherwingorechomante/coldcaller/frontend/node_modules/react-dom/cjs/react-dom-client.development.js:1522:13)
    at commitHookEffectListMount (/Users/sherwingorechomante/coldcaller/frontend/node_modules/react-dom/cjs/react-dom-client.development.js:11905:29)
    at commitHookPassiveMountEffects (/Users/sherwingorechomante/coldcaller/frontend/node_modules/react-dom/cjs/react-dom-client.development.js:12028:11)
    at commitPassiveMountOnFiber (/Users/sherwingorechomante/coldcaller/frontend/node_modules/react-dom/cjs/react-dom-client.development.js:13841:13)
    at recursivelyTraversePassiveMountEffects (/Users/sherwingorechomante/coldcaller/frontend/node_modules/react-dom/cjs/react-dom-client.development.js:13815:11)
    at commitPassiveMountOnFiber (/Users/sherwingorechomante/coldcaller/frontend/node_modules/react-dom/cjs/react-dom-client.development.js:13853:11)
    at flushPassiveEffects (/Users/sherwingorechomante/coldcaller/frontend/node_modules/react-dom/cjs/react-dom-client.development.js:15737:9)
    at /Users/sherwingorechomante/coldcaller/frontend/node_modules/react-dom/cjs/react-dom-client.development.js:15379:15
    at flushActQueue (/Users/sherwingorechomante/coldcaller/frontend/node_modules/react/cjs/react.development.js:566:34)
    at Object.<anonymous>.process.env.NODE_ENV.exports.act (/Users/sherwingorechomante/coldcaller/frontend/node_modules/react/cjs/react.development.js:860:10)
    at /Users/sherwingorechomante/coldcaller/frontend/node_modules/@testing-library/react/dist/act-compat.js:47:25
    at renderRoot (/Users/sherwingorechomante/coldcaller/frontend/node_modules/@testing-library/react/dist/pure.js:190:26)
    at render (/Users/sherwingorechomante/coldcaller/frontend/node_modules/@testing-library/react/dist/pure.js:292:10)
    at Object.<anonymous> (/Users/sherwingorechomante/coldcaller/frontend/src/__tests__/comprehensive/VoipSystem.test.js:554:13)
    at Promise.then.completed (/Users/sherwingorechomante/coldcaller/frontend/node_modules/jest-circus/build/utils.js:391:28)
    at new Promise (<anonymous>)
    at callAsyncCircusFn (/Users/sherwingorechomante/coldcaller/frontend/node_modules/jest-circus/build/utils.js:316:10)
    at _callCircusTest (/Users/sherwingorechomante/coldcaller/frontend/node_modules/jest-circus/build/run.js:218:40)
    at processTicksAndRejections (node:internal/process/task_queues:105:5)
    at _runTest (/Users/sherwingorechomante/coldcaller/frontend/node_modules/jest-circus/build/run.js:155:3)
    at _runTestsForDescribeBlock (/Users/sherwingorechomante/coldcaller/frontend/node_modules/jest-circus/build/run.js:66:9)
    at _runTestsForDescribeBlock (/Users/sherwingorechomante/coldcaller/frontend/node_modules/jest-circus/build/run.js:60:9)
    at _runTestsForDescribeBlock (/Users/sherwingorechomante/coldcaller/frontend/node_modules/jest-circus/build/run.js:60:9)
    at run (/Users/sherwingorechomante/coldcaller/frontend/node_modules/jest-circus/build/run.js:25:3)
    at runAndTransformResultsToJestFormat (/Users/sherwingorechomante/coldcaller/frontend/node_modules/jest-circus/build/legacy-code-todo-rewrite/jestAdapterInit.js:170:21)
    at jestAdapter (/Users/sherwingorechomante/coldcaller/frontend/node_modules/jest-circus/build/legacy-code-todo-rewrite/jestAdapter.js:82:19)
    at runTestInternal (/Users/sherwingorechomante/coldcaller/frontend/node_modules/jest-runner/build/runTest.js:389:16)
    at runTest (/Users/sherwingorechomante/coldcaller/frontend/node_modules/jest-runner/build/runTest.js:475:34)
    at Object.worker (/Users/sherwingorechomante/coldcaller/frontend/node_modules/jest-runner/build/testWorker.js:133:12)]]></failure>
    </testCase>
    <testCase name="Comprehensive VOIP System Tests Accessibility call controls have proper ARIA labels" duration="1">
      <failure message="TestingLibraryElementError: Unable to find an accessible element with the role &quot;button&quot; and name `/mute call/i`"><![CDATA[TestingLibraryElementError: Unable to find an accessible element with the role "button" and name `/mute call/i`

There are no accessible roles. But there might be some inaccessible roles. If you wish to access them, then set the `hidden` option to `true`. Learn more about this here: https://testing-library.com/docs/dom-testing-library/api-queries#byrole

Ignored nodes: comments, script, style
<body>
  <div />
</body>
    at Object.getElementError (/Users/sherwingorechomante/coldcaller/frontend/node_modules/@testing-library/dom/dist/config.js:37:19)
    at /Users/sherwingorechomante/coldcaller/frontend/node_modules/@testing-library/dom/dist/query-helpers.js:76:38
    at /Users/sherwingorechomante/coldcaller/frontend/node_modules/@testing-library/dom/dist/query-helpers.js:52:17
    at getByRole (/Users/sherwingorechomante/coldcaller/frontend/node_modules/@testing-library/dom/dist/query-helpers.js:95:19)
    at Object.<anonymous> (/Users/sherwingorechomante/coldcaller/frontend/src/__tests__/comprehensive/VoipSystem.test.js:577:21)
    at Promise.then.completed (/Users/sherwingorechomante/coldcaller/frontend/node_modules/jest-circus/build/utils.js:391:28)
    at new Promise (<anonymous>)
    at callAsyncCircusFn (/Users/sherwingorechomante/coldcaller/frontend/node_modules/jest-circus/build/utils.js:316:10)
    at _callCircusTest (/Users/sherwingorechomante/coldcaller/frontend/node_modules/jest-circus/build/run.js:218:40)
    at processTicksAndRejections (node:internal/process/task_queues:105:5)
    at _runTest (/Users/sherwingorechomante/coldcaller/frontend/node_modules/jest-circus/build/run.js:155:3)
    at _runTestsForDescribeBlock (/Users/sherwingorechomante/coldcaller/frontend/node_modules/jest-circus/build/run.js:66:9)
    at _runTestsForDescribeBlock (/Users/sherwingorechomante/coldcaller/frontend/node_modules/jest-circus/build/run.js:60:9)
    at _runTestsForDescribeBlock (/Users/sherwingorechomante/coldcaller/frontend/node_modules/jest-circus/build/run.js:60:9)
    at run (/Users/sherwingorechomante/coldcaller/frontend/node_modules/jest-circus/build/run.js:25:3)
    at runAndTransformResultsToJestFormat (/Users/sherwingorechomante/coldcaller/frontend/node_modules/jest-circus/build/legacy-code-todo-rewrite/jestAdapterInit.js:170:21)
    at jestAdapter (/Users/sherwingorechomante/coldcaller/frontend/node_modules/jest-circus/build/legacy-code-todo-rewrite/jestAdapter.js:82:19)
    at runTestInternal (/Users/sherwingorechomante/coldcaller/frontend/node_modules/jest-runner/build/runTest.js:389:16)
    at runTest (/Users/sherwingorechomante/coldcaller/frontend/node_modules/jest-runner/build/runTest.js:475:34)
    at Object.worker (/Users/sherwingorechomante/coldcaller/frontend/node_modules/jest-runner/build/testWorker.js:133:12)]]></failure>
    </testCase>
    <testCase name="Comprehensive VOIP System Tests Accessibility call status is announced to screen readers" duration="4">
      <failure message="TypeError: _SIPManager.default is not a constructor"><![CDATA[TypeError: _SIPManager.default is not a constructor
    at /Users/sherwingorechomante/coldcaller/frontend/src/components/VOIPPhone.js:44:29
    at Object.react_stack_bottom_frame (/Users/sherwingorechomante/coldcaller/frontend/node_modules/react-dom/cjs/react-dom-client.development.js:23953:20)
    at runWithFiberInDEV (/Users/sherwingorechomante/coldcaller/frontend/node_modules/react-dom/cjs/react-dom-client.development.js:1522:13)
    at commitHookEffectListMount (/Users/sherwingorechomante/coldcaller/frontend/node_modules/react-dom/cjs/react-dom-client.development.js:11905:29)
    at commitHookPassiveMountEffects (/Users/sherwingorechomante/coldcaller/frontend/node_modules/react-dom/cjs/react-dom-client.development.js:12028:11)
    at commitPassiveMountOnFiber (/Users/sherwingorechomante/coldcaller/frontend/node_modules/react-dom/cjs/react-dom-client.development.js:13841:13)
    at recursivelyTraversePassiveMountEffects (/Users/sherwingorechomante/coldcaller/frontend/node_modules/react-dom/cjs/react-dom-client.development.js:13815:11)
    at commitPassiveMountOnFiber (/Users/sherwingorechomante/coldcaller/frontend/node_modules/react-dom/cjs/react-dom-client.development.js:13853:11)
    at flushPassiveEffects (/Users/sherwingorechomante/coldcaller/frontend/node_modules/react-dom/cjs/react-dom-client.development.js:15737:9)
    at /Users/sherwingorechomante/coldcaller/frontend/node_modules/react-dom/cjs/react-dom-client.development.js:15379:15
    at flushActQueue (/Users/sherwingorechomante/coldcaller/frontend/node_modules/react/cjs/react.development.js:566:34)
    at Object.<anonymous>.process.env.NODE_ENV.exports.act (/Users/sherwingorechomante/coldcaller/frontend/node_modules/react/cjs/react.development.js:860:10)
    at /Users/sherwingorechomante/coldcaller/frontend/node_modules/@testing-library/react/dist/act-compat.js:47:25
    at renderRoot (/Users/sherwingorechomante/coldcaller/frontend/node_modules/@testing-library/react/dist/pure.js:190:26)
    at render (/Users/sherwingorechomante/coldcaller/frontend/node_modules/@testing-library/react/dist/pure.js:292:10)
    at Object.<anonymous> (/Users/sherwingorechomante/coldcaller/frontend/src/__tests__/comprehensive/VoipSystem.test.js:583:13)
    at Promise.then.completed (/Users/sherwingorechomante/coldcaller/frontend/node_modules/jest-circus/build/utils.js:391:28)
    at new Promise (<anonymous>)
    at callAsyncCircusFn (/Users/sherwingorechomante/coldcaller/frontend/node_modules/jest-circus/build/utils.js:316:10)
    at _callCircusTest (/Users/sherwingorechomante/coldcaller/frontend/node_modules/jest-circus/build/run.js:218:40)
    at processTicksAndRejections (node:internal/process/task_queues:105:5)
    at _runTest (/Users/sherwingorechomante/coldcaller/frontend/node_modules/jest-circus/build/run.js:155:3)
    at _runTestsForDescribeBlock (/Users/sherwingorechomante/coldcaller/frontend/node_modules/jest-circus/build/run.js:66:9)
    at _runTestsForDescribeBlock (/Users/sherwingorechomante/coldcaller/frontend/node_modules/jest-circus/build/run.js:60:9)
    at _runTestsForDescribeBlock (/Users/sherwingorechomante/coldcaller/frontend/node_modules/jest-circus/build/run.js:60:9)
    at run (/Users/sherwingorechomante/coldcaller/frontend/node_modules/jest-circus/build/run.js:25:3)
    at runAndTransformResultsToJestFormat (/Users/sherwingorechomante/coldcaller/frontend/node_modules/jest-circus/build/legacy-code-todo-rewrite/jestAdapterInit.js:170:21)
    at jestAdapter (/Users/sherwingorechomante/coldcaller/frontend/node_modules/jest-circus/build/legacy-code-todo-rewrite/jestAdapter.js:82:19)
    at runTestInternal (/Users/sherwingorechomante/coldcaller/frontend/node_modules/jest-runner/build/runTest.js:389:16)
    at runTest (/Users/sherwingorechomante/coldcaller/frontend/node_modules/jest-runner/build/runTest.js:475:34)
    at Object.worker (/Users/sherwingorechomante/coldcaller/frontend/node_modules/jest-runner/build/testWorker.js:133:12)]]></failure>
    </testCase>
  </file>
  <file path="/Users/sherwingorechomante/coldcaller/frontend/src/components/__tests__/NoteTakingSystem.test.js">
    <testCase name="NoteTakingSystem renders note taking system with initial state" duration="16"/>
    <testCase name="NoteTakingSystem switches between create and search modes" duration="41"/>
    <testCase name="NoteTakingSystem applies template to note content" duration="65">
      <failure message="TestingLibraryElementError: Found multiple elements with the role &quot;textbox&quot;"><![CDATA[TestingLibraryElementError: Found multiple elements with the role "textbox"

Here are the matching elements:

Ignored nodes: comments, script, style
<textarea
  class="w-full h-full border-none outline-none resize-none text-sm leading-relaxed"
  placeholder="Start typing your notes using the template structure above..."
  style="font-family: monospace;"
>
  # Cold Call - 8/8/2025

## Introduction Response
How did they respond to your introduction?

## Pain Points Discussed
What challenges did they mention?

## Objections Raised
What concerns or objections did they have?

## Interest Level


## Next Steps
What are the agreed next steps?

## Follow-up Date



</textarea>

Ignored nodes: comments, script, style
<input
  class="text-sm border rounded px-2 py-1 w-32"
  placeholder="Add tags..."
  type="text"
/>

(If this is intentional, then use the `*AllBy*` variant of the query (like `queryAllByText`, `getAllByText`, or `findAllByText`)).

Ignored nodes: comments, script, style
<body>
  <div>
    <div
      class="note-taking-system bg-white rounded-lg shadow-lg"
    >
      <div
        class="flex items-center justify-between p-4 border-b"
      >
        <div
          class="flex items-center space-x-4"
        >
          <h2
            class="text-xl font-semibold text-gray-800"
          >
            📝 Call Notes
          </h2>
        </div>
        <div
          class="flex items-center space-x-2"
        >
          <button
            class="px-3 py-1 text-sm bg-blue-500 text-white rounded hover:bg-blue-600 transition-colors"
          >
            🔍 Search
          </button>
          <button
            class="px-3 py-1 text-sm bg-purple-500 text-white rounded hover:bg-purple-600 transition-colors"
          >
            📊 Analytics
          </button>
          <button
            class="px-3 py-1 text-sm bg-green-500 text-white rounded hover:bg-green-600 transition-colors"
          >
            👥 Collaborate
          </button>
        </div>
      </div>
      <div
        class="p-4 bg-red-50 border-l-4 border-red-400 text-red-700"
      >
        <div
          class="flex"
        >
          <span
            class="mr-2"
          >
            ⚠️
          </span>
          Failed to load notes
          <button
            class="ml-auto text-red-400 hover:text-red-600"
          >
            ✕
          </button>
        </div>
      </div>
      <div
        class="flex h-96"
      >
        <div
          class="w-1/4 border-r bg-gray-50"
        >
          <div
            class="p-4"
          >
            <h3
              class="text-lg font-medium text-gray-700 mb-3"
            >
              📋 Templates
            </h3>
            <div
              class="space-y-2 max-h-80 overflow-y-auto"
            >
              <button
                class="w-full text-left p-3 rounded-lg border transition-colors bg-blue-50 border-blue-200"
              >
                <div
                  class="flex items-center"
                >
                  <span
                    class="text-lg mr-2"
                  >
                    📞
                  </span>
                  <div>
                    <div
                      class="font-medium text-sm"
                    >
                      Cold Call
                    </div>
                    <div
                      class="text-xs text-gray-500"
                    >
                      6
                       fields
                    </div>
                  </div>
                </div>
              </button>
              <button
                class="w-full text-left p-3 rounded-lg border transition-colors bg-white border-gray-200 hover:bg-gray-50"
              >
                <div
                  class="flex items-center"
                >
                  <span
                    class="text-lg mr-2"
                  >
                    🔄
                  </span>
                  <div>
                    <div
                      class="font-medium text-sm"
                    >
                      Follow-up Call
                    </div>
                    <div
                      class="text-xs text-gray-500"
                    >
                      6
                       fields
                    </div>
                  </div>
                </div>
              </button>
              <button
                class="w-full text-left p-3 rounded-lg border transition-colors bg-white border-gray-200 hover:bg-gray-50"
              >
                <div
                  class="flex items-center"
                >
                  <span
                    class="text-lg mr-2"
                  >
                    💻
                  </span>
                  <div>
                    <div
                      class="font-medium text-sm"
                    >
                      Demo/Presentation
                    </div>
                    <div
                      class="text-xs text-gray-500"
                    >
                      7
                       fields
                    </div>
                  </div>
                </div>
              </button>
              <button
                class="w-full text-left p-3 rounded-lg border transition-colors bg-white border-gray-200 hover:bg-gray-50"
              >
                <div
                  class="flex items-center"
                >
                  <span
                    class="text-lg mr-2"
                  >
                    🤝
                  </span>
                  <div>
                    <div
                      class="font-medium text-sm"
                    >
                      Closing Call
                    </div>
                    <div
                      class="text-xs text-gray-500"
                    >
                      8
                       fields
                    </div>
                  </div>
                </div>
              </button>
              <button
                class="w-full text-left p-3 rounded-lg border transition-colors bg-white border-gray-200 hover:bg-gray-50"
              >
                <div
                  class="flex items-center"
                >
                  <span
                    class="text-lg mr-2"
                  >
                    📝
                  </span>
                  <div>
                    <div
                      class="font-medium text-sm"
                    >
                      General Notes
                    </div>
                    <div
                      class="text-xs text-gray-500"
                    >
                      5
                       fields
                    </div>
                  </div>
                </div>
              </button>
            </div>
          </div>
        </div>
        <div
          class="flex-1 flex flex-col"
        >
          <div
            class="flex items-center justify-between p-3 border-b bg-gray-50"
          >
            <div
              class="flex items-center space-x-2"
            >
              <button
                class="p-1 text-sm border rounded hover:bg-gray-100 disabled:opacity-50"
                disabled=""
                title="Bold"
              >
                <strong>
                  B
                </strong>
              </button>
              <button
                class="p-1 text-sm border rounded hover:bg-gray-100 disabled:opacity-50"
                disabled=""
                title="Italic"
              >
                <em>
                  I
                </em>
              </button>
              <button
                class="p-1 text-sm border rounded hover:bg-gray-100 disabled:opacity-50"
                disabled=""
                title="Highlight"
              >
                🖍️
              </button>
              <div
                class="border-l h-6 mx-2"
              />
              <button
                class="p-1 text-sm border rounded hover:bg-gray-100"
                title="Add heading"
              >
                H
              </button>
              <button
                class="p-1 text-sm border rounded hover:bg-gray-100"
                title="Add bullet point"
              >
                •
              </button>
              <button
                class="p-1 text-sm border rounded hover:bg-gray-100"
                title="Add checkbox"
              >
                ☑️
              </button>
              <div
                class="border-l h-6 mx-2"
              />
              <button
                class="p-1 text-sm border rounded transition-colors hover:bg-gray-100"
                title="Start voice dictation"
              >
                🎤
              </button>
            </div>
            <div
              class="flex items-center space-x-2"
            >
              <div
                class="text-sm text-gray-500"
              >
                Quality: 
                60
                %
              </div>
              <div
                class="relative"
              >
                <select
                  class="text-sm border rounded px-2 py-1"
                >
                  <option
                    value=""
                  >
                    Export...
                  </option>
                  <option
                    value="pdf"
                  >
                    PDF
                  </option>
                  <option
                    value="docx"
                  >
                    Word
                  </option>
                  <option
                    value="txt"
                  >
                    Text
                  </option>
                  <option
                    value="md"
                  >
                    Markdown
                  </option>
                </select>
              </div>
            </div>
          </div>
          <div
            class="flex-1 p-4"
          >
            <textarea
              class="w-full h-full border-none outline-none resize-none text-sm leading-relaxed"
              placeholder="Start typing your notes using the template structure above..."
              style="font-family: monospace;"
            >
              # Cold Call - 8/8/2025

## Introduction Response
How did they respond to your introduction?

## Pain Points Discussed
What challenges did they mention?

## Objections Raised
What concerns or objections did they have?

## Interest Level


## Next Steps
What are the agreed next steps?

## Follow-up Date



            </textarea>
          </div>
          <div
            class="flex items-center justify-between p-3 border-t bg-gray-50"
          >
            <div
              class="flex items-center space-x-4"
            >
              <div
                class="text-sm text-gray-500"
              >
                49
                 words
              </div>
              <div
                class="flex items-center space-x-2"
              >
                <span
                  class="text-sm text-gray-600"
                >
                  Tags:
                </span>
                <input
                  class="text-sm border rounded px-2 py-1 w-32"
                  placeholder="Add tags..."
                  type="text"
                />
              </div>
              <div
                class="flex flex-wrap gap-1"
              />
            </div>
            <div
              class="flex items-center space-x-2"
            >
              <label
                class="flex items-center text-sm"
              >
                <input
                  class="mr-1"
                  type="checkbox"
                />
                Follow-up required
              </label>
              <button
                class="px-4 py-2 bg-blue-500 text-white rounded hover:bg-blue-600 disabled:opacity-50 disabled:cursor-not-allowed transition-colors"
              >
                💾 Save Note
              </button>
            </div>
          </div>
        </div>
      </div>
    </div>
  </div>
</body>
    at Object.getElementError (/Users/sherwingorechomante/coldcaller/frontend/node_modules/@testing-library/dom/dist/config.js:37:19)
    at getElementError (/Users/sherwingorechomante/coldcaller/frontend/node_modules/@testing-library/dom/dist/query-helpers.js:20:35)
    at getMultipleElementsFoundError (/Users/sherwingorechomante/coldcaller/frontend/node_modules/@testing-library/dom/dist/query-helpers.js:23:10)
    at /Users/sherwingorechomante/coldcaller/frontend/node_modules/@testing-library/dom/dist/query-helpers.js:55:13
    at getByRole (/Users/sherwingorechomante/coldcaller/frontend/node_modules/@testing-library/dom/dist/query-helpers.js:95:19)
    at Object.<anonymous> (/Users/sherwingorechomante/coldcaller/frontend/src/components/__tests__/NoteTakingSystem.test.js:85:29)]]></failure>
    </testCase>
    <testCase name="NoteTakingSystem saves note with proper data" duration="26">
      <failure message="TestingLibraryElementError: Found multiple elements with the role &quot;textbox&quot;"><![CDATA[TestingLibraryElementError: Found multiple elements with the role "textbox"

Here are the matching elements:

Ignored nodes: comments, script, style
<textarea
  class="w-full h-full border-none outline-none resize-none text-sm leading-relaxed"
  placeholder="Start typing your call notes here... Use ## for headings, - for lists, and [ ] for checkboxes."
  style="font-family: monospace;"
/>

Ignored nodes: comments, script, style
<input
  class="text-sm border rounded px-2 py-1 w-32"
  placeholder="Add tags..."
  type="text"
/>

(If this is intentional, then use the `*AllBy*` variant of the query (like `queryAllByText`, `getAllByText`, or `findAllByText`)).

Ignored nodes: comments, script, style
<body>
  <div>
    <div
      class="note-taking-system bg-white rounded-lg shadow-lg"
    >
      <div
        class="flex items-center justify-between p-4 border-b"
      >
        <div
          class="flex items-center space-x-4"
        >
          <h2
            class="text-xl font-semibold text-gray-800"
          >
            📝 Call Notes
          </h2>
        </div>
        <div
          class="flex items-center space-x-2"
        >
          <button
            class="px-3 py-1 text-sm bg-blue-500 text-white rounded hover:bg-blue-600 transition-colors"
          >
            🔍 Search
          </button>
          <button
            class="px-3 py-1 text-sm bg-purple-500 text-white rounded hover:bg-purple-600 transition-colors"
          >
            📊 Analytics
          </button>
          <button
            class="px-3 py-1 text-sm bg-green-500 text-white rounded hover:bg-green-600 transition-colors"
          >
            👥 Collaborate
          </button>
        </div>
      </div>
      <div
        class="flex h-96"
      >
        <div
          class="w-1/4 border-r bg-gray-50"
        >
          <div
            class="p-4"
          >
            <h3
              class="text-lg font-medium text-gray-700 mb-3"
            >
              📋 Templates
            </h3>
            <div
              class="space-y-2 max-h-80 overflow-y-auto"
            />
          </div>
        </div>
        <div
          class="flex-1 flex flex-col"
        >
          <div
            class="flex items-center justify-between p-3 border-b bg-gray-50"
          >
            <div
              class="flex items-center space-x-2"
            >
              <button
                class="p-1 text-sm border rounded hover:bg-gray-100 disabled:opacity-50"
                disabled=""
                title="Bold"
              >
                <strong>
                  B
                </strong>
              </button>
              <button
                class="p-1 text-sm border rounded hover:bg-gray-100 disabled:opacity-50"
                disabled=""
                title="Italic"
              >
                <em>
                  I
                </em>
              </button>
              <button
                class="p-1 text-sm border rounded hover:bg-gray-100 disabled:opacity-50"
                disabled=""
                title="Highlight"
              >
                🖍️
              </button>
              <div
                class="border-l h-6 mx-2"
              />
              <button
                class="p-1 text-sm border rounded hover:bg-gray-100"
                title="Add heading"
              >
                H
              </button>
              <button
                class="p-1 text-sm border rounded hover:bg-gray-100"
                title="Add bullet point"
              >
                •
              </button>
              <button
                class="p-1 text-sm border rounded hover:bg-gray-100"
                title="Add checkbox"
              >
                ☑️
              </button>
              <div
                class="border-l h-6 mx-2"
              />
              <button
                class="p-1 text-sm border rounded transition-colors hover:bg-gray-100"
                title="Start voice dictation"
              >
                🎤
              </button>
            </div>
            <div
              class="flex items-center space-x-2"
            >
              <div
                class="text-sm text-gray-500"
              >
                Quality: 
                0
                %
              </div>
              <div
                class="relative"
              >
                <select
                  class="text-sm border rounded px-2 py-1"
                >
                  <option
                    value=""
                  >
                    Export...
                  </option>
                  <option
                    value="pdf"
                  >
                    PDF
                  </option>
                  <option
                    value="docx"
                  >
                    Word
                  </option>
                  <option
                    value="txt"
                  >
                    Text
                  </option>
                  <option
                    value="md"
                  >
                    Markdown
                  </option>
                </select>
              </div>
            </div>
          </div>
          <div
            class="flex-1 p-4"
          >
            <textarea
              class="w-full h-full border-none outline-none resize-none text-sm leading-relaxed"
              placeholder="Start typing your call notes here... Use ## for headings, - for lists, and [ ] for checkboxes."
              style="font-family: monospace;"
            />
          </div>
          <div
            class="flex items-center justify-between p-3 border-t bg-gray-50"
          >
            <div
              class="flex items-center space-x-4"
            >
              <div
                class="text-sm text-gray-500"
              >
                0
                 words
              </div>
              <div
                class="flex items-center space-x-2"
              >
                <span
                  class="text-sm text-gray-600"
                >
                  Tags:
                </span>
                <input
                  class="text-sm border rounded px-2 py-1 w-32"
                  placeholder="Add tags..."
                  type="text"
                />
              </div>
              <div
                class="flex flex-wrap gap-1"
              />
            </div>
            <div
              class="flex items-center space-x-2"
            >
              <label
                class="flex items-center text-sm"
              >
                <input
                  class="mr-1"
                  type="checkbox"
                />
                Follow-up required
              </label>
              <button
                class="px-4 py-2 bg-blue-500 text-white rounded hover:bg-blue-600 disabled:opacity-50 disabled:cursor-not-allowed transition-colors"
                disabled=""
              >
                ⏳ Saving...
              </button>
            </div>
          </div>
        </div>
      </div>
    </div>
  </div>
</body>
    at Object.getElementError (/Users/sherwingorechomante/coldcaller/frontend/node_modules/@testing-library/dom/dist/config.js:37:19)
    at getElementError (/Users/sherwingorechomante/coldcaller/frontend/node_modules/@testing-library/dom/dist/query-helpers.js:20:35)
    at getMultipleElementsFoundError (/Users/sherwingorechomante/coldcaller/frontend/node_modules/@testing-library/dom/dist/query-helpers.js:23:10)
    at /Users/sherwingorechomante/coldcaller/frontend/node_modules/@testing-library/dom/dist/query-helpers.js:55:13
    at getByRole (/Users/sherwingorechomante/coldcaller/frontend/node_modules/@testing-library/dom/dist/query-helpers.js:95:19)
    at Object.<anonymous> (/Users/sherwingorechomante/coldcaller/frontend/src/components/__tests__/NoteTakingSystem.test.js:99:29)
    at Promise.then.completed (/Users/sherwingorechomante/coldcaller/frontend/node_modules/jest-circus/build/utils.js:391:28)
    at new Promise (<anonymous>)
    at callAsyncCircusFn (/Users/sherwingorechomante/coldcaller/frontend/node_modules/jest-circus/build/utils.js:316:10)
    at _callCircusTest (/Users/sherwingorechomante/coldcaller/frontend/node_modules/jest-circus/build/run.js:218:40)
    at _runTest (/Users/sherwingorechomante/coldcaller/frontend/node_modules/jest-circus/build/run.js:155:3)
    at _runTestsForDescribeBlock (/Users/sherwingorechomante/coldcaller/frontend/node_modules/jest-circus/build/run.js:66:9)
    at _runTestsForDescribeBlock (/Users/sherwingorechomante/coldcaller/frontend/node_modules/jest-circus/build/run.js:60:9)
    at run (/Users/sherwingorechomante/coldcaller/frontend/node_modules/jest-circus/build/run.js:25:3)
    at runAndTransformResultsToJestFormat (/Users/sherwingorechomante/coldcaller/frontend/node_modules/jest-circus/build/legacy-code-todo-rewrite/jestAdapterInit.js:170:21)
    at jestAdapter (/Users/sherwingorechomante/coldcaller/frontend/node_modules/jest-circus/build/legacy-code-todo-rewrite/jestAdapter.js:82:19)
    at runTestInternal (/Users/sherwingorechomante/coldcaller/frontend/node_modules/jest-runner/build/runTest.js:389:16)
    at runTest (/Users/sherwingorechomante/coldcaller/frontend/node_modules/jest-runner/build/runTest.js:475:34)
    at Object.worker (/Users/sherwingorechomante/coldcaller/frontend/node_modules/jest-runner/build/testWorker.js:133:12)]]></failure>
    </testCase>
    <testCase name="NoteTakingSystem handles auto-save functionality" duration="23">
      <failure message="TestingLibraryElementError: Found multiple elements with the role &quot;textbox&quot;"><![CDATA[TestingLibraryElementError: Found multiple elements with the role "textbox"

Here are the matching elements:

Ignored nodes: comments, script, style
<textarea
  class="w-full h-full border-none outline-none resize-none text-sm leading-relaxed"
  placeholder="Start typing your call notes here... Use ## for headings, - for lists, and [ ] for checkboxes."
  style="font-family: monospace;"
/>

Ignored nodes: comments, script, style
<input
  class="text-sm border rounded px-2 py-1 w-32"
  placeholder="Add tags..."
  type="text"
/>

(If this is intentional, then use the `*AllBy*` variant of the query (like `queryAllByText`, `getAllByText`, or `findAllByText`)).

Ignored nodes: comments, script, style
<body>
  <div>
    <div
      class="note-taking-system bg-white rounded-lg shadow-lg"
    >
      <div
        class="flex items-center justify-between p-4 border-b"
      >
        <div
          class="flex items-center space-x-4"
        >
          <h2
            class="text-xl font-semibold text-gray-800"
          >
            📝 Call Notes
          </h2>
        </div>
        <div
          class="flex items-center space-x-2"
        >
          <button
            class="px-3 py-1 text-sm bg-blue-500 text-white rounded hover:bg-blue-600 transition-colors"
          >
            🔍 Search
          </button>
          <button
            class="px-3 py-1 text-sm bg-purple-500 text-white rounded hover:bg-purple-600 transition-colors"
          >
            📊 Analytics
          </button>
          <button
            class="px-3 py-1 text-sm bg-green-500 text-white rounded hover:bg-green-600 transition-colors"
          >
            👥 Collaborate
          </button>
        </div>
      </div>
      <div
        class="flex h-96"
      >
        <div
          class="w-1/4 border-r bg-gray-50"
        >
          <div
            class="p-4"
          >
            <h3
              class="text-lg font-medium text-gray-700 mb-3"
            >
              📋 Templates
            </h3>
            <div
              class="space-y-2 max-h-80 overflow-y-auto"
            />
          </div>
        </div>
        <div
          class="flex-1 flex flex-col"
        >
          <div
            class="flex items-center justify-between p-3 border-b bg-gray-50"
          >
            <div
              class="flex items-center space-x-2"
            >
              <button
                class="p-1 text-sm border rounded hover:bg-gray-100 disabled:opacity-50"
                disabled=""
                title="Bold"
              >
                <strong>
                  B
                </strong>
              </button>
              <button
                class="p-1 text-sm border rounded hover:bg-gray-100 disabled:opacity-50"
                disabled=""
                title="Italic"
              >
                <em>
                  I
                </em>
              </button>
              <button
                class="p-1 text-sm border rounded hover:bg-gray-100 disabled:opacity-50"
                disabled=""
                title="Highlight"
              >
                🖍️
              </button>
              <div
                class="border-l h-6 mx-2"
              />
              <button
                class="p-1 text-sm border rounded hover:bg-gray-100"
                title="Add heading"
              >
                H
              </button>
              <button
                class="p-1 text-sm border rounded hover:bg-gray-100"
                title="Add bullet point"
              >
                •
              </button>
              <button
                class="p-1 text-sm border rounded hover:bg-gray-100"
                title="Add checkbox"
              >
                ☑️
              </button>
              <div
                class="border-l h-6 mx-2"
              />
              <button
                class="p-1 text-sm border rounded transition-colors hover:bg-gray-100"
                title="Start voice dictation"
              >
                🎤
              </button>
            </div>
            <div
              class="flex items-center space-x-2"
            >
              <div
                class="text-sm text-gray-500"
              >
                Quality: 
                0
                %
              </div>
              <div
                class="relative"
              >
                <select
                  class="text-sm border rounded px-2 py-1"
                >
                  <option
                    value=""
                  >
                    Export...
                  </option>
                  <option
                    value="pdf"
                  >
                    PDF
                  </option>
                  <option
                    value="docx"
                  >
                    Word
                  </option>
                  <option
                    value="txt"
                  >
                    Text
                  </option>
                  <option
                    value="md"
                  >
                    Markdown
                  </option>
                </select>
              </div>
            </div>
          </div>
          <div
            class="flex-1 p-4"
          >
            <textarea
              class="w-full h-full border-none outline-none resize-none text-sm leading-relaxed"
              placeholder="Start typing your call notes here... Use ## for headings, - for lists, and [ ] for checkboxes."
              style="font-family: monospace;"
            />
          </div>
          <div
            class="flex items-center justify-between p-3 border-t bg-gray-50"
          >
            <div
              class="flex items-center space-x-4"
            >
              <div
                class="text-sm text-gray-500"
              >
                0
                 words
              </div>
              <div
                class="flex items-center space-x-2"
              >
                <span
                  class="text-sm text-gray-600"
                >
                  Tags:
                </span>
                <input
                  class="text-sm border rounded px-2 py-1 w-32"
                  placeholder="Add tags..."
                  type="text"
                />
              </div>
              <div
                class="flex flex-wrap gap-1"
              />
            </div>
            <div
              class="flex items-center space-x-2"
            >
              <label
                class="flex items-center text-sm"
              >
                <input
                  class="mr-1"
                  type="checkbox"
                />
                Follow-up required
              </label>
              <button
                class="px-4 py-2 bg-blue-500 text-white rounded hover:bg-blue-600 disabled:opacity-50 disabled:cursor-not-allowed transition-colors"
                disabled=""
              >
                ⏳ Saving...
              </button>
            </div>
          </div>
        </div>
      </div>
    </div>
  </div>
</body>
    at Object.getElementError (/Users/sherwingorechomante/coldcaller/frontend/node_modules/@testing-library/dom/dist/config.js:37:19)
    at getElementError (/Users/sherwingorechomante/coldcaller/frontend/node_modules/@testing-library/dom/dist/query-helpers.js:20:35)
    at getMultipleElementsFoundError (/Users/sherwingorechomante/coldcaller/frontend/node_modules/@testing-library/dom/dist/query-helpers.js:23:10)
    at /Users/sherwingorechomante/coldcaller/frontend/node_modules/@testing-library/dom/dist/query-helpers.js:55:13
    at getByRole (/Users/sherwingorechomante/coldcaller/frontend/node_modules/@testing-library/dom/dist/query-helpers.js:95:19)
    at Object.<anonymous> (/Users/sherwingorechomante/coldcaller/frontend/src/components/__tests__/NoteTakingSystem.test.js:127:29)
    at Promise.then.completed (/Users/sherwingorechomante/coldcaller/frontend/node_modules/jest-circus/build/utils.js:391:28)
    at new Promise (<anonymous>)
    at callAsyncCircusFn (/Users/sherwingorechomante/coldcaller/frontend/node_modules/jest-circus/build/utils.js:316:10)
    at _callCircusTest (/Users/sherwingorechomante/coldcaller/frontend/node_modules/jest-circus/build/run.js:218:40)
    at _runTest (/Users/sherwingorechomante/coldcaller/frontend/node_modules/jest-circus/build/run.js:155:3)
    at _runTestsForDescribeBlock (/Users/sherwingorechomante/coldcaller/frontend/node_modules/jest-circus/build/run.js:66:9)
    at _runTestsForDescribeBlock (/Users/sherwingorechomante/coldcaller/frontend/node_modules/jest-circus/build/run.js:60:9)
    at run (/Users/sherwingorechomante/coldcaller/frontend/node_modules/jest-circus/build/run.js:25:3)
    at runAndTransformResultsToJestFormat (/Users/sherwingorechomante/coldcaller/frontend/node_modules/jest-circus/build/legacy-code-todo-rewrite/jestAdapterInit.js:170:21)
    at jestAdapter (/Users/sherwingorechomante/coldcaller/frontend/node_modules/jest-circus/build/legacy-code-todo-rewrite/jestAdapter.js:82:19)
    at runTestInternal (/Users/sherwingorechomante/coldcaller/frontend/node_modules/jest-runner/build/runTest.js:389:16)
    at runTest (/Users/sherwingorechomante/coldcaller/frontend/node_modules/jest-runner/build/runTest.js:475:34)
    at Object.worker (/Users/sherwingorechomante/coldcaller/frontend/node_modules/jest-runner/build/testWorker.js:133:12)]]></failure>
    </testCase>
    <testCase name="NoteTakingSystem adds and removes tags" duration="14"/>
    <testCase name="NoteTakingSystem calculates quality score correctly" duration="12">
      <failure message="TestingLibraryElementError: Found multiple elements with the role &quot;textbox&quot;"><![CDATA[TestingLibraryElementError: Found multiple elements with the role "textbox"

Here are the matching elements:

Ignored nodes: comments, script, style
<textarea
  class="w-full h-full border-none outline-none resize-none text-sm leading-relaxed"
  placeholder="Start typing your call notes here... Use ## for headings, - for lists, and [ ] for checkboxes."
  style="font-family: monospace;"
/>

Ignored nodes: comments, script, style
<input
  class="text-sm border rounded px-2 py-1 w-32"
  placeholder="Add tags..."
  type="text"
/>

(If this is intentional, then use the `*AllBy*` variant of the query (like `queryAllByText`, `getAllByText`, or `findAllByText`)).

Ignored nodes: comments, script, style
<body>
  <div>
    <div
      class="note-taking-system bg-white rounded-lg shadow-lg"
    >
      <div
        class="flex items-center justify-between p-4 border-b"
      >
        <div
          class="flex items-center space-x-4"
        >
          <h2
            class="text-xl font-semibold text-gray-800"
          >
            📝 Call Notes
          </h2>
        </div>
        <div
          class="flex items-center space-x-2"
        >
          <button
            class="px-3 py-1 text-sm bg-blue-500 text-white rounded hover:bg-blue-600 transition-colors"
          >
            🔍 Search
          </button>
          <button
            class="px-3 py-1 text-sm bg-purple-500 text-white rounded hover:bg-purple-600 transition-colors"
          >
            📊 Analytics
          </button>
          <button
            class="px-3 py-1 text-sm bg-green-500 text-white rounded hover:bg-green-600 transition-colors"
          >
            👥 Collaborate
          </button>
        </div>
      </div>
      <div
        class="flex h-96"
      >
        <div
          class="w-1/4 border-r bg-gray-50"
        >
          <div
            class="p-4"
          >
            <h3
              class="text-lg font-medium text-gray-700 mb-3"
            >
              📋 Templates
            </h3>
            <div
              class="space-y-2 max-h-80 overflow-y-auto"
            />
          </div>
        </div>
        <div
          class="flex-1 flex flex-col"
        >
          <div
            class="flex items-center justify-between p-3 border-b bg-gray-50"
          >
            <div
              class="flex items-center space-x-2"
            >
              <button
                class="p-1 text-sm border rounded hover:bg-gray-100 disabled:opacity-50"
                disabled=""
                title="Bold"
              >
                <strong>
                  B
                </strong>
              </button>
              <button
                class="p-1 text-sm border rounded hover:bg-gray-100 disabled:opacity-50"
                disabled=""
                title="Italic"
              >
                <em>
                  I
                </em>
              </button>
              <button
                class="p-1 text-sm border rounded hover:bg-gray-100 disabled:opacity-50"
                disabled=""
                title="Highlight"
              >
                🖍️
              </button>
              <div
                class="border-l h-6 mx-2"
              />
              <button
                class="p-1 text-sm border rounded hover:bg-gray-100"
                title="Add heading"
              >
                H
              </button>
              <button
                class="p-1 text-sm border rounded hover:bg-gray-100"
                title="Add bullet point"
              >
                •
              </button>
              <button
                class="p-1 text-sm border rounded hover:bg-gray-100"
                title="Add checkbox"
              >
                ☑️
              </button>
              <div
                class="border-l h-6 mx-2"
              />
              <button
                class="p-1 text-sm border rounded transition-colors hover:bg-gray-100"
                title="Start voice dictation"
              >
                🎤
              </button>
            </div>
            <div
              class="flex items-center space-x-2"
            >
              <div
                class="text-sm text-gray-500"
              >
                Quality: 
                0
                %
              </div>
              <div
                class="relative"
              >
                <select
                  class="text-sm border rounded px-2 py-1"
                >
                  <option
                    value=""
                  >
                    Export...
                  </option>
                  <option
                    value="pdf"
                  >
                    PDF
                  </option>
                  <option
                    value="docx"
                  >
                    Word
                  </option>
                  <option
                    value="txt"
                  >
                    Text
                  </option>
                  <option
                    value="md"
                  >
                    Markdown
                  </option>
                </select>
              </div>
            </div>
          </div>
          <div
            class="flex-1 p-4"
          >
            <textarea
              class="w-full h-full border-none outline-none resize-none text-sm leading-relaxed"
              placeholder="Start typing your call notes here... Use ## for headings, - for lists, and [ ] for checkboxes."
              style="font-family: monospace;"
            />
          </div>
          <div
            class="flex items-center justify-between p-3 border-t bg-gray-50"
          >
            <div
              class="flex items-center space-x-4"
            >
              <div
                class="text-sm text-gray-500"
              >
                0
                 words
              </div>
              <div
                class="flex items-center space-x-2"
              >
                <span
                  class="text-sm text-gray-600"
                >
                  Tags:
                </span>
                <input
                  class="text-sm border rounded px-2 py-1 w-32"
                  placeholder="Add tags..."
                  type="text"
                />
              </div>
              <div
                class="flex flex-wrap gap-1"
              />
            </div>
            <div
              class="flex items-center space-x-2"
            >
              <label
                class="flex items-center text-sm"
              >
                <input
                  class="mr-1"
                  type="checkbox"
                />
                Follow-up required
              </label>
              <button
                class="px-4 py-2 bg-blue-500 text-white rounded hover:bg-blue-600 disabled:opacity-50 disabled:cursor-not-allowed transition-colors"
                disabled=""
              >
                ⏳ Saving...
              </button>
            </div>
          </div>
        </div>
      </div>
    </div>
  </div>
</body>
    at Object.getElementError (/Users/sherwingorechomante/coldcaller/frontend/node_modules/@testing-library/dom/dist/config.js:37:19)
    at getElementError (/Users/sherwingorechomante/coldcaller/frontend/node_modules/@testing-library/dom/dist/query-helpers.js:20:35)
    at getMultipleElementsFoundError (/Users/sherwingorechomante/coldcaller/frontend/node_modules/@testing-library/dom/dist/query-helpers.js:23:10)
    at /Users/sherwingorechomante/coldcaller/frontend/node_modules/@testing-library/dom/dist/query-helpers.js:55:13
    at getByRole (/Users/sherwingorechomante/coldcaller/frontend/node_modules/@testing-library/dom/dist/query-helpers.js:95:19)
    at Object.<anonymous> (/Users/sherwingorechomante/coldcaller/frontend/src/components/__tests__/NoteTakingSystem.test.js:157:29)
    at Promise.then.completed (/Users/sherwingorechomante/coldcaller/frontend/node_modules/jest-circus/build/utils.js:391:28)
    at new Promise (<anonymous>)
    at callAsyncCircusFn (/Users/sherwingorechomante/coldcaller/frontend/node_modules/jest-circus/build/utils.js:316:10)
    at _callCircusTest (/Users/sherwingorechomante/coldcaller/frontend/node_modules/jest-circus/build/run.js:218:40)
    at _runTest (/Users/sherwingorechomante/coldcaller/frontend/node_modules/jest-circus/build/run.js:155:3)
    at _runTestsForDescribeBlock (/Users/sherwingorechomante/coldcaller/frontend/node_modules/jest-circus/build/run.js:66:9)
    at _runTestsForDescribeBlock (/Users/sherwingorechomante/coldcaller/frontend/node_modules/jest-circus/build/run.js:60:9)
    at run (/Users/sherwingorechomante/coldcaller/frontend/node_modules/jest-circus/build/run.js:25:3)
    at runAndTransformResultsToJestFormat (/Users/sherwingorechomante/coldcaller/frontend/node_modules/jest-circus/build/legacy-code-todo-rewrite/jestAdapterInit.js:170:21)
    at jestAdapter (/Users/sherwingorechomante/coldcaller/frontend/node_modules/jest-circus/build/legacy-code-todo-rewrite/jestAdapter.js:82:19)
    at runTestInternal (/Users/sherwingorechomante/coldcaller/frontend/node_modules/jest-runner/build/runTest.js:389:16)
    at runTest (/Users/sherwingorechomante/coldcaller/frontend/node_modules/jest-runner/build/runTest.js:475:34)
    at Object.worker (/Users/sherwingorechomante/coldcaller/frontend/node_modules/jest-runner/build/testWorker.js:133:12)]]></failure>
    </testCase>
    <testCase name="NoteTakingSystem handles voice dictation toggle" duration="15"/>
    <testCase name="NoteTakingSystem formats text with toolbar buttons" duration="13">
      <failure message="TestingLibraryElementError: Found multiple elements with the role &quot;textbox&quot;"><![CDATA[TestingLibraryElementError: Found multiple elements with the role "textbox"

Here are the matching elements:

Ignored nodes: comments, script, style
<textarea
  class="w-full h-full border-none outline-none resize-none text-sm leading-relaxed"
  placeholder="Start typing your call notes here... Use ## for headings, - for lists, and [ ] for checkboxes."
  style="font-family: monospace;"
/>

Ignored nodes: comments, script, style
<input
  class="text-sm border rounded px-2 py-1 w-32"
  placeholder="Add tags..."
  type="text"
/>

(If this is intentional, then use the `*AllBy*` variant of the query (like `queryAllByText`, `getAllByText`, or `findAllByText`)).

Ignored nodes: comments, script, style
<body>
  <div>
    <div
      class="note-taking-system bg-white rounded-lg shadow-lg"
    >
      <div
        class="flex items-center justify-between p-4 border-b"
      >
        <div
          class="flex items-center space-x-4"
        >
          <h2
            class="text-xl font-semibold text-gray-800"
          >
            📝 Call Notes
          </h2>
        </div>
        <div
          class="flex items-center space-x-2"
        >
          <button
            class="px-3 py-1 text-sm bg-blue-500 text-white rounded hover:bg-blue-600 transition-colors"
          >
            🔍 Search
          </button>
          <button
            class="px-3 py-1 text-sm bg-purple-500 text-white rounded hover:bg-purple-600 transition-colors"
          >
            📊 Analytics
          </button>
          <button
            class="px-3 py-1 text-sm bg-green-500 text-white rounded hover:bg-green-600 transition-colors"
          >
            👥 Collaborate
          </button>
        </div>
      </div>
      <div
        class="flex h-96"
      >
        <div
          class="w-1/4 border-r bg-gray-50"
        >
          <div
            class="p-4"
          >
            <h3
              class="text-lg font-medium text-gray-700 mb-3"
            >
              📋 Templates
            </h3>
            <div
              class="space-y-2 max-h-80 overflow-y-auto"
            />
          </div>
        </div>
        <div
          class="flex-1 flex flex-col"
        >
          <div
            class="flex items-center justify-between p-3 border-b bg-gray-50"
          >
            <div
              class="flex items-center space-x-2"
            >
              <button
                class="p-1 text-sm border rounded hover:bg-gray-100 disabled:opacity-50"
                disabled=""
                title="Bold"
              >
                <strong>
                  B
                </strong>
              </button>
              <button
                class="p-1 text-sm border rounded hover:bg-gray-100 disabled:opacity-50"
                disabled=""
                title="Italic"
              >
                <em>
                  I
                </em>
              </button>
              <button
                class="p-1 text-sm border rounded hover:bg-gray-100 disabled:opacity-50"
                disabled=""
                title="Highlight"
              >
                🖍️
              </button>
              <div
                class="border-l h-6 mx-2"
              />
              <button
                class="p-1 text-sm border rounded hover:bg-gray-100"
                title="Add heading"
              >
                H
              </button>
              <button
                class="p-1 text-sm border rounded hover:bg-gray-100"
                title="Add bullet point"
              >
                •
              </button>
              <button
                class="p-1 text-sm border rounded hover:bg-gray-100"
                title="Add checkbox"
              >
                ☑️
              </button>
              <div
                class="border-l h-6 mx-2"
              />
              <button
                class="p-1 text-sm border rounded transition-colors hover:bg-gray-100"
                title="Start voice dictation"
              >
                🎤
              </button>
            </div>
            <div
              class="flex items-center space-x-2"
            >
              <div
                class="text-sm text-gray-500"
              >
                Quality: 
                0
                %
              </div>
              <div
                class="relative"
              >
                <select
                  class="text-sm border rounded px-2 py-1"
                >
                  <option
                    value=""
                  >
                    Export...
                  </option>
                  <option
                    value="pdf"
                  >
                    PDF
                  </option>
                  <option
                    value="docx"
                  >
                    Word
                  </option>
                  <option
                    value="txt"
                  >
                    Text
                  </option>
                  <option
                    value="md"
                  >
                    Markdown
                  </option>
                </select>
              </div>
            </div>
          </div>
          <div
            class="flex-1 p-4"
          >
            <textarea
              class="w-full h-full border-none outline-none resize-none text-sm leading-relaxed"
              placeholder="Start typing your call notes here... Use ## for headings, - for lists, and [ ] for checkboxes."
              style="font-family: monospace;"
            />
          </div>
          <div
            class="flex items-center justify-between p-3 border-t bg-gray-50"
          >
            <div
              class="flex items-center space-x-4"
            >
              <div
                class="text-sm text-gray-500"
              >
                0
                 words
              </div>
              <div
                class="flex items-center space-x-2"
              >
                <span
                  class="text-sm text-gray-600"
                >
                  Tags:
                </span>
                <input
                  class="text-sm border rounded px-2 py-1 w-32"
                  placeholder="Add tags..."
                  type="text"
                />
              </div>
              <div
                class="flex flex-wrap gap-1"
              />
            </div>
            <div
              class="flex items-center space-x-2"
            >
              <label
                class="flex items-center text-sm"
              >
                <input
                  class="mr-1"
                  type="checkbox"
                />
                Follow-up required
              </label>
              <button
                class="px-4 py-2 bg-blue-500 text-white rounded hover:bg-blue-600 disabled:opacity-50 disabled:cursor-not-allowed transition-colors"
                disabled=""
              >
                ⏳ Saving...
              </button>
            </div>
          </div>
        </div>
      </div>
    </div>
  </div>
</body>
    at Object.getElementError (/Users/sherwingorechomante/coldcaller/frontend/node_modules/@testing-library/dom/dist/config.js:37:19)
    at getElementError (/Users/sherwingorechomante/coldcaller/frontend/node_modules/@testing-library/dom/dist/query-helpers.js:20:35)
    at getMultipleElementsFoundError (/Users/sherwingorechomante/coldcaller/frontend/node_modules/@testing-library/dom/dist/query-helpers.js:23:10)
    at /Users/sherwingorechomante/coldcaller/frontend/node_modules/@testing-library/dom/dist/query-helpers.js:55:13
    at getByRole (/Users/sherwingorechomante/coldcaller/frontend/node_modules/@testing-library/dom/dist/query-helpers.js:95:19)
    at Object.<anonymous> (/Users/sherwingorechomante/coldcaller/frontend/src/components/__tests__/NoteTakingSystem.test.js:197:29)
    at Promise.then.completed (/Users/sherwingorechomante/coldcaller/frontend/node_modules/jest-circus/build/utils.js:391:28)
    at new Promise (<anonymous>)
    at callAsyncCircusFn (/Users/sherwingorechomante/coldcaller/frontend/node_modules/jest-circus/build/utils.js:316:10)
    at _callCircusTest (/Users/sherwingorechomante/coldcaller/frontend/node_modules/jest-circus/build/run.js:218:40)
    at _runTest (/Users/sherwingorechomante/coldcaller/frontend/node_modules/jest-circus/build/run.js:155:3)
    at _runTestsForDescribeBlock (/Users/sherwingorechomante/coldcaller/frontend/node_modules/jest-circus/build/run.js:66:9)
    at _runTestsForDescribeBlock (/Users/sherwingorechomante/coldcaller/frontend/node_modules/jest-circus/build/run.js:60:9)
    at run (/Users/sherwingorechomante/coldcaller/frontend/node_modules/jest-circus/build/run.js:25:3)
    at runAndTransformResultsToJestFormat (/Users/sherwingorechomante/coldcaller/frontend/node_modules/jest-circus/build/legacy-code-todo-rewrite/jestAdapterInit.js:170:21)
    at jestAdapter (/Users/sherwingorechomante/coldcaller/frontend/node_modules/jest-circus/build/legacy-code-todo-rewrite/jestAdapter.js:82:19)
    at runTestInternal (/Users/sherwingorechomante/coldcaller/frontend/node_modules/jest-runner/build/runTest.js:389:16)
    at runTest (/Users/sherwingorechomante/coldcaller/frontend/node_modules/jest-runner/build/runTest.js:475:34)
    at Object.worker (/Users/sherwingorechomante/coldcaller/frontend/node_modules/jest-runner/build/testWorker.js:133:12)]]></failure>
    </testCase>
    <testCase name="NoteTakingSystem shows analytics panel when toggled" duration="17"/>
    <testCase name="NoteTakingSystem shows collaboration panel when toggled" duration="18"/>
    <testCase name="NoteTakingSystem handles search functionality" duration="35">
      <failure message="Error: expect(jest.fn()).toHaveBeenCalledWith(...expected)"><![CDATA[Error: expect(jest.fn()).toHaveBeenCalledWith(...expected)

Expected: "important", Any<Object>

Number of calls: 0

Ignored nodes: comments, script, style
<html>
  <head />
  <body>
    <div>
      <div
        class="note-taking-system bg-white rounded-lg shadow-lg"
      >
        <div
          class="flex items-center justify-between p-4 border-b"
        >
          <div
            class="flex items-center space-x-4"
          >
            <h2
              class="text-xl font-semibold text-gray-800"
            >
              📝 Call Notes
            </h2>
          </div>
          <div
            class="flex items-center space-x-2"
          >
            <button
              class="px-3 py-1 text-sm bg-blue-500 text-white rounded hover:bg-blue-600 transition-colors"
            >
              📝 Create
            </button>
            <button
              class="px-3 py-1 text-sm bg-purple-500 text-white rounded hover:bg-purple-600 transition-colors"
            >
              📊 Analytics
            </button>
            <button
              class="px-3 py-1 text-sm bg-green-500 text-white rounded hover:bg-green-600 transition-colors"
            >
              👥 Collaborate
            </button>
          </div>
        </div>
        <div
          class="p-4 bg-red-50 border-l-4 border-red-400 text-red-700"
        >
          <div
            class="flex"
          >
            <span
              class="mr-2"
            >
              ⚠️
            </span>
            Failed to load notes
            <button
              class="ml-auto text-red-400 hover:text-red-600"
            >
              ✕
            </button>
          </div>
        </div>
        <div
          class="flex h-96"
        >
          <div
            class="w-1/4 border-r bg-gray-50"
          >
            <div
              class="p-4"
            >
              <h3
                class="text-lg font-medium text-gray-700 mb-3"
              >
                🔍 Search Notes
              </h3>
              <input
                class="w-full p-2 border rounded-lg text-sm mb-3"
                placeholder="Search notes..."
                type="text"
                value="important"
              />
              <div
                class="space-y-3"
              >
                <div>
                  <label
                    class="block text-xs font-medium text-gray-600 mb-1"
                  >
                    Date Range
                  </label>
                  <select
                    class="w-full p-1 border rounded text-xs"
                  >
                    <option
                      value="all"
                    >
                      All time
                    </option>
                    <option
                      value="today"
                    >
                      Today
                    </option>
                    <option
                      value="week"
                    >
                      This week
                    </option>
                    <option
                      value="month"
                    >
                      This month
                    </option>
                  </select>
                </div>
                <div>
                  <label
                    class="block text-xs font-medium text-gray-600 mb-1"
                  >
                    Quality
                  </label>
                  <select
                    class="w-full p-1 border rounded text-xs"
                  >
                    <option
                      value="all"
                    >
                      All quality
                    </option>
                    <option
                      value="80"
                    >
                      Excellent (80+)
                    </option>
                    <option
                      value="60"
                    >
                      Good (60+)
                    </option>
                    <option
                      value="40"
                    >
                      Fair (40+)
                    </option>
                  </select>
                </div>
              </div>
              <div
                class="mt-4 space-y-2 max-h-48 overflow-y-auto"
              />
            </div>
          </div>
          <div
            class="flex-1 flex flex-col"
          >
            <div
              class="flex items-center justify-between p-3 border-b bg-gray-50"
            >
              <div
                class="flex items-center space-x-2"
              >
                <button
                  class="p-1 text-sm border rounded hover:bg-gray-100 disabled:opacity-50"
                  disabled=""
                  title="Bold"
                >
                  <strong>
                    B
                  </strong>
                </button>
                <button
                  class="p-1 text-sm border rounded hover:bg-gray-100 disabled:opacity-50"
                  disabled=""
                  title="Italic"
                >
                  <em>
                    I
                  </em>
                </button>
                <button
                  class="p-1 text-sm border rounded hover:bg-gray-100 disabled:opacity-50"
                  disabled=""
                  title="Highlight"
                >
                  🖍️
                </button>
                <div
                  class="border-l h-6 mx-2"
                />
                <button
                  class="p-1 text-sm border rounded hover:bg-gray-100"
                  title="Add heading"
                >
                  H
                </button>
                <button
                  class="p-1 text-sm border rounded hover:bg-gray-100"
                  title="Add bullet point"
                >
                  •
                </button>
                <button
                  class="p-1 text-sm border rounded hover:bg-gray-100"
                  title="Add checkbox"
                >
                  ☑️
                </button>
                <div
                  class="border-l h-6 mx-2"
                />
                <button
                  class="p-1 text-sm border rounded transition-colors hover:bg-gray-100"
                  title="Start voice dictation"
                >
                  🎤
                </button>
              </div>
              <div
                class="flex items-center space-x-2"
              >
                <div
                  class="text-sm text-gray-500"
                >
                  Quality: 
                  0
                  %
                </div>
                <div
                  class="relative"
                >
                  <select
                    class="text-sm border rounded px-2 py-1"
                  >
                    <option
                      value=""
                    >
                      Export...
                    </option>
                    <option
                      value="pdf"
                    >
                      PDF
                    </option>
                    <option
                      value="docx"
                    >
                      Word
                    </option>
                    <option
                      value="txt"
                    >
                      Text
                    </option>
                    <option
                      value="md"
                    >
                      Markdown
                    </option>
                  </select>
                </div>
              </div>
            </div>
            <div
              class="flex-1 p-4"
            >
              <textarea
                class="w-full h-full border-none outline-none resize-none text-sm leading-relaxed"
                placeholder="Start typing your call notes here... Use ## for headings, - for lists, and [ ] for checkboxes."
                style="font-family: monospace;"
              />
            </div>
            <div
              class="flex items-center justify-between p-3 border-t bg-gray-50"
            >
              <div
                class="flex items-center space-x-4"
              >
                <div
                  class="text-sm text-gray-500"
                >
                  0
                   words
                </div>
                <div
                  class="flex items-center space-x-2"
                >
                  <span
                    class="text-sm text-gray-600"
                  >
                    Tags:
                  </span>
                  <input
                    class="text-sm border rounded px-2 py-1 w-32"
                    placeholder="Add tags..."
                    type="text"
                  />
                </div>
                <div
                  class="flex flex-wrap gap-1"
                />
              </div>
              <div
                class="flex items-center space-x-2"
              >
                <label
                  class="flex items-center text-sm"
                >
                  <input
                    class="mr-1"
                    type="checkbox"
                  />
                  Follow-up required
                </label>
                <button
                  class="px-4 py-2 bg-blue-500 text-white rounded hover:bg-blue-600 disabled:opacity-50 disabled:cursor-not-allowed transition-colors"
                  disabled=""
                >
                  💾 Save Note
                </button>
              </div>
            </div>
          </div>
        </div>
      </div>
    </div>
  </body>
</html>
    at /Users/sherwingorechomante/coldcaller/frontend/src/components/__tests__/NoteTakingSystem.test.js:262:40
    at runWithExpensiveErrorDiagnosticsDisabled (/Users/sherwingorechomante/coldcaller/frontend/node_modules/@testing-library/dom/dist/config.js:47:12)
    at checkCallback (/Users/sherwingorechomante/coldcaller/frontend/node_modules/@testing-library/dom/dist/wait-for.js:124:77)
    at /Users/sherwingorechomante/coldcaller/frontend/node_modules/@testing-library/dom/dist/wait-for.js:82:9]]></failure>
    </testCase>
    <testCase name="NoteTakingSystem handles follow-up checkbox and date" duration="12">
      <failure message="TestingLibraryElementError: Found multiple elements with the display value: ."><![CDATA[TestingLibraryElementError: Found multiple elements with the display value: .

Here are the matching elements:

Ignored nodes: comments, script, style
<textarea
  class="w-full h-full border-none outline-none resize-none text-sm leading-relaxed"
  placeholder="Start typing your call notes here... Use ## for headings, - for lists, and [ ] for checkboxes."
  style="font-family: monospace;"
/>

Ignored nodes: comments, script, style
<input
  class="text-sm border rounded px-2 py-1 w-32"
  placeholder="Add tags..."
  type="text"
/>

Ignored nodes: comments, script, style
<input
  class="text-sm border rounded px-2 py-1"
  type="date"
  value=""
/>

(If this is intentional, then use the `*AllBy*` variant of the query (like `queryAllByText`, `getAllByText`, or `findAllByText`)).

Ignored nodes: comments, script, style
<body>
  <div>
    <div
      class="note-taking-system bg-white rounded-lg shadow-lg"
    >
      <div
        class="flex items-center justify-between p-4 border-b"
      >
        <div
          class="flex items-center space-x-4"
        >
          <h2
            class="text-xl font-semibold text-gray-800"
          >
            📝 Call Notes
          </h2>
        </div>
        <div
          class="flex items-center space-x-2"
        >
          <button
            class="px-3 py-1 text-sm bg-blue-500 text-white rounded hover:bg-blue-600 transition-colors"
          >
            🔍 Search
          </button>
          <button
            class="px-3 py-1 text-sm bg-purple-500 text-white rounded hover:bg-purple-600 transition-colors"
          >
            📊 Analytics
          </button>
          <button
            class="px-3 py-1 text-sm bg-green-500 text-white rounded hover:bg-green-600 transition-colors"
          >
            👥 Collaborate
          </button>
        </div>
      </div>
      <div
        class="flex h-96"
      >
        <div
          class="w-1/4 border-r bg-gray-50"
        >
          <div
            class="p-4"
          >
            <h3
              class="text-lg font-medium text-gray-700 mb-3"
            >
              📋 Templates
            </h3>
            <div
              class="space-y-2 max-h-80 overflow-y-auto"
            />
          </div>
        </div>
        <div
          class="flex-1 flex flex-col"
        >
          <div
            class="flex items-center justify-between p-3 border-b bg-gray-50"
          >
            <div
              class="flex items-center space-x-2"
            >
              <button
                class="p-1 text-sm border rounded hover:bg-gray-100 disabled:opacity-50"
                disabled=""
                title="Bold"
              >
                <strong>
                  B
                </strong>
              </button>
              <button
                class="p-1 text-sm border rounded hover:bg-gray-100 disabled:opacity-50"
                disabled=""
                title="Italic"
              >
                <em>
                  I
                </em>
              </button>
              <button
                class="p-1 text-sm border rounded hover:bg-gray-100 disabled:opacity-50"
                disabled=""
                title="Highlight"
              >
                🖍️
              </button>
              <div
                class="border-l h-6 mx-2"
              />
              <button
                class="p-1 text-sm border rounded hover:bg-gray-100"
                title="Add heading"
              >
                H
              </button>
              <button
                class="p-1 text-sm border rounded hover:bg-gray-100"
                title="Add bullet point"
              >
                •
              </button>
              <button
                class="p-1 text-sm border rounded hover:bg-gray-100"
                title="Add checkbox"
              >
                ☑️
              </button>
              <div
                class="border-l h-6 mx-2"
              />
              <button
                class="p-1 text-sm border rounded transition-colors hover:bg-gray-100"
                title="Start voice dictation"
              >
                🎤
              </button>
            </div>
            <div
              class="flex items-center space-x-2"
            >
              <div
                class="text-sm text-gray-500"
              >
                Quality: 
                0
                %
              </div>
              <div
                class="relative"
              >
                <select
                  class="text-sm border rounded px-2 py-1"
                >
                  <option
                    value=""
                  >
                    Export...
                  </option>
                  <option
                    value="pdf"
                  >
                    PDF
                  </option>
                  <option
                    value="docx"
                  >
                    Word
                  </option>
                  <option
                    value="txt"
                  >
                    Text
                  </option>
                  <option
                    value="md"
                  >
                    Markdown
                  </option>
                </select>
              </div>
            </div>
          </div>
          <div
            class="flex-1 p-4"
          >
            <textarea
              class="w-full h-full border-none outline-none resize-none text-sm leading-relaxed"
              placeholder="Start typing your call notes here... Use ## for headings, - for lists, and [ ] for checkboxes."
              style="font-family: monospace;"
            />
          </div>
          <div
            class="flex items-center justify-between p-3 border-t bg-gray-50"
          >
            <div
              class="flex items-center space-x-4"
            >
              <div
                class="text-sm text-gray-500"
              >
                0
                 words
              </div>
              <div
                class="flex items-center space-x-2"
              >
                <span
                  class="text-sm text-gray-600"
                >
                  Tags:
                </span>
                <input
                  class="text-sm border rounded px-2 py-1 w-32"
                  placeholder="Add tags..."
                  type="text"
                />
              </div>
              <div
                class="flex flex-wrap gap-1"
              />
            </div>
            <div
              class="flex items-center space-x-2"
            >
              <label
                class="flex items-center text-sm"
              >
                <input
                  class="mr-1"
                  type="checkbox"
                />
                Follow-up required
              </label>
              <input
                class="text-sm border rounded px-2 py-1"
                type="date"
                value=""
              />
              <button
                class="px-4 py-2 bg-blue-500 text-white rounded hover:bg-blue-600 disabled:opacity-50 disabled:cursor-not-allowed transition-colors"
                disabled=""
              >
                ⏳ Saving...
              </button>
            </div>
          </div>
        </div>
      </div>
    </div>
  </div>
</body>
    at Object.getElementError (/Users/sherwingorechomante/coldcaller/frontend/node_modules/@testing-library/dom/dist/config.js:37:19)
    at getElementError (/Users/sherwingorechomante/coldcaller/frontend/node_modules/@testing-library/dom/dist/query-helpers.js:20:35)
    at getMultipleElementsFoundError (/Users/sherwingorechomante/coldcaller/frontend/node_modules/@testing-library/dom/dist/query-helpers.js:23:10)
    at /Users/sherwingorechomante/coldcaller/frontend/node_modules/@testing-library/dom/dist/query-helpers.js:55:13
    at getByDisplayValue (/Users/sherwingorechomante/coldcaller/frontend/node_modules/@testing-library/dom/dist/query-helpers.js:95:19)
    at Object.<anonymous> (/Users/sherwingorechomante/coldcaller/frontend/src/components/__tests__/NoteTakingSystem.test.js:278:30)
    at Promise.then.completed (/Users/sherwingorechomante/coldcaller/frontend/node_modules/jest-circus/build/utils.js:391:28)
    at new Promise (<anonymous>)
    at callAsyncCircusFn (/Users/sherwingorechomante/coldcaller/frontend/node_modules/jest-circus/build/utils.js:316:10)
    at _callCircusTest (/Users/sherwingorechomante/coldcaller/frontend/node_modules/jest-circus/build/run.js:218:40)
    at _runTest (/Users/sherwingorechomante/coldcaller/frontend/node_modules/jest-circus/build/run.js:155:3)
    at _runTestsForDescribeBlock (/Users/sherwingorechomante/coldcaller/frontend/node_modules/jest-circus/build/run.js:66:9)
    at _runTestsForDescribeBlock (/Users/sherwingorechomante/coldcaller/frontend/node_modules/jest-circus/build/run.js:60:9)
    at run (/Users/sherwingorechomante/coldcaller/frontend/node_modules/jest-circus/build/run.js:25:3)
    at runAndTransformResultsToJestFormat (/Users/sherwingorechomante/coldcaller/frontend/node_modules/jest-circus/build/legacy-code-todo-rewrite/jestAdapterInit.js:170:21)
    at jestAdapter (/Users/sherwingorechomante/coldcaller/frontend/node_modules/jest-circus/build/legacy-code-todo-rewrite/jestAdapter.js:82:19)
    at runTestInternal (/Users/sherwingorechomante/coldcaller/frontend/node_modules/jest-runner/build/runTest.js:389:16)
    at runTest (/Users/sherwingorechomante/coldcaller/frontend/node_modules/jest-runner/build/runTest.js:475:34)
    at Object.worker (/Users/sherwingorechomante/coldcaller/frontend/node_modules/jest-runner/build/testWorker.js:133:12)]]></failure>
    </testCase>
    <testCase name="NoteTakingSystem displays error messages appropriately" duration="15">
      <failure message="TestingLibraryElementError: Found multiple elements with the role &quot;textbox&quot;"><![CDATA[TestingLibraryElementError: Found multiple elements with the role "textbox"

Here are the matching elements:

Ignored nodes: comments, script, style
<textarea
  class="w-full h-full border-none outline-none resize-none text-sm leading-relaxed"
  placeholder="Start typing your call notes here... Use ## for headings, - for lists, and [ ] for checkboxes."
  style="font-family: monospace;"
/>

Ignored nodes: comments, script, style
<input
  class="text-sm border rounded px-2 py-1 w-32"
  placeholder="Add tags..."
  type="text"
/>

(If this is intentional, then use the `*AllBy*` variant of the query (like `queryAllByText`, `getAllByText`, or `findAllByText`)).

Ignored nodes: comments, script, style
<body>
  <div>
    <div
      class="note-taking-system bg-white rounded-lg shadow-lg"
    >
      <div
        class="flex items-center justify-between p-4 border-b"
      >
        <div
          class="flex items-center space-x-4"
        >
          <h2
            class="text-xl font-semibold text-gray-800"
          >
            📝 Call Notes
          </h2>
        </div>
        <div
          class="flex items-center space-x-2"
        >
          <button
            class="px-3 py-1 text-sm bg-blue-500 text-white rounded hover:bg-blue-600 transition-colors"
          >
            🔍 Search
          </button>
          <button
            class="px-3 py-1 text-sm bg-purple-500 text-white rounded hover:bg-purple-600 transition-colors"
          >
            📊 Analytics
          </button>
          <button
            class="px-3 py-1 text-sm bg-green-500 text-white rounded hover:bg-green-600 transition-colors"
          >
            👥 Collaborate
          </button>
        </div>
      </div>
      <div
        class="flex h-96"
      >
        <div
          class="w-1/4 border-r bg-gray-50"
        >
          <div
            class="p-4"
          >
            <h3
              class="text-lg font-medium text-gray-700 mb-3"
            >
              📋 Templates
            </h3>
            <div
              class="space-y-2 max-h-80 overflow-y-auto"
            />
          </div>
        </div>
        <div
          class="flex-1 flex flex-col"
        >
          <div
            class="flex items-center justify-between p-3 border-b bg-gray-50"
          >
            <div
              class="flex items-center space-x-2"
            >
              <button
                class="p-1 text-sm border rounded hover:bg-gray-100 disabled:opacity-50"
                disabled=""
                title="Bold"
              >
                <strong>
                  B
                </strong>
              </button>
              <button
                class="p-1 text-sm border rounded hover:bg-gray-100 disabled:opacity-50"
                disabled=""
                title="Italic"
              >
                <em>
                  I
                </em>
              </button>
              <button
                class="p-1 text-sm border rounded hover:bg-gray-100 disabled:opacity-50"
                disabled=""
                title="Highlight"
              >
                🖍️
              </button>
              <div
                class="border-l h-6 mx-2"
              />
              <button
                class="p-1 text-sm border rounded hover:bg-gray-100"
                title="Add heading"
              >
                H
              </button>
              <button
                class="p-1 text-sm border rounded hover:bg-gray-100"
                title="Add bullet point"
              >
                •
              </button>
              <button
                class="p-1 text-sm border rounded hover:bg-gray-100"
                title="Add checkbox"
              >
                ☑️
              </button>
              <div
                class="border-l h-6 mx-2"
              />
              <button
                class="p-1 text-sm border rounded transition-colors hover:bg-gray-100"
                title="Start voice dictation"
              >
                🎤
              </button>
            </div>
            <div
              class="flex items-center space-x-2"
            >
              <div
                class="text-sm text-gray-500"
              >
                Quality: 
                0
                %
              </div>
              <div
                class="relative"
              >
                <select
                  class="text-sm border rounded px-2 py-1"
                >
                  <option
                    value=""
                  >
                    Export...
                  </option>
                  <option
                    value="pdf"
                  >
                    PDF
                  </option>
                  <option
                    value="docx"
                  >
                    Word
                  </option>
                  <option
                    value="txt"
                  >
                    Text
                  </option>
                  <option
                    value="md"
                  >
                    Markdown
                  </option>
                </select>
              </div>
            </div>
          </div>
          <div
            class="flex-1 p-4"
          >
            <textarea
              class="w-full h-full border-none outline-none resize-none text-sm leading-relaxed"
              placeholder="Start typing your call notes here... Use ## for headings, - for lists, and [ ] for checkboxes."
              style="font-family: monospace;"
            />
          </div>
          <div
            class="flex items-center justify-between p-3 border-t bg-gray-50"
          >
            <div
              class="flex items-center space-x-4"
            >
              <div
                class="text-sm text-gray-500"
              >
                0
                 words
              </div>
              <div
                class="flex items-center space-x-2"
              >
                <span
                  class="text-sm text-gray-600"
                >
                  Tags:
                </span>
                <input
                  class="text-sm border rounded px-2 py-1 w-32"
                  placeholder="Add tags..."
                  type="text"
                />
              </div>
              <div
                class="flex flex-wrap gap-1"
              />
            </div>
            <div
              class="flex items-center space-x-2"
            >
              <label
                class="flex items-center text-sm"
              >
                <input
                  class="mr-1"
                  type="checkbox"
                />
                Follow-up required
              </label>
              <button
                class="px-4 py-2 bg-blue-500 text-white rounded hover:bg-blue-600 disabled:opacity-50 disabled:cursor-not-allowed transition-colors"
                disabled=""
              >
                ⏳ Saving...
              </button>
            </div>
          </div>
        </div>
      </div>
    </div>
  </div>
</body>
    at Object.getElementError (/Users/sherwingorechomante/coldcaller/frontend/node_modules/@testing-library/dom/dist/config.js:37:19)
    at getElementError (/Users/sherwingorechomante/coldcaller/frontend/node_modules/@testing-library/dom/dist/query-helpers.js:20:35)
    at getMultipleElementsFoundError (/Users/sherwingorechomante/coldcaller/frontend/node_modules/@testing-library/dom/dist/query-helpers.js:23:10)
    at /Users/sherwingorechomante/coldcaller/frontend/node_modules/@testing-library/dom/dist/query-helpers.js:55:13
    at getByRole (/Users/sherwingorechomante/coldcaller/frontend/node_modules/@testing-library/dom/dist/query-helpers.js:95:19)
    at Object.<anonymous> (/Users/sherwingorechomante/coldcaller/frontend/src/components/__tests__/NoteTakingSystem.test.js:294:29)
    at Promise.then.completed (/Users/sherwingorechomante/coldcaller/frontend/node_modules/jest-circus/build/utils.js:391:28)
    at new Promise (<anonymous>)
    at callAsyncCircusFn (/Users/sherwingorechomante/coldcaller/frontend/node_modules/jest-circus/build/utils.js:316:10)
    at _callCircusTest (/Users/sherwingorechomante/coldcaller/frontend/node_modules/jest-circus/build/run.js:218:40)
    at _runTest (/Users/sherwingorechomante/coldcaller/frontend/node_modules/jest-circus/build/run.js:155:3)
    at _runTestsForDescribeBlock (/Users/sherwingorechomante/coldcaller/frontend/node_modules/jest-circus/build/run.js:66:9)
    at _runTestsForDescribeBlock (/Users/sherwingorechomante/coldcaller/frontend/node_modules/jest-circus/build/run.js:60:9)
    at run (/Users/sherwingorechomante/coldcaller/frontend/node_modules/jest-circus/build/run.js:25:3)
    at runAndTransformResultsToJestFormat (/Users/sherwingorechomante/coldcaller/frontend/node_modules/jest-circus/build/legacy-code-todo-rewrite/jestAdapterInit.js:170:21)
    at jestAdapter (/Users/sherwingorechomante/coldcaller/frontend/node_modules/jest-circus/build/legacy-code-todo-rewrite/jestAdapter.js:82:19)
    at runTestInternal (/Users/sherwingorechomante/coldcaller/frontend/node_modules/jest-runner/build/runTest.js:389:16)
    at runTest (/Users/sherwingorechomante/coldcaller/frontend/node_modules/jest-runner/build/runTest.js:475:34)
    at Object.worker (/Users/sherwingorechomante/coldcaller/frontend/node_modules/jest-runner/build/testWorker.js:133:12)]]></failure>
    </testCase>
    <testCase name="NoteTakingSystem shows loading states during operations" duration="13">
      <failure message="TestingLibraryElementError: Found multiple elements with the role &quot;textbox&quot;"><![CDATA[TestingLibraryElementError: Found multiple elements with the role "textbox"

Here are the matching elements:

Ignored nodes: comments, script, style
<textarea
  class="w-full h-full border-none outline-none resize-none text-sm leading-relaxed"
  placeholder="Start typing your call notes here... Use ## for headings, - for lists, and [ ] for checkboxes."
  style="font-family: monospace;"
/>

Ignored nodes: comments, script, style
<input
  class="text-sm border rounded px-2 py-1 w-32"
  placeholder="Add tags..."
  type="text"
/>

(If this is intentional, then use the `*AllBy*` variant of the query (like `queryAllByText`, `getAllByText`, or `findAllByText`)).

Ignored nodes: comments, script, style
<body>
  <div>
    <div
      class="note-taking-system bg-white rounded-lg shadow-lg"
    >
      <div
        class="flex items-center justify-between p-4 border-b"
      >
        <div
          class="flex items-center space-x-4"
        >
          <h2
            class="text-xl font-semibold text-gray-800"
          >
            📝 Call Notes
          </h2>
        </div>
        <div
          class="flex items-center space-x-2"
        >
          <button
            class="px-3 py-1 text-sm bg-blue-500 text-white rounded hover:bg-blue-600 transition-colors"
          >
            🔍 Search
          </button>
          <button
            class="px-3 py-1 text-sm bg-purple-500 text-white rounded hover:bg-purple-600 transition-colors"
          >
            📊 Analytics
          </button>
          <button
            class="px-3 py-1 text-sm bg-green-500 text-white rounded hover:bg-green-600 transition-colors"
          >
            👥 Collaborate
          </button>
        </div>
      </div>
      <div
        class="flex h-96"
      >
        <div
          class="w-1/4 border-r bg-gray-50"
        >
          <div
            class="p-4"
          >
            <h3
              class="text-lg font-medium text-gray-700 mb-3"
            >
              📋 Templates
            </h3>
            <div
              class="space-y-2 max-h-80 overflow-y-auto"
            />
          </div>
        </div>
        <div
          class="flex-1 flex flex-col"
        >
          <div
            class="flex items-center justify-between p-3 border-b bg-gray-50"
          >
            <div
              class="flex items-center space-x-2"
            >
              <button
                class="p-1 text-sm border rounded hover:bg-gray-100 disabled:opacity-50"
                disabled=""
                title="Bold"
              >
                <strong>
                  B
                </strong>
              </button>
              <button
                class="p-1 text-sm border rounded hover:bg-gray-100 disabled:opacity-50"
                disabled=""
                title="Italic"
              >
                <em>
                  I
                </em>
              </button>
              <button
                class="p-1 text-sm border rounded hover:bg-gray-100 disabled:opacity-50"
                disabled=""
                title="Highlight"
              >
                🖍️
              </button>
              <div
                class="border-l h-6 mx-2"
              />
              <button
                class="p-1 text-sm border rounded hover:bg-gray-100"
                title="Add heading"
              >
                H
              </button>
              <button
                class="p-1 text-sm border rounded hover:bg-gray-100"
                title="Add bullet point"
              >
                •
              </button>
              <button
                class="p-1 text-sm border rounded hover:bg-gray-100"
                title="Add checkbox"
              >
                ☑️
              </button>
              <div
                class="border-l h-6 mx-2"
              />
              <button
                class="p-1 text-sm border rounded transition-colors hover:bg-gray-100"
                title="Start voice dictation"
              >
                🎤
              </button>
            </div>
            <div
              class="flex items-center space-x-2"
            >
              <div
                class="text-sm text-gray-500"
              >
                Quality: 
                0
                %
              </div>
              <div
                class="relative"
              >
                <select
                  class="text-sm border rounded px-2 py-1"
                >
                  <option
                    value=""
                  >
                    Export...
                  </option>
                  <option
                    value="pdf"
                  >
                    PDF
                  </option>
                  <option
                    value="docx"
                  >
                    Word
                  </option>
                  <option
                    value="txt"
                  >
                    Text
                  </option>
                  <option
                    value="md"
                  >
                    Markdown
                  </option>
                </select>
              </div>
            </div>
          </div>
          <div
            class="flex-1 p-4"
          >
            <textarea
              class="w-full h-full border-none outline-none resize-none text-sm leading-relaxed"
              placeholder="Start typing your call notes here... Use ## for headings, - for lists, and [ ] for checkboxes."
              style="font-family: monospace;"
            />
          </div>
          <div
            class="flex items-center justify-between p-3 border-t bg-gray-50"
          >
            <div
              class="flex items-center space-x-4"
            >
              <div
                class="text-sm text-gray-500"
              >
                0
                 words
              </div>
              <div
                class="flex items-center space-x-2"
              >
                <span
                  class="text-sm text-gray-600"
                >
                  Tags:
                </span>
                <input
                  class="text-sm border rounded px-2 py-1 w-32"
                  placeholder="Add tags..."
                  type="text"
                />
              </div>
              <div
                class="flex flex-wrap gap-1"
              />
            </div>
            <div
              class="flex items-center space-x-2"
            >
              <label
                class="flex items-center text-sm"
              >
                <input
                  class="mr-1"
                  type="checkbox"
                />
                Follow-up required
              </label>
              <button
                class="px-4 py-2 bg-blue-500 text-white rounded hover:bg-blue-600 disabled:opacity-50 disabled:cursor-not-allowed transition-colors"
                disabled=""
              >
                ⏳ Saving...
              </button>
            </div>
          </div>
        </div>
      </div>
    </div>
  </div>
</body>
    at Object.getElementError (/Users/sherwingorechomante/coldcaller/frontend/node_modules/@testing-library/dom/dist/config.js:37:19)
    at getElementError (/Users/sherwingorechomante/coldcaller/frontend/node_modules/@testing-library/dom/dist/query-helpers.js:20:35)
    at getMultipleElementsFoundError (/Users/sherwingorechomante/coldcaller/frontend/node_modules/@testing-library/dom/dist/query-helpers.js:23:10)
    at /Users/sherwingorechomante/coldcaller/frontend/node_modules/@testing-library/dom/dist/query-helpers.js:55:13
    at getByRole (/Users/sherwingorechomante/coldcaller/frontend/node_modules/@testing-library/dom/dist/query-helpers.js:95:19)
    at Object.<anonymous> (/Users/sherwingorechomante/coldcaller/frontend/src/components/__tests__/NoteTakingSystem.test.js:315:29)
    at Promise.then.completed (/Users/sherwingorechomante/coldcaller/frontend/node_modules/jest-circus/build/utils.js:391:28)
    at new Promise (<anonymous>)
    at callAsyncCircusFn (/Users/sherwingorechomante/coldcaller/frontend/node_modules/jest-circus/build/utils.js:316:10)
    at _callCircusTest (/Users/sherwingorechomante/coldcaller/frontend/node_modules/jest-circus/build/run.js:218:40)
    at _runTest (/Users/sherwingorechomante/coldcaller/frontend/node_modules/jest-circus/build/run.js:155:3)
    at _runTestsForDescribeBlock (/Users/sherwingorechomante/coldcaller/frontend/node_modules/jest-circus/build/run.js:66:9)
    at _runTestsForDescribeBlock (/Users/sherwingorechomante/coldcaller/frontend/node_modules/jest-circus/build/run.js:60:9)
    at run (/Users/sherwingorechomante/coldcaller/frontend/node_modules/jest-circus/build/run.js:25:3)
    at runAndTransformResultsToJestFormat (/Users/sherwingorechomante/coldcaller/frontend/node_modules/jest-circus/build/legacy-code-todo-rewrite/jestAdapterInit.js:170:21)
    at jestAdapter (/Users/sherwingorechomante/coldcaller/frontend/node_modules/jest-circus/build/legacy-code-todo-rewrite/jestAdapter.js:82:19)
    at runTestInternal (/Users/sherwingorechomante/coldcaller/frontend/node_modules/jest-runner/build/runTest.js:389:16)
    at runTest (/Users/sherwingorechomante/coldcaller/frontend/node_modules/jest-runner/build/runTest.js:475:34)
    at Object.worker (/Users/sherwingorechomante/coldcaller/frontend/node_modules/jest-runner/build/testWorker.js:133:12)]]></failure>
    </testCase>
  </file>
  <file path="/Users/sherwingorechomante/coldcaller/frontend/src/__tests__/smoke.test.js">
    <testCase name="Smoke Tests - Basic Rendering App renders without crashing" duration="38">
      <failure message="AggregateError: "><![CDATA[AggregateError: 
    at aggregateErrors (/Users/sherwingorechomante/coldcaller/frontend/node_modules/react/cjs/react.development.js:527:11)
    at Object.<anonymous>.process.env.NODE_ENV.exports.act (/Users/sherwingorechomante/coldcaller/frontend/node_modules/react/cjs/react.development.js:873:24)
    at /Users/sherwingorechomante/coldcaller/frontend/node_modules/@testing-library/react/dist/act-compat.js:47:25
    at renderRoot (/Users/sherwingorechomante/coldcaller/frontend/node_modules/@testing-library/react/dist/pure.js:190:26)
    at render (/Users/sherwingorechomante/coldcaller/frontend/node_modules/@testing-library/react/dist/pure.js:292:10)
    at Object.<anonymous> (/Users/sherwingorechomante/coldcaller/frontend/src/__tests__/smoke.test.js:11:11)
    at Promise.then.completed (/Users/sherwingorechomante/coldcaller/frontend/node_modules/jest-circus/build/utils.js:391:28)
    at new Promise (<anonymous>)
    at callAsyncCircusFn (/Users/sherwingorechomante/coldcaller/frontend/node_modules/jest-circus/build/utils.js:316:10)
    at _callCircusTest (/Users/sherwingorechomante/coldcaller/frontend/node_modules/jest-circus/build/run.js:218:40)
    at processTicksAndRejections (node:internal/process/task_queues:105:5)
    at _runTest (/Users/sherwingorechomante/coldcaller/frontend/node_modules/jest-circus/build/run.js:155:3)
    at _runTestsForDescribeBlock (/Users/sherwingorechomante/coldcaller/frontend/node_modules/jest-circus/build/run.js:66:9)
    at _runTestsForDescribeBlock (/Users/sherwingorechomante/coldcaller/frontend/node_modules/jest-circus/build/run.js:60:9)
    at run (/Users/sherwingorechomante/coldcaller/frontend/node_modules/jest-circus/build/run.js:25:3)
    at runAndTransformResultsToJestFormat (/Users/sherwingorechomante/coldcaller/frontend/node_modules/jest-circus/build/legacy-code-todo-rewrite/jestAdapterInit.js:170:21)
    at jestAdapter (/Users/sherwingorechomante/coldcaller/frontend/node_modules/jest-circus/build/legacy-code-todo-rewrite/jestAdapter.js:82:19)
    at runTestInternal (/Users/sherwingorechomante/coldcaller/frontend/node_modules/jest-runner/build/runTest.js:389:16)
    at runTest (/Users/sherwingorechomante/coldcaller/frontend/node_modules/jest-runner/build/runTest.js:475:34)
    at Object.worker (/Users/sherwingorechomante/coldcaller/frontend/node_modules/jest-runner/build/testWorker.js:133:12)]]></failure>
    </testCase>
    <testCase name="Smoke Tests - Basic Rendering DialPad component renders" duration="13">
      <failure message="TestingLibraryElementError: Unable to find an element with the text: Dial Pad. This could be because the text is broken up by multiple elements. In this case, you can provide a function for your text matcher to make your matcher more flexible."><![CDATA[TestingLibraryElementError: Unable to find an element with the text: Dial Pad. This could be because the text is broken up by multiple elements. In this case, you can provide a function for your text matcher to make your matcher more flexible.

Ignored nodes: comments, script, style
<body>
  <div>
    <div
      class="space-y-4"
    >
      <div
        class="card max-w-sm mx-2"
      >
        <div
          class="text-center mb-4"
        >
          <h2
            class="text-xl font-semibold text-gray-700"
          >
            Enhanced VOIP Dialer
          </h2>
          <div
            class="inline-flex items-center mt-2 px-2 py-1 rounded-full text-xs bg-green-100 text-green-700"
          >
            <span
              class="mr-1"
            >
              🟢
            </span>
            SIP Ready
          </div>
        </div>
        <div
          class="flex mb-4 gap-1"
        >
          <input
            class="input-field flex-1 text-center text-lg"
            placeholder="Enter phone number"
            type="text"
            value=""
          />
          <button
            class="px-4 py-3 text-xl bg-red-500 hover:bg-red-600 text-white rounded-lg transition-colors duration-200"
          >
            ⌫
          </button>
        </div>
        <div
          class="grid grid-cols-3 gap-1 mb-4"
        >
          <button
            class="p-4 text-xl bg-green-500 text-white border-2 border-green-400 rounded-lg hover:bg-green-600 hover:border-green-500 hover:shadow-lg active:scale-95 transition-all duration-200 disabled:opacity-50 disabled:cursor-not-allowed font-semibold"
          >
            1
          </button>
          <button
            class="p-4 text-xl bg-green-500 text-white border-2 border-green-400 rounded-lg hover:bg-green-600 hover:border-green-500 hover:shadow-lg active:scale-95 transition-all duration-200 disabled:opacity-50 disabled:cursor-not-allowed font-semibold"
          >
            2
          </button>
          <button
            class="p-4 text-xl bg-green-500 text-white border-2 border-green-400 rounded-lg hover:bg-green-600 hover:border-green-500 hover:shadow-lg active:scale-95 transition-all duration-200 disabled:opacity-50 disabled:cursor-not-allowed font-semibold"
          >
            3
          </button>
          <button
            class="p-4 text-xl bg-green-500 text-white border-2 border-green-400 rounded-lg hover:bg-green-600 hover:border-green-500 hover:shadow-lg active:scale-95 transition-all duration-200 disabled:opacity-50 disabled:cursor-not-allowed font-semibold"
          >
            4
          </button>
          <button
            class="p-4 text-xl bg-green-500 text-white border-2 border-green-400 rounded-lg hover:bg-green-600 hover:border-green-500 hover:shadow-lg active:scale-95 transition-all duration-200 disabled:opacity-50 disabled:cursor-not-allowed font-semibold"
          >
            5
          </button>
          <button
            class="p-4 text-xl bg-green-500 text-white border-2 border-green-400 rounded-lg hover:bg-green-600 hover:border-green-500 hover:shadow-lg active:scale-95 transition-all duration-200 disabled:opacity-50 disabled:cursor-not-allowed font-semibold"
          >
            6
          </button>
          <button
            class="p-4 text-xl bg-green-500 text-white border-2 border-green-400 rounded-lg hover:bg-green-600 hover:border-green-500 hover:shadow-lg active:scale-95 transition-all duration-200 disabled:opacity-50 disabled:cursor-not-allowed font-semibold"
          >
            7
          </button>
          <button
            class="p-4 text-xl bg-green-500 text-white border-2 border-green-400 rounded-lg hover:bg-green-600 hover:border-green-500 hover:shadow-lg active:scale-95 transition-all duration-200 disabled:opacity-50 disabled:cursor-not-allowed font-semibold"
          >
            8
          </button>
          <button
            class="p-4 text-xl bg-green-500 text-white border-2 border-green-400 rounded-lg hover:bg-green-600 hover:border-green-500 hover:shadow-lg active:scale-95 transition-all duration-200 disabled:opacity-50 disabled:cursor-not-allowed font-semibold"
          >
            9
          </button>
          <button
            class="p-4 text-xl bg-green-500 text-white border-2 border-green-400 rounded-lg hover:bg-green-600 hover:border-green-500 hover:shadow-lg active:scale-95 transition-all duration-200 disabled:opacity-50 disabled:cursor-not-allowed font-semibold"
          >
            *
          </button>
          <button
            class="p-4 text-xl bg-green-500 text-white border-2 border-green-400 rounded-lg hover:bg-green-600 hover:border-green-500 hover:shadow-lg active:scale-95 transition-all duration-200 disabled:opacity-50 disabled:cursor-not-allowed font-semibold"
          >
            0
          </button>
          <button
            class="p-4 text-xl bg-green-500 text-white border-2 border-green-400 rounded-lg hover:bg-green-600 hover:border-green-500 hover:shadow-lg active:scale-95 transition-all duration-200 disabled:opacity-50 disabled:cursor-not-allowed font-semibold"
          >
            #
          </button>
        </div>
        <div
          class="space-y-3"
        >
          <button
            class="w-full text-lg py-4 bg-green-500 hover:bg-green-600 text-white rounded-lg transition-all duration-200 hover:shadow-lg active:scale-95 font-semibold disabled:bg-gray-300 disabled:cursor-not-allowed disabled:hover:shadow-none disabled:active:scale-100"
            disabled=""
          >
            📞 Call 
          </button>
        </div>
      </div>
      <div
        class="card"
      >
        <div
          class="text-center mb-4"
        >
          <h3
            class="text-lg font-semibold text-gray-700"
          >
            Call Status
          </h3>
        </div>
        <div
          class="text-center p-4 rounded-lg mb-4 bg-gray-50"
        >
          <div
            class="inline-flex items-center "
          >
            <span
              class="text-2xl mr-2"
            >
              📞
            </span>
            <span
              class="text-lg font-semibold text-gray-500"
            >
              Ready
            </span>
          </div>
        </div>
        <div
          class="space-y-3"
        >
          <div
            class="flex items-center justify-between"
          >
            <span
              class="text-sm font-medium text-gray-600"
            >
              Signal Quality:
            </span>
            <div
              class="flex items-center"
            >
              <div
                class="flex gap-0.5 mr-2"
              >
                <div
                  class="w-2 h-4 rounded-sm bg-green-500"
                />
                <div
                  class="w-2 h-4 rounded-sm bg-green-500"
                />
                <div
                  class="w-2 h-4 rounded-sm bg-green-500"
                />
                <div
                  class="w-2 h-4 rounded-sm bg-green-500"
                />
              </div>
              <span
                class="text-sm font-medium text-green-500"
              >
                Excellent
              </span>
            </div>
          </div>
          <div
            class="flex items-center justify-between"
          >
            <span
              class="text-sm font-medium text-gray-600"
            >
              Latency:
            </span>
            <span
              class="text-sm font-medium text-green-500"
            >
              35
              s
            </span>
          </div>
          <div
            class="flex items-center justify-between pt-2 border-t border-gray-200"
          >
            <span
              class="text-sm font-medium text-gray-600"
            >
              SIP Status:
            </span>
            <div
              class="flex items-center"
            >
              <span
                class="mr-1"
              >
                ✅
              </span>
              <span
                class="text-sm font-medium text-green-500"
              >
                Registered
              </span>
            </div>
          </div>
        </div>
      </div>
    </div>
  </div>
</body>
    at Object.getElementError (/Users/sherwingorechomante/coldcaller/frontend/node_modules/@testing-library/dom/dist/config.js:37:19)
    at /Users/sherwingorechomante/coldcaller/frontend/node_modules/@testing-library/dom/dist/query-helpers.js:76:38
    at /Users/sherwingorechomante/coldcaller/frontend/node_modules/@testing-library/dom/dist/query-helpers.js:52:17
    at getByText (/Users/sherwingorechomante/coldcaller/frontend/node_modules/@testing-library/dom/dist/query-helpers.js:95:19)
    at Object.<anonymous> (/Users/sherwingorechomante/coldcaller/frontend/src/__tests__/smoke.test.js:17:19)
    at Promise.then.completed (/Users/sherwingorechomante/coldcaller/frontend/node_modules/jest-circus/build/utils.js:391:28)
    at new Promise (<anonymous>)
    at callAsyncCircusFn (/Users/sherwingorechomante/coldcaller/frontend/node_modules/jest-circus/build/utils.js:316:10)
    at _callCircusTest (/Users/sherwingorechomante/coldcaller/frontend/node_modules/jest-circus/build/run.js:218:40)
    at processTicksAndRejections (node:internal/process/task_queues:105:5)
    at _runTest (/Users/sherwingorechomante/coldcaller/frontend/node_modules/jest-circus/build/run.js:155:3)
    at _runTestsForDescribeBlock (/Users/sherwingorechomante/coldcaller/frontend/node_modules/jest-circus/build/run.js:66:9)
    at _runTestsForDescribeBlock (/Users/sherwingorechomante/coldcaller/frontend/node_modules/jest-circus/build/run.js:60:9)
    at run (/Users/sherwingorechomante/coldcaller/frontend/node_modules/jest-circus/build/run.js:25:3)
    at runAndTransformResultsToJestFormat (/Users/sherwingorechomante/coldcaller/frontend/node_modules/jest-circus/build/legacy-code-todo-rewrite/jestAdapterInit.js:170:21)
    at jestAdapter (/Users/sherwingorechomante/coldcaller/frontend/node_modules/jest-circus/build/legacy-code-todo-rewrite/jestAdapter.js:82:19)
    at runTestInternal (/Users/sherwingorechomante/coldcaller/frontend/node_modules/jest-runner/build/runTest.js:389:16)
    at runTest (/Users/sherwingorechomante/coldcaller/frontend/node_modules/jest-runner/build/runTest.js:475:34)
    at Object.worker (/Users/sherwingorechomante/coldcaller/frontend/node_modules/jest-runner/build/testWorker.js:133:12)]]></failure>
      <failure message="TypeError: audioContextRef.current.close is not a function"><![CDATA[TypeError: audioContextRef.current.close is not a function
    at /Users/sherwingorechomante/coldcaller/frontend/src/components/DTMFKeypad.js:43:33
    at Object.react_stack_bottom_frame (/Users/sherwingorechomante/coldcaller/frontend/node_modules/react-dom/cjs/react-dom-client.development.js:23965:13)
    at runWithFiberInDEV (/Users/sherwingorechomante/coldcaller/frontend/node_modules/react-dom/cjs/react-dom-client.development.js:1522:13)
    at commitHookEffectListUnmount (/Users/sherwingorechomante/coldcaller/frontend/node_modules/react-dom/cjs/react-dom-client.development.js:11996:17)
    at commitHookPassiveUnmountEffects (/Users/sherwingorechomante/coldcaller/frontend/node_modules/react-dom/cjs/react-dom-client.development.js:12043:11)
    at commitPassiveUnmountEffectsInsideOfDeletedTree_begin (/Users/sherwingorechomante/coldcaller/frontend/node_modules/react-dom/cjs/react-dom-client.development.js:14269:13)
    at recursivelyTraversePassiveUnmountEffects (/Users/sherwingorechomante/coldcaller/frontend/node_modules/react-dom/cjs/react-dom-client.development.js:14167:13)
    at commitPassiveUnmountOnFiber (/Users/sherwingorechomante/coldcaller/frontend/node_modules/react-dom/cjs/react-dom-client.development.js:14194:11)
    at flushPassiveEffects (/Users/sherwingorechomante/coldcaller/frontend/node_modules/react-dom/cjs/react-dom-client.development.js:15736:9)
    at flushPendingEffects (/Users/sherwingorechomante/coldcaller/frontend/node_modules/react-dom/cjs/react-dom-client.development.js:15702:14)
    at flushSpawnedWork (/Users/sherwingorechomante/coldcaller/frontend/node_modules/react-dom/cjs/react-dom-client.development.js:15668:44)
    at commitRoot (/Users/sherwingorechomante/coldcaller/frontend/node_modules/react-dom/cjs/react-dom-client.development.js:15403:9)
    at performWorkOnRoot (/Users/sherwingorechomante/coldcaller/frontend/node_modules/react-dom/cjs/react-dom-client.development.js:14526:15)
    at performSyncWorkOnRoot (/Users/sherwingorechomante/coldcaller/frontend/node_modules/react-dom/cjs/react-dom-client.development.js:16231:7)
    at flushSyncWorkAcrossRoots_impl (/Users/sherwingorechomante/coldcaller/frontend/node_modules/react-dom/cjs/react-dom-client.development.js:16079:21)
    at flushSyncWork$1 (/Users/sherwingorechomante/coldcaller/frontend/node_modules/react-dom/cjs/react-dom-client.development.js:14721:12)
    at ReactDOMRoot.Object.<anonymous>.process.env.NODE_ENV.ReactDOMHydrationRoot.unmount.ReactDOMRoot.unmount [as unmount] (/Users/sherwingorechomante/coldcaller/frontend/node_modules/react-dom/cjs/react-dom-client.development.js:24777:11)
    at Object.unmount (/Users/sherwingorechomante/coldcaller/frontend/node_modules/@testing-library/react/dist/pure.js:164:12)
    at /Users/sherwingorechomante/coldcaller/frontend/node_modules/@testing-library/react/dist/pure.js:308:12
    at /Users/sherwingorechomante/coldcaller/frontend/node_modules/@testing-library/react/dist/act-compat.js:48:24
    at Object.<anonymous>.process.env.NODE_ENV.exports.act (/Users/sherwingorechomante/coldcaller/frontend/node_modules/react/cjs/react.development.js:790:22)
    at /Users/sherwingorechomante/coldcaller/frontend/node_modules/@testing-library/react/dist/act-compat.js:47:25
    at /Users/sherwingorechomante/coldcaller/frontend/node_modules/@testing-library/react/dist/pure.js:307:28
    at Array.forEach (<anonymous>)
    at cleanup (/Users/sherwingorechomante/coldcaller/frontend/node_modules/@testing-library/react/dist/pure.js:303:22)
    at Object.<anonymous> (/Users/sherwingorechomante/coldcaller/frontend/node_modules/@testing-library/react/dist/index.js:28:25)
    at Promise.then.completed (/Users/sherwingorechomante/coldcaller/frontend/node_modules/jest-circus/build/utils.js:391:28)
    at new Promise (<anonymous>)
    at callAsyncCircusFn (/Users/sherwingorechomante/coldcaller/frontend/node_modules/jest-circus/build/utils.js:316:10)
    at _callCircusHook (/Users/sherwingorechomante/coldcaller/frontend/node_modules/jest-circus/build/run.js:181:40)
    at processTicksAndRejections (node:internal/process/task_queues:105:5)
    at _runTest (/Users/sherwingorechomante/coldcaller/frontend/node_modules/jest-circus/build/run.js:158:5)
    at _runTestsForDescribeBlock (/Users/sherwingorechomante/coldcaller/frontend/node_modules/jest-circus/build/run.js:66:9)
    at _runTestsForDescribeBlock (/Users/sherwingorechomante/coldcaller/frontend/node_modules/jest-circus/build/run.js:60:9)
    at run (/Users/sherwingorechomante/coldcaller/frontend/node_modules/jest-circus/build/run.js:25:3)
    at runAndTransformResultsToJestFormat (/Users/sherwingorechomante/coldcaller/frontend/node_modules/jest-circus/build/legacy-code-todo-rewrite/jestAdapterInit.js:170:21)
    at jestAdapter (/Users/sherwingorechomante/coldcaller/frontend/node_modules/jest-circus/build/legacy-code-todo-rewrite/jestAdapter.js:82:19)
    at runTestInternal (/Users/sherwingorechomante/coldcaller/frontend/node_modules/jest-runner/build/runTest.js:389:16)
    at runTest (/Users/sherwingorechomante/coldcaller/frontend/node_modules/jest-runner/build/runTest.js:475:34)
    at Object.worker (/Users/sherwingorechomante/coldcaller/frontend/node_modules/jest-runner/build/testWorker.js:133:12)]]></failure>
    </testCase>
    <testCase name="Smoke Tests - Basic Rendering AudioClipPlayer component renders" duration="16">
      <failure message="TestingLibraryElementError: Unable to find an element with the text: Greetings. This could be because the text is broken up by multiple elements. In this case, you can provide a function for your text matcher to make your matcher more flexible."><![CDATA[TestingLibraryElementError: Unable to find an element with the text: Greetings. This could be because the text is broken up by multiple elements. In this case, you can provide a function for your text matcher to make your matcher more flexible.

Ignored nodes: comments, script, style
<body>
  <div />
  <div>
    <div
      class="card max-w-md mx-2.5"
    >
      <div
        class="text-center mb-4"
      >
        <h2
          class="text-slate-800 text-lg font-semibold"
        >
          Audio Clips
        </h2>
        <div
          class="text-sm text-blue-600 mt-1"
        >
          🔄 Loading audio clips...
        </div>
        <div
          class="text-xs text-gray-500 mt-1"
        >
          API: 
          <span
            class="font-semibold text-orange-600"
          >
            🟡 Offline
          </span>
        </div>
      </div>
      <div
        class="flex gap-1 mb-5 border-b-2 border-gray-200 pb-2.5"
      >
        <div
          class="text-center text-gray-500 py-2"
        >
          🔄 Loading...
        </div>
      </div>
      <div
        class="max-h-80 overflow-y-auto"
      >
        <div
          class="text-center text-gray-500 py-8"
        >
          🔄 Loading audio clips...
        </div>
      </div>
      <div
        class="space-y-3 mt-4"
      >
        <div
          class="flex gap-2"
        >
          <button
            class="flex-1 px-3 py-2 bg-blue-100 hover:bg-blue-200 disabled:opacity-50 text-blue-700 rounded-md text-sm font-medium transition-colors"
            disabled=""
          >
            🔄 Loading...
          </button>
          <button
            class="px-3 py-2 text-sm font-medium rounded-md transition-colors bg-gray-100 text-gray-700 hover:bg-gray-200 disabled:opacity-50"
            disabled=""
          >
            📊 Visualizer
          </button>
        </div>
        <div
          class="flex gap-2"
        >
          <button
            class="flex-1 px-3 py-2 text-sm font-medium rounded-md transition-colors bg-gray-100 text-gray-700 hover:bg-gray-200"
          >
            📚 Library
          </button>
          <button
            class="flex-1 px-3 py-2 bg-red-100 hover:bg-red-200 disabled:opacity-50 text-red-700 rounded-md text-sm font-medium transition-colors"
            disabled=""
            title="Web Audio API required for recording"
          >
            🎤 Record
          </button>
        </div>
      </div>
      <div
        class="mt-4 space-y-3"
      >
        <div
          class="p-3 bg-orange-50 rounded-md text-sm text-gray-600 leading-relaxed"
        >
          💡 
          <strong>
            Audio Controls:
          </strong>
          <div
            class="mt-1 text-xs space-y-1"
          >
            <div>
              • 
              <kbd
                class="bg-gray-200 px-1 rounded"
              >
                Space
              </kbd>
               - Play/Pause first clip
            </div>
            <div>
              • 
              <kbd
                class="bg-gray-200 px-1 rounded"
              >
                ↑/↓
              </kbd>
               - Volume control
            </div>
            <div>
              • 
              <kbd
                class="bg-gray-200 px-1 rounded"
              >
                Esc
              </kbd>
               - Stop playback
            </div>
            <div>
              • 🔄 HTML5 Audio fallback mode
            </div>
          </div>
          <div
            class="mt-2 text-xs text-orange-700"
          >
            ⚠️ Offline mode - audio playback simulated
          </div>
        </div>
        <div
          class="p-3 bg-gray-50 rounded-md text-xs"
        >
          <div
            class="grid grid-cols-2 gap-2"
          >
            <div
              class="flex items-center justify-between"
            >
              <span>
                Web Audio API:
              </span>
              <span
                class="text-red-600"
              >
                ❌ Not available
              </span>
            </div>
            <div
              class="flex items-center justify-between"
            >
              <span>
                Recording:
              </span>
              <span
                class="text-red-600"
              >
                ❌ Not supported
              </span>
            </div>
          </div>
        </div>
      </div>
    </div>
  </div>
</body>
    at Object.getElementError (/Users/sherwingorechomante/coldcaller/frontend/node_modules/@testing-library/dom/dist/config.js:37:19)
    at /Users/sherwingorechomante/coldcaller/frontend/node_modules/@testing-library/dom/dist/query-helpers.js:76:38
    at /Users/sherwingorechomante/coldcaller/frontend/node_modules/@testing-library/dom/dist/query-helpers.js:52:17
    at getByText (/Users/sherwingorechomante/coldcaller/frontend/node_modules/@testing-library/dom/dist/query-helpers.js:95:19)
    at Object.<anonymous> (/Users/sherwingorechomante/coldcaller/frontend/src/__tests__/smoke.test.js:24:19)
    at Promise.then.completed (/Users/sherwingorechomante/coldcaller/frontend/node_modules/jest-circus/build/utils.js:391:28)
    at new Promise (<anonymous>)
    at callAsyncCircusFn (/Users/sherwingorechomante/coldcaller/frontend/node_modules/jest-circus/build/utils.js:316:10)
    at _callCircusTest (/Users/sherwingorechomante/coldcaller/frontend/node_modules/jest-circus/build/run.js:218:40)
    at processTicksAndRejections (node:internal/process/task_queues:105:5)
    at _runTest (/Users/sherwingorechomante/coldcaller/frontend/node_modules/jest-circus/build/run.js:155:3)
    at _runTestsForDescribeBlock (/Users/sherwingorechomante/coldcaller/frontend/node_modules/jest-circus/build/run.js:66:9)
    at _runTestsForDescribeBlock (/Users/sherwingorechomante/coldcaller/frontend/node_modules/jest-circus/build/run.js:60:9)
    at run (/Users/sherwingorechomante/coldcaller/frontend/node_modules/jest-circus/build/run.js:25:3)
    at runAndTransformResultsToJestFormat (/Users/sherwingorechomante/coldcaller/frontend/node_modules/jest-circus/build/legacy-code-todo-rewrite/jestAdapterInit.js:170:21)
    at jestAdapter (/Users/sherwingorechomante/coldcaller/frontend/node_modules/jest-circus/build/legacy-code-todo-rewrite/jestAdapter.js:82:19)
    at runTestInternal (/Users/sherwingorechomante/coldcaller/frontend/node_modules/jest-runner/build/runTest.js:389:16)
    at runTest (/Users/sherwingorechomante/coldcaller/frontend/node_modules/jest-runner/build/runTest.js:475:34)
    at Object.worker (/Users/sherwingorechomante/coldcaller/frontend/node_modules/jest-runner/build/testWorker.js:133:12)]]></failure>
    </testCase>
    <testCase name="Smoke Tests - Basic Rendering ScriptDisplay component renders" duration="4"/>
    <testCase name="Smoke Tests - Basic Rendering LeadPanel component renders" duration="4"/>
    <testCase name="Smoke Tests - Basic Rendering All main sections are present in App" duration="21">
      <failure message="AggregateError: "><![CDATA[AggregateError: 
    at aggregateErrors (/Users/sherwingorechomante/coldcaller/frontend/node_modules/react/cjs/react.development.js:527:11)
    at Object.<anonymous>.process.env.NODE_ENV.exports.act (/Users/sherwingorechomante/coldcaller/frontend/node_modules/react/cjs/react.development.js:873:24)
    at /Users/sherwingorechomante/coldcaller/frontend/node_modules/@testing-library/react/dist/act-compat.js:47:25
    at renderRoot (/Users/sherwingorechomante/coldcaller/frontend/node_modules/@testing-library/react/dist/pure.js:190:26)
    at render (/Users/sherwingorechomante/coldcaller/frontend/node_modules/@testing-library/react/dist/pure.js:292:10)
    at Object.<anonymous> (/Users/sherwingorechomante/coldcaller/frontend/src/__tests__/smoke.test.js:40:11)
    at Promise.then.completed (/Users/sherwingorechomante/coldcaller/frontend/node_modules/jest-circus/build/utils.js:391:28)
    at new Promise (<anonymous>)
    at callAsyncCircusFn (/Users/sherwingorechomante/coldcaller/frontend/node_modules/jest-circus/build/utils.js:316:10)
    at _callCircusTest (/Users/sherwingorechomante/coldcaller/frontend/node_modules/jest-circus/build/run.js:218:40)
    at processTicksAndRejections (node:internal/process/task_queues:105:5)
    at _runTest (/Users/sherwingorechomante/coldcaller/frontend/node_modules/jest-circus/build/run.js:155:3)
    at _runTestsForDescribeBlock (/Users/sherwingorechomante/coldcaller/frontend/node_modules/jest-circus/build/run.js:66:9)
    at _runTestsForDescribeBlock (/Users/sherwingorechomante/coldcaller/frontend/node_modules/jest-circus/build/run.js:60:9)
    at run (/Users/sherwingorechomante/coldcaller/frontend/node_modules/jest-circus/build/run.js:25:3)
    at runAndTransformResultsToJestFormat (/Users/sherwingorechomante/coldcaller/frontend/node_modules/jest-circus/build/legacy-code-todo-rewrite/jestAdapterInit.js:170:21)
    at jestAdapter (/Users/sherwingorechomante/coldcaller/frontend/node_modules/jest-circus/build/legacy-code-todo-rewrite/jestAdapter.js:82:19)
    at runTestInternal (/Users/sherwingorechomante/coldcaller/frontend/node_modules/jest-runner/build/runTest.js:389:16)
    at runTest (/Users/sherwingorechomante/coldcaller/frontend/node_modules/jest-runner/build/runTest.js:475:34)
    at Object.worker (/Users/sherwingorechomante/coldcaller/frontend/node_modules/jest-runner/build/testWorker.js:133:12)]]></failure>
    </testCase>
  </file>
  <file path="/Users/sherwingorechomante/coldcaller/frontend/src/__tests__/testSetup/testConfig.js">
  </file>
  <file path="/Users/sherwingorechomante/coldcaller/frontend/src/__tests__/security/SecurityTesting.test.js">
    <testCase name="Comprehensive Security Testing Suite File Upload Security should reject malicious executable files" duration="44">
      <failure message="TestingLibraryElementError: Unable to find a label with the text of: /upload audio/i"><![CDATA[TestingLibraryElementError: Unable to find a label with the text of: /upload audio/i

Ignored nodes: comments, script, style
<body>
  <div>
    <div
      class="max-w-2xl mx-auto p-6 bg-white rounded-lg shadow-lg"
    >
      <div
        class="text-center mb-6"
      >
        <h2
          class="text-2xl font-bold text-gray-800 mb-2"
        >
          Upload Audio Clip
        </h2>
        <p
          class="text-gray-600"
        >
          Upload audio files for your call scripts. Supported formats: 
          MP3, WAV, OGG, M4A
        </p>
      </div>
      <div
        class="relative border-2 border-dashed rounded-lg p-8 text-center transition-all duration-300 border-gray-300 bg-gray-50 hover:border-gray-400"
      >
        <div>
          <div
            class="text-6xl mb-4"
          >
            🎵
          </div>
          <h3
            class="text-lg font-semibold text-gray-700 mb-2"
          >
            Drag & drop your audio file
          </h3>
          <p
            class="text-gray-500 mb-4"
          >
            or
          </p>
          <button
            class="px-6 py-3 bg-blue-600 text-white rounded-lg hover:bg-blue-700 disabled:opacity-50 disabled:cursor-not-allowed transition-colors font-medium"
          >
            Choose File
          </button>
          <input
            accept=".mp3,.wav,.ogg,.m4a"
            class="hidden"
            type="file"
          />
        </div>
      </div>
      <div
        class="mt-6 text-sm text-gray-500 text-center"
      >
        <p>
          Maximum file size: 50MB. Audio files will be processed and optimized for playback.
        </p>
      </div>
    </div>
  </div>
</body>
    at Object.getElementError (/Users/sherwingorechomante/coldcaller/frontend/node_modules/@testing-library/dom/dist/config.js:37:19)
    at getAllByLabelText (/Users/sherwingorechomante/coldcaller/frontend/node_modules/@testing-library/dom/dist/queries/label-text.js:111:38)
    at /Users/sherwingorechomante/coldcaller/frontend/node_modules/@testing-library/dom/dist/query-helpers.js:52:17
    at getByLabelText (/Users/sherwingorechomante/coldcaller/frontend/node_modules/@testing-library/dom/dist/query-helpers.js:95:19)
    at Object.<anonymous> (/Users/sherwingorechomante/coldcaller/frontend/src/__tests__/security/SecurityTesting.test.js:77:32)
    at Promise.then.completed (/Users/sherwingorechomante/coldcaller/frontend/node_modules/jest-circus/build/utils.js:391:28)
    at new Promise (<anonymous>)
    at callAsyncCircusFn (/Users/sherwingorechomante/coldcaller/frontend/node_modules/jest-circus/build/utils.js:316:10)
    at _callCircusTest (/Users/sherwingorechomante/coldcaller/frontend/node_modules/jest-circus/build/run.js:218:40)
    at processTicksAndRejections (node:internal/process/task_queues:105:5)
    at _runTest (/Users/sherwingorechomante/coldcaller/frontend/node_modules/jest-circus/build/run.js:155:3)
    at _runTestsForDescribeBlock (/Users/sherwingorechomante/coldcaller/frontend/node_modules/jest-circus/build/run.js:66:9)
    at _runTestsForDescribeBlock (/Users/sherwingorechomante/coldcaller/frontend/node_modules/jest-circus/build/run.js:60:9)
    at _runTestsForDescribeBlock (/Users/sherwingorechomante/coldcaller/frontend/node_modules/jest-circus/build/run.js:60:9)
    at run (/Users/sherwingorechomante/coldcaller/frontend/node_modules/jest-circus/build/run.js:25:3)
    at runAndTransformResultsToJestFormat (/Users/sherwingorechomante/coldcaller/frontend/node_modules/jest-circus/build/legacy-code-todo-rewrite/jestAdapterInit.js:170:21)
    at jestAdapter (/Users/sherwingorechomante/coldcaller/frontend/node_modules/jest-circus/build/legacy-code-todo-rewrite/jestAdapter.js:82:19)
    at runTestInternal (/Users/sherwingorechomante/coldcaller/frontend/node_modules/jest-runner/build/runTest.js:389:16)
    at runTest (/Users/sherwingorechomante/coldcaller/frontend/node_modules/jest-runner/build/runTest.js:475:34)
    at Object.worker (/Users/sherwingorechomante/coldcaller/frontend/node_modules/jest-runner/build/testWorker.js:133:12)]]></failure>
    </testCase>
    <testCase name="Comprehensive Security Testing Suite File Upload Security should reject files with malicious script content" duration="4">
      <failure message="TestingLibraryElementError: Unable to find a label with the text of: /upload audio/i"><![CDATA[TestingLibraryElementError: Unable to find a label with the text of: /upload audio/i

Ignored nodes: comments, script, style
<body>
  <div>
    <div
      class="max-w-2xl mx-auto p-6 bg-white rounded-lg shadow-lg"
    >
      <div
        class="text-center mb-6"
      >
        <h2
          class="text-2xl font-bold text-gray-800 mb-2"
        >
          Upload Audio Clip
        </h2>
        <p
          class="text-gray-600"
        >
          Upload audio files for your call scripts. Supported formats: 
          MP3, WAV, OGG, M4A
        </p>
      </div>
      <div
        class="relative border-2 border-dashed rounded-lg p-8 text-center transition-all duration-300 border-gray-300 bg-gray-50 hover:border-gray-400"
      >
        <div>
          <div
            class="text-6xl mb-4"
          >
            🎵
          </div>
          <h3
            class="text-lg font-semibold text-gray-700 mb-2"
          >
            Drag & drop your audio file
          </h3>
          <p
            class="text-gray-500 mb-4"
          >
            or
          </p>
          <button
            class="px-6 py-3 bg-blue-600 text-white rounded-lg hover:bg-blue-700 disabled:opacity-50 disabled:cursor-not-allowed transition-colors font-medium"
          >
            Choose File
          </button>
          <input
            accept=".mp3,.wav,.ogg,.m4a"
            class="hidden"
            type="file"
          />
        </div>
      </div>
      <div
        class="mt-6 text-sm text-gray-500 text-center"
      >
        <p>
          Maximum file size: 50MB. Audio files will be processed and optimized for playback.
        </p>
      </div>
    </div>
  </div>
</body>
    at Object.getElementError (/Users/sherwingorechomante/coldcaller/frontend/node_modules/@testing-library/dom/dist/config.js:37:19)
    at getAllByLabelText (/Users/sherwingorechomante/coldcaller/frontend/node_modules/@testing-library/dom/dist/queries/label-text.js:111:38)
    at /Users/sherwingorechomante/coldcaller/frontend/node_modules/@testing-library/dom/dist/query-helpers.js:52:17
    at getByLabelText (/Users/sherwingorechomante/coldcaller/frontend/node_modules/@testing-library/dom/dist/query-helpers.js:95:19)
    at Object.<anonymous> (/Users/sherwingorechomante/coldcaller/frontend/src/__tests__/security/SecurityTesting.test.js:100:32)
    at Promise.then.completed (/Users/sherwingorechomante/coldcaller/frontend/node_modules/jest-circus/build/utils.js:391:28)
    at new Promise (<anonymous>)
    at callAsyncCircusFn (/Users/sherwingorechomante/coldcaller/frontend/node_modules/jest-circus/build/utils.js:316:10)
    at _callCircusTest (/Users/sherwingorechomante/coldcaller/frontend/node_modules/jest-circus/build/run.js:218:40)
    at processTicksAndRejections (node:internal/process/task_queues:105:5)
    at _runTest (/Users/sherwingorechomante/coldcaller/frontend/node_modules/jest-circus/build/run.js:155:3)
    at _runTestsForDescribeBlock (/Users/sherwingorechomante/coldcaller/frontend/node_modules/jest-circus/build/run.js:66:9)
    at _runTestsForDescribeBlock (/Users/sherwingorechomante/coldcaller/frontend/node_modules/jest-circus/build/run.js:60:9)
    at _runTestsForDescribeBlock (/Users/sherwingorechomante/coldcaller/frontend/node_modules/jest-circus/build/run.js:60:9)
    at run (/Users/sherwingorechomante/coldcaller/frontend/node_modules/jest-circus/build/run.js:25:3)
    at runAndTransformResultsToJestFormat (/Users/sherwingorechomante/coldcaller/frontend/node_modules/jest-circus/build/legacy-code-todo-rewrite/jestAdapterInit.js:170:21)
    at jestAdapter (/Users/sherwingorechomante/coldcaller/frontend/node_modules/jest-circus/build/legacy-code-todo-rewrite/jestAdapter.js:82:19)
    at runTestInternal (/Users/sherwingorechomante/coldcaller/frontend/node_modules/jest-runner/build/runTest.js:389:16)
    at runTest (/Users/sherwingorechomante/coldcaller/frontend/node_modules/jest-runner/build/runTest.js:475:34)
    at Object.worker (/Users/sherwingorechomante/coldcaller/frontend/node_modules/jest-runner/build/testWorker.js:133:12)]]></failure>
    </testCase>
    <testCase name="Comprehensive Security Testing Suite File Upload Security should enforce file size limits" duration="4">
      <failure message="TestingLibraryElementError: Unable to find a label with the text of: /upload audio/i"><![CDATA[TestingLibraryElementError: Unable to find a label with the text of: /upload audio/i

Ignored nodes: comments, script, style
<body>
  <div>
    <div
      class="max-w-2xl mx-auto p-6 bg-white rounded-lg shadow-lg"
    >
      <div
        class="text-center mb-6"
      >
        <h2
          class="text-2xl font-bold text-gray-800 mb-2"
        >
          Upload Audio Clip
        </h2>
        <p
          class="text-gray-600"
        >
          Upload audio files for your call scripts. Supported formats: 
          MP3, WAV, OGG, M4A
        </p>
      </div>
      <div
        class="relative border-2 border-dashed rounded-lg p-8 text-center transition-all duration-300 border-gray-300 bg-gray-50 hover:border-gray-400"
      >
        <div>
          <div
            class="text-6xl mb-4"
          >
            🎵
          </div>
          <h3
            class="text-lg font-semibold text-gray-700 mb-2"
          >
            Drag & drop your audio file
          </h3>
          <p
            class="text-gray-500 mb-4"
          >
            or
          </p>
          <button
            class="px-6 py-3 bg-blue-600 text-white rounded-lg hover:bg-blue-700 disabled:opacity-50 disabled:cursor-not-allowed transition-colors font-medium"
          >
            Choose File
          </button>
          <input
            accept=".mp3,.wav,.ogg,.m4a"
            class="hidden"
            type="file"
          />
        </div>
      </div>
      <div
        class="mt-6 text-sm text-gray-500 text-center"
      >
        <p>
          Maximum file size: 50MB. Audio files will be processed and optimized for playback.
        </p>
      </div>
    </div>
  </div>
</body>
    at Object.getElementError (/Users/sherwingorechomante/coldcaller/frontend/node_modules/@testing-library/dom/dist/config.js:37:19)
    at getAllByLabelText (/Users/sherwingorechomante/coldcaller/frontend/node_modules/@testing-library/dom/dist/queries/label-text.js:111:38)
    at /Users/sherwingorechomante/coldcaller/frontend/node_modules/@testing-library/dom/dist/query-helpers.js:52:17
    at getByLabelText (/Users/sherwingorechomante/coldcaller/frontend/node_modules/@testing-library/dom/dist/query-helpers.js:95:19)
    at Object.<anonymous> (/Users/sherwingorechomante/coldcaller/frontend/src/__tests__/security/SecurityTesting.test.js:121:32)
    at Promise.then.completed (/Users/sherwingorechomante/coldcaller/frontend/node_modules/jest-circus/build/utils.js:391:28)
    at new Promise (<anonymous>)
    at callAsyncCircusFn (/Users/sherwingorechomante/coldcaller/frontend/node_modules/jest-circus/build/utils.js:316:10)
    at _callCircusTest (/Users/sherwingorechomante/coldcaller/frontend/node_modules/jest-circus/build/run.js:218:40)
    at processTicksAndRejections (node:internal/process/task_queues:105:5)
    at _runTest (/Users/sherwingorechomante/coldcaller/frontend/node_modules/jest-circus/build/run.js:155:3)
    at _runTestsForDescribeBlock (/Users/sherwingorechomante/coldcaller/frontend/node_modules/jest-circus/build/run.js:66:9)
    at _runTestsForDescribeBlock (/Users/sherwingorechomante/coldcaller/frontend/node_modules/jest-circus/build/run.js:60:9)
    at _runTestsForDescribeBlock (/Users/sherwingorechomante/coldcaller/frontend/node_modules/jest-circus/build/run.js:60:9)
    at run (/Users/sherwingorechomante/coldcaller/frontend/node_modules/jest-circus/build/run.js:25:3)
    at runAndTransformResultsToJestFormat (/Users/sherwingorechomante/coldcaller/frontend/node_modules/jest-circus/build/legacy-code-todo-rewrite/jestAdapterInit.js:170:21)
    at jestAdapter (/Users/sherwingorechomante/coldcaller/frontend/node_modules/jest-circus/build/legacy-code-todo-rewrite/jestAdapter.js:82:19)
    at runTestInternal (/Users/sherwingorechomante/coldcaller/frontend/node_modules/jest-runner/build/runTest.js:389:16)
    at runTest (/Users/sherwingorechomante/coldcaller/frontend/node_modules/jest-runner/build/runTest.js:475:34)
    at Object.worker (/Users/sherwingorechomante/coldcaller/frontend/node_modules/jest-runner/build/testWorker.js:133:12)]]></failure>
    </testCase>
    <testCase name="Comprehensive Security Testing Suite File Upload Security should validate MIME type vs file extension" duration="2">
      <failure message="TestingLibraryElementError: Unable to find a label with the text of: /upload audio/i"><![CDATA[TestingLibraryElementError: Unable to find a label with the text of: /upload audio/i

Ignored nodes: comments, script, style
<body>
  <div>
    <div
      class="max-w-2xl mx-auto p-6 bg-white rounded-lg shadow-lg"
    >
      <div
        class="text-center mb-6"
      >
        <h2
          class="text-2xl font-bold text-gray-800 mb-2"
        >
          Upload Audio Clip
        </h2>
        <p
          class="text-gray-600"
        >
          Upload audio files for your call scripts. Supported formats: 
          MP3, WAV, OGG, M4A
        </p>
      </div>
      <div
        class="relative border-2 border-dashed rounded-lg p-8 text-center transition-all duration-300 border-gray-300 bg-gray-50 hover:border-gray-400"
      >
        <div>
          <div
            class="text-6xl mb-4"
          >
            🎵
          </div>
          <h3
            class="text-lg font-semibold text-gray-700 mb-2"
          >
            Drag & drop your audio file
          </h3>
          <p
            class="text-gray-500 mb-4"
          >
            or
          </p>
          <button
            class="px-6 py-3 bg-blue-600 text-white rounded-lg hover:bg-blue-700 disabled:opacity-50 disabled:cursor-not-allowed transition-colors font-medium"
          >
            Choose File
          </button>
          <input
            accept=".mp3,.wav,.ogg,.m4a"
            class="hidden"
            type="file"
          />
        </div>
      </div>
      <div
        class="mt-6 text-sm text-gray-500 text-center"
      >
        <p>
          Maximum file size: 50MB. Audio files will be processed and optimized for playback.
        </p>
      </div>
    </div>
  </div>
</body>
    at Object.getElementError (/Users/sherwingorechomante/coldcaller/frontend/node_modules/@testing-library/dom/dist/config.js:37:19)
    at getAllByLabelText (/Users/sherwingorechomante/coldcaller/frontend/node_modules/@testing-library/dom/dist/queries/label-text.js:111:38)
    at /Users/sherwingorechomante/coldcaller/frontend/node_modules/@testing-library/dom/dist/query-helpers.js:52:17
    at getByLabelText (/Users/sherwingorechomante/coldcaller/frontend/node_modules/@testing-library/dom/dist/query-helpers.js:95:19)
    at Object.<anonymous> (/Users/sherwingorechomante/coldcaller/frontend/src/__tests__/security/SecurityTesting.test.js:142:32)
    at Promise.then.completed (/Users/sherwingorechomante/coldcaller/frontend/node_modules/jest-circus/build/utils.js:391:28)
    at new Promise (<anonymous>)
    at callAsyncCircusFn (/Users/sherwingorechomante/coldcaller/frontend/node_modules/jest-circus/build/utils.js:316:10)
    at _callCircusTest (/Users/sherwingorechomante/coldcaller/frontend/node_modules/jest-circus/build/run.js:218:40)
    at processTicksAndRejections (node:internal/process/task_queues:105:5)
    at _runTest (/Users/sherwingorechomante/coldcaller/frontend/node_modules/jest-circus/build/run.js:155:3)
    at _runTestsForDescribeBlock (/Users/sherwingorechomante/coldcaller/frontend/node_modules/jest-circus/build/run.js:66:9)
    at _runTestsForDescribeBlock (/Users/sherwingorechomante/coldcaller/frontend/node_modules/jest-circus/build/run.js:60:9)
    at _runTestsForDescribeBlock (/Users/sherwingorechomante/coldcaller/frontend/node_modules/jest-circus/build/run.js:60:9)
    at run (/Users/sherwingorechomante/coldcaller/frontend/node_modules/jest-circus/build/run.js:25:3)
    at runAndTransformResultsToJestFormat (/Users/sherwingorechomante/coldcaller/frontend/node_modules/jest-circus/build/legacy-code-todo-rewrite/jestAdapterInit.js:170:21)
    at jestAdapter (/Users/sherwingorechomante/coldcaller/frontend/node_modules/jest-circus/build/legacy-code-todo-rewrite/jestAdapter.js:82:19)
    at runTestInternal (/Users/sherwingorechomante/coldcaller/frontend/node_modules/jest-runner/build/runTest.js:389:16)
    at runTest (/Users/sherwingorechomante/coldcaller/frontend/node_modules/jest-runner/build/runTest.js:475:34)
    at Object.worker (/Users/sherwingorechomante/coldcaller/frontend/node_modules/jest-runner/build/testWorker.js:133:12)]]></failure>
    </testCase>
    <testCase name="Comprehensive Security Testing Suite File Upload Security should scan files for embedded malicious content" duration="3">
      <failure message="TestingLibraryElementError: Unable to find a label with the text of: /upload audio/i"><![CDATA[TestingLibraryElementError: Unable to find a label with the text of: /upload audio/i

Ignored nodes: comments, script, style
<body>
  <div>
    <div
      class="max-w-2xl mx-auto p-6 bg-white rounded-lg shadow-lg"
    >
      <div
        class="text-center mb-6"
      >
        <h2
          class="text-2xl font-bold text-gray-800 mb-2"
        >
          Upload Audio Clip
        </h2>
        <p
          class="text-gray-600"
        >
          Upload audio files for your call scripts. Supported formats: 
          MP3, WAV, OGG, M4A
        </p>
      </div>
      <div
        class="relative border-2 border-dashed rounded-lg p-8 text-center transition-all duration-300 border-gray-300 bg-gray-50 hover:border-gray-400"
      >
        <div>
          <div
            class="text-6xl mb-4"
          >
            🎵
          </div>
          <h3
            class="text-lg font-semibold text-gray-700 mb-2"
          >
            Drag & drop your audio file
          </h3>
          <p
            class="text-gray-500 mb-4"
          >
            or
          </p>
          <button
            class="px-6 py-3 bg-blue-600 text-white rounded-lg hover:bg-blue-700 disabled:opacity-50 disabled:cursor-not-allowed transition-colors font-medium"
          >
            Choose File
          </button>
          <input
            accept=".mp3,.wav,.ogg,.m4a"
            class="hidden"
            type="file"
          />
        </div>
      </div>
      <div
        class="mt-6 text-sm text-gray-500 text-center"
      >
        <p>
          Maximum file size: 50MB. Audio files will be processed and optimized for playback.
        </p>
      </div>
    </div>
  </div>
</body>
    at Object.getElementError (/Users/sherwingorechomante/coldcaller/frontend/node_modules/@testing-library/dom/dist/config.js:37:19)
    at getAllByLabelText (/Users/sherwingorechomante/coldcaller/frontend/node_modules/@testing-library/dom/dist/queries/label-text.js:111:38)
    at /Users/sherwingorechomante/coldcaller/frontend/node_modules/@testing-library/dom/dist/query-helpers.js:52:17
    at getByLabelText (/Users/sherwingorechomante/coldcaller/frontend/node_modules/@testing-library/dom/dist/query-helpers.js:95:19)
    at Object.<anonymous> (/Users/sherwingorechomante/coldcaller/frontend/src/__tests__/security/SecurityTesting.test.js:174:32)
    at Promise.then.completed (/Users/sherwingorechomante/coldcaller/frontend/node_modules/jest-circus/build/utils.js:391:28)
    at new Promise (<anonymous>)
    at callAsyncCircusFn (/Users/sherwingorechomante/coldcaller/frontend/node_modules/jest-circus/build/utils.js:316:10)
    at _callCircusTest (/Users/sherwingorechomante/coldcaller/frontend/node_modules/jest-circus/build/run.js:218:40)
    at processTicksAndRejections (node:internal/process/task_queues:105:5)
    at _runTest (/Users/sherwingorechomante/coldcaller/frontend/node_modules/jest-circus/build/run.js:155:3)
    at _runTestsForDescribeBlock (/Users/sherwingorechomante/coldcaller/frontend/node_modules/jest-circus/build/run.js:66:9)
    at _runTestsForDescribeBlock (/Users/sherwingorechomante/coldcaller/frontend/node_modules/jest-circus/build/run.js:60:9)
    at _runTestsForDescribeBlock (/Users/sherwingorechomante/coldcaller/frontend/node_modules/jest-circus/build/run.js:60:9)
    at run (/Users/sherwingorechomante/coldcaller/frontend/node_modules/jest-circus/build/run.js:25:3)
    at runAndTransformResultsToJestFormat (/Users/sherwingorechomante/coldcaller/frontend/node_modules/jest-circus/build/legacy-code-todo-rewrite/jestAdapterInit.js:170:21)
    at jestAdapter (/Users/sherwingorechomante/coldcaller/frontend/node_modules/jest-circus/build/legacy-code-todo-rewrite/jestAdapter.js:82:19)
    at runTestInternal (/Users/sherwingorechomante/coldcaller/frontend/node_modules/jest-runner/build/runTest.js:389:16)
    at runTest (/Users/sherwingorechomante/coldcaller/frontend/node_modules/jest-runner/build/runTest.js:475:34)
    at Object.worker (/Users/sherwingorechomante/coldcaller/frontend/node_modules/jest-runner/build/testWorker.js:133:12)]]></failure>
    </testCase>
    <testCase name="Comprehensive Security Testing Suite Cross-Site Scripting (XSS) Prevention should sanitize user input in lead name field" duration="18">
      <failure message="TestingLibraryElementError: Unable to find an element with the text: /alert.*XSS/. This could be because the text is broken up by multiple elements. In this case, you can provide a function for your text matcher to make your matcher more flexible."><![CDATA[TestingLibraryElementError: Unable to find an element with the text: /alert.*XSS/. This could be because the text is broken up by multiple elements. In this case, you can provide a function for your text matcher to make your matcher more flexible.

Ignored nodes: comments, script, style
<body>
  <div>
    <div
      class="card max-w-md m-3"
    >
      <div
        class="text-center mb-4"
      >
        <h2
          class="text-xl font-semibold text-gray-800"
        >
          Current Lead
        </h2>
        <div
          class="text-sm text-blue-600 mt-1"
        >
          🔄 Loading leads...
        </div>
      </div>
      <div
        class="flex justify-between items-center mb-5 p-3 bg-white rounded-lg shadow-sm"
      >
        <button
          class="btn-primary text-sm py-2 px-4 opacity-50 cursor-not-allowed transition-colors"
          disabled=""
        >
          ⬅️ Previous
        </button>
        <span
          class="text-sm font-semibold text-gray-600"
        >
          Lead 
          1
           of 
          0
          <span
            class="ml-2 text-xs text-orange-600"
          >
            (Offline)
          </span>
        </span>
        <button
          class="btn-primary text-sm py-2 px-4 opacity-50 cursor-not-allowed transition-colors"
          disabled=""
        >
          Next ➡️
        </button>
      </div>
      <div
        class="bg-white rounded-lg shadow-soft p-6 relative mb-5"
      >
        <div
          class="absolute top-3 right-3 px-3 py-1 text-white text-xs font-bold rounded-full transition-colors bg-blue-500"
        >
          New
        </div>
        <div
          class="mb-5"
        >
          <div
            class="flex mb-3 text-sm"
          >
            <span
              class="w-28 font-semibold text-gray-600"
            >
              👤 Name:
            </span>
            <span
              class="flex-1 text-gray-800"
            >
              John Smith
            </span>
          </div>
          <div
            class="flex mb-3 text-sm"
          >
            <span
              class="w-28 font-semibold text-gray-600"
            >
              🏢 Company:
            </span>
            <span
              class="flex-1 text-gray-800"
            >
              Tech Solutions Inc.
            </span>
          </div>
          <div
            class="flex mb-3 text-sm"
          >
            <span
              class="w-28 font-semibold text-gray-600"
            >
              📞 Phone:
            </span>
            <span
              class="flex-1 text-gray-800"
            >
              (555) 123-4567
            </span>
          </div>
          <div
            class="flex mb-3 text-sm"
          >
            <span
              class="w-28 font-semibold text-gray-600"
            >
              ✉️ Email:
            </span>
            <span
              class="flex-1 text-gray-800"
            >
              john@techsolutions.com
            </span>
          </div>
          <div
            class="flex mb-3 text-sm"
          >
            <span
              class="w-28 font-semibold text-gray-600"
            >
              📅 Last Contact:
            </span>
            <span
              class="flex-1 text-gray-800"
            >
              Never
            </span>
          </div>
        </div>
        <div
          class="border-t border-gray-200 pt-4"
        >
          <div
            class="flex justify-between items-center mb-3"
          >
            <span
              class="font-semibold text-sm text-gray-600"
            >
              📝 Notes:
            </span>
            <button
              class="btn-secondary text-xs py-1 px-3 hover:bg-blue-600 transition-colors"
            >
              ✏️ Edit
            </button>
          </div>
          <div
            class="p-3 bg-gray-50 rounded-md text-sm leading-relaxed text-gray-800"
          >
            Interested in cloud services
          </div>
        </div>
      </div>
      <div
        class="space-y-3"
      >
        <div
          class="flex flex-wrap gap-2"
        >
          <button
            class="flex-1 min-w-[100px] p-2 bg-orange-500 hover:bg-orange-600 disabled:opacity-50 disabled:cursor-not-allowed text-white rounded-md text-xs font-medium transition-colors"
            disabled=""
          >
            📅 Follow-up
          </button>
          <button
            class="flex-1 min-w-[100px] p-2 bg-green-500 hover:bg-green-600 disabled:opacity-50 disabled:cursor-not-allowed text-white rounded-md text-xs font-medium transition-colors"
            disabled=""
          >
            ✅ Qualified
          </button>
          <button
            class="flex-1 min-w-[100px] p-2 bg-red-500 hover:bg-red-600 disabled:opacity-50 disabled:cursor-not-allowed text-white rounded-md text-xs font-medium transition-colors"
            disabled=""
          >
            ❌ Not Interested
          </button>
        </div>
        <div
          class="flex flex-wrap gap-3"
        >
          <button
            class="flex-1 min-w-[120px] p-3 bg-white hover:bg-gray-50 disabled:opacity-50 text-gray-700 border border-gray-300 rounded-md text-sm font-medium transition-all hover:shadow-sm"
            disabled=""
          >
            📧 Send Email
          </button>
          <button
            class="flex-1 min-w-[120px] p-3 bg-white hover:bg-gray-50 disabled:opacity-50 text-gray-700 border border-gray-300 rounded-md text-sm font-medium transition-all hover:shadow-sm"
            disabled=""
          >
            🔄 Loading...
          </button>
          <button
            class="flex-1 min-w-[120px] p-3 bg-white hover:bg-gray-50 disabled:opacity-50 text-gray-700 border border-gray-300 rounded-md text-sm font-medium transition-all hover:shadow-sm"
            disabled=""
          >
            📞 Call Log
          </button>
        </div>
        <div
          class="text-center text-xs text-gray-500 mt-2"
        >
          API Status:
          <span
            class="ml-1 font-semibold text-orange-600"
          >
            🟡 Offline Mode
          </span>
        </div>
      </div>
    </div>
  </div>
</body>
    at Object.getElementError (/Users/sherwingorechomante/coldcaller/frontend/node_modules/@testing-library/dom/dist/config.js:37:19)
    at /Users/sherwingorechomante/coldcaller/frontend/node_modules/@testing-library/dom/dist/query-helpers.js:76:38
    at /Users/sherwingorechomante/coldcaller/frontend/node_modules/@testing-library/dom/dist/query-helpers.js:52:17
    at getByText (/Users/sherwingorechomante/coldcaller/frontend/node_modules/@testing-library/dom/dist/query-helpers.js:95:19)
    at Object.<anonymous> (/Users/sherwingorechomante/coldcaller/frontend/src/__tests__/security/SecurityTesting.test.js:207:38)
    at Promise.then.completed (/Users/sherwingorechomante/coldcaller/frontend/node_modules/jest-circus/build/utils.js:391:28)
    at new Promise (<anonymous>)
    at callAsyncCircusFn (/Users/sherwingorechomante/coldcaller/frontend/node_modules/jest-circus/build/utils.js:316:10)
    at _callCircusTest (/Users/sherwingorechomante/coldcaller/frontend/node_modules/jest-circus/build/run.js:218:40)
    at processTicksAndRejections (node:internal/process/task_queues:105:5)
    at _runTest (/Users/sherwingorechomante/coldcaller/frontend/node_modules/jest-circus/build/run.js:155:3)
    at _runTestsForDescribeBlock (/Users/sherwingorechomante/coldcaller/frontend/node_modules/jest-circus/build/run.js:66:9)
    at _runTestsForDescribeBlock (/Users/sherwingorechomante/coldcaller/frontend/node_modules/jest-circus/build/run.js:60:9)
    at _runTestsForDescribeBlock (/Users/sherwingorechomante/coldcaller/frontend/node_modules/jest-circus/build/run.js:60:9)
    at run (/Users/sherwingorechomante/coldcaller/frontend/node_modules/jest-circus/build/run.js:25:3)
    at runAndTransformResultsToJestFormat (/Users/sherwingorechomante/coldcaller/frontend/node_modules/jest-circus/build/legacy-code-todo-rewrite/jestAdapterInit.js:170:21)
    at jestAdapter (/Users/sherwingorechomante/coldcaller/frontend/node_modules/jest-circus/build/legacy-code-todo-rewrite/jestAdapter.js:82:19)
    at runTestInternal (/Users/sherwingorechomante/coldcaller/frontend/node_modules/jest-runner/build/runTest.js:389:16)
    at runTest (/Users/sherwingorechomante/coldcaller/frontend/node_modules/jest-runner/build/runTest.js:475:34)
    at Object.worker (/Users/sherwingorechomante/coldcaller/frontend/node_modules/jest-runner/build/testWorker.js:133:12)]]></failure>
    </testCase>
    <testCase name="Comprehensive Security Testing Suite Cross-Site Scripting (XSS) Prevention should prevent XSS in note content" duration="67">
      <failure message="TestingLibraryElementError: Found multiple elements with the role &quot;textbox&quot;"><![CDATA[TestingLibraryElementError: Found multiple elements with the role "textbox"

Here are the matching elements:

Ignored nodes: comments, script, style
<textarea
  class="w-full h-full border-none outline-none resize-none text-sm leading-relaxed"
  placeholder="Start typing your call notes here... Use ## for headings, - for lists, and [ ] for checkboxes."
  style="font-family: monospace;"
/>

Ignored nodes: comments, script, style
<input
  class="text-sm border rounded px-2 py-1 w-32"
  placeholder="Add tags..."
  type="text"
/>

(If this is intentional, then use the `*AllBy*` variant of the query (like `queryAllByText`, `getAllByText`, or `findAllByText`)).

Ignored nodes: comments, script, style
<body>
  <div>
    <div
      class="note-taking-system bg-white rounded-lg shadow-lg"
    >
      <div
        class="flex items-center justify-between p-4 border-b"
      >
        <div
          class="flex items-center space-x-4"
        >
          <h2
            class="text-xl font-semibold text-gray-800"
          >
            📝 Call Notes
          </h2>
        </div>
        <div
          class="flex items-center space-x-2"
        >
          <button
            class="px-3 py-1 text-sm bg-blue-500 text-white rounded hover:bg-blue-600 transition-colors"
          >
            🔍 Search
          </button>
          <button
            class="px-3 py-1 text-sm bg-purple-500 text-white rounded hover:bg-purple-600 transition-colors"
          >
            📊 Analytics
          </button>
          <button
            class="px-3 py-1 text-sm bg-green-500 text-white rounded hover:bg-green-600 transition-colors"
          >
            👥 Collaborate
          </button>
        </div>
      </div>
      <div
        class="flex h-96"
      >
        <div
          class="w-1/4 border-r bg-gray-50"
        >
          <div
            class="p-4"
          >
            <h3
              class="text-lg font-medium text-gray-700 mb-3"
            >
              📋 Templates
            </h3>
            <div
              class="space-y-2 max-h-80 overflow-y-auto"
            />
          </div>
        </div>
        <div
          class="flex-1 flex flex-col"
        >
          <div
            class="flex items-center justify-between p-3 border-b bg-gray-50"
          >
            <div
              class="flex items-center space-x-2"
            >
              <button
                class="p-1 text-sm border rounded hover:bg-gray-100 disabled:opacity-50"
                disabled=""
                title="Bold"
              >
                <strong>
                  B
                </strong>
              </button>
              <button
                class="p-1 text-sm border rounded hover:bg-gray-100 disabled:opacity-50"
                disabled=""
                title="Italic"
              >
                <em>
                  I
                </em>
              </button>
              <button
                class="p-1 text-sm border rounded hover:bg-gray-100 disabled:opacity-50"
                disabled=""
                title="Highlight"
              >
                🖍️
              </button>
              <div
                class="border-l h-6 mx-2"
              />
              <button
                class="p-1 text-sm border rounded hover:bg-gray-100"
                title="Add heading"
              >
                H
              </button>
              <button
                class="p-1 text-sm border rounded hover:bg-gray-100"
                title="Add bullet point"
              >
                •
              </button>
              <button
                class="p-1 text-sm border rounded hover:bg-gray-100"
                title="Add checkbox"
              >
                ☑️
              </button>
              <div
                class="border-l h-6 mx-2"
              />
              <button
                class="p-1 text-sm border rounded transition-colors hover:bg-gray-100"
                title="Start voice dictation"
              >
                🎤
              </button>
            </div>
            <div
              class="flex items-center space-x-2"
            >
              <div
                class="text-sm text-gray-500"
              >
                Quality: 
                0
                %
              </div>
              <div
                class="relative"
              >
                <select
                  class="text-sm border rounded px-2 py-1"
                >
                  <option
                    value=""
                  >
                    Export...
                  </option>
                  <option
                    value="pdf"
                  >
                    PDF
                  </option>
                  <option
                    value="docx"
                  >
                    Word
                  </option>
                  <option
                    value="txt"
                  >
                    Text
                  </option>
                  <option
                    value="md"
                  >
                    Markdown
                  </option>
                </select>
              </div>
            </div>
          </div>
          <div
            class="flex-1 p-4"
          >
            <textarea
              class="w-full h-full border-none outline-none resize-none text-sm leading-relaxed"
              placeholder="Start typing your call notes here... Use ## for headings, - for lists, and [ ] for checkboxes."
              style="font-family: monospace;"
            />
          </div>
          <div
            class="flex items-center justify-between p-3 border-t bg-gray-50"
          >
            <div
              class="flex items-center space-x-4"
            >
              <div
                class="text-sm text-gray-500"
              >
                0
                 words
              </div>
              <div
                class="flex items-center space-x-2"
              >
                <span
                  class="text-sm text-gray-600"
                >
                  Tags:
                </span>
                <input
                  class="text-sm border rounded px-2 py-1 w-32"
                  placeholder="Add tags..."
                  type="text"
                />
              </div>
              <div
                class="flex flex-wrap gap-1"
              />
            </div>
            <div
              class="flex items-center space-x-2"
            >
              <label
                class="flex items-center text-sm"
              >
                <input
                  class="mr-1"
                  type="checkbox"
                />
                Follow-up required
              </label>
              <button
                class="px-4 py-2 bg-blue-500 text-white rounded hover:bg-blue-600 disabled:opacity-50 disabled:cursor-not-allowed transition-colors"
                disabled=""
              >
                ⏳ Saving...
              </button>
            </div>
          </div>
        </div>
      </div>
    </div>
  </div>
</body>
    at Object.getElementError (/Users/sherwingorechomante/coldcaller/frontend/node_modules/@testing-library/dom/dist/config.js:37:19)
    at getElementError (/Users/sherwingorechomante/coldcaller/frontend/node_modules/@testing-library/dom/dist/query-helpers.js:20:35)
    at getMultipleElementsFoundError (/Users/sherwingorechomante/coldcaller/frontend/node_modules/@testing-library/dom/dist/query-helpers.js:23:10)
    at /Users/sherwingorechomante/coldcaller/frontend/node_modules/@testing-library/dom/dist/query-helpers.js:55:13
    at getByRole (/Users/sherwingorechomante/coldcaller/frontend/node_modules/@testing-library/dom/dist/query-helpers.js:95:19)
    at Object.<anonymous> (/Users/sherwingorechomante/coldcaller/frontend/src/__tests__/security/SecurityTesting.test.js:216:32)
    at Promise.then.completed (/Users/sherwingorechomante/coldcaller/frontend/node_modules/jest-circus/build/utils.js:391:28)
    at new Promise (<anonymous>)
    at callAsyncCircusFn (/Users/sherwingorechomante/coldcaller/frontend/node_modules/jest-circus/build/utils.js:316:10)
    at _callCircusTest (/Users/sherwingorechomante/coldcaller/frontend/node_modules/jest-circus/build/run.js:218:40)
    at processTicksAndRejections (node:internal/process/task_queues:105:5)
    at _runTest (/Users/sherwingorechomante/coldcaller/frontend/node_modules/jest-circus/build/run.js:155:3)
    at _runTestsForDescribeBlock (/Users/sherwingorechomante/coldcaller/frontend/node_modules/jest-circus/build/run.js:66:9)
    at _runTestsForDescribeBlock (/Users/sherwingorechomante/coldcaller/frontend/node_modules/jest-circus/build/run.js:60:9)
    at _runTestsForDescribeBlock (/Users/sherwingorechomante/coldcaller/frontend/node_modules/jest-circus/build/run.js:60:9)
    at run (/Users/sherwingorechomante/coldcaller/frontend/node_modules/jest-circus/build/run.js:25:3)
    at runAndTransformResultsToJestFormat (/Users/sherwingorechomante/coldcaller/frontend/node_modules/jest-circus/build/legacy-code-todo-rewrite/jestAdapterInit.js:170:21)
    at jestAdapter (/Users/sherwingorechomante/coldcaller/frontend/node_modules/jest-circus/build/legacy-code-todo-rewrite/jestAdapter.js:82:19)
    at runTestInternal (/Users/sherwingorechomante/coldcaller/frontend/node_modules/jest-runner/build/runTest.js:389:16)
    at runTest (/Users/sherwingorechomante/coldcaller/frontend/node_modules/jest-runner/build/runTest.js:475:34)
    at Object.worker (/Users/sherwingorechomante/coldcaller/frontend/node_modules/jest-runner/build/testWorker.js:133:12)]]></failure>
    </testCase>
    <testCase name="Comprehensive Security Testing Suite Cross-Site Scripting (XSS) Prevention should sanitize data attributes" duration="15"/>
    <testCase name="Comprehensive Security Testing Suite Cross-Site Scripting (XSS) Prevention should prevent DOM-based XSS via URL parameters" duration="7"/>
    <testCase name="Comprehensive Security Testing Suite Input Validation and Sanitization should validate phone number format strictly" duration="916">
      <failure message="TestingLibraryElementError: Unable to find an accessible element with the role &quot;button&quot; and name `/call/i`"><![CDATA[TestingLibraryElementError: Unable to find an accessible element with the role "button" and name `/call/i`

Here are the accessible roles:

  heading:

  Name "Enhanced VOIP Dialer":
  <h2
    class="text-xl font-semibold text-gray-700"
  />

  Name "Call Status":
  <h3
    class="text-lg font-semibold text-gray-700"
  />

  --------------------------------------------------
  textbox:

  Name "":
  <input
    class="input-field flex-1 text-center text-lg"
    placeholder="Enter phone number"
    type="text"
    value=""
  />

  --------------------------------------------------
  button:

  Name "⌫":
  <button
    class="px-4 py-3 text-xl bg-red-500 hover:bg-red-600 text-white rounded-lg transition-colors duration-200"
  />

  Name "1":
  <button
    class="p-4 text-xl bg-green-500 text-white border-2 border-green-400 rounded-lg hover:bg-green-600 hover:border-green-500 hover:shadow-lg active:scale-95 transition-all duration-200 disabled:opacity-50 disabled:cursor-not-allowed font-semibold"
    disabled=""
  />

  Name "2":
  <button
    class="p-4 text-xl bg-green-500 text-white border-2 border-green-400 rounded-lg hover:bg-green-600 hover:border-green-500 hover:shadow-lg active:scale-95 transition-all duration-200 disabled:opacity-50 disabled:cursor-not-allowed font-semibold"
    disabled=""
  />

  Name "3":
  <button
    class="p-4 text-xl bg-green-500 text-white border-2 border-green-400 rounded-lg hover:bg-green-600 hover:border-green-500 hover:shadow-lg active:scale-95 transition-all duration-200 disabled:opacity-50 disabled:cursor-not-allowed font-semibold"
    disabled=""
  />

  Name "4":
  <button
    class="p-4 text-xl bg-green-500 text-white border-2 border-green-400 rounded-lg hover:bg-green-600 hover:border-green-500 hover:shadow-lg active:scale-95 transition-all duration-200 disabled:opacity-50 disabled:cursor-not-allowed font-semibold"
    disabled=""
  />

  Name "5":
  <button
    class="p-4 text-xl bg-green-500 text-white border-2 border-green-400 rounded-lg hover:bg-green-600 hover:border-green-500 hover:shadow-lg active:scale-95 transition-all duration-200 disabled:opacity-50 disabled:cursor-not-allowed font-semibold"
    disabled=""
  />

  Name "6":
  <button
    class="p-4 text-xl bg-green-500 text-white border-2 border-green-400 rounded-lg hover:bg-green-600 hover:border-green-500 hover:shadow-lg active:scale-95 transition-all duration-200 disabled:opacity-50 disabled:cursor-not-allowed font-semibold"
    disabled=""
  />

  Name "7":
  <button
    class="p-4 text-xl bg-green-500 text-white border-2 border-green-400 rounded-lg hover:bg-green-600 hover:border-green-500 hover:shadow-lg active:scale-95 transition-all duration-200 disabled:opacity-50 disabled:cursor-not-allowed font-semibold"
    disabled=""
  />

  Name "8":
  <button
    class="p-4 text-xl bg-green-500 text-white border-2 border-green-400 rounded-lg hover:bg-green-600 hover:border-green-500 hover:shadow-lg active:scale-95 transition-all duration-200 disabled:opacity-50 disabled:cursor-not-allowed font-semibold"
    disabled=""
  />

  Name "9":
  <button
    class="p-4 text-xl bg-green-500 text-white border-2 border-green-400 rounded-lg hover:bg-green-600 hover:border-green-500 hover:shadow-lg active:scale-95 transition-all duration-200 disabled:opacity-50 disabled:cursor-not-allowed font-semibold"
    disabled=""
  />

  Name "*":
  <button
    class="p-4 text-xl bg-green-500 text-white border-2 border-green-400 rounded-lg hover:bg-green-600 hover:border-green-500 hover:shadow-lg active:scale-95 transition-all duration-200 disabled:opacity-50 disabled:cursor-not-allowed font-semibold"
    disabled=""
  />

  Name "0":
  <button
    class="p-4 text-xl bg-green-500 text-white border-2 border-green-400 rounded-lg hover:bg-green-600 hover:border-green-500 hover:shadow-lg active:scale-95 transition-all duration-200 disabled:opacity-50 disabled:cursor-not-allowed font-semibold"
    disabled=""
  />

  Name "#":
  <button
    class="p-4 text-xl bg-green-500 text-white border-2 border-green-400 rounded-lg hover:bg-green-600 hover:border-green-500 hover:shadow-lg active:scale-95 transition-all duration-200 disabled:opacity-50 disabled:cursor-not-allowed font-semibold"
    disabled=""
  />

  Name "🔢 DTMF":
  <button
    class="flex-1 py-2 bg-blue-500 hover:bg-blue-600 disabled:opacity-50 text-white rounded text-sm font-medium transition-all duration-200 hover:shadow-md active:scale-95"
    disabled=""
  />

  Name "✅ Connected":
  <button
    class="px-3 py-2 bg-green-500 hover:bg-green-600 disabled:opacity-50 text-white rounded text-sm font-medium transition-all duration-200 hover:shadow-md active:scale-95"
  />

  Name "📧 Voicemail":
  <button
    class="px-3 py-2 bg-blue-500 hover:bg-blue-600 disabled:opacity-50 text-white rounded text-sm font-medium transition-all duration-200 hover:shadow-md active:scale-95"
  />

  Name "🔕 No Answer":
  <button
    class="px-3 py-2 bg-yellow-500 hover:bg-yellow-600 disabled:opacity-50 text-white rounded text-sm font-medium transition-all duration-200 hover:shadow-md active:scale-95"
  />

  Name "📞 Busy":
  <button
    class="px-3 py-2 bg-orange-500 hover:bg-orange-600 disabled:opacity-50 text-white rounded text-sm font-medium transition-all duration-200 hover:shadow-md active:scale-95"
  />

  Name "📵 Hang Up":
  <button
    class="w-full text-lg py-4 bg-red-500 hover:bg-red-600 text-white rounded-lg transition-all duration-200 hover:shadow-lg active:scale-95 font-semibold disabled:opacity-50 disabled:hover:shadow-none disabled:active:scale-100"
  />

  --------------------------------------------------

Ignored nodes: comments, script, style
<body>
  <div>
    <div
      class="space-y-4"
    >
      <div
        class="card max-w-sm mx-2"
      >
        <div
          class="text-center mb-4"
        >
          <h2
            class="text-xl font-semibold text-gray-700"
          >
            Enhanced VOIP Dialer
          </h2>
          <div
            class="inline-flex items-center mt-2 px-2 py-1 rounded-full text-xs bg-green-100 text-green-700"
          >
            <span
              class="mr-1"
            >
              🟢
            </span>
            SIP Ready
          </div>
        </div>
        <div
          class="flex mb-4 gap-1"
        >
          <input
            class="input-field flex-1 text-center text-lg"
            placeholder="Enter phone number"
            type="text"
            value=""
          />
          <button
            class="px-4 py-3 text-xl bg-red-500 hover:bg-red-600 text-white rounded-lg transition-colors duration-200"
          >
            ⌫
          </button>
        </div>
        <div
          class="grid grid-cols-3 gap-1 mb-4"
        >
          <button
            class="p-4 text-xl bg-green-500 text-white border-2 border-green-400 rounded-lg hover:bg-green-600 hover:border-green-500 hover:shadow-lg active:scale-95 transition-all duration-200 disabled:opacity-50 disabled:cursor-not-allowed font-semibold"
            disabled=""
          >
            1
          </button>
          <button
            class="p-4 text-xl bg-green-500 text-white border-2 border-green-400 rounded-lg hover:bg-green-600 hover:border-green-500 hover:shadow-lg active:scale-95 transition-all duration-200 disabled:opacity-50 disabled:cursor-not-allowed font-semibold"
            disabled=""
          >
            2
          </button>
          <button
            class="p-4 text-xl bg-green-500 text-white border-2 border-green-400 rounded-lg hover:bg-green-600 hover:border-green-500 hover:shadow-lg active:scale-95 transition-all duration-200 disabled:opacity-50 disabled:cursor-not-allowed font-semibold"
            disabled=""
          >
            3
          </button>
          <button
            class="p-4 text-xl bg-green-500 text-white border-2 border-green-400 rounded-lg hover:bg-green-600 hover:border-green-500 hover:shadow-lg active:scale-95 transition-all duration-200 disabled:opacity-50 disabled:cursor-not-allowed font-semibold"
            disabled=""
          >
            4
          </button>
          <button
            class="p-4 text-xl bg-green-500 text-white border-2 border-green-400 rounded-lg hover:bg-green-600 hover:border-green-500 hover:shadow-lg active:scale-95 transition-all duration-200 disabled:opacity-50 disabled:cursor-not-allowed font-semibold"
            disabled=""
          >
            5
          </button>
          <button
            class="p-4 text-xl bg-green-500 text-white border-2 border-green-400 rounded-lg hover:bg-green-600 hover:border-green-500 hover:shadow-lg active:scale-95 transition-all duration-200 disabled:opacity-50 disabled:cursor-not-allowed font-semibold"
            disabled=""
          >
            6
          </button>
          <button
            class="p-4 text-xl bg-green-500 text-white border-2 border-green-400 rounded-lg hover:bg-green-600 hover:border-green-500 hover:shadow-lg active:scale-95 transition-all duration-200 disabled:opacity-50 disabled:cursor-not-allowed font-semibold"
            disabled=""
          >
            7
          </button>
          <button
            class="p-4 text-xl bg-green-500 text-white border-2 border-green-400 rounded-lg hover:bg-green-600 hover:border-green-500 hover:shadow-lg active:scale-95 transition-all duration-200 disabled:opacity-50 disabled:cursor-not-allowed font-semibold"
            disabled=""
          >
            8
          </button>
          <button
            class="p-4 text-xl bg-green-500 text-white border-2 border-green-400 rounded-lg hover:bg-green-600 hover:border-green-500 hover:shadow-lg active:scale-95 transition-all duration-200 disabled:opacity-50 disabled:cursor-not-allowed font-semibold"
            disabled=""
          >
            9
          </button>
          <button
            class="p-4 text-xl bg-green-500 text-white border-2 border-green-400 rounded-lg hover:bg-green-600 hover:border-green-500 hover:shadow-lg active:scale-95 transition-all duration-200 disabled:opacity-50 disabled:cursor-not-allowed font-semibold"
            disabled=""
          >
            *
          </button>
          <button
            class="p-4 text-xl bg-green-500 text-white border-2 border-green-400 rounded-lg hover:bg-green-600 hover:border-green-500 hover:shadow-lg active:scale-95 transition-all duration-200 disabled:opacity-50 disabled:cursor-not-allowed font-semibold"
            disabled=""
          >
            0
          </button>
          <button
            class="p-4 text-xl bg-green-500 text-white border-2 border-green-400 rounded-lg hover:bg-green-600 hover:border-green-500 hover:shadow-lg active:scale-95 transition-all duration-200 disabled:opacity-50 disabled:cursor-not-allowed font-semibold"
            disabled=""
          >
            #
          </button>
        </div>
        <div
          class="space-y-3"
        >
          <div
            class="space-y-2"
          >
            <div
              class="flex gap-2 mb-2"
            >
              <button
                class="flex-1 py-2 bg-blue-500 hover:bg-blue-600 disabled:opacity-50 text-white rounded text-sm font-medium transition-all duration-200 hover:shadow-md active:scale-95"
                disabled=""
              >
                🔢 DTMF
              </button>
            </div>
            <div
              class="grid grid-cols-2 gap-1"
            >
              <button
                class="px-3 py-2 bg-green-500 hover:bg-green-600 disabled:opacity-50 text-white rounded text-sm font-medium transition-all duration-200 hover:shadow-md active:scale-95"
              >
                ✅ Connected
              </button>
              <button
                class="px-3 py-2 bg-blue-500 hover:bg-blue-600 disabled:opacity-50 text-white rounded text-sm font-medium transition-all duration-200 hover:shadow-md active:scale-95"
              >
                📧 Voicemail
              </button>
              <button
                class="px-3 py-2 bg-yellow-500 hover:bg-yellow-600 disabled:opacity-50 text-white rounded text-sm font-medium transition-all duration-200 hover:shadow-md active:scale-95"
              >
                🔕 No Answer
              </button>
              <button
                class="px-3 py-2 bg-orange-500 hover:bg-orange-600 disabled:opacity-50 text-white rounded text-sm font-medium transition-all duration-200 hover:shadow-md active:scale-95"
              >
                📞 Busy
              </button>
            </div>
            <button
              class="w-full text-lg py-4 bg-red-500 hover:bg-red-600 text-white rounded-lg transition-all duration-200 hover:shadow-lg active:scale-95 font-semibold disabled:opacity-50 disabled:hover:shadow-none disabled:active:scale-100"
            >
              📵 Hang Up
            </button>
          </div>
        </div>
        <div
          class="text-center mt-3"
        >
          <div
            class="font-bold mb-1 text-yellow-500"
          >
            🔄 Connecting...
          </div>
          <div
            class="text-xs text-gray-500"
          >
            Started: 
            9:18:38 PM
          </div>
        </div>
      </div>
      <div
        class="card"
      >
        <div
          class="text-center mb-4"
        >
          <h3
            class="text-lg font-semibold text-gray-700"
          >
            Call Status
          </h3>
        </div>
        <div
          class="text-center p-4 rounded-lg mb-4 bg-yellow-50"
        >
          <div
            class="inline-flex items-center animate-pulse"
          >
            <span
              class="text-2xl mr-2"
            >
              🔄
            </span>
            <span
              class="text-lg font-semibold text-yellow-600"
            >
              Connecting...
            </span>
          </div>
        </div>
        <div
          class="space-y-3"
        >
          <div
            class="flex items-center justify-between"
          >
            <span
              class="text-sm font-medium text-gray-600"
            >
              Signal Quality:
            </span>
            <div
              class="flex items-center"
            >
              <div
                class="flex gap-0.5 mr-2"
              >
                <div
                  class="w-2 h-4 rounded-sm bg-green-500"
                />
                <div
                  class="w-2 h-4 rounded-sm bg-green-500"
                />
                <div
                  class="w-2 h-4 rounded-sm bg-green-500"
                />
                <div
                  class="w-2 h-4 rounded-sm bg-green-500"
                />
              </div>
              <span
                class="text-sm font-medium text-green-500"
              >
                Excellent
              </span>
            </div>
          </div>
          <div
            class="flex items-center justify-between"
          >
            <span
              class="text-sm font-medium text-gray-600"
            >
              Latency:
            </span>
            <span
              class="text-sm font-medium text-green-500"
            >
              35
              s
            </span>
          </div>
          <div
            class="flex items-center justify-between pt-2 border-t border-gray-200"
          >
            <span
              class="text-sm font-medium text-gray-600"
            >
              SIP Status:
            </span>
            <div
              class="flex items-center"
            >
              <span
                class="mr-1"
              >
                ✅
              </span>
              <span
                class="text-sm font-medium text-green-500"
              >
                Registered
              </span>
            </div>
          </div>
        </div>
        <div
          class="mt-3 pt-3 border-t border-gray-200 text-center"
        >
          <div
            class="text-xs text-gray-500"
          >
            Call started: 
            9:18:38 PM
          </div>
        </div>
      </div>
    </div>
  </div>
</body>
    at Object.getElementError (/Users/sherwingorechomante/coldcaller/frontend/node_modules/@testing-library/dom/dist/config.js:37:19)
    at /Users/sherwingorechomante/coldcaller/frontend/node_modules/@testing-library/dom/dist/query-helpers.js:76:38
    at /Users/sherwingorechomante/coldcaller/frontend/node_modules/@testing-library/dom/dist/query-helpers.js:52:17
    at getByRole (/Users/sherwingorechomante/coldcaller/frontend/node_modules/@testing-library/dom/dist/query-helpers.js:95:19)
    at Object.<anonymous> (/Users/sherwingorechomante/coldcaller/frontend/src/__tests__/security/SecurityTesting.test.js:298:35)]]></failure>
    </testCase>
    <testCase name="Comprehensive Security Testing Suite Input Validation and Sanitization should validate email addresses securely" duration="27">
      <failure message="TestingLibraryElementError: Unable to find a label with the text of: /email/i"><![CDATA[TestingLibraryElementError: Unable to find a label with the text of: /email/i

Ignored nodes: comments, script, style
<body>
  <div>
    <div
      class="card max-w-md m-3"
    >
      <div
        class="text-center mb-4"
      >
        <h2
          class="text-xl font-semibold text-gray-800"
        >
          Current Lead
        </h2>
      </div>
      <div
        class="flex justify-between items-center mb-5 p-3 bg-white rounded-lg shadow-sm"
      >
        <button
          class="btn-primary text-sm py-2 px-4 opacity-50 cursor-not-allowed transition-colors"
          disabled=""
        >
          ⬅️ Previous
        </button>
        <span
          class="text-sm font-semibold text-gray-600"
        >
          Lead 
          1
           of 
          3
          <span
            class="ml-2 text-xs text-orange-600"
          >
            (Offline)
          </span>
        </span>
        <button
          class="btn-primary text-sm py-2 px-4 hover:bg-blue-600 transition-colors"
        >
          Next ➡️
        </button>
      </div>
      <div
        class="bg-white rounded-lg shadow-soft p-6 relative mb-5"
      >
        <div
          class="absolute top-3 right-3 px-3 py-1 text-white text-xs font-bold rounded-full transition-colors bg-blue-500"
        >
          New
        </div>
        <div
          class="mb-5"
        >
          <div
            class="flex mb-3 text-sm"
          >
            <span
              class="w-28 font-semibold text-gray-600"
            >
              👤 Name:
            </span>
            <span
              class="flex-1 text-gray-800"
            >
              John Smith
            </span>
          </div>
          <div
            class="flex mb-3 text-sm"
          >
            <span
              class="w-28 font-semibold text-gray-600"
            >
              🏢 Company:
            </span>
            <span
              class="flex-1 text-gray-800"
            >
              Tech Solutions Inc.
            </span>
          </div>
          <div
            class="flex mb-3 text-sm"
          >
            <span
              class="w-28 font-semibold text-gray-600"
            >
              📞 Phone:
            </span>
            <span
              class="flex-1 text-gray-800"
            >
              (555) 123-4567
            </span>
          </div>
          <div
            class="flex mb-3 text-sm"
          >
            <span
              class="w-28 font-semibold text-gray-600"
            >
              ✉️ Email:
            </span>
            <span
              class="flex-1 text-gray-800"
            >
              john@techsolutions.com
            </span>
          </div>
          <div
            class="flex mb-3 text-sm"
          >
            <span
              class="w-28 font-semibold text-gray-600"
            >
              📅 Last Contact:
            </span>
            <span
              class="flex-1 text-gray-800"
            >
              Never
            </span>
          </div>
        </div>
        <div
          class="border-t border-gray-200 pt-4"
        >
          <div
            class="flex justify-between items-center mb-3"
          >
            <span
              class="font-semibold text-sm text-gray-600"
            >
              📝 Notes:
            </span>
          </div>
          <div>
            <textarea
              class="input-field text-sm resize-y"
              placeholder="Enter your notes about this lead..."
              rows="4"
            >
              Interested in cloud services
            </textarea>
            <div
              class="flex gap-3 mt-3"
            >
              <button
                class="bg-green-500 hover:bg-green-600 disabled:opacity-50 disabled:cursor-not-allowed text-white px-4 py-2 rounded-md text-sm font-medium transition-colors"
              >
                ✅ Save
              </button>
              <button
                class="bg-red-500 hover:bg-red-600 text-white px-4 py-2 rounded-md text-sm font-medium transition-colors"
              >
                ❌ Cancel
              </button>
            </div>
          </div>
        </div>
      </div>
      <div
        class="space-y-3"
      >
        <div
          class="flex flex-wrap gap-2"
        >
          <button
            class="flex-1 min-w-[100px] p-2 bg-orange-500 hover:bg-orange-600 disabled:opacity-50 disabled:cursor-not-allowed text-white rounded-md text-xs font-medium transition-colors"
            disabled=""
          >
            📅 Follow-up
          </button>
          <button
            class="flex-1 min-w-[100px] p-2 bg-green-500 hover:bg-green-600 disabled:opacity-50 disabled:cursor-not-allowed text-white rounded-md text-xs font-medium transition-colors"
            disabled=""
          >
            ✅ Qualified
          </button>
          <button
            class="flex-1 min-w-[100px] p-2 bg-red-500 hover:bg-red-600 disabled:opacity-50 disabled:cursor-not-allowed text-white rounded-md text-xs font-medium transition-colors"
            disabled=""
          >
            ❌ Not Interested
          </button>
        </div>
        <div
          class="flex flex-wrap gap-3"
        >
          <button
            class="flex-1 min-w-[120px] p-3 bg-white hover:bg-gray-50 disabled:opacity-50 text-gray-700 border border-gray-300 rounded-md text-sm font-medium transition-all hover:shadow-sm"
            disabled=""
          >
            📧 Send Email
          </button>
          <button
            class="flex-1 min-w-[120px] p-3 bg-white hover:bg-gray-50 disabled:opacity-50 text-gray-700 border border-gray-300 rounded-md text-sm font-medium transition-all hover:shadow-sm"
          >
            🔄 Refresh
          </button>
          <button
            class="flex-1 min-w-[120px] p-3 bg-white hover:bg-gray-50 disabled:opacity-50 text-gray-700 border border-gray-300 rounded-md text-sm font-medium transition-all hover:shadow-sm"
            disabled=""
          >
            📞 Call Log
          </button>
        </div>
        <div
          class="text-center text-xs text-gray-500 mt-2"
        >
          API Status:
          <span
            class="ml-1 font-semibold text-orange-600"
          >
            🟡 Offline Mode
          </span>
        </div>
      </div>
    </div>
  </div>
</body>
    at Object.getElementError (/Users/sherwingorechomante/coldcaller/frontend/node_modules/@testing-library/dom/dist/config.js:37:19)
    at getAllByLabelText (/Users/sherwingorechomante/coldcaller/frontend/node_modules/@testing-library/dom/dist/queries/label-text.js:111:38)
    at /Users/sherwingorechomante/coldcaller/frontend/node_modules/@testing-library/dom/dist/query-helpers.js:52:17
    at getByLabelText (/Users/sherwingorechomante/coldcaller/frontend/node_modules/@testing-library/dom/dist/query-helpers.js:95:19)
    at Object.<anonymous> (/Users/sherwingorechomante/coldcaller/frontend/src/__tests__/security/SecurityTesting.test.js:321:33)]]></failure>
    </testCase>
    <testCase name="Comprehensive Security Testing Suite Input Validation and Sanitization should prevent SQL injection in search queries" duration="3">
      <failure message="TestingLibraryElementError: Unable to find an element with the placeholder text of: /search/i"><![CDATA[TestingLibraryElementError: Unable to find an element with the placeholder text of: /search/i

Ignored nodes: comments, script, style
<body>
  <div>
    <div
      class="card max-w-md m-3"
    >
      <div
        class="text-center mb-4"
      >
        <h2
          class="text-xl font-semibold text-gray-800"
        >
          Current Lead
        </h2>
        <div
          class="text-sm text-blue-600 mt-1"
        >
          🔄 Loading leads...
        </div>
      </div>
      <div
        class="flex justify-between items-center mb-5 p-3 bg-white rounded-lg shadow-sm"
      >
        <button
          class="btn-primary text-sm py-2 px-4 opacity-50 cursor-not-allowed transition-colors"
          disabled=""
        >
          ⬅️ Previous
        </button>
        <span
          class="text-sm font-semibold text-gray-600"
        >
          Lead 
          1
           of 
          0
          <span
            class="ml-2 text-xs text-orange-600"
          >
            (Offline)
          </span>
        </span>
        <button
          class="btn-primary text-sm py-2 px-4 opacity-50 cursor-not-allowed transition-colors"
          disabled=""
        >
          Next ➡️
        </button>
      </div>
      <div
        class="bg-white rounded-lg shadow-soft p-6 relative mb-5"
      >
        <div
          class="absolute top-3 right-3 px-3 py-1 text-white text-xs font-bold rounded-full transition-colors bg-blue-500"
        >
          New
        </div>
        <div
          class="mb-5"
        >
          <div
            class="flex mb-3 text-sm"
          >
            <span
              class="w-28 font-semibold text-gray-600"
            >
              👤 Name:
            </span>
            <span
              class="flex-1 text-gray-800"
            >
              John Smith
            </span>
          </div>
          <div
            class="flex mb-3 text-sm"
          >
            <span
              class="w-28 font-semibold text-gray-600"
            >
              🏢 Company:
            </span>
            <span
              class="flex-1 text-gray-800"
            >
              Tech Solutions Inc.
            </span>
          </div>
          <div
            class="flex mb-3 text-sm"
          >
            <span
              class="w-28 font-semibold text-gray-600"
            >
              📞 Phone:
            </span>
            <span
              class="flex-1 text-gray-800"
            >
              (555) 123-4567
            </span>
          </div>
          <div
            class="flex mb-3 text-sm"
          >
            <span
              class="w-28 font-semibold text-gray-600"
            >
              ✉️ Email:
            </span>
            <span
              class="flex-1 text-gray-800"
            >
              john@techsolutions.com
            </span>
          </div>
          <div
            class="flex mb-3 text-sm"
          >
            <span
              class="w-28 font-semibold text-gray-600"
            >
              📅 Last Contact:
            </span>
            <span
              class="flex-1 text-gray-800"
            >
              Never
            </span>
          </div>
        </div>
        <div
          class="border-t border-gray-200 pt-4"
        >
          <div
            class="flex justify-between items-center mb-3"
          >
            <span
              class="font-semibold text-sm text-gray-600"
            >
              📝 Notes:
            </span>
            <button
              class="btn-secondary text-xs py-1 px-3 hover:bg-blue-600 transition-colors"
            >
              ✏️ Edit
            </button>
          </div>
          <div
            class="p-3 bg-gray-50 rounded-md text-sm leading-relaxed text-gray-800"
          >
            Interested in cloud services
          </div>
        </div>
      </div>
      <div
        class="space-y-3"
      >
        <div
          class="flex flex-wrap gap-2"
        >
          <button
            class="flex-1 min-w-[100px] p-2 bg-orange-500 hover:bg-orange-600 disabled:opacity-50 disabled:cursor-not-allowed text-white rounded-md text-xs font-medium transition-colors"
            disabled=""
          >
            📅 Follow-up
          </button>
          <button
            class="flex-1 min-w-[100px] p-2 bg-green-500 hover:bg-green-600 disabled:opacity-50 disabled:cursor-not-allowed text-white rounded-md text-xs font-medium transition-colors"
            disabled=""
          >
            ✅ Qualified
          </button>
          <button
            class="flex-1 min-w-[100px] p-2 bg-red-500 hover:bg-red-600 disabled:opacity-50 disabled:cursor-not-allowed text-white rounded-md text-xs font-medium transition-colors"
            disabled=""
          >
            ❌ Not Interested
          </button>
        </div>
        <div
          class="flex flex-wrap gap-3"
        >
          <button
            class="flex-1 min-w-[120px] p-3 bg-white hover:bg-gray-50 disabled:opacity-50 text-gray-700 border border-gray-300 rounded-md text-sm font-medium transition-all hover:shadow-sm"
            disabled=""
          >
            📧 Send Email
          </button>
          <button
            class="flex-1 min-w-[120px] p-3 bg-white hover:bg-gray-50 disabled:opacity-50 text-gray-700 border border-gray-300 rounded-md text-sm font-medium transition-all hover:shadow-sm"
            disabled=""
          >
            🔄 Loading...
          </button>
          <button
            class="flex-1 min-w-[120px] p-3 bg-white hover:bg-gray-50 disabled:opacity-50 text-gray-700 border border-gray-300 rounded-md text-sm font-medium transition-all hover:shadow-sm"
            disabled=""
          >
            📞 Call Log
          </button>
        </div>
        <div
          class="text-center text-xs text-gray-500 mt-2"
        >
          API Status:
          <span
            class="ml-1 font-semibold text-orange-600"
          >
            🟡 Offline Mode
          </span>
        </div>
      </div>
    </div>
  </div>
</body>
    at Object.getElementError (/Users/sherwingorechomante/coldcaller/frontend/node_modules/@testing-library/dom/dist/config.js:37:19)
    at /Users/sherwingorechomante/coldcaller/frontend/node_modules/@testing-library/dom/dist/query-helpers.js:76:38
    at /Users/sherwingorechomante/coldcaller/frontend/node_modules/@testing-library/dom/dist/query-helpers.js:52:17
    at getByPlaceholderText (/Users/sherwingorechomante/coldcaller/frontend/node_modules/@testing-library/dom/dist/query-helpers.js:95:19)
    at Object.<anonymous> (/Users/sherwingorechomante/coldcaller/frontend/src/__tests__/security/SecurityTesting.test.js:346:34)
    at Promise.then.completed (/Users/sherwingorechomante/coldcaller/frontend/node_modules/jest-circus/build/utils.js:391:28)
    at new Promise (<anonymous>)
    at callAsyncCircusFn (/Users/sherwingorechomante/coldcaller/frontend/node_modules/jest-circus/build/utils.js:316:10)
    at _callCircusTest (/Users/sherwingorechomante/coldcaller/frontend/node_modules/jest-circus/build/run.js:218:40)
    at _runTest (/Users/sherwingorechomante/coldcaller/frontend/node_modules/jest-circus/build/run.js:155:3)
    at _runTestsForDescribeBlock (/Users/sherwingorechomante/coldcaller/frontend/node_modules/jest-circus/build/run.js:66:9)
    at _runTestsForDescribeBlock (/Users/sherwingorechomante/coldcaller/frontend/node_modules/jest-circus/build/run.js:60:9)
    at _runTestsForDescribeBlock (/Users/sherwingorechomante/coldcaller/frontend/node_modules/jest-circus/build/run.js:60:9)
    at run (/Users/sherwingorechomante/coldcaller/frontend/node_modules/jest-circus/build/run.js:25:3)
    at runAndTransformResultsToJestFormat (/Users/sherwingorechomante/coldcaller/frontend/node_modules/jest-circus/build/legacy-code-todo-rewrite/jestAdapterInit.js:170:21)
    at jestAdapter (/Users/sherwingorechomante/coldcaller/frontend/node_modules/jest-circus/build/legacy-code-todo-rewrite/jestAdapter.js:82:19)
    at runTestInternal (/Users/sherwingorechomante/coldcaller/frontend/node_modules/jest-runner/build/runTest.js:389:16)
    at runTest (/Users/sherwingorechomante/coldcaller/frontend/node_modules/jest-runner/build/runTest.js:475:34)
    at Object.worker (/Users/sherwingorechomante/coldcaller/frontend/node_modules/jest-runner/build/testWorker.js:133:12)]]></failure>
    </testCase>
    <testCase name="Comprehensive Security Testing Suite Authentication and Authorization should handle expired session tokens" duration="2">
      <failure message="TestingLibraryElementError: Unable to find a label with the text of: /upload audio/i"><![CDATA[TestingLibraryElementError: Unable to find a label with the text of: /upload audio/i

Ignored nodes: comments, script, style
<body>
  <div>
    <div
      class="max-w-2xl mx-auto p-6 bg-white rounded-lg shadow-lg"
    >
      <div
        class="text-center mb-6"
      >
        <h2
          class="text-2xl font-bold text-gray-800 mb-2"
        >
          Upload Audio Clip
        </h2>
        <p
          class="text-gray-600"
        >
          Upload audio files for your call scripts. Supported formats: 
          MP3, WAV, OGG, M4A
        </p>
      </div>
      <div
        class="relative border-2 border-dashed rounded-lg p-8 text-center transition-all duration-300 border-gray-300 bg-gray-50 hover:border-gray-400"
      >
        <div>
          <div
            class="text-6xl mb-4"
          >
            🎵
          </div>
          <h3
            class="text-lg font-semibold text-gray-700 mb-2"
          >
            Drag & drop your audio file
          </h3>
          <p
            class="text-gray-500 mb-4"
          >
            or
          </p>
          <button
            class="px-6 py-3 bg-blue-600 text-white rounded-lg hover:bg-blue-700 disabled:opacity-50 disabled:cursor-not-allowed transition-colors font-medium"
          >
            Choose File
          </button>
          <input
            accept=".mp3,.wav,.ogg,.m4a"
            class="hidden"
            type="file"
          />
        </div>
      </div>
      <div
        class="mt-6 text-sm text-gray-500 text-center"
      >
        <p>
          Maximum file size: 50MB. Audio files will be processed and optimized for playback.
        </p>
      </div>
    </div>
  </div>
</body>
    at Object.getElementError (/Users/sherwingorechomante/coldcaller/frontend/node_modules/@testing-library/dom/dist/config.js:37:19)
    at getAllByLabelText (/Users/sherwingorechomante/coldcaller/frontend/node_modules/@testing-library/dom/dist/queries/label-text.js:111:38)
    at /Users/sherwingorechomante/coldcaller/frontend/node_modules/@testing-library/dom/dist/query-helpers.js:52:17
    at getByLabelText (/Users/sherwingorechomante/coldcaller/frontend/node_modules/@testing-library/dom/dist/query-helpers.js:95:19)
    at Object.<anonymous> (/Users/sherwingorechomante/coldcaller/frontend/src/__tests__/security/SecurityTesting.test.js:379:32)
    at Promise.then.completed (/Users/sherwingorechomante/coldcaller/frontend/node_modules/jest-circus/build/utils.js:391:28)
    at new Promise (<anonymous>)
    at callAsyncCircusFn (/Users/sherwingorechomante/coldcaller/frontend/node_modules/jest-circus/build/utils.js:316:10)
    at _callCircusTest (/Users/sherwingorechomante/coldcaller/frontend/node_modules/jest-circus/build/run.js:218:40)
    at _runTest (/Users/sherwingorechomante/coldcaller/frontend/node_modules/jest-circus/build/run.js:155:3)
    at _runTestsForDescribeBlock (/Users/sherwingorechomante/coldcaller/frontend/node_modules/jest-circus/build/run.js:66:9)
    at _runTestsForDescribeBlock (/Users/sherwingorechomante/coldcaller/frontend/node_modules/jest-circus/build/run.js:60:9)
    at _runTestsForDescribeBlock (/Users/sherwingorechomante/coldcaller/frontend/node_modules/jest-circus/build/run.js:60:9)
    at run (/Users/sherwingorechomante/coldcaller/frontend/node_modules/jest-circus/build/run.js:25:3)
    at runAndTransformResultsToJestFormat (/Users/sherwingorechomante/coldcaller/frontend/node_modules/jest-circus/build/legacy-code-todo-rewrite/jestAdapterInit.js:170:21)
    at jestAdapter (/Users/sherwingorechomante/coldcaller/frontend/node_modules/jest-circus/build/legacy-code-todo-rewrite/jestAdapter.js:82:19)
    at runTestInternal (/Users/sherwingorechomante/coldcaller/frontend/node_modules/jest-runner/build/runTest.js:389:16)
    at runTest (/Users/sherwingorechomante/coldcaller/frontend/node_modules/jest-runner/build/runTest.js:475:34)
    at Object.worker (/Users/sherwingorechomante/coldcaller/frontend/node_modules/jest-runner/build/testWorker.js:133:12)]]></failure>
    </testCase>
    <testCase name="Comprehensive Security Testing Suite Authentication and Authorization should prevent unauthorized access to sensitive data" duration="117">
      <failure message="TestingLibraryElementError: Unable to find an accessible element with the role &quot;button&quot; and name `/add lead/i`"><![CDATA[TestingLibraryElementError: Unable to find an accessible element with the role "button" and name `/add lead/i`

Here are the accessible roles:

  heading:

  Name "Current Lead":
  <h2
    class="text-xl font-semibold text-gray-800"
  />

  --------------------------------------------------
  button:

  Name "⬅️ Previous":
  <button
    class="btn-primary text-sm py-2 px-4 opacity-50 cursor-not-allowed transition-colors"
    disabled=""
  />

  Name "Next ➡️":
  <button
    class="btn-primary text-sm py-2 px-4 opacity-50 cursor-not-allowed transition-colors"
    disabled=""
  />

  Name "✏️ Edit":
  <button
    class="btn-secondary text-xs py-1 px-3 hover:bg-blue-600 transition-colors"
  />

  Name "📅 Follow-up":
  <button
    class="flex-1 min-w-[100px] p-2 bg-orange-500 hover:bg-orange-600 disabled:opacity-50 disabled:cursor-not-allowed text-white rounded-md text-xs font-medium transition-colors"
    disabled=""
  />

  Name "✅ Qualified":
  <button
    class="flex-1 min-w-[100px] p-2 bg-green-500 hover:bg-green-600 disabled:opacity-50 disabled:cursor-not-allowed text-white rounded-md text-xs font-medium transition-colors"
    disabled=""
  />

  Name "❌ Not Interested":
  <button
    class="flex-1 min-w-[100px] p-2 bg-red-500 hover:bg-red-600 disabled:opacity-50 disabled:cursor-not-allowed text-white rounded-md text-xs font-medium transition-colors"
    disabled=""
  />

  Name "📧 Send Email":
  <button
    class="flex-1 min-w-[120px] p-3 bg-white hover:bg-gray-50 disabled:opacity-50 text-gray-700 border border-gray-300 rounded-md text-sm font-medium transition-all hover:shadow-sm"
    disabled=""
  />

  Name "🔄 Loading...":
  <button
    class="flex-1 min-w-[120px] p-3 bg-white hover:bg-gray-50 disabled:opacity-50 text-gray-700 border border-gray-300 rounded-md text-sm font-medium transition-all hover:shadow-sm"
    disabled=""
  />

  Name "📞 Call Log":
  <button
    class="flex-1 min-w-[120px] p-3 bg-white hover:bg-gray-50 disabled:opacity-50 text-gray-700 border border-gray-300 rounded-md text-sm font-medium transition-all hover:shadow-sm"
    disabled=""
  />

  --------------------------------------------------

Ignored nodes: comments, script, style
<body>
  <div>
    <div
      class="card max-w-md m-3"
    >
      <div
        class="text-center mb-4"
      >
        <h2
          class="text-xl font-semibold text-gray-800"
        >
          Current Lead
        </h2>
        <div
          class="text-sm text-blue-600 mt-1"
        >
          🔄 Loading leads...
        </div>
      </div>
      <div
        class="flex justify-between items-center mb-5 p-3 bg-white rounded-lg shadow-sm"
      >
        <button
          class="btn-primary text-sm py-2 px-4 opacity-50 cursor-not-allowed transition-colors"
          disabled=""
        >
          ⬅️ Previous
        </button>
        <span
          class="text-sm font-semibold text-gray-600"
        >
          Lead 
          1
           of 
          0
          <span
            class="ml-2 text-xs text-orange-600"
          >
            (Offline)
          </span>
        </span>
        <button
          class="btn-primary text-sm py-2 px-4 opacity-50 cursor-not-allowed transition-colors"
          disabled=""
        >
          Next ➡️
        </button>
      </div>
      <div
        class="bg-white rounded-lg shadow-soft p-6 relative mb-5"
      >
        <div
          class="absolute top-3 right-3 px-3 py-1 text-white text-xs font-bold rounded-full transition-colors bg-blue-500"
        >
          New
        </div>
        <div
          class="mb-5"
        >
          <div
            class="flex mb-3 text-sm"
          >
            <span
              class="w-28 font-semibold text-gray-600"
            >
              👤 Name:
            </span>
            <span
              class="flex-1 text-gray-800"
            >
              John Smith
            </span>
          </div>
          <div
            class="flex mb-3 text-sm"
          >
            <span
              class="w-28 font-semibold text-gray-600"
            >
              🏢 Company:
            </span>
            <span
              class="flex-1 text-gray-800"
            >
              Tech Solutions Inc.
            </span>
          </div>
          <div
            class="flex mb-3 text-sm"
          >
            <span
              class="w-28 font-semibold text-gray-600"
            >
              📞 Phone:
            </span>
            <span
              class="flex-1 text-gray-800"
            >
              (555) 123-4567
            </span>
          </div>
          <div
            class="flex mb-3 text-sm"
          >
            <span
              class="w-28 font-semibold text-gray-600"
            >
              ✉️ Email:
            </span>
            <span
              class="flex-1 text-gray-800"
            >
              john@techsolutions.com
            </span>
          </div>
          <div
            class="flex mb-3 text-sm"
          >
            <span
              class="w-28 font-semibold text-gray-600"
            >
              📅 Last Contact:
            </span>
            <span
              class="flex-1 text-gray-800"
            >
              Never
            </span>
          </div>
        </div>
        <div
          class="border-t border-gray-200 pt-4"
        >
          <div
            class="flex justify-between items-center mb-3"
          >
            <span
              class="font-semibold text-sm text-gray-600"
            >
              📝 Notes:
            </span>
            <button
              class="btn-secondary text-xs py-1 px-3 hover:bg-blue-600 transition-colors"
            >
              ✏️ Edit
            </button>
          </div>
          <div
            class="p-3 bg-gray-50 rounded-md text-sm leading-relaxed text-gray-800"
          >
            Interested in cloud services
          </div>
        </div>
      </div>
      <div
        class="space-y-3"
      >
        <div
          class="flex flex-wrap gap-2"
        >
          <button
            class="flex-1 min-w-[100px] p-2 bg-orange-500 hover:bg-orange-600 disabled:opacity-50 disabled:cursor-not-allowed text-white rounded-md text-xs font-medium transition-colors"
            disabled=""
          >
            📅 Follow-up
          </button>
          <button
            class="flex-1 min-w-[100px] p-2 bg-green-500 hover:bg-green-600 disabled:opacity-50 disabled:cursor-not-allowed text-white rounded-md text-xs font-medium transition-colors"
            disabled=""
          >
            ✅ Qualified
          </button>
          <button
            class="flex-1 min-w-[100px] p-2 bg-red-500 hover:bg-red-600 disabled:opacity-50 disabled:cursor-not-allowed text-white rounded-md text-xs font-medium transition-colors"
            disabled=""
          >
            ❌ Not Interested
          </button>
        </div>
        <div
          class="flex flex-wrap gap-3"
        >
          <button
            class="flex-1 min-w-[120px] p-3 bg-white hover:bg-gray-50 disabled:opacity-50 text-gray-700 border border-gray-300 rounded-md text-sm font-medium transition-all hover:shadow-sm"
            disabled=""
          >
            📧 Send Email
          </button>
          <button
            class="flex-1 min-w-[120px] p-3 bg-white hover:bg-gray-50 disabled:opacity-50 text-gray-700 border border-gray-300 rounded-md text-sm font-medium transition-all hover:shadow-sm"
            disabled=""
          >
            🔄 Loading...
          </button>
          <button
            class="flex-1 min-w-[120px] p-3 bg-white hover:bg-gray-50 disabled:opacity-50 text-gray-700 border border-gray-300 rounded-md text-sm font-medium transition-all hover:shadow-sm"
            disabled=""
          >
            📞 Call Log
          </button>
        </div>
        <div
          class="text-center text-xs text-gray-500 mt-2"
        >
          API Status:
          <span
            class="ml-1 font-semibold text-orange-600"
          >
            🟡 Offline Mode
          </span>
        </div>
      </div>
    </div>
  </div>
</body>
    at Object.getElementError (/Users/sherwingorechomante/coldcaller/frontend/node_modules/@testing-library/dom/dist/config.js:37:19)
    at /Users/sherwingorechomante/coldcaller/frontend/node_modules/@testing-library/dom/dist/query-helpers.js:76:38
    at /Users/sherwingorechomante/coldcaller/frontend/node_modules/@testing-library/dom/dist/query-helpers.js:52:17
    at getByRole (/Users/sherwingorechomante/coldcaller/frontend/node_modules/@testing-library/dom/dist/query-helpers.js:95:19)
    at Object.<anonymous> (/Users/sherwingorechomante/coldcaller/frontend/src/__tests__/security/SecurityTesting.test.js:404:32)
    at Promise.then.completed (/Users/sherwingorechomante/coldcaller/frontend/node_modules/jest-circus/build/utils.js:391:28)
    at new Promise (<anonymous>)
    at callAsyncCircusFn (/Users/sherwingorechomante/coldcaller/frontend/node_modules/jest-circus/build/utils.js:316:10)
    at _callCircusTest (/Users/sherwingorechomante/coldcaller/frontend/node_modules/jest-circus/build/run.js:218:40)
    at _runTest (/Users/sherwingorechomante/coldcaller/frontend/node_modules/jest-circus/build/run.js:155:3)
    at _runTestsForDescribeBlock (/Users/sherwingorechomante/coldcaller/frontend/node_modules/jest-circus/build/run.js:66:9)
    at _runTestsForDescribeBlock (/Users/sherwingorechomante/coldcaller/frontend/node_modules/jest-circus/build/run.js:60:9)
    at _runTestsForDescribeBlock (/Users/sherwingorechomante/coldcaller/frontend/node_modules/jest-circus/build/run.js:60:9)
    at run (/Users/sherwingorechomante/coldcaller/frontend/node_modules/jest-circus/build/run.js:25:3)
    at runAndTransformResultsToJestFormat (/Users/sherwingorechomante/coldcaller/frontend/node_modules/jest-circus/build/legacy-code-todo-rewrite/jestAdapterInit.js:170:21)
    at jestAdapter (/Users/sherwingorechomante/coldcaller/frontend/node_modules/jest-circus/build/legacy-code-todo-rewrite/jestAdapter.js:82:19)
    at runTestInternal (/Users/sherwingorechomante/coldcaller/frontend/node_modules/jest-runner/build/runTest.js:389:16)
    at runTest (/Users/sherwingorechomante/coldcaller/frontend/node_modules/jest-runner/build/runTest.js:475:34)
    at Object.worker (/Users/sherwingorechomante/coldcaller/frontend/node_modules/jest-runner/build/testWorker.js:133:12)]]></failure>
    </testCase>
    <testCase name="Comprehensive Security Testing Suite Authentication and Authorization should validate JWT token format" duration="5">
      <failure message="TestingLibraryElementError: Unable to find an element with the text: /authentication required/i. This could be because the text is broken up by multiple elements. In this case, you can provide a function for your text matcher to make your matcher more flexible."><![CDATA[TestingLibraryElementError: Unable to find an element with the text: /authentication required/i. This could be because the text is broken up by multiple elements. In this case, you can provide a function for your text matcher to make your matcher more flexible.

Ignored nodes: comments, script, style
<body>
  <div>
    <div
      class="card max-w-md m-3"
    >
      <div
        class="text-center mb-4"
      >
        <h2
          class="text-xl font-semibold text-gray-800"
        >
          Current Lead
        </h2>
        <div
          class="text-sm text-blue-600 mt-1"
        >
          🔄 Loading leads...
        </div>
      </div>
      <div
        class="flex justify-between items-center mb-5 p-3 bg-white rounded-lg shadow-sm"
      >
        <button
          class="btn-primary text-sm py-2 px-4 opacity-50 cursor-not-allowed transition-colors"
          disabled=""
        >
          ⬅️ Previous
        </button>
        <span
          class="text-sm font-semibold text-gray-600"
        >
          Lead 
          1
           of 
          0
          <span
            class="ml-2 text-xs text-orange-600"
          >
            (Offline)
          </span>
        </span>
        <button
          class="btn-primary text-sm py-2 px-4 opacity-50 cursor-not-allowed transition-colors"
          disabled=""
        >
          Next ➡️
        </button>
      </div>
      <div
        class="bg-white rounded-lg shadow-soft p-6 relative mb-5"
      >
        <div
          class="absolute top-3 right-3 px-3 py-1 text-white text-xs font-bold rounded-full transition-colors bg-blue-500"
        >
          New
        </div>
        <div
          class="mb-5"
        >
          <div
            class="flex mb-3 text-sm"
          >
            <span
              class="w-28 font-semibold text-gray-600"
            >
              👤 Name:
            </span>
            <span
              class="flex-1 text-gray-800"
            >
              John Smith
            </span>
          </div>
          <div
            class="flex mb-3 text-sm"
          >
            <span
              class="w-28 font-semibold text-gray-600"
            >
              🏢 Company:
            </span>
            <span
              class="flex-1 text-gray-800"
            >
              Tech Solutions Inc.
            </span>
          </div>
          <div
            class="flex mb-3 text-sm"
          >
            <span
              class="w-28 font-semibold text-gray-600"
            >
              📞 Phone:
            </span>
            <span
              class="flex-1 text-gray-800"
            >
              (555) 123-4567
            </span>
          </div>
          <div
            class="flex mb-3 text-sm"
          >
            <span
              class="w-28 font-semibold text-gray-600"
            >
              ✉️ Email:
            </span>
            <span
              class="flex-1 text-gray-800"
            >
              john@techsolutions.com
            </span>
          </div>
          <div
            class="flex mb-3 text-sm"
          >
            <span
              class="w-28 font-semibold text-gray-600"
            >
              📅 Last Contact:
            </span>
            <span
              class="flex-1 text-gray-800"
            >
              Never
            </span>
          </div>
        </div>
        <div
          class="border-t border-gray-200 pt-4"
        >
          <div
            class="flex justify-between items-center mb-3"
          >
            <span
              class="font-semibold text-sm text-gray-600"
            >
              📝 Notes:
            </span>
            <button
              class="btn-secondary text-xs py-1 px-3 hover:bg-blue-600 transition-colors"
            >
              ✏️ Edit
            </button>
          </div>
          <div
            class="p-3 bg-gray-50 rounded-md text-sm leading-relaxed text-gray-800"
          >
            Interested in cloud services
          </div>
        </div>
      </div>
      <div
        class="space-y-3"
      >
        <div
          class="flex flex-wrap gap-2"
        >
          <button
            class="flex-1 min-w-[100px] p-2 bg-orange-500 hover:bg-orange-600 disabled:opacity-50 disabled:cursor-not-allowed text-white rounded-md text-xs font-medium transition-colors"
            disabled=""
          >
            📅 Follow-up
          </button>
          <button
            class="flex-1 min-w-[100px] p-2 bg-green-500 hover:bg-green-600 disabled:opacity-50 disabled:cursor-not-allowed text-white rounded-md text-xs font-medium transition-colors"
            disabled=""
          >
            ✅ Qualified
          </button>
          <button
            class="flex-1 min-w-[100px] p-2 bg-red-500 hover:bg-red-600 disabled:opacity-50 disabled:cursor-not-allowed text-white rounded-md text-xs font-medium transition-colors"
            disabled=""
          >
            ❌ Not Interested
          </button>
        </div>
        <div
          class="flex flex-wrap gap-3"
        >
          <button
            class="flex-1 min-w-[120px] p-3 bg-white hover:bg-gray-50 disabled:opacity-50 text-gray-700 border border-gray-300 rounded-md text-sm font-medium transition-all hover:shadow-sm"
            disabled=""
          >
            📧 Send Email
          </button>
          <button
            class="flex-1 min-w-[120px] p-3 bg-white hover:bg-gray-50 disabled:opacity-50 text-gray-700 border border-gray-300 rounded-md text-sm font-medium transition-all hover:shadow-sm"
            disabled=""
          >
            🔄 Loading...
          </button>
          <button
            class="flex-1 min-w-[120px] p-3 bg-white hover:bg-gray-50 disabled:opacity-50 text-gray-700 border border-gray-300 rounded-md text-sm font-medium transition-all hover:shadow-sm"
            disabled=""
          >
            📞 Call Log
          </button>
        </div>
        <div
          class="text-center text-xs text-gray-500 mt-2"
        >
          API Status:
          <span
            class="ml-1 font-semibold text-orange-600"
          >
            🟡 Offline Mode
          </span>
        </div>
      </div>
    </div>
  </div>
</body>
    at Object.getElementError (/Users/sherwingorechomante/coldcaller/frontend/node_modules/@testing-library/dom/dist/config.js:37:19)
    at /Users/sherwingorechomante/coldcaller/frontend/node_modules/@testing-library/dom/dist/query-helpers.js:76:38
    at /Users/sherwingorechomante/coldcaller/frontend/node_modules/@testing-library/dom/dist/query-helpers.js:52:17
    at getByText (/Users/sherwingorechomante/coldcaller/frontend/node_modules/@testing-library/dom/dist/query-helpers.js:95:19)
    at forEach (/Users/sherwingorechomante/coldcaller/frontend/src/__tests__/security/SecurityTesting.test.js:429:23)
    at Array.forEach (<anonymous>)
    at Object.<anonymous> (/Users/sherwingorechomante/coldcaller/frontend/src/__tests__/security/SecurityTesting.test.js:422:21)
    at Promise.then.completed (/Users/sherwingorechomante/coldcaller/frontend/node_modules/jest-circus/build/utils.js:391:28)
    at new Promise (<anonymous>)
    at callAsyncCircusFn (/Users/sherwingorechomante/coldcaller/frontend/node_modules/jest-circus/build/utils.js:316:10)
    at _callCircusTest (/Users/sherwingorechomante/coldcaller/frontend/node_modules/jest-circus/build/run.js:218:40)
    at _runTest (/Users/sherwingorechomante/coldcaller/frontend/node_modules/jest-circus/build/run.js:155:3)
    at _runTestsForDescribeBlock (/Users/sherwingorechomante/coldcaller/frontend/node_modules/jest-circus/build/run.js:66:9)
    at _runTestsForDescribeBlock (/Users/sherwingorechomante/coldcaller/frontend/node_modules/jest-circus/build/run.js:60:9)
    at _runTestsForDescribeBlock (/Users/sherwingorechomante/coldcaller/frontend/node_modules/jest-circus/build/run.js:60:9)
    at run (/Users/sherwingorechomante/coldcaller/frontend/node_modules/jest-circus/build/run.js:25:3)
    at runAndTransformResultsToJestFormat (/Users/sherwingorechomante/coldcaller/frontend/node_modules/jest-circus/build/legacy-code-todo-rewrite/jestAdapterInit.js:170:21)
    at jestAdapter (/Users/sherwingorechomante/coldcaller/frontend/node_modules/jest-circus/build/legacy-code-todo-rewrite/jestAdapter.js:82:19)
    at runTestInternal (/Users/sherwingorechomante/coldcaller/frontend/node_modules/jest-runner/build/runTest.js:389:16)
    at runTest (/Users/sherwingorechomante/coldcaller/frontend/node_modules/jest-runner/build/runTest.js:475:34)
    at Object.worker (/Users/sherwingorechomante/coldcaller/frontend/node_modules/jest-runner/build/testWorker.js:133:12)]]></failure>
    </testCase>
    <testCase name="Comprehensive Security Testing Suite Rate Limiting and DoS Protection should handle rate limiting on API calls" duration="2">
      <failure message="TestingLibraryElementError: Unable to find a label with the text of: /upload audio/i"><![CDATA[TestingLibraryElementError: Unable to find a label with the text of: /upload audio/i

Ignored nodes: comments, script, style
<body>
  <div>
    <div
      class="max-w-2xl mx-auto p-6 bg-white rounded-lg shadow-lg"
    >
      <div
        class="text-center mb-6"
      >
        <h2
          class="text-2xl font-bold text-gray-800 mb-2"
        >
          Upload Audio Clip
        </h2>
        <p
          class="text-gray-600"
        >
          Upload audio files for your call scripts. Supported formats: 
          MP3, WAV, OGG, M4A
        </p>
      </div>
      <div
        class="relative border-2 border-dashed rounded-lg p-8 text-center transition-all duration-300 border-gray-300 bg-gray-50 hover:border-gray-400"
      >
        <div>
          <div
            class="text-6xl mb-4"
          >
            🎵
          </div>
          <h3
            class="text-lg font-semibold text-gray-700 mb-2"
          >
            Drag & drop your audio file
          </h3>
          <p
            class="text-gray-500 mb-4"
          >
            or
          </p>
          <button
            class="px-6 py-3 bg-blue-600 text-white rounded-lg hover:bg-blue-700 disabled:opacity-50 disabled:cursor-not-allowed transition-colors font-medium"
          >
            Choose File
          </button>
          <input
            accept=".mp3,.wav,.ogg,.m4a"
            class="hidden"
            type="file"
          />
        </div>
      </div>
      <div
        class="mt-6 text-sm text-gray-500 text-center"
      >
        <p>
          Maximum file size: 50MB. Audio files will be processed and optimized for playback.
        </p>
      </div>
    </div>
  </div>
</body>
    at Object.getElementError (/Users/sherwingorechomante/coldcaller/frontend/node_modules/@testing-library/dom/dist/config.js:37:19)
    at getAllByLabelText (/Users/sherwingorechomante/coldcaller/frontend/node_modules/@testing-library/dom/dist/queries/label-text.js:111:38)
    at /Users/sherwingorechomante/coldcaller/frontend/node_modules/@testing-library/dom/dist/query-helpers.js:52:17
    at getByLabelText (/Users/sherwingorechomante/coldcaller/frontend/node_modules/@testing-library/dom/dist/query-helpers.js:95:19)
    at Object.<anonymous> (/Users/sherwingorechomante/coldcaller/frontend/src/__tests__/security/SecurityTesting.test.js:449:32)
    at Promise.then.completed (/Users/sherwingorechomante/coldcaller/frontend/node_modules/jest-circus/build/utils.js:391:28)
    at new Promise (<anonymous>)
    at callAsyncCircusFn (/Users/sherwingorechomante/coldcaller/frontend/node_modules/jest-circus/build/utils.js:316:10)
    at _callCircusTest (/Users/sherwingorechomante/coldcaller/frontend/node_modules/jest-circus/build/run.js:218:40)
    at _runTest (/Users/sherwingorechomante/coldcaller/frontend/node_modules/jest-circus/build/run.js:155:3)
    at _runTestsForDescribeBlock (/Users/sherwingorechomante/coldcaller/frontend/node_modules/jest-circus/build/run.js:66:9)
    at _runTestsForDescribeBlock (/Users/sherwingorechomante/coldcaller/frontend/node_modules/jest-circus/build/run.js:60:9)
    at _runTestsForDescribeBlock (/Users/sherwingorechomante/coldcaller/frontend/node_modules/jest-circus/build/run.js:60:9)
    at run (/Users/sherwingorechomante/coldcaller/frontend/node_modules/jest-circus/build/run.js:25:3)
    at runAndTransformResultsToJestFormat (/Users/sherwingorechomante/coldcaller/frontend/node_modules/jest-circus/build/legacy-code-todo-rewrite/jestAdapterInit.js:170:21)
    at jestAdapter (/Users/sherwingorechomante/coldcaller/frontend/node_modules/jest-circus/build/legacy-code-todo-rewrite/jestAdapter.js:82:19)
    at runTestInternal (/Users/sherwingorechomante/coldcaller/frontend/node_modules/jest-runner/build/runTest.js:389:16)
    at runTest (/Users/sherwingorechomante/coldcaller/frontend/node_modules/jest-runner/build/runTest.js:475:34)
    at Object.worker (/Users/sherwingorechomante/coldcaller/frontend/node_modules/jest-runner/build/testWorker.js:133:12)]]></failure>
    </testCase>
    <testCase name="Comprehensive Security Testing Suite Rate Limiting and DoS Protection should prevent rapid form submission" duration="13">
      <failure message="TestingLibraryElementError: Found multiple elements with the role &quot;textbox&quot;"><![CDATA[TestingLibraryElementError: Found multiple elements with the role "textbox"

Here are the matching elements:

Ignored nodes: comments, script, style
<textarea
  class="w-full h-full border-none outline-none resize-none text-sm leading-relaxed"
  placeholder="Start typing your call notes here... Use ## for headings, - for lists, and [ ] for checkboxes."
  style="font-family: monospace;"
/>

Ignored nodes: comments, script, style
<input
  class="text-sm border rounded px-2 py-1 w-32"
  placeholder="Add tags..."
  type="text"
/>

(If this is intentional, then use the `*AllBy*` variant of the query (like `queryAllByText`, `getAllByText`, or `findAllByText`)).

Ignored nodes: comments, script, style
<body>
  <div>
    <div
      class="note-taking-system bg-white rounded-lg shadow-lg"
    >
      <div
        class="flex items-center justify-between p-4 border-b"
      >
        <div
          class="flex items-center space-x-4"
        >
          <h2
            class="text-xl font-semibold text-gray-800"
          >
            📝 Call Notes
          </h2>
        </div>
        <div
          class="flex items-center space-x-2"
        >
          <button
            class="px-3 py-1 text-sm bg-blue-500 text-white rounded hover:bg-blue-600 transition-colors"
          >
            🔍 Search
          </button>
          <button
            class="px-3 py-1 text-sm bg-purple-500 text-white rounded hover:bg-purple-600 transition-colors"
          >
            📊 Analytics
          </button>
          <button
            class="px-3 py-1 text-sm bg-green-500 text-white rounded hover:bg-green-600 transition-colors"
          >
            👥 Collaborate
          </button>
        </div>
      </div>
      <div
        class="flex h-96"
      >
        <div
          class="w-1/4 border-r bg-gray-50"
        >
          <div
            class="p-4"
          >
            <h3
              class="text-lg font-medium text-gray-700 mb-3"
            >
              📋 Templates
            </h3>
            <div
              class="space-y-2 max-h-80 overflow-y-auto"
            />
          </div>
        </div>
        <div
          class="flex-1 flex flex-col"
        >
          <div
            class="flex items-center justify-between p-3 border-b bg-gray-50"
          >
            <div
              class="flex items-center space-x-2"
            >
              <button
                class="p-1 text-sm border rounded hover:bg-gray-100 disabled:opacity-50"
                disabled=""
                title="Bold"
              >
                <strong>
                  B
                </strong>
              </button>
              <button
                class="p-1 text-sm border rounded hover:bg-gray-100 disabled:opacity-50"
                disabled=""
                title="Italic"
              >
                <em>
                  I
                </em>
              </button>
              <button
                class="p-1 text-sm border rounded hover:bg-gray-100 disabled:opacity-50"
                disabled=""
                title="Highlight"
              >
                🖍️
              </button>
              <div
                class="border-l h-6 mx-2"
              />
              <button
                class="p-1 text-sm border rounded hover:bg-gray-100"
                title="Add heading"
              >
                H
              </button>
              <button
                class="p-1 text-sm border rounded hover:bg-gray-100"
                title="Add bullet point"
              >
                •
              </button>
              <button
                class="p-1 text-sm border rounded hover:bg-gray-100"
                title="Add checkbox"
              >
                ☑️
              </button>
              <div
                class="border-l h-6 mx-2"
              />
              <button
                class="p-1 text-sm border rounded transition-colors hover:bg-gray-100"
                title="Start voice dictation"
              >
                🎤
              </button>
            </div>
            <div
              class="flex items-center space-x-2"
            >
              <div
                class="text-sm text-gray-500"
              >
                Quality: 
                0
                %
              </div>
              <div
                class="relative"
              >
                <select
                  class="text-sm border rounded px-2 py-1"
                >
                  <option
                    value=""
                  >
                    Export...
                  </option>
                  <option
                    value="pdf"
                  >
                    PDF
                  </option>
                  <option
                    value="docx"
                  >
                    Word
                  </option>
                  <option
                    value="txt"
                  >
                    Text
                  </option>
                  <option
                    value="md"
                  >
                    Markdown
                  </option>
                </select>
              </div>
            </div>
          </div>
          <div
            class="flex-1 p-4"
          >
            <textarea
              class="w-full h-full border-none outline-none resize-none text-sm leading-relaxed"
              placeholder="Start typing your call notes here... Use ## for headings, - for lists, and [ ] for checkboxes."
              style="font-family: monospace;"
            />
          </div>
          <div
            class="flex items-center justify-between p-3 border-t bg-gray-50"
          >
            <div
              class="flex items-center space-x-4"
            >
              <div
                class="text-sm text-gray-500"
              >
                0
                 words
              </div>
              <div
                class="flex items-center space-x-2"
              >
                <span
                  class="text-sm text-gray-600"
                >
                  Tags:
                </span>
                <input
                  class="text-sm border rounded px-2 py-1 w-32"
                  placeholder="Add tags..."
                  type="text"
                />
              </div>
              <div
                class="flex flex-wrap gap-1"
              />
            </div>
            <div
              class="flex items-center space-x-2"
            >
              <label
                class="flex items-center text-sm"
              >
                <input
                  class="mr-1"
                  type="checkbox"
                />
                Follow-up required
              </label>
              <button
                class="px-4 py-2 bg-blue-500 text-white rounded hover:bg-blue-600 disabled:opacity-50 disabled:cursor-not-allowed transition-colors"
                disabled=""
              >
                ⏳ Saving...
              </button>
            </div>
          </div>
        </div>
      </div>
    </div>
  </div>
</body>
    at Object.getElementError (/Users/sherwingorechomante/coldcaller/frontend/node_modules/@testing-library/dom/dist/config.js:37:19)
    at getElementError (/Users/sherwingorechomante/coldcaller/frontend/node_modules/@testing-library/dom/dist/query-helpers.js:20:35)
    at getMultipleElementsFoundError (/Users/sherwingorechomante/coldcaller/frontend/node_modules/@testing-library/dom/dist/query-helpers.js:23:10)
    at /Users/sherwingorechomante/coldcaller/frontend/node_modules/@testing-library/dom/dist/query-helpers.js:55:13
    at getByRole (/Users/sherwingorechomante/coldcaller/frontend/node_modules/@testing-library/dom/dist/query-helpers.js:95:19)
    at Object.<anonymous> (/Users/sherwingorechomante/coldcaller/frontend/src/__tests__/security/SecurityTesting.test.js:471:32)
    at Promise.then.completed (/Users/sherwingorechomante/coldcaller/frontend/node_modules/jest-circus/build/utils.js:391:28)
    at new Promise (<anonymous>)
    at callAsyncCircusFn (/Users/sherwingorechomante/coldcaller/frontend/node_modules/jest-circus/build/utils.js:316:10)
    at _callCircusTest (/Users/sherwingorechomante/coldcaller/frontend/node_modules/jest-circus/build/run.js:218:40)
    at _runTest (/Users/sherwingorechomante/coldcaller/frontend/node_modules/jest-circus/build/run.js:155:3)
    at _runTestsForDescribeBlock (/Users/sherwingorechomante/coldcaller/frontend/node_modules/jest-circus/build/run.js:66:9)
    at _runTestsForDescribeBlock (/Users/sherwingorechomante/coldcaller/frontend/node_modules/jest-circus/build/run.js:60:9)
    at _runTestsForDescribeBlock (/Users/sherwingorechomante/coldcaller/frontend/node_modules/jest-circus/build/run.js:60:9)
    at run (/Users/sherwingorechomante/coldcaller/frontend/node_modules/jest-circus/build/run.js:25:3)
    at runAndTransformResultsToJestFormat (/Users/sherwingorechomante/coldcaller/frontend/node_modules/jest-circus/build/legacy-code-todo-rewrite/jestAdapterInit.js:170:21)
    at jestAdapter (/Users/sherwingorechomante/coldcaller/frontend/node_modules/jest-circus/build/legacy-code-todo-rewrite/jestAdapter.js:82:19)
    at runTestInternal (/Users/sherwingorechomante/coldcaller/frontend/node_modules/jest-runner/build/runTest.js:389:16)
    at runTest (/Users/sherwingorechomante/coldcaller/frontend/node_modules/jest-runner/build/runTest.js:475:34)
    at Object.worker (/Users/sherwingorechomante/coldcaller/frontend/node_modules/jest-runner/build/testWorker.js:133:12)]]></failure>
    </testCase>
    <testCase name="Comprehensive Security Testing Suite Rate Limiting and DoS Protection should handle large payload DoS attempts" duration="11">
      <failure message="TestingLibraryElementError: Found multiple elements with the role &quot;textbox&quot;"><![CDATA[TestingLibraryElementError: Found multiple elements with the role "textbox"

Here are the matching elements:

Ignored nodes: comments, script, style
<textarea
  class="w-full h-full border-none outline-none resize-none text-sm leading-relaxed"
  placeholder="Start typing your call notes here... Use ## for headings, - for lists, and [ ] for checkboxes."
  style="font-family: monospace;"
/>

Ignored nodes: comments, script, style
<input
  class="text-sm border rounded px-2 py-1 w-32"
  placeholder="Add tags..."
  type="text"
/>

(If this is intentional, then use the `*AllBy*` variant of the query (like `queryAllByText`, `getAllByText`, or `findAllByText`)).

Ignored nodes: comments, script, style
<body>
  <div>
    <div
      class="note-taking-system bg-white rounded-lg shadow-lg"
    >
      <div
        class="flex items-center justify-between p-4 border-b"
      >
        <div
          class="flex items-center space-x-4"
        >
          <h2
            class="text-xl font-semibold text-gray-800"
          >
            📝 Call Notes
          </h2>
        </div>
        <div
          class="flex items-center space-x-2"
        >
          <button
            class="px-3 py-1 text-sm bg-blue-500 text-white rounded hover:bg-blue-600 transition-colors"
          >
            🔍 Search
          </button>
          <button
            class="px-3 py-1 text-sm bg-purple-500 text-white rounded hover:bg-purple-600 transition-colors"
          >
            📊 Analytics
          </button>
          <button
            class="px-3 py-1 text-sm bg-green-500 text-white rounded hover:bg-green-600 transition-colors"
          >
            👥 Collaborate
          </button>
        </div>
      </div>
      <div
        class="flex h-96"
      >
        <div
          class="w-1/4 border-r bg-gray-50"
        >
          <div
            class="p-4"
          >
            <h3
              class="text-lg font-medium text-gray-700 mb-3"
            >
              📋 Templates
            </h3>
            <div
              class="space-y-2 max-h-80 overflow-y-auto"
            />
          </div>
        </div>
        <div
          class="flex-1 flex flex-col"
        >
          <div
            class="flex items-center justify-between p-3 border-b bg-gray-50"
          >
            <div
              class="flex items-center space-x-2"
            >
              <button
                class="p-1 text-sm border rounded hover:bg-gray-100 disabled:opacity-50"
                disabled=""
                title="Bold"
              >
                <strong>
                  B
                </strong>
              </button>
              <button
                class="p-1 text-sm border rounded hover:bg-gray-100 disabled:opacity-50"
                disabled=""
                title="Italic"
              >
                <em>
                  I
                </em>
              </button>
              <button
                class="p-1 text-sm border rounded hover:bg-gray-100 disabled:opacity-50"
                disabled=""
                title="Highlight"
              >
                🖍️
              </button>
              <div
                class="border-l h-6 mx-2"
              />
              <button
                class="p-1 text-sm border rounded hover:bg-gray-100"
                title="Add heading"
              >
                H
              </button>
              <button
                class="p-1 text-sm border rounded hover:bg-gray-100"
                title="Add bullet point"
              >
                •
              </button>
              <button
                class="p-1 text-sm border rounded hover:bg-gray-100"
                title="Add checkbox"
              >
                ☑️
              </button>
              <div
                class="border-l h-6 mx-2"
              />
              <button
                class="p-1 text-sm border rounded transition-colors hover:bg-gray-100"
                title="Start voice dictation"
              >
                🎤
              </button>
            </div>
            <div
              class="flex items-center space-x-2"
            >
              <div
                class="text-sm text-gray-500"
              >
                Quality: 
                0
                %
              </div>
              <div
                class="relative"
              >
                <select
                  class="text-sm border rounded px-2 py-1"
                >
                  <option
                    value=""
                  >
                    Export...
                  </option>
                  <option
                    value="pdf"
                  >
                    PDF
                  </option>
                  <option
                    value="docx"
                  >
                    Word
                  </option>
                  <option
                    value="txt"
                  >
                    Text
                  </option>
                  <option
                    value="md"
                  >
                    Markdown
                  </option>
                </select>
              </div>
            </div>
          </div>
          <div
            class="flex-1 p-4"
          >
            <textarea
              class="w-full h-full border-none outline-none resize-none text-sm leading-relaxed"
              placeholder="Start typing your call notes here... Use ## for headings, - for lists, and [ ] for checkboxes."
              style="font-family: monospace;"
            />
          </div>
          <div
            class="flex items-center justify-between p-3 border-t bg-gray-50"
          >
            <div
              class="flex items-center space-x-4"
            >
              <div
                class="text-sm text-gray-500"
              >
                0
                 words
              </div>
              <div
                class="flex items-center space-x-2"
              >
                <span
                  class="text-sm text-gray-600"
                >
                  Tags:
                </span>
                <input
                  class="text-sm border rounded px-2 py-1 w-32"
                  placeholder="Add tags..."
                  type="text"
                />
              </div>
              <div
                class="flex flex-wrap gap-1"
              />
            </div>
            <div
              class="flex items-center space-x-2"
            >
              <label
                class="flex items-center text-sm"
              >
                <input
                  class="mr-1"
                  type="checkbox"
                />
                Follow-up required
              </label>
              <button
                class="px-4 py-2 bg-blue-500 text-white rounded hover:bg-blue-600 disabled:opacity-50 disabled:cursor-not-allowed transition-colors"
                disabled=""
              >
                ⏳ Saving...
              </button>
            </div>
          </div>
        </div>
      </div>
    </div>
  </div>
</body>
    at Object.getElementError (/Users/sherwingorechomante/coldcaller/frontend/node_modules/@testing-library/dom/dist/config.js:37:19)
    at getElementError (/Users/sherwingorechomante/coldcaller/frontend/node_modules/@testing-library/dom/dist/query-helpers.js:20:35)
    at getMultipleElementsFoundError (/Users/sherwingorechomante/coldcaller/frontend/node_modules/@testing-library/dom/dist/query-helpers.js:23:10)
    at /Users/sherwingorechomante/coldcaller/frontend/node_modules/@testing-library/dom/dist/query-helpers.js:55:13
    at getByRole (/Users/sherwingorechomante/coldcaller/frontend/node_modules/@testing-library/dom/dist/query-helpers.js:95:19)
    at Object.<anonymous> (/Users/sherwingorechomante/coldcaller/frontend/src/__tests__/security/SecurityTesting.test.js:489:32)
    at Promise.then.completed (/Users/sherwingorechomante/coldcaller/frontend/node_modules/jest-circus/build/utils.js:391:28)
    at new Promise (<anonymous>)
    at callAsyncCircusFn (/Users/sherwingorechomante/coldcaller/frontend/node_modules/jest-circus/build/utils.js:316:10)
    at _callCircusTest (/Users/sherwingorechomante/coldcaller/frontend/node_modules/jest-circus/build/run.js:218:40)
    at _runTest (/Users/sherwingorechomante/coldcaller/frontend/node_modules/jest-circus/build/run.js:155:3)
    at _runTestsForDescribeBlock (/Users/sherwingorechomante/coldcaller/frontend/node_modules/jest-circus/build/run.js:66:9)
    at _runTestsForDescribeBlock (/Users/sherwingorechomante/coldcaller/frontend/node_modules/jest-circus/build/run.js:60:9)
    at _runTestsForDescribeBlock (/Users/sherwingorechomante/coldcaller/frontend/node_modules/jest-circus/build/run.js:60:9)
    at run (/Users/sherwingorechomante/coldcaller/frontend/node_modules/jest-circus/build/run.js:25:3)
    at runAndTransformResultsToJestFormat (/Users/sherwingorechomante/coldcaller/frontend/node_modules/jest-circus/build/legacy-code-todo-rewrite/jestAdapterInit.js:170:21)
    at jestAdapter (/Users/sherwingorechomante/coldcaller/frontend/node_modules/jest-circus/build/legacy-code-todo-rewrite/jestAdapter.js:82:19)
    at runTestInternal (/Users/sherwingorechomante/coldcaller/frontend/node_modules/jest-runner/build/runTest.js:389:16)
    at runTest (/Users/sherwingorechomante/coldcaller/frontend/node_modules/jest-runner/build/runTest.js:475:34)
    at Object.worker (/Users/sherwingorechomante/coldcaller/frontend/node_modules/jest-runner/build/testWorker.js:133:12)]]></failure>
    </testCase>
    <testCase name="Comprehensive Security Testing Suite Content Security Policy (CSP) Compliance should comply with CSP directives" duration="7"/>
    <testCase name="Comprehensive Security Testing Suite Content Security Policy (CSP) Compliance should prevent unsafe inline styles" duration="2">
      <failure message="Error: expect(jest.fn()).toHaveBeenCalledWith(...expected)"><![CDATA[Error: expect(jest.fn()).toHaveBeenCalledWith(...expected)

Expected: StringContaining "Content Security Policy"

Number of calls: 0
    at Object.<anonymous> (/Users/sherwingorechomante/coldcaller/frontend/src/__tests__/security/SecurityTesting.test.js:535:26)
    at Promise.then.completed (/Users/sherwingorechomante/coldcaller/frontend/node_modules/jest-circus/build/utils.js:391:28)
    at new Promise (<anonymous>)
    at callAsyncCircusFn (/Users/sherwingorechomante/coldcaller/frontend/node_modules/jest-circus/build/utils.js:316:10)
    at _callCircusTest (/Users/sherwingorechomante/coldcaller/frontend/node_modules/jest-circus/build/run.js:218:40)
    at _runTest (/Users/sherwingorechomante/coldcaller/frontend/node_modules/jest-circus/build/run.js:155:3)
    at _runTestsForDescribeBlock (/Users/sherwingorechomante/coldcaller/frontend/node_modules/jest-circus/build/run.js:66:9)
    at _runTestsForDescribeBlock (/Users/sherwingorechomante/coldcaller/frontend/node_modules/jest-circus/build/run.js:60:9)
    at _runTestsForDescribeBlock (/Users/sherwingorechomante/coldcaller/frontend/node_modules/jest-circus/build/run.js:60:9)
    at run (/Users/sherwingorechomante/coldcaller/frontend/node_modules/jest-circus/build/run.js:25:3)
    at runAndTransformResultsToJestFormat (/Users/sherwingorechomante/coldcaller/frontend/node_modules/jest-circus/build/legacy-code-todo-rewrite/jestAdapterInit.js:170:21)
    at jestAdapter (/Users/sherwingorechomante/coldcaller/frontend/node_modules/jest-circus/build/legacy-code-todo-rewrite/jestAdapter.js:82:19)
    at runTestInternal (/Users/sherwingorechomante/coldcaller/frontend/node_modules/jest-runner/build/runTest.js:389:16)
    at runTest (/Users/sherwingorechomante/coldcaller/frontend/node_modules/jest-runner/build/runTest.js:475:34)
    at Object.worker (/Users/sherwingorechomante/coldcaller/frontend/node_modules/jest-runner/build/testWorker.js:133:12)]]></failure>
    </testCase>
    <testCase name="Comprehensive Security Testing Suite Data Privacy and GDPR Compliance should not log sensitive data to console" duration="47"/>
    <testCase name="Comprehensive Security Testing Suite Data Privacy and GDPR Compliance should sanitize data in error messages" duration="91">
      <failure message="TestingLibraryElementError: Unable to find an accessible element with the role &quot;button&quot; and name `/add lead/i`"><![CDATA[TestingLibraryElementError: Unable to find an accessible element with the role "button" and name `/add lead/i`

Here are the accessible roles:

  heading:

  Name "Current Lead":
  <h2
    class="text-xl font-semibold text-gray-800"
  />

  --------------------------------------------------
  button:

  Name "⬅️ Previous":
  <button
    class="btn-primary text-sm py-2 px-4 opacity-50 cursor-not-allowed transition-colors"
    disabled=""
  />

  Name "Next ➡️":
  <button
    class="btn-primary text-sm py-2 px-4 opacity-50 cursor-not-allowed transition-colors"
    disabled=""
  />

  Name "✏️ Edit":
  <button
    class="btn-secondary text-xs py-1 px-3 hover:bg-blue-600 transition-colors"
  />

  Name "📅 Follow-up":
  <button
    class="flex-1 min-w-[100px] p-2 bg-orange-500 hover:bg-orange-600 disabled:opacity-50 disabled:cursor-not-allowed text-white rounded-md text-xs font-medium transition-colors"
    disabled=""
  />

  Name "✅ Qualified":
  <button
    class="flex-1 min-w-[100px] p-2 bg-green-500 hover:bg-green-600 disabled:opacity-50 disabled:cursor-not-allowed text-white rounded-md text-xs font-medium transition-colors"
    disabled=""
  />

  Name "❌ Not Interested":
  <button
    class="flex-1 min-w-[100px] p-2 bg-red-500 hover:bg-red-600 disabled:opacity-50 disabled:cursor-not-allowed text-white rounded-md text-xs font-medium transition-colors"
    disabled=""
  />

  Name "📧 Send Email":
  <button
    class="flex-1 min-w-[120px] p-3 bg-white hover:bg-gray-50 disabled:opacity-50 text-gray-700 border border-gray-300 rounded-md text-sm font-medium transition-all hover:shadow-sm"
    disabled=""
  />

  Name "🔄 Loading...":
  <button
    class="flex-1 min-w-[120px] p-3 bg-white hover:bg-gray-50 disabled:opacity-50 text-gray-700 border border-gray-300 rounded-md text-sm font-medium transition-all hover:shadow-sm"
    disabled=""
  />

  Name "📞 Call Log":
  <button
    class="flex-1 min-w-[120px] p-3 bg-white hover:bg-gray-50 disabled:opacity-50 text-gray-700 border border-gray-300 rounded-md text-sm font-medium transition-all hover:shadow-sm"
    disabled=""
  />

  --------------------------------------------------

Ignored nodes: comments, script, style
<body>
  <div>
    <div
      class="card max-w-md m-3"
    >
      <div
        class="text-center mb-4"
      >
        <h2
          class="text-xl font-semibold text-gray-800"
        >
          Current Lead
        </h2>
        <div
          class="text-sm text-blue-600 mt-1"
        >
          🔄 Loading leads...
        </div>
      </div>
      <div
        class="flex justify-between items-center mb-5 p-3 bg-white rounded-lg shadow-sm"
      >
        <button
          class="btn-primary text-sm py-2 px-4 opacity-50 cursor-not-allowed transition-colors"
          disabled=""
        >
          ⬅️ Previous
        </button>
        <span
          class="text-sm font-semibold text-gray-600"
        >
          Lead 
          1
           of 
          0
          <span
            class="ml-2 text-xs text-orange-600"
          >
            (Offline)
          </span>
        </span>
        <button
          class="btn-primary text-sm py-2 px-4 opacity-50 cursor-not-allowed transition-colors"
          disabled=""
        >
          Next ➡️
        </button>
      </div>
      <div
        class="bg-white rounded-lg shadow-soft p-6 relative mb-5"
      >
        <div
          class="absolute top-3 right-3 px-3 py-1 text-white text-xs font-bold rounded-full transition-colors bg-blue-500"
        >
          New
        </div>
        <div
          class="mb-5"
        >
          <div
            class="flex mb-3 text-sm"
          >
            <span
              class="w-28 font-semibold text-gray-600"
            >
              👤 Name:
            </span>
            <span
              class="flex-1 text-gray-800"
            >
              John Smith
            </span>
          </div>
          <div
            class="flex mb-3 text-sm"
          >
            <span
              class="w-28 font-semibold text-gray-600"
            >
              🏢 Company:
            </span>
            <span
              class="flex-1 text-gray-800"
            >
              Tech Solutions Inc.
            </span>
          </div>
          <div
            class="flex mb-3 text-sm"
          >
            <span
              class="w-28 font-semibold text-gray-600"
            >
              📞 Phone:
            </span>
            <span
              class="flex-1 text-gray-800"
            >
              (555) 123-4567
            </span>
          </div>
          <div
            class="flex mb-3 text-sm"
          >
            <span
              class="w-28 font-semibold text-gray-600"
            >
              ✉️ Email:
            </span>
            <span
              class="flex-1 text-gray-800"
            >
              john@techsolutions.com
            </span>
          </div>
          <div
            class="flex mb-3 text-sm"
          >
            <span
              class="w-28 font-semibold text-gray-600"
            >
              📅 Last Contact:
            </span>
            <span
              class="flex-1 text-gray-800"
            >
              Never
            </span>
          </div>
        </div>
        <div
          class="border-t border-gray-200 pt-4"
        >
          <div
            class="flex justify-between items-center mb-3"
          >
            <span
              class="font-semibold text-sm text-gray-600"
            >
              📝 Notes:
            </span>
            <button
              class="btn-secondary text-xs py-1 px-3 hover:bg-blue-600 transition-colors"
            >
              ✏️ Edit
            </button>
          </div>
          <div
            class="p-3 bg-gray-50 rounded-md text-sm leading-relaxed text-gray-800"
          >
            Interested in cloud services
          </div>
        </div>
      </div>
      <div
        class="space-y-3"
      >
        <div
          class="flex flex-wrap gap-2"
        >
          <button
            class="flex-1 min-w-[100px] p-2 bg-orange-500 hover:bg-orange-600 disabled:opacity-50 disabled:cursor-not-allowed text-white rounded-md text-xs font-medium transition-colors"
            disabled=""
          >
            📅 Follow-up
          </button>
          <button
            class="flex-1 min-w-[100px] p-2 bg-green-500 hover:bg-green-600 disabled:opacity-50 disabled:cursor-not-allowed text-white rounded-md text-xs font-medium transition-colors"
            disabled=""
          >
            ✅ Qualified
          </button>
          <button
            class="flex-1 min-w-[100px] p-2 bg-red-500 hover:bg-red-600 disabled:opacity-50 disabled:cursor-not-allowed text-white rounded-md text-xs font-medium transition-colors"
            disabled=""
          >
            ❌ Not Interested
          </button>
        </div>
        <div
          class="flex flex-wrap gap-3"
        >
          <button
            class="flex-1 min-w-[120px] p-3 bg-white hover:bg-gray-50 disabled:opacity-50 text-gray-700 border border-gray-300 rounded-md text-sm font-medium transition-all hover:shadow-sm"
            disabled=""
          >
            📧 Send Email
          </button>
          <button
            class="flex-1 min-w-[120px] p-3 bg-white hover:bg-gray-50 disabled:opacity-50 text-gray-700 border border-gray-300 rounded-md text-sm font-medium transition-all hover:shadow-sm"
            disabled=""
          >
            🔄 Loading...
          </button>
          <button
            class="flex-1 min-w-[120px] p-3 bg-white hover:bg-gray-50 disabled:opacity-50 text-gray-700 border border-gray-300 rounded-md text-sm font-medium transition-all hover:shadow-sm"
            disabled=""
          >
            📞 Call Log
          </button>
        </div>
        <div
          class="text-center text-xs text-gray-500 mt-2"
        >
          API Status:
          <span
            class="ml-1 font-semibold text-orange-600"
          >
            🟡 Offline Mode
          </span>
        </div>
      </div>
    </div>
  </div>
</body>
    at Object.getElementError (/Users/sherwingorechomante/coldcaller/frontend/node_modules/@testing-library/dom/dist/config.js:37:19)
    at /Users/sherwingorechomante/coldcaller/frontend/node_modules/@testing-library/dom/dist/query-helpers.js:76:38
    at /Users/sherwingorechomante/coldcaller/frontend/node_modules/@testing-library/dom/dist/query-helpers.js:52:17
    at getByRole (/Users/sherwingorechomante/coldcaller/frontend/node_modules/@testing-library/dom/dist/query-helpers.js:95:19)
    at Object.<anonymous> (/Users/sherwingorechomante/coldcaller/frontend/src/__tests__/security/SecurityTesting.test.js:584:32)
    at Promise.then.completed (/Users/sherwingorechomante/coldcaller/frontend/node_modules/jest-circus/build/utils.js:391:28)
    at new Promise (<anonymous>)
    at callAsyncCircusFn (/Users/sherwingorechomante/coldcaller/frontend/node_modules/jest-circus/build/utils.js:316:10)
    at _callCircusTest (/Users/sherwingorechomante/coldcaller/frontend/node_modules/jest-circus/build/run.js:218:40)
    at _runTest (/Users/sherwingorechomante/coldcaller/frontend/node_modules/jest-circus/build/run.js:155:3)
    at _runTestsForDescribeBlock (/Users/sherwingorechomante/coldcaller/frontend/node_modules/jest-circus/build/run.js:66:9)
    at _runTestsForDescribeBlock (/Users/sherwingorechomante/coldcaller/frontend/node_modules/jest-circus/build/run.js:60:9)
    at _runTestsForDescribeBlock (/Users/sherwingorechomante/coldcaller/frontend/node_modules/jest-circus/build/run.js:60:9)
    at run (/Users/sherwingorechomante/coldcaller/frontend/node_modules/jest-circus/build/run.js:25:3)
    at runAndTransformResultsToJestFormat (/Users/sherwingorechomante/coldcaller/frontend/node_modules/jest-circus/build/legacy-code-todo-rewrite/jestAdapterInit.js:170:21)
    at jestAdapter (/Users/sherwingorechomante/coldcaller/frontend/node_modules/jest-circus/build/legacy-code-todo-rewrite/jestAdapter.js:82:19)
    at runTestInternal (/Users/sherwingorechomante/coldcaller/frontend/node_modules/jest-runner/build/runTest.js:389:16)
    at runTest (/Users/sherwingorechomante/coldcaller/frontend/node_modules/jest-runner/build/runTest.js:475:34)
    at Object.worker (/Users/sherwingorechomante/coldcaller/frontend/node_modules/jest-runner/build/testWorker.js:133:12)]]></failure>
    </testCase>
    <testCase name="Comprehensive Security Testing Suite Secure Communication should enforce HTTPS for API calls" duration="4">
      <failure message="Error: expect(jest.fn()).toHaveBeenCalledWith(...expected)"><![CDATA[Error: expect(jest.fn()).toHaveBeenCalledWith(...expected)

Expected: StringMatching /^https:\/\//, Any<Object>

Number of calls: 0
    at Object.<anonymous> (/Users/sherwingorechomante/coldcaller/frontend/src/__tests__/security/SecurityTesting.test.js:607:24)
    at Promise.then.completed (/Users/sherwingorechomante/coldcaller/frontend/node_modules/jest-circus/build/utils.js:391:28)
    at new Promise (<anonymous>)
    at callAsyncCircusFn (/Users/sherwingorechomante/coldcaller/frontend/node_modules/jest-circus/build/utils.js:316:10)
    at _callCircusTest (/Users/sherwingorechomante/coldcaller/frontend/node_modules/jest-circus/build/run.js:218:40)
    at _runTest (/Users/sherwingorechomante/coldcaller/frontend/node_modules/jest-circus/build/run.js:155:3)
    at _runTestsForDescribeBlock (/Users/sherwingorechomante/coldcaller/frontend/node_modules/jest-circus/build/run.js:66:9)
    at _runTestsForDescribeBlock (/Users/sherwingorechomante/coldcaller/frontend/node_modules/jest-circus/build/run.js:60:9)
    at _runTestsForDescribeBlock (/Users/sherwingorechomante/coldcaller/frontend/node_modules/jest-circus/build/run.js:60:9)
    at run (/Users/sherwingorechomante/coldcaller/frontend/node_modules/jest-circus/build/run.js:25:3)
    at runAndTransformResultsToJestFormat (/Users/sherwingorechomante/coldcaller/frontend/node_modules/jest-circus/build/legacy-code-todo-rewrite/jestAdapterInit.js:170:21)
    at jestAdapter (/Users/sherwingorechomante/coldcaller/frontend/node_modules/jest-circus/build/legacy-code-todo-rewrite/jestAdapter.js:82:19)
    at runTestInternal (/Users/sherwingorechomante/coldcaller/frontend/node_modules/jest-runner/build/runTest.js:389:16)
    at runTest (/Users/sherwingorechomante/coldcaller/frontend/node_modules/jest-runner/build/runTest.js:475:34)
    at Object.worker (/Users/sherwingorechomante/coldcaller/frontend/node_modules/jest-runner/build/testWorker.js:133:12)]]></failure>
    </testCase>
    <testCase name="Comprehensive Security Testing Suite Secure Communication should validate SSL certificates" duration="81">
      <failure message="TestingLibraryElementError: Unable to find an accessible element with the role &quot;button&quot; and name `/add lead/i`"><![CDATA[TestingLibraryElementError: Unable to find an accessible element with the role "button" and name `/add lead/i`

Here are the accessible roles:

  heading:

  Name "Current Lead":
  <h2
    class="text-xl font-semibold text-gray-800"
  />

  --------------------------------------------------
  button:

  Name "⬅️ Previous":
  <button
    class="btn-primary text-sm py-2 px-4 opacity-50 cursor-not-allowed transition-colors"
    disabled=""
  />

  Name "Next ➡️":
  <button
    class="btn-primary text-sm py-2 px-4 opacity-50 cursor-not-allowed transition-colors"
    disabled=""
  />

  Name "✏️ Edit":
  <button
    class="btn-secondary text-xs py-1 px-3 hover:bg-blue-600 transition-colors"
  />

  Name "📅 Follow-up":
  <button
    class="flex-1 min-w-[100px] p-2 bg-orange-500 hover:bg-orange-600 disabled:opacity-50 disabled:cursor-not-allowed text-white rounded-md text-xs font-medium transition-colors"
    disabled=""
  />

  Name "✅ Qualified":
  <button
    class="flex-1 min-w-[100px] p-2 bg-green-500 hover:bg-green-600 disabled:opacity-50 disabled:cursor-not-allowed text-white rounded-md text-xs font-medium transition-colors"
    disabled=""
  />

  Name "❌ Not Interested":
  <button
    class="flex-1 min-w-[100px] p-2 bg-red-500 hover:bg-red-600 disabled:opacity-50 disabled:cursor-not-allowed text-white rounded-md text-xs font-medium transition-colors"
    disabled=""
  />

  Name "📧 Send Email":
  <button
    class="flex-1 min-w-[120px] p-3 bg-white hover:bg-gray-50 disabled:opacity-50 text-gray-700 border border-gray-300 rounded-md text-sm font-medium transition-all hover:shadow-sm"
    disabled=""
  />

  Name "🔄 Loading...":
  <button
    class="flex-1 min-w-[120px] p-3 bg-white hover:bg-gray-50 disabled:opacity-50 text-gray-700 border border-gray-300 rounded-md text-sm font-medium transition-all hover:shadow-sm"
    disabled=""
  />

  Name "📞 Call Log":
  <button
    class="flex-1 min-w-[120px] p-3 bg-white hover:bg-gray-50 disabled:opacity-50 text-gray-700 border border-gray-300 rounded-md text-sm font-medium transition-all hover:shadow-sm"
    disabled=""
  />

  --------------------------------------------------

Ignored nodes: comments, script, style
<body>
  <div>
    <div
      class="card max-w-md m-3"
    >
      <div
        class="text-center mb-4"
      >
        <h2
          class="text-xl font-semibold text-gray-800"
        >
          Current Lead
        </h2>
        <div
          class="text-sm text-blue-600 mt-1"
        >
          🔄 Loading leads...
        </div>
      </div>
      <div
        class="flex justify-between items-center mb-5 p-3 bg-white rounded-lg shadow-sm"
      >
        <button
          class="btn-primary text-sm py-2 px-4 opacity-50 cursor-not-allowed transition-colors"
          disabled=""
        >
          ⬅️ Previous
        </button>
        <span
          class="text-sm font-semibold text-gray-600"
        >
          Lead 
          1
           of 
          0
          <span
            class="ml-2 text-xs text-orange-600"
          >
            (Offline)
          </span>
        </span>
        <button
          class="btn-primary text-sm py-2 px-4 opacity-50 cursor-not-allowed transition-colors"
          disabled=""
        >
          Next ➡️
        </button>
      </div>
      <div
        class="bg-white rounded-lg shadow-soft p-6 relative mb-5"
      >
        <div
          class="absolute top-3 right-3 px-3 py-1 text-white text-xs font-bold rounded-full transition-colors bg-blue-500"
        >
          New
        </div>
        <div
          class="mb-5"
        >
          <div
            class="flex mb-3 text-sm"
          >
            <span
              class="w-28 font-semibold text-gray-600"
            >
              👤 Name:
            </span>
            <span
              class="flex-1 text-gray-800"
            >
              John Smith
            </span>
          </div>
          <div
            class="flex mb-3 text-sm"
          >
            <span
              class="w-28 font-semibold text-gray-600"
            >
              🏢 Company:
            </span>
            <span
              class="flex-1 text-gray-800"
            >
              Tech Solutions Inc.
            </span>
          </div>
          <div
            class="flex mb-3 text-sm"
          >
            <span
              class="w-28 font-semibold text-gray-600"
            >
              📞 Phone:
            </span>
            <span
              class="flex-1 text-gray-800"
            >
              (555) 123-4567
            </span>
          </div>
          <div
            class="flex mb-3 text-sm"
          >
            <span
              class="w-28 font-semibold text-gray-600"
            >
              ✉️ Email:
            </span>
            <span
              class="flex-1 text-gray-800"
            >
              john@techsolutions.com
            </span>
          </div>
          <div
            class="flex mb-3 text-sm"
          >
            <span
              class="w-28 font-semibold text-gray-600"
            >
              📅 Last Contact:
            </span>
            <span
              class="flex-1 text-gray-800"
            >
              Never
            </span>
          </div>
        </div>
        <div
          class="border-t border-gray-200 pt-4"
        >
          <div
            class="flex justify-between items-center mb-3"
          >
            <span
              class="font-semibold text-sm text-gray-600"
            >
              📝 Notes:
            </span>
            <button
              class="btn-secondary text-xs py-1 px-3 hover:bg-blue-600 transition-colors"
            >
              ✏️ Edit
            </button>
          </div>
          <div
            class="p-3 bg-gray-50 rounded-md text-sm leading-relaxed text-gray-800"
          >
            Interested in cloud services
          </div>
        </div>
      </div>
      <div
        class="space-y-3"
      >
        <div
          class="flex flex-wrap gap-2"
        >
          <button
            class="flex-1 min-w-[100px] p-2 bg-orange-500 hover:bg-orange-600 disabled:opacity-50 disabled:cursor-not-allowed text-white rounded-md text-xs font-medium transition-colors"
            disabled=""
          >
            📅 Follow-up
          </button>
          <button
            class="flex-1 min-w-[100px] p-2 bg-green-500 hover:bg-green-600 disabled:opacity-50 disabled:cursor-not-allowed text-white rounded-md text-xs font-medium transition-colors"
            disabled=""
          >
            ✅ Qualified
          </button>
          <button
            class="flex-1 min-w-[100px] p-2 bg-red-500 hover:bg-red-600 disabled:opacity-50 disabled:cursor-not-allowed text-white rounded-md text-xs font-medium transition-colors"
            disabled=""
          >
            ❌ Not Interested
          </button>
        </div>
        <div
          class="flex flex-wrap gap-3"
        >
          <button
            class="flex-1 min-w-[120px] p-3 bg-white hover:bg-gray-50 disabled:opacity-50 text-gray-700 border border-gray-300 rounded-md text-sm font-medium transition-all hover:shadow-sm"
            disabled=""
          >
            📧 Send Email
          </button>
          <button
            class="flex-1 min-w-[120px] p-3 bg-white hover:bg-gray-50 disabled:opacity-50 text-gray-700 border border-gray-300 rounded-md text-sm font-medium transition-all hover:shadow-sm"
            disabled=""
          >
            🔄 Loading...
          </button>
          <button
            class="flex-1 min-w-[120px] p-3 bg-white hover:bg-gray-50 disabled:opacity-50 text-gray-700 border border-gray-300 rounded-md text-sm font-medium transition-all hover:shadow-sm"
            disabled=""
          >
            📞 Call Log
          </button>
        </div>
        <div
          class="text-center text-xs text-gray-500 mt-2"
        >
          API Status:
          <span
            class="ml-1 font-semibold text-orange-600"
          >
            🟡 Offline Mode
          </span>
        </div>
      </div>
    </div>
  </div>
</body>
    at Object.getElementError (/Users/sherwingorechomante/coldcaller/frontend/node_modules/@testing-library/dom/dist/config.js:37:19)
    at /Users/sherwingorechomante/coldcaller/frontend/node_modules/@testing-library/dom/dist/query-helpers.js:76:38
    at /Users/sherwingorechomante/coldcaller/frontend/node_modules/@testing-library/dom/dist/query-helpers.js:52:17
    at getByRole (/Users/sherwingorechomante/coldcaller/frontend/node_modules/@testing-library/dom/dist/query-helpers.js:95:19)
    at Object.<anonymous> (/Users/sherwingorechomante/coldcaller/frontend/src/__tests__/security/SecurityTesting.test.js:627:32)
    at Promise.then.completed (/Users/sherwingorechomante/coldcaller/frontend/node_modules/jest-circus/build/utils.js:391:28)
    at new Promise (<anonymous>)
    at callAsyncCircusFn (/Users/sherwingorechomante/coldcaller/frontend/node_modules/jest-circus/build/utils.js:316:10)
    at _callCircusTest (/Users/sherwingorechomante/coldcaller/frontend/node_modules/jest-circus/build/run.js:218:40)
    at _runTest (/Users/sherwingorechomante/coldcaller/frontend/node_modules/jest-circus/build/run.js:155:3)
    at _runTestsForDescribeBlock (/Users/sherwingorechomante/coldcaller/frontend/node_modules/jest-circus/build/run.js:66:9)
    at _runTestsForDescribeBlock (/Users/sherwingorechomante/coldcaller/frontend/node_modules/jest-circus/build/run.js:60:9)
    at _runTestsForDescribeBlock (/Users/sherwingorechomante/coldcaller/frontend/node_modules/jest-circus/build/run.js:60:9)
    at run (/Users/sherwingorechomante/coldcaller/frontend/node_modules/jest-circus/build/run.js:25:3)
    at runAndTransformResultsToJestFormat (/Users/sherwingorechomante/coldcaller/frontend/node_modules/jest-circus/build/legacy-code-todo-rewrite/jestAdapterInit.js:170:21)
    at jestAdapter (/Users/sherwingorechomante/coldcaller/frontend/node_modules/jest-circus/build/legacy-code-todo-rewrite/jestAdapter.js:82:19)
    at runTestInternal (/Users/sherwingorechomante/coldcaller/frontend/node_modules/jest-runner/build/runTest.js:389:16)
    at runTest (/Users/sherwingorechomante/coldcaller/frontend/node_modules/jest-runner/build/runTest.js:475:34)
    at Object.worker (/Users/sherwingorechomante/coldcaller/frontend/node_modules/jest-runner/build/testWorker.js:133:12)]]></failure>
    </testCase>
    <testCase name="Comprehensive Security Testing Suite Browser Security Features should set secure headers for sensitive operations" duration="1"/>
    <testCase name="Comprehensive Security Testing Suite Browser Security Features should prevent clickjacking with frame-busting" duration="0"/>
    <testCase name="Comprehensive Security Testing Suite Browser Security Features should disable autocomplete for sensitive fields" duration="6">
      <failure message="TestingLibraryElementError: Unable to find an element with the display value: /555-0123/."><![CDATA[TestingLibraryElementError: Unable to find an element with the display value: /555-0123/.

Ignored nodes: comments, script, style
<body>
  <div>
    <div
      class="card max-w-md m-3"
    >
      <div
        class="text-center mb-4"
      >
        <h2
          class="text-xl font-semibold text-gray-800"
        >
          Current Lead
        </h2>
        <div
          class="text-sm text-blue-600 mt-1"
        >
          🔄 Loading leads...
        </div>
      </div>
      <div
        class="flex justify-between items-center mb-5 p-3 bg-white rounded-lg shadow-sm"
      >
        <button
          class="btn-primary text-sm py-2 px-4 opacity-50 cursor-not-allowed transition-colors"
          disabled=""
        >
          ⬅️ Previous
        </button>
        <span
          class="text-sm font-semibold text-gray-600"
        >
          Lead 
          1
           of 
          0
          <span
            class="ml-2 text-xs text-orange-600"
          >
            (Offline)
          </span>
        </span>
        <button
          class="btn-primary text-sm py-2 px-4 opacity-50 cursor-not-allowed transition-colors"
          disabled=""
        >
          Next ➡️
        </button>
      </div>
      <div
        class="bg-white rounded-lg shadow-soft p-6 relative mb-5"
      >
        <div
          class="absolute top-3 right-3 px-3 py-1 text-white text-xs font-bold rounded-full transition-colors bg-blue-500"
        >
          New
        </div>
        <div
          class="mb-5"
        >
          <div
            class="flex mb-3 text-sm"
          >
            <span
              class="w-28 font-semibold text-gray-600"
            >
              👤 Name:
            </span>
            <span
              class="flex-1 text-gray-800"
            >
              John Smith
            </span>
          </div>
          <div
            class="flex mb-3 text-sm"
          >
            <span
              class="w-28 font-semibold text-gray-600"
            >
              🏢 Company:
            </span>
            <span
              class="flex-1 text-gray-800"
            >
              Tech Solutions Inc.
            </span>
          </div>
          <div
            class="flex mb-3 text-sm"
          >
            <span
              class="w-28 font-semibold text-gray-600"
            >
              📞 Phone:
            </span>
            <span
              class="flex-1 text-gray-800"
            >
              (555) 123-4567
            </span>
          </div>
          <div
            class="flex mb-3 text-sm"
          >
            <span
              class="w-28 font-semibold text-gray-600"
            >
              ✉️ Email:
            </span>
            <span
              class="flex-1 text-gray-800"
            >
              john@techsolutions.com
            </span>
          </div>
          <div
            class="flex mb-3 text-sm"
          >
            <span
              class="w-28 font-semibold text-gray-600"
            >
              📅 Last Contact:
            </span>
            <span
              class="flex-1 text-gray-800"
            >
              Never
            </span>
          </div>
        </div>
        <div
          class="border-t border-gray-200 pt-4"
        >
          <div
            class="flex justify-between items-center mb-3"
          >
            <span
              class="font-semibold text-sm text-gray-600"
            >
              📝 Notes:
            </span>
            <button
              class="btn-secondary text-xs py-1 px-3 hover:bg-blue-600 transition-colors"
            >
              ✏️ Edit
            </button>
          </div>
          <div
            class="p-3 bg-gray-50 rounded-md text-sm leading-relaxed text-gray-800"
          >
            Interested in cloud services
          </div>
        </div>
      </div>
      <div
        class="space-y-3"
      >
        <div
          class="flex flex-wrap gap-2"
        >
          <button
            class="flex-1 min-w-[100px] p-2 bg-orange-500 hover:bg-orange-600 disabled:opacity-50 disabled:cursor-not-allowed text-white rounded-md text-xs font-medium transition-colors"
            disabled=""
          >
            📅 Follow-up
          </button>
          <button
            class="flex-1 min-w-[100px] p-2 bg-green-500 hover:bg-green-600 disabled:opacity-50 disabled:cursor-not-allowed text-white rounded-md text-xs font-medium transition-colors"
            disabled=""
          >
            ✅ Qualified
          </button>
          <button
            class="flex-1 min-w-[100px] p-2 bg-red-500 hover:bg-red-600 disabled:opacity-50 disabled:cursor-not-allowed text-white rounded-md text-xs font-medium transition-colors"
            disabled=""
          >
            ❌ Not Interested
          </button>
        </div>
        <div
          class="flex flex-wrap gap-3"
        >
          <button
            class="flex-1 min-w-[120px] p-3 bg-white hover:bg-gray-50 disabled:opacity-50 text-gray-700 border border-gray-300 rounded-md text-sm font-medium transition-all hover:shadow-sm"
            disabled=""
          >
            📧 Send Email
          </button>
          <button
            class="flex-1 min-w-[120px] p-3 bg-white hover:bg-gray-50 disabled:opacity-50 text-gray-700 border border-gray-300 rounded-md text-sm font-medium transition-all hover:shadow-sm"
            disabled=""
          >
            🔄 Loading...
          </button>
          <button
            class="flex-1 min-w-[120px] p-3 bg-white hover:bg-gray-50 disabled:opacity-50 text-gray-700 border border-gray-300 rounded-md text-sm font-medium transition-all hover:shadow-sm"
            disabled=""
          >
            📞 Call Log
          </button>
        </div>
        <div
          class="text-center text-xs text-gray-500 mt-2"
        >
          API Status:
          <span
            class="ml-1 font-semibold text-orange-600"
          >
            🟡 Offline Mode
          </span>
        </div>
      </div>
    </div>
  </div>
</body>
    at Object.getElementError (/Users/sherwingorechomante/coldcaller/frontend/node_modules/@testing-library/dom/dist/config.js:37:19)
    at /Users/sherwingorechomante/coldcaller/frontend/node_modules/@testing-library/dom/dist/query-helpers.js:76:38
    at /Users/sherwingorechomante/coldcaller/frontend/node_modules/@testing-library/dom/dist/query-helpers.js:52:17
    at getByDisplayValue (/Users/sherwingorechomante/coldcaller/frontend/node_modules/@testing-library/dom/dist/query-helpers.js:95:19)
    at Object.<anonymous> (/Users/sherwingorechomante/coldcaller/frontend/src/__tests__/security/SecurityTesting.test.js:664:33)
    at Promise.then.completed (/Users/sherwingorechomante/coldcaller/frontend/node_modules/jest-circus/build/utils.js:391:28)
    at new Promise (<anonymous>)
    at callAsyncCircusFn (/Users/sherwingorechomante/coldcaller/frontend/node_modules/jest-circus/build/utils.js:316:10)
    at _callCircusTest (/Users/sherwingorechomante/coldcaller/frontend/node_modules/jest-circus/build/run.js:218:40)
    at _runTest (/Users/sherwingorechomante/coldcaller/frontend/node_modules/jest-circus/build/run.js:155:3)
    at _runTestsForDescribeBlock (/Users/sherwingorechomante/coldcaller/frontend/node_modules/jest-circus/build/run.js:66:9)
    at _runTestsForDescribeBlock (/Users/sherwingorechomante/coldcaller/frontend/node_modules/jest-circus/build/run.js:60:9)
    at _runTestsForDescribeBlock (/Users/sherwingorechomante/coldcaller/frontend/node_modules/jest-circus/build/run.js:60:9)
    at run (/Users/sherwingorechomante/coldcaller/frontend/node_modules/jest-circus/build/run.js:25:3)
    at runAndTransformResultsToJestFormat (/Users/sherwingorechomante/coldcaller/frontend/node_modules/jest-circus/build/legacy-code-todo-rewrite/jestAdapterInit.js:170:21)
    at jestAdapter (/Users/sherwingorechomante/coldcaller/frontend/node_modules/jest-circus/build/legacy-code-todo-rewrite/jestAdapter.js:82:19)
    at runTestInternal (/Users/sherwingorechomante/coldcaller/frontend/node_modules/jest-runner/build/runTest.js:389:16)
    at runTest (/Users/sherwingorechomante/coldcaller/frontend/node_modules/jest-runner/build/runTest.js:475:34)
    at Object.worker (/Users/sherwingorechomante/coldcaller/frontend/node_modules/jest-runner/build/testWorker.js:133:12)]]></failure>
    </testCase>
    <testCase name="Comprehensive Security Testing Suite Error Handling Security should not expose stack traces to users" duration="90">
      <failure message="TestingLibraryElementError: Unable to find an accessible element with the role &quot;button&quot; and name `/add lead/i`"><![CDATA[TestingLibraryElementError: Unable to find an accessible element with the role "button" and name `/add lead/i`

Here are the accessible roles:

  heading:

  Name "Current Lead":
  <h2
    class="text-xl font-semibold text-gray-800"
  />

  --------------------------------------------------
  button:

  Name "⬅️ Previous":
  <button
    class="btn-primary text-sm py-2 px-4 opacity-50 cursor-not-allowed transition-colors"
    disabled=""
  />

  Name "Next ➡️":
  <button
    class="btn-primary text-sm py-2 px-4 opacity-50 cursor-not-allowed transition-colors"
    disabled=""
  />

  Name "✏️ Edit":
  <button
    class="btn-secondary text-xs py-1 px-3 hover:bg-blue-600 transition-colors"
  />

  Name "📅 Follow-up":
  <button
    class="flex-1 min-w-[100px] p-2 bg-orange-500 hover:bg-orange-600 disabled:opacity-50 disabled:cursor-not-allowed text-white rounded-md text-xs font-medium transition-colors"
    disabled=""
  />

  Name "✅ Qualified":
  <button
    class="flex-1 min-w-[100px] p-2 bg-green-500 hover:bg-green-600 disabled:opacity-50 disabled:cursor-not-allowed text-white rounded-md text-xs font-medium transition-colors"
    disabled=""
  />

  Name "❌ Not Interested":
  <button
    class="flex-1 min-w-[100px] p-2 bg-red-500 hover:bg-red-600 disabled:opacity-50 disabled:cursor-not-allowed text-white rounded-md text-xs font-medium transition-colors"
    disabled=""
  />

  Name "📧 Send Email":
  <button
    class="flex-1 min-w-[120px] p-3 bg-white hover:bg-gray-50 disabled:opacity-50 text-gray-700 border border-gray-300 rounded-md text-sm font-medium transition-all hover:shadow-sm"
    disabled=""
  />

  Name "🔄 Loading...":
  <button
    class="flex-1 min-w-[120px] p-3 bg-white hover:bg-gray-50 disabled:opacity-50 text-gray-700 border border-gray-300 rounded-md text-sm font-medium transition-all hover:shadow-sm"
    disabled=""
  />

  Name "📞 Call Log":
  <button
    class="flex-1 min-w-[120px] p-3 bg-white hover:bg-gray-50 disabled:opacity-50 text-gray-700 border border-gray-300 rounded-md text-sm font-medium transition-all hover:shadow-sm"
    disabled=""
  />

  --------------------------------------------------

Ignored nodes: comments, script, style
<body>
  <div>
    <div
      class="card max-w-md m-3"
    >
      <div
        class="text-center mb-4"
      >
        <h2
          class="text-xl font-semibold text-gray-800"
        >
          Current Lead
        </h2>
        <div
          class="text-sm text-blue-600 mt-1"
        >
          🔄 Loading leads...
        </div>
      </div>
      <div
        class="flex justify-between items-center mb-5 p-3 bg-white rounded-lg shadow-sm"
      >
        <button
          class="btn-primary text-sm py-2 px-4 opacity-50 cursor-not-allowed transition-colors"
          disabled=""
        >
          ⬅️ Previous
        </button>
        <span
          class="text-sm font-semibold text-gray-600"
        >
          Lead 
          1
           of 
          0
          <span
            class="ml-2 text-xs text-orange-600"
          >
            (Offline)
          </span>
        </span>
        <button
          class="btn-primary text-sm py-2 px-4 opacity-50 cursor-not-allowed transition-colors"
          disabled=""
        >
          Next ➡️
        </button>
      </div>
      <div
        class="bg-white rounded-lg shadow-soft p-6 relative mb-5"
      >
        <div
          class="absolute top-3 right-3 px-3 py-1 text-white text-xs font-bold rounded-full transition-colors bg-blue-500"
        >
          New
        </div>
        <div
          class="mb-5"
        >
          <div
            class="flex mb-3 text-sm"
          >
            <span
              class="w-28 font-semibold text-gray-600"
            >
              👤 Name:
            </span>
            <span
              class="flex-1 text-gray-800"
            >
              John Smith
            </span>
          </div>
          <div
            class="flex mb-3 text-sm"
          >
            <span
              class="w-28 font-semibold text-gray-600"
            >
              🏢 Company:
            </span>
            <span
              class="flex-1 text-gray-800"
            >
              Tech Solutions Inc.
            </span>
          </div>
          <div
            class="flex mb-3 text-sm"
          >
            <span
              class="w-28 font-semibold text-gray-600"
            >
              📞 Phone:
            </span>
            <span
              class="flex-1 text-gray-800"
            >
              (555) 123-4567
            </span>
          </div>
          <div
            class="flex mb-3 text-sm"
          >
            <span
              class="w-28 font-semibold text-gray-600"
            >
              ✉️ Email:
            </span>
            <span
              class="flex-1 text-gray-800"
            >
              john@techsolutions.com
            </span>
          </div>
          <div
            class="flex mb-3 text-sm"
          >
            <span
              class="w-28 font-semibold text-gray-600"
            >
              📅 Last Contact:
            </span>
            <span
              class="flex-1 text-gray-800"
            >
              Never
            </span>
          </div>
        </div>
        <div
          class="border-t border-gray-200 pt-4"
        >
          <div
            class="flex justify-between items-center mb-3"
          >
            <span
              class="font-semibold text-sm text-gray-600"
            >
              📝 Notes:
            </span>
            <button
              class="btn-secondary text-xs py-1 px-3 hover:bg-blue-600 transition-colors"
            >
              ✏️ Edit
            </button>
          </div>
          <div
            class="p-3 bg-gray-50 rounded-md text-sm leading-relaxed text-gray-800"
          >
            Interested in cloud services
          </div>
        </div>
      </div>
      <div
        class="space-y-3"
      >
        <div
          class="flex flex-wrap gap-2"
        >
          <button
            class="flex-1 min-w-[100px] p-2 bg-orange-500 hover:bg-orange-600 disabled:opacity-50 disabled:cursor-not-allowed text-white rounded-md text-xs font-medium transition-colors"
            disabled=""
          >
            📅 Follow-up
          </button>
          <button
            class="flex-1 min-w-[100px] p-2 bg-green-500 hover:bg-green-600 disabled:opacity-50 disabled:cursor-not-allowed text-white rounded-md text-xs font-medium transition-colors"
            disabled=""
          >
            ✅ Qualified
          </button>
          <button
            class="flex-1 min-w-[100px] p-2 bg-red-500 hover:bg-red-600 disabled:opacity-50 disabled:cursor-not-allowed text-white rounded-md text-xs font-medium transition-colors"
            disabled=""
          >
            ❌ Not Interested
          </button>
        </div>
        <div
          class="flex flex-wrap gap-3"
        >
          <button
            class="flex-1 min-w-[120px] p-3 bg-white hover:bg-gray-50 disabled:opacity-50 text-gray-700 border border-gray-300 rounded-md text-sm font-medium transition-all hover:shadow-sm"
            disabled=""
          >
            📧 Send Email
          </button>
          <button
            class="flex-1 min-w-[120px] p-3 bg-white hover:bg-gray-50 disabled:opacity-50 text-gray-700 border border-gray-300 rounded-md text-sm font-medium transition-all hover:shadow-sm"
            disabled=""
          >
            🔄 Loading...
          </button>
          <button
            class="flex-1 min-w-[120px] p-3 bg-white hover:bg-gray-50 disabled:opacity-50 text-gray-700 border border-gray-300 rounded-md text-sm font-medium transition-all hover:shadow-sm"
            disabled=""
          >
            📞 Call Log
          </button>
        </div>
        <div
          class="text-center text-xs text-gray-500 mt-2"
        >
          API Status:
          <span
            class="ml-1 font-semibold text-orange-600"
          >
            🟡 Offline Mode
          </span>
        </div>
      </div>
    </div>
  </div>
</body>
    at Object.getElementError (/Users/sherwingorechomante/coldcaller/frontend/node_modules/@testing-library/dom/dist/config.js:37:19)
    at /Users/sherwingorechomante/coldcaller/frontend/node_modules/@testing-library/dom/dist/query-helpers.js:76:38
    at /Users/sherwingorechomante/coldcaller/frontend/node_modules/@testing-library/dom/dist/query-helpers.js:52:17
    at getByRole (/Users/sherwingorechomante/coldcaller/frontend/node_modules/@testing-library/dom/dist/query-helpers.js:95:19)
    at Object.<anonymous> (/Users/sherwingorechomante/coldcaller/frontend/src/__tests__/security/SecurityTesting.test.js:684:32)
    at Promise.then.completed (/Users/sherwingorechomante/coldcaller/frontend/node_modules/jest-circus/build/utils.js:391:28)
    at new Promise (<anonymous>)
    at callAsyncCircusFn (/Users/sherwingorechomante/coldcaller/frontend/node_modules/jest-circus/build/utils.js:316:10)
    at _callCircusTest (/Users/sherwingorechomante/coldcaller/frontend/node_modules/jest-circus/build/run.js:218:40)
    at _runTest (/Users/sherwingorechomante/coldcaller/frontend/node_modules/jest-circus/build/run.js:155:3)
    at _runTestsForDescribeBlock (/Users/sherwingorechomante/coldcaller/frontend/node_modules/jest-circus/build/run.js:66:9)
    at _runTestsForDescribeBlock (/Users/sherwingorechomante/coldcaller/frontend/node_modules/jest-circus/build/run.js:60:9)
    at _runTestsForDescribeBlock (/Users/sherwingorechomante/coldcaller/frontend/node_modules/jest-circus/build/run.js:60:9)
    at run (/Users/sherwingorechomante/coldcaller/frontend/node_modules/jest-circus/build/run.js:25:3)
    at runAndTransformResultsToJestFormat (/Users/sherwingorechomante/coldcaller/frontend/node_modules/jest-circus/build/legacy-code-todo-rewrite/jestAdapterInit.js:170:21)
    at jestAdapter (/Users/sherwingorechomante/coldcaller/frontend/node_modules/jest-circus/build/legacy-code-todo-rewrite/jestAdapter.js:82:19)
    at runTestInternal (/Users/sherwingorechomante/coldcaller/frontend/node_modules/jest-runner/build/runTest.js:389:16)
    at runTest (/Users/sherwingorechomante/coldcaller/frontend/node_modules/jest-runner/build/runTest.js:475:34)
    at Object.worker (/Users/sherwingorechomante/coldcaller/frontend/node_modules/jest-runner/build/testWorker.js:133:12)]]></failure>
    </testCase>
    <testCase name="Comprehensive Security Testing Suite Error Handling Security should log security events for monitoring" duration="5">
      <failure message="TestingLibraryElementError: Unable to find a label with the text of: /upload audio/i"><![CDATA[TestingLibraryElementError: Unable to find a label with the text of: /upload audio/i

Ignored nodes: comments, script, style
<body>
  <div>
    <div
      class="max-w-2xl mx-auto p-6 bg-white rounded-lg shadow-lg"
    >
      <div
        class="text-center mb-6"
      >
        <h2
          class="text-2xl font-bold text-gray-800 mb-2"
        >
          Upload Audio Clip
        </h2>
        <p
          class="text-gray-600"
        >
          Upload audio files for your call scripts. Supported formats: 
          MP3, WAV, OGG, M4A
        </p>
      </div>
      <div
        class="relative border-2 border-dashed rounded-lg p-8 text-center transition-all duration-300 border-gray-300 bg-gray-50 hover:border-gray-400"
      >
        <div>
          <div
            class="text-6xl mb-4"
          >
            🎵
          </div>
          <h3
            class="text-lg font-semibold text-gray-700 mb-2"
          >
            Drag & drop your audio file
          </h3>
          <p
            class="text-gray-500 mb-4"
          >
            or
          </p>
          <button
            class="px-6 py-3 bg-blue-600 text-white rounded-lg hover:bg-blue-700 disabled:opacity-50 disabled:cursor-not-allowed transition-colors font-medium"
          >
            Choose File
          </button>
          <input
            accept=".mp3,.wav,.ogg,.m4a"
            class="hidden"
            type="file"
          />
        </div>
      </div>
      <div
        class="mt-6 text-sm text-gray-500 text-center"
      >
        <p>
          Maximum file size: 50MB. Audio files will be processed and optimized for playback.
        </p>
      </div>
    </div>
  </div>
</body>
    at Object.getElementError (/Users/sherwingorechomante/coldcaller/frontend/node_modules/@testing-library/dom/dist/config.js:37:19)
    at getAllByLabelText (/Users/sherwingorechomante/coldcaller/frontend/node_modules/@testing-library/dom/dist/queries/label-text.js:111:38)
    at /Users/sherwingorechomante/coldcaller/frontend/node_modules/@testing-library/dom/dist/query-helpers.js:52:17
    at getByLabelText (/Users/sherwingorechomante/coldcaller/frontend/node_modules/@testing-library/dom/dist/query-helpers.js:95:19)
    at Object.<anonymous> (/Users/sherwingorechomante/coldcaller/frontend/src/__tests__/security/SecurityTesting.test.js:705:32)
    at Promise.then.completed (/Users/sherwingorechomante/coldcaller/frontend/node_modules/jest-circus/build/utils.js:391:28)
    at new Promise (<anonymous>)
    at callAsyncCircusFn (/Users/sherwingorechomante/coldcaller/frontend/node_modules/jest-circus/build/utils.js:316:10)
    at _callCircusTest (/Users/sherwingorechomante/coldcaller/frontend/node_modules/jest-circus/build/run.js:218:40)
    at _runTest (/Users/sherwingorechomante/coldcaller/frontend/node_modules/jest-circus/build/run.js:155:3)
    at _runTestsForDescribeBlock (/Users/sherwingorechomante/coldcaller/frontend/node_modules/jest-circus/build/run.js:66:9)
    at _runTestsForDescribeBlock (/Users/sherwingorechomante/coldcaller/frontend/node_modules/jest-circus/build/run.js:60:9)
    at _runTestsForDescribeBlock (/Users/sherwingorechomante/coldcaller/frontend/node_modules/jest-circus/build/run.js:60:9)
    at run (/Users/sherwingorechomante/coldcaller/frontend/node_modules/jest-circus/build/run.js:25:3)
    at runAndTransformResultsToJestFormat (/Users/sherwingorechomante/coldcaller/frontend/node_modules/jest-circus/build/legacy-code-todo-rewrite/jestAdapterInit.js:170:21)
    at jestAdapter (/Users/sherwingorechomante/coldcaller/frontend/node_modules/jest-circus/build/legacy-code-todo-rewrite/jestAdapter.js:82:19)
    at runTestInternal (/Users/sherwingorechomante/coldcaller/frontend/node_modules/jest-runner/build/runTest.js:389:16)
    at runTest (/Users/sherwingorechomante/coldcaller/frontend/node_modules/jest-runner/build/runTest.js:475:34)
    at Object.worker (/Users/sherwingorechomante/coldcaller/frontend/node_modules/jest-runner/build/testWorker.js:133:12)]]></failure>
    </testCase>
  </file>
  <file path="/Users/sherwingorechomante/coldcaller/frontend/src/__tests__/performance/PerformanceTesting.test.js">
  </file>
  <file path="/Users/sherwingorechomante/coldcaller/frontend/src/__tests__/voip/e2eVoipWorkflows.test.js">
  </file>
  <file path="/Users/sherwingorechomante/coldcaller/frontend/src/__tests__/__mocks__/fileMock.js">
  </file>
  <file path="/Users/sherwingorechomante/coldcaller/frontend/src/__tests__/mocks/voipMocks.js">
  </file>
  <file path="/Users/sherwingorechomante/coldcaller/frontend/src/components/__tests__/AudioClipPlayer.enhanced.test.js">
  </file>
  <file path="/Users/sherwingorechomante/coldcaller/frontend/src/__tests__/mocks/audioMocks.js">
  </file>
  <file path="/Users/sherwingorechomante/coldcaller/frontend/src/services/__tests__/audioService.test.js">
    <testCase name="Audio Service getAllAudioClips should fetch all audio clips successfully" duration="1"/>
    <testCase name="Audio Service getAllAudioClips should handle query parameters correctly" duration="1"/>
    <testCase name="Audio Service getAllAudioClips should handle API errors gracefully" duration="0"/>
    <testCase name="Audio Service getAllAudioClips should return fallback when API returns empty data" duration="1"/>
    <testCase name="Audio Service getAudioByCategory should fetch audio clips by category" duration="0"/>
    <testCase name="Audio Service getAudioByCategory should handle category not found" duration="0"/>
    <testCase name="Audio Service getAudioClip should fetch specific audio clip by ID" duration="0"/>
    <testCase name="Audio Service getAudioClip should handle clip not found" duration="0"/>
    <testCase name="Audio Service getAudioUrl should fetch audio URL for streaming" duration="1"/>
    <testCase name="Audio Service getAudioUrl should handle URL retrieval failure" duration="0"/>
    <testCase name="Audio Service uploadAudioClip should upload audio clip successfully" duration="0"/>
    <testCase name="Audio Service uploadAudioClip should handle upload progress callback" duration="1"/>
    <testCase name="Audio Service uploadAudioClip should call progress callback with percentage" duration="2"/>
    <testCase name="Audio Service uploadAudioClip should handle upload failure" duration="0"/>
    <testCase name="Audio Service updateAudioClip should update audio clip successfully" duration="13"/>
    <testCase name="Audio Service updateAudioClip should handle update failure" duration="1"/>
    <testCase name="Audio Service deleteAudioClip should delete audio clip successfully" duration="1"/>
    <testCase name="Audio Service deleteAudioClip should handle delete failure" duration="1"/>
    <testCase name="Audio Service searchAudioClips should search audio clips by term" duration="5">
      <failure message="Error: expect(jest.fn()).toHaveBeenCalledWith(...expected)"><![CDATA[Error: expect(jest.fn()).toHaveBeenCalledWith(...expected)

Expected: "/audio?search=intro", {}, true

Number of calls: 0
    at Object.<anonymous> (/Users/sherwingorechomante/coldcaller/frontend/src/services/__tests__/audioService.test.js:267:27)
    at processTicksAndRejections (node:internal/process/task_queues:105:5)]]></failure>
    </testCase>
    <testCase name="Audio Service searchAudioClips should handle search failure" duration="1"/>
    <testCase name="Audio Service getAudioStats should get overall audio statistics" duration="0"/>
    <testCase name="Audio Service getAudioStats should get statistics for specific clip" duration="0"/>
    <testCase name="Audio Service getDefaultAudioClips should get default audio clips" duration="0"/>
    <testCase name="Audio Service getDefaultAudioClips should return fallback defaults on API failure" duration="0"/>
    <testCase name="Audio Service recordAudioUsage should record audio usage successfully" duration="0"/>
    <testCase name="Audio Service recordAudioUsage should handle usage recording failure gracefully" duration="0"/>
    <testCase name="Audio Service recordAudioUsage should work with empty usage data" duration="0"/>
    <testCase name="Audio Service Error handling and edge cases should handle network timeouts" duration="0"/>
    <testCase name="Audio Service Error handling and edge cases should handle malformed responses" duration="1">
      <failure message="Error: expect(received).toBe(expected) // Object.is equality"><![CDATA[Error: expect(received).toBe(expected) // Object.is equality

Expected: false
Received: undefined
    at Object.<anonymous> (/Users/sherwingorechomante/coldcaller/frontend/src/services/__tests__/audioService.test.js:408:30)
    at processTicksAndRejections (node:internal/process/task_queues:105:5)]]></failure>
    </testCase>
    <testCase name="Audio Service Error handling and edge cases should validate file size in upload" duration="2043"/>
    <testCase name="Audio Service Integration scenarios should handle concurrent requests gracefully" duration="1"/>
    <testCase name="Audio Service Integration scenarios should handle mixed success/failure scenarios" duration="0"/>
  </file>
  <file path="/Users/sherwingorechomante/coldcaller/frontend/src/__tests__/crossBrowser/browserCompatibility.test.js">
    <testCase name="Cross-Browser Compatibility Tests Browser Detection and Feature Support should detect Chrome browser correctly" duration="1"/>
    <testCase name="Cross-Browser Compatibility Tests Browser Detection and Feature Support should detect Firefox browser correctly" duration="0"/>
    <testCase name="Cross-Browser Compatibility Tests Browser Detection and Feature Support should detect Safari browser correctly" duration="0"/>
    <testCase name="Cross-Browser Compatibility Tests Browser Detection and Feature Support should detect Edge browser correctly" duration="1"/>
    <testCase name="Cross-Browser Compatibility Tests Browser Detection and Feature Support should check Web Audio API support across browsers" duration="0"/>
    <testCase name="Cross-Browser Compatibility Tests Browser Detection and Feature Support should check MediaRecorder API support across browsers" duration="1"/>
    <testCase name="Cross-Browser Compatibility Tests Audio Format Support should support expected audio formats in Chrome" duration="0">
      <failure message="ReferenceError: mockBrowser is not defined"><![CDATA[ReferenceError: mockBrowser is not defined
    at Object.<anonymous> (/Users/sherwingorechomante/coldcaller/frontend/src/__tests__/crossBrowser/browserCompatibility.test.js:165:7)
    at Promise.then.completed (/Users/sherwingorechomante/coldcaller/frontend/node_modules/jest-circus/build/utils.js:391:28)
    at new Promise (<anonymous>)
    at callAsyncCircusFn (/Users/sherwingorechomante/coldcaller/frontend/node_modules/jest-circus/build/utils.js:316:10)
    at _callCircusTest (/Users/sherwingorechomante/coldcaller/frontend/node_modules/jest-circus/build/run.js:218:40)
    at processTicksAndRejections (node:internal/process/task_queues:105:5)
    at _runTest (/Users/sherwingorechomante/coldcaller/frontend/node_modules/jest-circus/build/run.js:155:3)
    at _runTestsForDescribeBlock (/Users/sherwingorechomante/coldcaller/frontend/node_modules/jest-circus/build/run.js:66:9)
    at _runTestsForDescribeBlock (/Users/sherwingorechomante/coldcaller/frontend/node_modules/jest-circus/build/run.js:60:9)
    at _runTestsForDescribeBlock (/Users/sherwingorechomante/coldcaller/frontend/node_modules/jest-circus/build/run.js:60:9)
    at run (/Users/sherwingorechomante/coldcaller/frontend/node_modules/jest-circus/build/run.js:25:3)
    at runAndTransformResultsToJestFormat (/Users/sherwingorechomante/coldcaller/frontend/node_modules/jest-circus/build/legacy-code-todo-rewrite/jestAdapterInit.js:170:21)
    at jestAdapter (/Users/sherwingorechomante/coldcaller/frontend/node_modules/jest-circus/build/legacy-code-todo-rewrite/jestAdapter.js:82:19)
    at runTestInternal (/Users/sherwingorechomante/coldcaller/frontend/node_modules/jest-runner/build/runTest.js:389:16)
    at runTest (/Users/sherwingorechomante/coldcaller/frontend/node_modules/jest-runner/build/runTest.js:475:34)
    at Object.worker (/Users/sherwingorechomante/coldcaller/frontend/node_modules/jest-runner/build/testWorker.js:133:12)]]></failure>
    </testCase>
    <testCase name="Cross-Browser Compatibility Tests Audio Format Support should support expected audio formats in Firefox" duration="0">
      <failure message="ReferenceError: mockBrowser is not defined"><![CDATA[ReferenceError: mockBrowser is not defined
    at Object.<anonymous> (/Users/sherwingorechomante/coldcaller/frontend/src/__tests__/crossBrowser/browserCompatibility.test.js:177:7)
    at Promise.then.completed (/Users/sherwingorechomante/coldcaller/frontend/node_modules/jest-circus/build/utils.js:391:28)
    at new Promise (<anonymous>)
    at callAsyncCircusFn (/Users/sherwingorechomante/coldcaller/frontend/node_modules/jest-circus/build/utils.js:316:10)
    at _callCircusTest (/Users/sherwingorechomante/coldcaller/frontend/node_modules/jest-circus/build/run.js:218:40)
    at processTicksAndRejections (node:internal/process/task_queues:105:5)
    at _runTest (/Users/sherwingorechomante/coldcaller/frontend/node_modules/jest-circus/build/run.js:155:3)
    at _runTestsForDescribeBlock (/Users/sherwingorechomante/coldcaller/frontend/node_modules/jest-circus/build/run.js:66:9)
    at _runTestsForDescribeBlock (/Users/sherwingorechomante/coldcaller/frontend/node_modules/jest-circus/build/run.js:60:9)
    at _runTestsForDescribeBlock (/Users/sherwingorechomante/coldcaller/frontend/node_modules/jest-circus/build/run.js:60:9)
    at run (/Users/sherwingorechomante/coldcaller/frontend/node_modules/jest-circus/build/run.js:25:3)
    at runAndTransformResultsToJestFormat (/Users/sherwingorechomante/coldcaller/frontend/node_modules/jest-circus/build/legacy-code-todo-rewrite/jestAdapterInit.js:170:21)
    at jestAdapter (/Users/sherwingorechomante/coldcaller/frontend/node_modules/jest-circus/build/legacy-code-todo-rewrite/jestAdapter.js:82:19)
    at runTestInternal (/Users/sherwingorechomante/coldcaller/frontend/node_modules/jest-runner/build/runTest.js:389:16)
    at runTest (/Users/sherwingorechomante/coldcaller/frontend/node_modules/jest-runner/build/runTest.js:475:34)
    at Object.worker (/Users/sherwingorechomante/coldcaller/frontend/node_modules/jest-runner/build/testWorker.js:133:12)]]></failure>
    </testCase>
    <testCase name="Cross-Browser Compatibility Tests Audio Format Support should support expected audio formats in Safari" duration="1">
      <failure message="ReferenceError: mockBrowser is not defined"><![CDATA[ReferenceError: mockBrowser is not defined
    at Object.<anonymous> (/Users/sherwingorechomante/coldcaller/frontend/src/__tests__/crossBrowser/browserCompatibility.test.js:189:7)
    at Promise.then.completed (/Users/sherwingorechomante/coldcaller/frontend/node_modules/jest-circus/build/utils.js:391:28)
    at new Promise (<anonymous>)
    at callAsyncCircusFn (/Users/sherwingorechomante/coldcaller/frontend/node_modules/jest-circus/build/utils.js:316:10)
    at _callCircusTest (/Users/sherwingorechomante/coldcaller/frontend/node_modules/jest-circus/build/run.js:218:40)
    at processTicksAndRejections (node:internal/process/task_queues:105:5)
    at _runTest (/Users/sherwingorechomante/coldcaller/frontend/node_modules/jest-circus/build/run.js:155:3)
    at _runTestsForDescribeBlock (/Users/sherwingorechomante/coldcaller/frontend/node_modules/jest-circus/build/run.js:66:9)
    at _runTestsForDescribeBlock (/Users/sherwingorechomante/coldcaller/frontend/node_modules/jest-circus/build/run.js:60:9)
    at _runTestsForDescribeBlock (/Users/sherwingorechomante/coldcaller/frontend/node_modules/jest-circus/build/run.js:60:9)
    at run (/Users/sherwingorechomante/coldcaller/frontend/node_modules/jest-circus/build/run.js:25:3)
    at runAndTransformResultsToJestFormat (/Users/sherwingorechomante/coldcaller/frontend/node_modules/jest-circus/build/legacy-code-todo-rewrite/jestAdapterInit.js:170:21)
    at jestAdapter (/Users/sherwingorechomante/coldcaller/frontend/node_modules/jest-circus/build/legacy-code-todo-rewrite/jestAdapter.js:82:19)
    at runTestInternal (/Users/sherwingorechomante/coldcaller/frontend/node_modules/jest-runner/build/runTest.js:389:16)
    at runTest (/Users/sherwingorechomante/coldcaller/frontend/node_modules/jest-runner/build/runTest.js:475:34)
    at Object.worker (/Users/sherwingorechomante/coldcaller/frontend/node_modules/jest-runner/build/testWorker.js:133:12)]]></failure>
    </testCase>
    <testCase name="Cross-Browser Compatibility Tests Audio Format Support should support expected audio formats in Edge" duration="0">
      <failure message="ReferenceError: mockBrowser is not defined"><![CDATA[ReferenceError: mockBrowser is not defined
    at Object.<anonymous> (/Users/sherwingorechomante/coldcaller/frontend/src/__tests__/crossBrowser/browserCompatibility.test.js:200:7)
    at Promise.then.completed (/Users/sherwingorechomante/coldcaller/frontend/node_modules/jest-circus/build/utils.js:391:28)
    at new Promise (<anonymous>)
    at callAsyncCircusFn (/Users/sherwingorechomante/coldcaller/frontend/node_modules/jest-circus/build/utils.js:316:10)
    at _callCircusTest (/Users/sherwingorechomante/coldcaller/frontend/node_modules/jest-circus/build/run.js:218:40)
    at processTicksAndRejections (node:internal/process/task_queues:105:5)
    at _runTest (/Users/sherwingorechomante/coldcaller/frontend/node_modules/jest-circus/build/run.js:155:3)
    at _runTestsForDescribeBlock (/Users/sherwingorechomante/coldcaller/frontend/node_modules/jest-circus/build/run.js:66:9)
    at _runTestsForDescribeBlock (/Users/sherwingorechomante/coldcaller/frontend/node_modules/jest-circus/build/run.js:60:9)
    at _runTestsForDescribeBlock (/Users/sherwingorechomante/coldcaller/frontend/node_modules/jest-circus/build/run.js:60:9)
    at run (/Users/sherwingorechomante/coldcaller/frontend/node_modules/jest-circus/build/run.js:25:3)
    at runAndTransformResultsToJestFormat (/Users/sherwingorechomante/coldcaller/frontend/node_modules/jest-circus/build/legacy-code-todo-rewrite/jestAdapterInit.js:170:21)
    at jestAdapter (/Users/sherwingorechomante/coldcaller/frontend/node_modules/jest-circus/build/legacy-code-todo-rewrite/jestAdapter.js:82:19)
    at runTestInternal (/Users/sherwingorechomante/coldcaller/frontend/node_modules/jest-runner/build/runTest.js:389:16)
    at runTest (/Users/sherwingorechomante/coldcaller/frontend/node_modules/jest-runner/build/runTest.js:475:34)
    at Object.worker (/Users/sherwingorechomante/coldcaller/frontend/node_modules/jest-runner/build/testWorker.js:133:12)]]></failure>
    </testCase>
    <testCase name="Cross-Browser Compatibility Tests Audio Format Support should gracefully handle unsupported formats" duration="1">
      <failure message="TypeError: audio.canPlayType is not a function"><![CDATA[TypeError: audio.canPlayType is not a function
    at Object.<anonymous> (/Users/sherwingorechomante/coldcaller/frontend/src/__tests__/crossBrowser/browserCompatibility.test.js:215:20)
    at Promise.then.completed (/Users/sherwingorechomante/coldcaller/frontend/node_modules/jest-circus/build/utils.js:391:28)
    at new Promise (<anonymous>)
    at callAsyncCircusFn (/Users/sherwingorechomante/coldcaller/frontend/node_modules/jest-circus/build/utils.js:316:10)
    at _callCircusTest (/Users/sherwingorechomante/coldcaller/frontend/node_modules/jest-circus/build/run.js:218:40)
    at processTicksAndRejections (node:internal/process/task_queues:105:5)
    at _runTest (/Users/sherwingorechomante/coldcaller/frontend/node_modules/jest-circus/build/run.js:155:3)
    at _runTestsForDescribeBlock (/Users/sherwingorechomante/coldcaller/frontend/node_modules/jest-circus/build/run.js:66:9)
    at _runTestsForDescribeBlock (/Users/sherwingorechomante/coldcaller/frontend/node_modules/jest-circus/build/run.js:60:9)
    at _runTestsForDescribeBlock (/Users/sherwingorechomante/coldcaller/frontend/node_modules/jest-circus/build/run.js:60:9)
    at run (/Users/sherwingorechomante/coldcaller/frontend/node_modules/jest-circus/build/run.js:25:3)
    at runAndTransformResultsToJestFormat (/Users/sherwingorechomante/coldcaller/frontend/node_modules/jest-circus/build/legacy-code-todo-rewrite/jestAdapterInit.js:170:21)
    at jestAdapter (/Users/sherwingorechomante/coldcaller/frontend/node_modules/jest-circus/build/legacy-code-todo-rewrite/jestAdapter.js:82:19)
    at runTestInternal (/Users/sherwingorechomante/coldcaller/frontend/node_modules/jest-runner/build/runTest.js:389:16)
    at runTest (/Users/sherwingorechomante/coldcaller/frontend/node_modules/jest-runner/build/runTest.js:475:34)
    at Object.worker (/Users/sherwingorechomante/coldcaller/frontend/node_modules/jest-runner/build/testWorker.js:133:12)]]></failure>
    </testCase>
    <testCase name="Cross-Browser Compatibility Tests Component Functionality Across Browsers should render correctly in Chrome" duration="0">
      <failure message="ReferenceError: mockBrowser is not defined"><![CDATA[ReferenceError: mockBrowser is not defined
    at Object.<anonymous> (/Users/sherwingorechomante/coldcaller/frontend/src/__tests__/crossBrowser/browserCompatibility.test.js:221:7)
    at Promise.then.completed (/Users/sherwingorechomante/coldcaller/frontend/node_modules/jest-circus/build/utils.js:391:28)
    at new Promise (<anonymous>)
    at callAsyncCircusFn (/Users/sherwingorechomante/coldcaller/frontend/node_modules/jest-circus/build/utils.js:316:10)
    at _callCircusTest (/Users/sherwingorechomante/coldcaller/frontend/node_modules/jest-circus/build/run.js:218:40)
    at processTicksAndRejections (node:internal/process/task_queues:105:5)
    at _runTest (/Users/sherwingorechomante/coldcaller/frontend/node_modules/jest-circus/build/run.js:155:3)
    at _runTestsForDescribeBlock (/Users/sherwingorechomante/coldcaller/frontend/node_modules/jest-circus/build/run.js:66:9)
    at _runTestsForDescribeBlock (/Users/sherwingorechomante/coldcaller/frontend/node_modules/jest-circus/build/run.js:60:9)
    at _runTestsForDescribeBlock (/Users/sherwingorechomante/coldcaller/frontend/node_modules/jest-circus/build/run.js:60:9)
    at run (/Users/sherwingorechomante/coldcaller/frontend/node_modules/jest-circus/build/run.js:25:3)
    at runAndTransformResultsToJestFormat (/Users/sherwingorechomante/coldcaller/frontend/node_modules/jest-circus/build/legacy-code-todo-rewrite/jestAdapterInit.js:170:21)
    at jestAdapter (/Users/sherwingorechomante/coldcaller/frontend/node_modules/jest-circus/build/legacy-code-todo-rewrite/jestAdapter.js:82:19)
    at runTestInternal (/Users/sherwingorechomante/coldcaller/frontend/node_modules/jest-runner/build/runTest.js:389:16)
    at runTest (/Users/sherwingorechomante/coldcaller/frontend/node_modules/jest-runner/build/runTest.js:475:34)
    at Object.worker (/Users/sherwingorechomante/coldcaller/frontend/node_modules/jest-runner/build/testWorker.js:133:12)]]></failure>
    </testCase>
    <testCase name="Cross-Browser Compatibility Tests Component Functionality Across Browsers should render correctly in Firefox" duration="0">
      <failure message="ReferenceError: mockBrowser is not defined"><![CDATA[ReferenceError: mockBrowser is not defined
    at Object.<anonymous> (/Users/sherwingorechomante/coldcaller/frontend/src/__tests__/crossBrowser/browserCompatibility.test.js:231:7)
    at Promise.then.completed (/Users/sherwingorechomante/coldcaller/frontend/node_modules/jest-circus/build/utils.js:391:28)
    at new Promise (<anonymous>)
    at callAsyncCircusFn (/Users/sherwingorechomante/coldcaller/frontend/node_modules/jest-circus/build/utils.js:316:10)
    at _callCircusTest (/Users/sherwingorechomante/coldcaller/frontend/node_modules/jest-circus/build/run.js:218:40)
    at processTicksAndRejections (node:internal/process/task_queues:105:5)
    at _runTest (/Users/sherwingorechomante/coldcaller/frontend/node_modules/jest-circus/build/run.js:155:3)
    at _runTestsForDescribeBlock (/Users/sherwingorechomante/coldcaller/frontend/node_modules/jest-circus/build/run.js:66:9)
    at _runTestsForDescribeBlock (/Users/sherwingorechomante/coldcaller/frontend/node_modules/jest-circus/build/run.js:60:9)
    at _runTestsForDescribeBlock (/Users/sherwingorechomante/coldcaller/frontend/node_modules/jest-circus/build/run.js:60:9)
    at run (/Users/sherwingorechomante/coldcaller/frontend/node_modules/jest-circus/build/run.js:25:3)
    at runAndTransformResultsToJestFormat (/Users/sherwingorechomante/coldcaller/frontend/node_modules/jest-circus/build/legacy-code-todo-rewrite/jestAdapterInit.js:170:21)
    at jestAdapter (/Users/sherwingorechomante/coldcaller/frontend/node_modules/jest-circus/build/legacy-code-todo-rewrite/jestAdapter.js:82:19)
    at runTestInternal (/Users/sherwingorechomante/coldcaller/frontend/node_modules/jest-runner/build/runTest.js:389:16)
    at runTest (/Users/sherwingorechomante/coldcaller/frontend/node_modules/jest-runner/build/runTest.js:475:34)
    at Object.worker (/Users/sherwingorechomante/coldcaller/frontend/node_modules/jest-runner/build/testWorker.js:133:12)]]></failure>
    </testCase>
    <testCase name="Cross-Browser Compatibility Tests Component Functionality Across Browsers should render correctly in Safari" duration="0">
      <failure message="ReferenceError: mockBrowser is not defined"><![CDATA[ReferenceError: mockBrowser is not defined
    at Object.<anonymous> (/Users/sherwingorechomante/coldcaller/frontend/src/__tests__/crossBrowser/browserCompatibility.test.js:241:7)
    at Promise.then.completed (/Users/sherwingorechomante/coldcaller/frontend/node_modules/jest-circus/build/utils.js:391:28)
    at new Promise (<anonymous>)
    at callAsyncCircusFn (/Users/sherwingorechomante/coldcaller/frontend/node_modules/jest-circus/build/utils.js:316:10)
    at _callCircusTest (/Users/sherwingorechomante/coldcaller/frontend/node_modules/jest-circus/build/run.js:218:40)
    at processTicksAndRejections (node:internal/process/task_queues:105:5)
    at _runTest (/Users/sherwingorechomante/coldcaller/frontend/node_modules/jest-circus/build/run.js:155:3)
    at _runTestsForDescribeBlock (/Users/sherwingorechomante/coldcaller/frontend/node_modules/jest-circus/build/run.js:66:9)
    at _runTestsForDescribeBlock (/Users/sherwingorechomante/coldcaller/frontend/node_modules/jest-circus/build/run.js:60:9)
    at _runTestsForDescribeBlock (/Users/sherwingorechomante/coldcaller/frontend/node_modules/jest-circus/build/run.js:60:9)
    at run (/Users/sherwingorechomante/coldcaller/frontend/node_modules/jest-circus/build/run.js:25:3)
    at runAndTransformResultsToJestFormat (/Users/sherwingorechomante/coldcaller/frontend/node_modules/jest-circus/build/legacy-code-todo-rewrite/jestAdapterInit.js:170:21)
    at jestAdapter (/Users/sherwingorechomante/coldcaller/frontend/node_modules/jest-circus/build/legacy-code-todo-rewrite/jestAdapter.js:82:19)
    at runTestInternal (/Users/sherwingorechomante/coldcaller/frontend/node_modules/jest-runner/build/runTest.js:389:16)
    at runTest (/Users/sherwingorechomante/coldcaller/frontend/node_modules/jest-runner/build/runTest.js:475:34)
    at Object.worker (/Users/sherwingorechomante/coldcaller/frontend/node_modules/jest-runner/build/testWorker.js:133:12)]]></failure>
    </testCase>
    <testCase name="Cross-Browser Compatibility Tests Component Functionality Across Browsers should render correctly in Edge" duration="0">
      <failure message="ReferenceError: mockBrowser is not defined"><![CDATA[ReferenceError: mockBrowser is not defined
    at Object.<anonymous> (/Users/sherwingorechomante/coldcaller/frontend/src/__tests__/crossBrowser/browserCompatibility.test.js:251:7)
    at Promise.then.completed (/Users/sherwingorechomante/coldcaller/frontend/node_modules/jest-circus/build/utils.js:391:28)
    at new Promise (<anonymous>)
    at callAsyncCircusFn (/Users/sherwingorechomante/coldcaller/frontend/node_modules/jest-circus/build/utils.js:316:10)
    at _callCircusTest (/Users/sherwingorechomante/coldcaller/frontend/node_modules/jest-circus/build/run.js:218:40)
    at processTicksAndRejections (node:internal/process/task_queues:105:5)
    at _runTest (/Users/sherwingorechomante/coldcaller/frontend/node_modules/jest-circus/build/run.js:155:3)
    at _runTestsForDescribeBlock (/Users/sherwingorechomante/coldcaller/frontend/node_modules/jest-circus/build/run.js:66:9)
    at _runTestsForDescribeBlock (/Users/sherwingorechomante/coldcaller/frontend/node_modules/jest-circus/build/run.js:60:9)
    at _runTestsForDescribeBlock (/Users/sherwingorechomante/coldcaller/frontend/node_modules/jest-circus/build/run.js:60:9)
    at run (/Users/sherwingorechomante/coldcaller/frontend/node_modules/jest-circus/build/run.js:25:3)
    at runAndTransformResultsToJestFormat (/Users/sherwingorechomante/coldcaller/frontend/node_modules/jest-circus/build/legacy-code-todo-rewrite/jestAdapterInit.js:170:21)
    at jestAdapter (/Users/sherwingorechomante/coldcaller/frontend/node_modules/jest-circus/build/legacy-code-todo-rewrite/jestAdapter.js:82:19)
    at runTestInternal (/Users/sherwingorechomante/coldcaller/frontend/node_modules/jest-runner/build/runTest.js:389:16)
    at runTest (/Users/sherwingorechomante/coldcaller/frontend/node_modules/jest-runner/build/runTest.js:475:34)
    at Object.worker (/Users/sherwingorechomante/coldcaller/frontend/node_modules/jest-runner/build/testWorker.js:133:12)]]></failure>
    </testCase>
    <testCase name="Cross-Browser Compatibility Tests Component Functionality Across Browsers should handle audio playback across browsers" duration="0">
      <failure message="ReferenceError: mockBrowser is not defined"><![CDATA[ReferenceError: mockBrowser is not defined
    at Object.<anonymous> (/Users/sherwingorechomante/coldcaller/frontend/src/__tests__/crossBrowser/browserCompatibility.test.js:264:9)
    at Promise.then.completed (/Users/sherwingorechomante/coldcaller/frontend/node_modules/jest-circus/build/utils.js:391:28)
    at new Promise (<anonymous>)
    at callAsyncCircusFn (/Users/sherwingorechomante/coldcaller/frontend/node_modules/jest-circus/build/utils.js:316:10)
    at _callCircusTest (/Users/sherwingorechomante/coldcaller/frontend/node_modules/jest-circus/build/run.js:218:40)
    at processTicksAndRejections (node:internal/process/task_queues:105:5)
    at _runTest (/Users/sherwingorechomante/coldcaller/frontend/node_modules/jest-circus/build/run.js:155:3)
    at _runTestsForDescribeBlock (/Users/sherwingorechomante/coldcaller/frontend/node_modules/jest-circus/build/run.js:66:9)
    at _runTestsForDescribeBlock (/Users/sherwingorechomante/coldcaller/frontend/node_modules/jest-circus/build/run.js:60:9)
    at _runTestsForDescribeBlock (/Users/sherwingorechomante/coldcaller/frontend/node_modules/jest-circus/build/run.js:60:9)
    at run (/Users/sherwingorechomante/coldcaller/frontend/node_modules/jest-circus/build/run.js:25:3)
    at runAndTransformResultsToJestFormat (/Users/sherwingorechomante/coldcaller/frontend/node_modules/jest-circus/build/legacy-code-todo-rewrite/jestAdapterInit.js:170:21)
    at jestAdapter (/Users/sherwingorechomante/coldcaller/frontend/node_modules/jest-circus/build/legacy-code-todo-rewrite/jestAdapter.js:82:19)
    at runTestInternal (/Users/sherwingorechomante/coldcaller/frontend/node_modules/jest-runner/build/runTest.js:389:16)
    at runTest (/Users/sherwingorechomante/coldcaller/frontend/node_modules/jest-runner/build/runTest.js:475:34)
    at Object.worker (/Users/sherwingorechomante/coldcaller/frontend/node_modules/jest-runner/build/testWorker.js:133:12)]]></failure>
    </testCase>
    <testCase name="Cross-Browser Compatibility Tests Web Audio API Cross-Browser Tests should handle AudioContext creation across browsers" duration="0">
      <failure message="ReferenceError: mockBrowser is not defined"><![CDATA[ReferenceError: mockBrowser is not defined
    at forEach (/Users/sherwingorechomante/coldcaller/frontend/src/__tests__/crossBrowser/browserCompatibility.test.js:286:9)
    at Array.forEach (<anonymous>)
    at Object.<anonymous> (/Users/sherwingorechomante/coldcaller/frontend/src/__tests__/crossBrowser/browserCompatibility.test.js:285:16)
    at Promise.then.completed (/Users/sherwingorechomante/coldcaller/frontend/node_modules/jest-circus/build/utils.js:391:28)
    at new Promise (<anonymous>)
    at callAsyncCircusFn (/Users/sherwingorechomante/coldcaller/frontend/node_modules/jest-circus/build/utils.js:316:10)
    at _callCircusTest (/Users/sherwingorechomante/coldcaller/frontend/node_modules/jest-circus/build/run.js:218:40)
    at processTicksAndRejections (node:internal/process/task_queues:105:5)
    at _runTest (/Users/sherwingorechomante/coldcaller/frontend/node_modules/jest-circus/build/run.js:155:3)
    at _runTestsForDescribeBlock (/Users/sherwingorechomante/coldcaller/frontend/node_modules/jest-circus/build/run.js:66:9)
    at _runTestsForDescribeBlock (/Users/sherwingorechomante/coldcaller/frontend/node_modules/jest-circus/build/run.js:60:9)
    at _runTestsForDescribeBlock (/Users/sherwingorechomante/coldcaller/frontend/node_modules/jest-circus/build/run.js:60:9)
    at run (/Users/sherwingorechomante/coldcaller/frontend/node_modules/jest-circus/build/run.js:25:3)
    at runAndTransformResultsToJestFormat (/Users/sherwingorechomante/coldcaller/frontend/node_modules/jest-circus/build/legacy-code-todo-rewrite/jestAdapterInit.js:170:21)
    at jestAdapter (/Users/sherwingorechomante/coldcaller/frontend/node_modules/jest-circus/build/legacy-code-todo-rewrite/jestAdapter.js:82:19)
    at runTestInternal (/Users/sherwingorechomante/coldcaller/frontend/node_modules/jest-runner/build/runTest.js:389:16)
    at runTest (/Users/sherwingorechomante/coldcaller/frontend/node_modules/jest-runner/build/runTest.js:475:34)
    at Object.worker (/Users/sherwingorechomante/coldcaller/frontend/node_modules/jest-runner/build/testWorker.js:133:12)]]></failure>
    </testCase>
    <testCase name="Cross-Browser Compatibility Tests Web Audio API Cross-Browser Tests should handle audio decoding across browsers" duration="0">
      <failure message="ReferenceError: mockBrowser is not defined"><![CDATA[ReferenceError: mockBrowser is not defined
    at Object.<anonymous> (/Users/sherwingorechomante/coldcaller/frontend/src/__tests__/crossBrowser/browserCompatibility.test.js:315:9)
    at Promise.then.completed (/Users/sherwingorechomante/coldcaller/frontend/node_modules/jest-circus/build/utils.js:391:28)
    at new Promise (<anonymous>)
    at callAsyncCircusFn (/Users/sherwingorechomante/coldcaller/frontend/node_modules/jest-circus/build/utils.js:316:10)
    at _callCircusTest (/Users/sherwingorechomante/coldcaller/frontend/node_modules/jest-circus/build/run.js:218:40)
    at processTicksAndRejections (node:internal/process/task_queues:105:5)
    at _runTest (/Users/sherwingorechomante/coldcaller/frontend/node_modules/jest-circus/build/run.js:155:3)
    at _runTestsForDescribeBlock (/Users/sherwingorechomante/coldcaller/frontend/node_modules/jest-circus/build/run.js:66:9)
    at _runTestsForDescribeBlock (/Users/sherwingorechomante/coldcaller/frontend/node_modules/jest-circus/build/run.js:60:9)
    at _runTestsForDescribeBlock (/Users/sherwingorechomante/coldcaller/frontend/node_modules/jest-circus/build/run.js:60:9)
    at run (/Users/sherwingorechomante/coldcaller/frontend/node_modules/jest-circus/build/run.js:25:3)
    at runAndTransformResultsToJestFormat (/Users/sherwingorechomante/coldcaller/frontend/node_modules/jest-circus/build/legacy-code-todo-rewrite/jestAdapterInit.js:170:21)
    at jestAdapter (/Users/sherwingorechomante/coldcaller/frontend/node_modules/jest-circus/build/legacy-code-todo-rewrite/jestAdapter.js:82:19)
    at runTestInternal (/Users/sherwingorechomante/coldcaller/frontend/node_modules/jest-runner/build/runTest.js:389:16)
    at runTest (/Users/sherwingorechomante/coldcaller/frontend/node_modules/jest-runner/build/runTest.js:475:34)
    at Object.worker (/Users/sherwingorechomante/coldcaller/frontend/node_modules/jest-runner/build/testWorker.js:133:12)]]></failure>
    </testCase>
    <testCase name="Cross-Browser Compatibility Tests Web Audio API Cross-Browser Tests should handle gain nodes across browsers" duration="0">
      <failure message="ReferenceError: mockBrowser is not defined"><![CDATA[ReferenceError: mockBrowser is not defined
    at forEach (/Users/sherwingorechomante/coldcaller/frontend/src/__tests__/crossBrowser/browserCompatibility.test.js:335:9)
    at Array.forEach (<anonymous>)
    at Object.<anonymous> (/Users/sherwingorechomante/coldcaller/frontend/src/__tests__/crossBrowser/browserCompatibility.test.js:334:16)
    at Promise.then.completed (/Users/sherwingorechomante/coldcaller/frontend/node_modules/jest-circus/build/utils.js:391:28)
    at new Promise (<anonymous>)
    at callAsyncCircusFn (/Users/sherwingorechomante/coldcaller/frontend/node_modules/jest-circus/build/utils.js:316:10)
    at _callCircusTest (/Users/sherwingorechomante/coldcaller/frontend/node_modules/jest-circus/build/run.js:218:40)
    at processTicksAndRejections (node:internal/process/task_queues:105:5)
    at _runTest (/Users/sherwingorechomante/coldcaller/frontend/node_modules/jest-circus/build/run.js:155:3)
    at _runTestsForDescribeBlock (/Users/sherwingorechomante/coldcaller/frontend/node_modules/jest-circus/build/run.js:66:9)
    at _runTestsForDescribeBlock (/Users/sherwingorechomante/coldcaller/frontend/node_modules/jest-circus/build/run.js:60:9)
    at _runTestsForDescribeBlock (/Users/sherwingorechomante/coldcaller/frontend/node_modules/jest-circus/build/run.js:60:9)
    at run (/Users/sherwingorechomante/coldcaller/frontend/node_modules/jest-circus/build/run.js:25:3)
    at runAndTransformResultsToJestFormat (/Users/sherwingorechomante/coldcaller/frontend/node_modules/jest-circus/build/legacy-code-todo-rewrite/jestAdapterInit.js:170:21)
    at jestAdapter (/Users/sherwingorechomante/coldcaller/frontend/node_modules/jest-circus/build/legacy-code-todo-rewrite/jestAdapter.js:82:19)
    at runTestInternal (/Users/sherwingorechomante/coldcaller/frontend/node_modules/jest-runner/build/runTest.js:389:16)
    at runTest (/Users/sherwingorechomante/coldcaller/frontend/node_modules/jest-runner/build/runTest.js:475:34)
    at Object.worker (/Users/sherwingorechomante/coldcaller/frontend/node_modules/jest-runner/build/testWorker.js:133:12)]]></failure>
    </testCase>
    <testCase name="Cross-Browser Compatibility Tests Mobile Browser Compatibility should work on iOS Safari" duration="1066">
      <failure message="Error: Unable to find an element with the text: /Playing audio clip/. This could be because the text is broken up by multiple elements. In this case, you can provide a function for your text matcher to make your matcher more flexible."><![CDATA[Error: Unable to find an element with the text: /Playing audio clip/. This could be because the text is broken up by multiple elements. In this case, you can provide a function for your text matcher to make your matcher more flexible.

Ignored nodes: comments, script, style
<body>
  <div>
    <div
      class="card max-w-md mx-2.5"
    >
      <div
        class="text-center mb-4"
      >
        <h2
          class="text-slate-800 text-lg font-semibold"
        >
          Audio Clips
        </h2>
        <div
          class="text-xs text-gray-500 mt-1"
        >
          API: 
          <span
            class="font-semibold text-green-600"
          >
            🟢 Connected
          </span>
        </div>
      </div>
      <div
        class="flex gap-1 mb-5 border-b-2 border-gray-200 pb-2.5"
      >
        <button
          class="px-4 py-2 text-sm rounded-t-md transition-all duration-300 border-none cursor-pointer disabled:opacity-50 disabled:cursor-not-allowed bg-green-500 text-white font-bold"
        >
          Greetings
        </button>
        <button
          class="px-4 py-2 text-sm rounded-t-md transition-all duration-300 border-none cursor-pointer disabled:opacity-50 disabled:cursor-not-allowed bg-transparent text-gray-600 hover:bg-gray-100 hover:text-gray-800"
        >
          Objections
        </button>
        <button
          class="px-4 py-2 text-sm rounded-t-md transition-all duration-300 border-none cursor-pointer disabled:opacity-50 disabled:cursor-not-allowed bg-transparent text-gray-600 hover:bg-gray-100 hover:text-gray-800"
        >
          Closing
        </button>
      </div>
      <div
        class="max-h-80 overflow-y-auto"
      >
        <div
          class="flex justify-between items-center p-3 mb-2 bg-white rounded-md border border-gray-200 hover:shadow-md transition-shadow duration-200"
        >
          <div
            class="flex flex-col flex-1"
          >
            <span
              class="font-semibold text-sm text-slate-700"
            >
              Professional Intro
            </span>
            <span
              class="text-xs text-gray-500 mt-0.5"
            >
              0:15
            </span>
          </div>
          <button
            class="px-4 py-2 text-white border-none rounded-md cursor-pointer text-sm font-medium transition-all duration-300 hover:scale-105 disabled:opacity-50 disabled:cursor-not-allowed bg-orange-500 hover:bg-orange-600"
          >
            ⏸️ Stop
          </button>
        </div>
        <div
          class="flex justify-between items-center p-3 mb-2 bg-white rounded-md border border-gray-200 hover:shadow-md transition-shadow duration-200"
        >
          <div
            class="flex flex-col flex-1"
          >
            <span
              class="font-semibold text-sm text-slate-700"
            >
              Casual Intro
            </span>
            <span
              class="text-xs text-gray-500 mt-0.5"
            >
              0:12
            </span>
          </div>
          <button
            class="px-4 py-2 text-white border-none rounded-md cursor-pointer text-sm font-medium transition-all duration-300 hover:scale-105 disabled:opacity-50 disabled:cursor-not-allowed bg-blue-500 hover:bg-blue-600"
          >
            ▶️ Play
          </button>
        </div>
      </div>
      <div
        class="mt-4 p-4 bg-blue-50 rounded-md border border-blue-200"
      >
        <div
          class="text-center text-blue-700 text-sm font-medium mb-2"
        >
          🎵 
          Playing with HTML5 Audio
           audio clip...
        </div>
        <div
          class="flex items-center justify-center gap-4 text-sm"
        >
          <div
            class="flex items-center gap-2"
          >
            <label
              class="text-blue-700"
            >
              🔊
            </label>
            <input
              class="w-20"
              max="1"
              min="0"
              step="0.05"
              type="range"
              value="1"
            />
            <span
              class="text-blue-600 w-8 text-xs"
            >
              100
              %
            </span>
          </div>
          <div
            class="flex items-center gap-2"
          >
            <label
              class="text-blue-700"
            >
              ⚡
            </label>
            <select
              class="border border-blue-300 rounded px-1 py-0.5 text-xs bg-white"
            >
              <option
                value="0.5"
              >
                0.5x
              </option>
              <option
                value="0.75"
              >
                0.75x
              </option>
              <option
                value="1.0"
              >
                1.0x
              </option>
              <option
                value="1.25"
              >
                1.25x
              </option>
              <option
                value="1.5"
              >
                1.5x
              </option>
              <option
                value="2.0"
              >
                2.0x
              </option>
            </select>
          </div>
          <button
            class="px-3 py-1 bg-red-500 text-white rounded text-xs hover:bg-red-600"
          >
            ⏹️ Stop
          </button>
        </div>
      </div>
      <div
        class="space-y-3 mt-4"
      >
        <div
          class="flex gap-2"
        >
          <button
            class="flex-1 px-3 py-2 bg-blue-100 hover:bg-blue-200 disabled:opacity-50 text-blue-700 rounded-md text-sm font-medium transition-colors"
          >
            🔄 Refresh
          </button>
          <button
            class="px-3 py-2 text-sm font-medium rounded-md transition-colors bg-gray-100 text-gray-700 hover:bg-gray-200 disabled:opacity-50"
            disabled=""
          >
            📊 Visualizer
          </button>
        </div>
        <div
          class="flex gap-2"
        >
          <button
            class="flex-1 px-3 py-2 text-sm font-medium rounded-md transition-colors bg-gray-100 text-gray-700 hover:bg-gray-200"
          >
            📚 Library
          </button>
          <button
            class="flex-1 px-3 py-2 bg-red-100 hover:bg-red-200 disabled:opacity-50 text-red-700 rounded-md text-sm font-medium transition-colors"
            disabled=""
            title="Web Audio API required for recording"
          >
            🎤 Record
          </button>
        </div>
      </div>
      <div
        class="mt-4 space-y-3"
      >
        <div
          class="p-3 bg-orange-50 rounded-md text-sm text-gray-600 leading-relaxed"
        >
          💡 
          <strong>
            Audio Controls:
          </strong>
          <div
            class="mt-1 text-xs space-y-1"
          >
            <div>
              • 
              <kbd
                class="bg-gray-200 px-1 rounded"
              >
                Space
              </kbd>
               - Play/Pause first clip
            </div>
            <div>
              • 
              <kbd
                class="bg-gray-200 px-1 rounded"
              >
                ↑/↓
              </kbd>
               - Volume control
            </div>
            <div>
              • 
              <kbd
                class="bg-gray-200 px-1 rounded"
              >
                Esc
              </kbd>
               - Stop playback
            </div>
            <div>
              • 🔄 HTML5 Audio fallback mode
            </div>
          </div>
        </div>
        <div
          class="p-3 bg-gray-50 rounded-md text-xs"
        >
          <div
            class="grid grid-cols-2 gap-2"
          >
            <div
              class="flex items-center justify-between"
            >
              <span>
                Web Audio API:
              </span>
              <span
                class="text-red-600"
              >
                ❌ Not available
              </span>
            </div>
            <div
              class="flex items-center justify-between"
            >
              <span>
                Recording:
              </span>
              <span
                class="text-red-600"
              >
                ❌ Not supported
              </span>
            </div>
          </div>
        </div>
      </div>
    </div>
  </div>
</body>
    at waitForWrapper (/Users/sherwingorechomante/coldcaller/frontend/node_modules/@testing-library/dom/dist/wait-for.js:163:27)
    at findByText (/Users/sherwingorechomante/coldcaller/frontend/node_modules/@testing-library/dom/dist/query-helpers.js:86:33)
    at Object.<anonymous> (/Users/sherwingorechomante/coldcaller/frontend/src/__tests__/crossBrowser/browserCompatibility.test.js:393:20)]]></failure>
    </testCase>
    <testCase name="Cross-Browser Compatibility Tests Mobile Browser Compatibility should work on Android Chrome" duration="1113">
      <failure message="Error: Unable to find an element with the text: /Playing audio clip/. This could be because the text is broken up by multiple elements. In this case, you can provide a function for your text matcher to make your matcher more flexible."><![CDATA[Error: Unable to find an element with the text: /Playing audio clip/. This could be because the text is broken up by multiple elements. In this case, you can provide a function for your text matcher to make your matcher more flexible.

Ignored nodes: comments, script, style
<body>
  <div>
    <div
      class="card max-w-md mx-2.5"
    >
      <div
        class="text-center mb-4"
      >
        <h2
          class="text-slate-800 text-lg font-semibold"
        >
          Audio Clips
        </h2>
        <div
          class="text-xs text-gray-500 mt-1"
        >
          API: 
          <span
            class="font-semibold text-green-600"
          >
            🟢 Connected
          </span>
        </div>
      </div>
      <div
        class="flex gap-1 mb-5 border-b-2 border-gray-200 pb-2.5"
      >
        <button
          class="px-4 py-2 text-sm rounded-t-md transition-all duration-300 border-none cursor-pointer disabled:opacity-50 disabled:cursor-not-allowed bg-green-500 text-white font-bold"
        >
          Greetings
        </button>
        <button
          class="px-4 py-2 text-sm rounded-t-md transition-all duration-300 border-none cursor-pointer disabled:opacity-50 disabled:cursor-not-allowed bg-transparent text-gray-600 hover:bg-gray-100 hover:text-gray-800"
        >
          Objections
        </button>
        <button
          class="px-4 py-2 text-sm rounded-t-md transition-all duration-300 border-none cursor-pointer disabled:opacity-50 disabled:cursor-not-allowed bg-transparent text-gray-600 hover:bg-gray-100 hover:text-gray-800"
        >
          Closing
        </button>
      </div>
      <div
        class="max-h-80 overflow-y-auto"
      >
        <div
          class="flex justify-between items-center p-3 mb-2 bg-white rounded-md border border-gray-200 hover:shadow-md transition-shadow duration-200"
        >
          <div
            class="flex flex-col flex-1"
          >
            <span
              class="font-semibold text-sm text-slate-700"
            >
              Professional Intro
            </span>
            <span
              class="text-xs text-gray-500 mt-0.5"
            >
              0:15
            </span>
          </div>
          <button
            class="px-4 py-2 text-white border-none rounded-md cursor-pointer text-sm font-medium transition-all duration-300 hover:scale-105 disabled:opacity-50 disabled:cursor-not-allowed bg-orange-500 hover:bg-orange-600"
          >
            ⏸️ Stop
          </button>
        </div>
        <div
          class="flex justify-between items-center p-3 mb-2 bg-white rounded-md border border-gray-200 hover:shadow-md transition-shadow duration-200"
        >
          <div
            class="flex flex-col flex-1"
          >
            <span
              class="font-semibold text-sm text-slate-700"
            >
              Casual Intro
            </span>
            <span
              class="text-xs text-gray-500 mt-0.5"
            >
              0:12
            </span>
          </div>
          <button
            class="px-4 py-2 text-white border-none rounded-md cursor-pointer text-sm font-medium transition-all duration-300 hover:scale-105 disabled:opacity-50 disabled:cursor-not-allowed bg-blue-500 hover:bg-blue-600"
          >
            ▶️ Play
          </button>
        </div>
      </div>
      <div
        class="mt-4 p-4 bg-blue-50 rounded-md border border-blue-200"
      >
        <div
          class="text-center text-blue-700 text-sm font-medium mb-2"
        >
          🎵 
          Playing with HTML5 Audio
           audio clip...
        </div>
        <div
          class="flex items-center justify-center gap-4 text-sm"
        >
          <div
            class="flex items-center gap-2"
          >
            <label
              class="text-blue-700"
            >
              🔊
            </label>
            <input
              class="w-20"
              max="1"
              min="0"
              step="0.05"
              type="range"
              value="1"
            />
            <span
              class="text-blue-600 w-8 text-xs"
            >
              100
              %
            </span>
          </div>
          <div
            class="flex items-center gap-2"
          >
            <label
              class="text-blue-700"
            >
              ⚡
            </label>
            <select
              class="border border-blue-300 rounded px-1 py-0.5 text-xs bg-white"
            >
              <option
                value="0.5"
              >
                0.5x
              </option>
              <option
                value="0.75"
              >
                0.75x
              </option>
              <option
                value="1.0"
              >
                1.0x
              </option>
              <option
                value="1.25"
              >
                1.25x
              </option>
              <option
                value="1.5"
              >
                1.5x
              </option>
              <option
                value="2.0"
              >
                2.0x
              </option>
            </select>
          </div>
          <button
            class="px-3 py-1 bg-red-500 text-white rounded text-xs hover:bg-red-600"
          >
            ⏹️ Stop
          </button>
        </div>
      </div>
      <div
        class="space-y-3 mt-4"
      >
        <div
          class="flex gap-2"
        >
          <button
            class="flex-1 px-3 py-2 bg-blue-100 hover:bg-blue-200 disabled:opacity-50 text-blue-700 rounded-md text-sm font-medium transition-colors"
          >
            🔄 Refresh
          </button>
          <button
            class="px-3 py-2 text-sm font-medium rounded-md transition-colors bg-gray-100 text-gray-700 hover:bg-gray-200 disabled:opacity-50"
            disabled=""
          >
            📊 Visualizer
          </button>
        </div>
        <div
          class="flex gap-2"
        >
          <button
            class="flex-1 px-3 py-2 text-sm font-medium rounded-md transition-colors bg-gray-100 text-gray-700 hover:bg-gray-200"
          >
            📚 Library
          </button>
          <button
            class="flex-1 px-3 py-2 bg-red-100 hover:bg-red-200 disabled:opacity-50 text-red-700 rounded-md text-sm font-medium transition-colors"
            disabled=""
            title="Web Audio API required for recording"
          >
            🎤 Record
          </button>
        </div>
      </div>
      <div
        class="mt-4 space-y-3"
      >
        <div
          class="p-3 bg-orange-50 rounded-md text-sm text-gray-600 leading-relaxed"
        >
          💡 
          <strong>
            Audio Controls:
          </strong>
          <div
            class="mt-1 text-xs space-y-1"
          >
            <div>
              • 
              <kbd
                class="bg-gray-200 px-1 rounded"
              >
                Space
              </kbd>
               - Play/Pause first clip
            </div>
            <div>
              • 
              <kbd
                class="bg-gray-200 px-1 rounded"
              >
                ↑/↓
              </kbd>
               - Volume control
            </div>
            <div>
              • 
              <kbd
                class="bg-gray-200 px-1 rounded"
              >
                Esc
              </kbd>
               - Stop playback
            </div>
            <div>
              • 🔄 HTML5 Audio fallback mode
            </div>
          </div>
        </div>
        <div
          class="p-3 bg-gray-50 rounded-md text-xs"
        >
          <div
            class="grid grid-cols-2 gap-2"
          >
            <div
              class="flex items-center justify-between"
            >
              <span>
                Web Audio API:
              </span>
              <span
                class="text-red-600"
              >
                ❌ Not available
              </span>
            </div>
            <div
              class="flex items-center justify-between"
            >
              <span>
                Recording:
              </span>
              <span
                class="text-red-600"
              >
                ❌ Not supported
              </span>
            </div>
          </div>
        </div>
      </div>
    </div>
  </div>
</body>
    at waitForWrapper (/Users/sherwingorechomante/coldcaller/frontend/node_modules/@testing-library/dom/dist/wait-for.js:163:27)
    at findByText (/Users/sherwingorechomante/coldcaller/frontend/node_modules/@testing-library/dom/dist/query-helpers.js:86:33)
    at Object.<anonymous> (/Users/sherwingorechomante/coldcaller/frontend/src/__tests__/crossBrowser/browserCompatibility.test.js:406:20)]]></failure>
    </testCase>
    <testCase name="Cross-Browser Compatibility Tests Mobile Browser Compatibility should work on Android Firefox" duration="1034">
      <failure message="Error: Unable to find an element with the text: /Playing audio clip/. This could be because the text is broken up by multiple elements. In this case, you can provide a function for your text matcher to make your matcher more flexible."><![CDATA[Error: Unable to find an element with the text: /Playing audio clip/. This could be because the text is broken up by multiple elements. In this case, you can provide a function for your text matcher to make your matcher more flexible.

Ignored nodes: comments, script, style
<body>
  <div>
    <div
      class="card max-w-md mx-2.5"
    >
      <div
        class="text-center mb-4"
      >
        <h2
          class="text-slate-800 text-lg font-semibold"
        >
          Audio Clips
        </h2>
        <div
          class="text-xs text-gray-500 mt-1"
        >
          API: 
          <span
            class="font-semibold text-green-600"
          >
            🟢 Connected
          </span>
        </div>
      </div>
      <div
        class="flex gap-1 mb-5 border-b-2 border-gray-200 pb-2.5"
      >
        <button
          class="px-4 py-2 text-sm rounded-t-md transition-all duration-300 border-none cursor-pointer disabled:opacity-50 disabled:cursor-not-allowed bg-green-500 text-white font-bold"
        >
          Greetings
        </button>
        <button
          class="px-4 py-2 text-sm rounded-t-md transition-all duration-300 border-none cursor-pointer disabled:opacity-50 disabled:cursor-not-allowed bg-transparent text-gray-600 hover:bg-gray-100 hover:text-gray-800"
        >
          Objections
        </button>
        <button
          class="px-4 py-2 text-sm rounded-t-md transition-all duration-300 border-none cursor-pointer disabled:opacity-50 disabled:cursor-not-allowed bg-transparent text-gray-600 hover:bg-gray-100 hover:text-gray-800"
        >
          Closing
        </button>
      </div>
      <div
        class="max-h-80 overflow-y-auto"
      >
        <div
          class="flex justify-between items-center p-3 mb-2 bg-white rounded-md border border-gray-200 hover:shadow-md transition-shadow duration-200"
        >
          <div
            class="flex flex-col flex-1"
          >
            <span
              class="font-semibold text-sm text-slate-700"
            >
              Professional Intro
            </span>
            <span
              class="text-xs text-gray-500 mt-0.5"
            >
              0:15
            </span>
          </div>
          <button
            class="px-4 py-2 text-white border-none rounded-md cursor-pointer text-sm font-medium transition-all duration-300 hover:scale-105 disabled:opacity-50 disabled:cursor-not-allowed bg-orange-500 hover:bg-orange-600"
          >
            ⏸️ Stop
          </button>
        </div>
        <div
          class="flex justify-between items-center p-3 mb-2 bg-white rounded-md border border-gray-200 hover:shadow-md transition-shadow duration-200"
        >
          <div
            class="flex flex-col flex-1"
          >
            <span
              class="font-semibold text-sm text-slate-700"
            >
              Casual Intro
            </span>
            <span
              class="text-xs text-gray-500 mt-0.5"
            >
              0:12
            </span>
          </div>
          <button
            class="px-4 py-2 text-white border-none rounded-md cursor-pointer text-sm font-medium transition-all duration-300 hover:scale-105 disabled:opacity-50 disabled:cursor-not-allowed bg-blue-500 hover:bg-blue-600"
          >
            ▶️ Play
          </button>
        </div>
      </div>
      <div
        class="mt-4 p-4 bg-blue-50 rounded-md border border-blue-200"
      >
        <div
          class="text-center text-blue-700 text-sm font-medium mb-2"
        >
          🎵 
          Playing with HTML5 Audio
           audio clip...
        </div>
        <div
          class="flex items-center justify-center gap-4 text-sm"
        >
          <div
            class="flex items-center gap-2"
          >
            <label
              class="text-blue-700"
            >
              🔊
            </label>
            <input
              class="w-20"
              max="1"
              min="0"
              step="0.05"
              type="range"
              value="1"
            />
            <span
              class="text-blue-600 w-8 text-xs"
            >
              100
              %
            </span>
          </div>
          <div
            class="flex items-center gap-2"
          >
            <label
              class="text-blue-700"
            >
              ⚡
            </label>
            <select
              class="border border-blue-300 rounded px-1 py-0.5 text-xs bg-white"
            >
              <option
                value="0.5"
              >
                0.5x
              </option>
              <option
                value="0.75"
              >
                0.75x
              </option>
              <option
                value="1.0"
              >
                1.0x
              </option>
              <option
                value="1.25"
              >
                1.25x
              </option>
              <option
                value="1.5"
              >
                1.5x
              </option>
              <option
                value="2.0"
              >
                2.0x
              </option>
            </select>
          </div>
          <button
            class="px-3 py-1 bg-red-500 text-white rounded text-xs hover:bg-red-600"
          >
            ⏹️ Stop
          </button>
        </div>
      </div>
      <div
        class="space-y-3 mt-4"
      >
        <div
          class="flex gap-2"
        >
          <button
            class="flex-1 px-3 py-2 bg-blue-100 hover:bg-blue-200 disabled:opacity-50 text-blue-700 rounded-md text-sm font-medium transition-colors"
          >
            🔄 Refresh
          </button>
          <button
            class="px-3 py-2 text-sm font-medium rounded-md transition-colors bg-gray-100 text-gray-700 hover:bg-gray-200 disabled:opacity-50"
            disabled=""
          >
            📊 Visualizer
          </button>
        </div>
        <div
          class="flex gap-2"
        >
          <button
            class="flex-1 px-3 py-2 text-sm font-medium rounded-md transition-colors bg-gray-100 text-gray-700 hover:bg-gray-200"
          >
            📚 Library
          </button>
          <button
            class="flex-1 px-3 py-2 bg-red-100 hover:bg-red-200 disabled:opacity-50 text-red-700 rounded-md text-sm font-medium transition-colors"
            disabled=""
            title="Web Audio API required for recording"
          >
            🎤 Record
          </button>
        </div>
      </div>
      <div
        class="mt-4 space-y-3"
      >
        <div
          class="p-3 bg-orange-50 rounded-md text-sm text-gray-600 leading-relaxed"
        >
          💡 
          <strong>
            Audio Controls:
          </strong>
          <div
            class="mt-1 text-xs space-y-1"
          >
            <div>
              • 
              <kbd
                class="bg-gray-200 px-1 rounded"
              >
                Space
              </kbd>
               - Play/Pause first clip
            </div>
            <div>
              • 
              <kbd
                class="bg-gray-200 px-1 rounded"
              >
                ↑/↓
              </kbd>
               - Volume control
            </div>
            <div>
              • 
              <kbd
                class="bg-gray-200 px-1 rounded"
              >
                Esc
              </kbd>
               - Stop playback
            </div>
            <div>
              • 🔄 HTML5 Audio fallback mode
            </div>
          </div>
        </div>
        <div
          class="p-3 bg-gray-50 rounded-md text-xs"
        >
          <div
            class="grid grid-cols-2 gap-2"
          >
            <div
              class="flex items-center justify-between"
            >
              <span>
                Web Audio API:
              </span>
              <span
                class="text-red-600"
              >
                ❌ Not available
              </span>
            </div>
            <div
              class="flex items-center justify-between"
            >
              <span>
                Recording:
              </span>
              <span
                class="text-red-600"
              >
                ❌ Not supported
              </span>
            </div>
          </div>
        </div>
      </div>
    </div>
  </div>
</body>
    at waitForWrapper (/Users/sherwingorechomante/coldcaller/frontend/node_modules/@testing-library/dom/dist/wait-for.js:163:27)
    at findByText (/Users/sherwingorechomante/coldcaller/frontend/node_modules/@testing-library/dom/dist/query-helpers.js:86:33)
    at Object.<anonymous> (/Users/sherwingorechomante/coldcaller/frontend/src/__tests__/crossBrowser/browserCompatibility.test.js:419:20)]]></failure>
    </testCase>
    <testCase name="Cross-Browser Compatibility Tests Mobile Browser Compatibility should handle mobile viewport constraints" duration="22"/>
    <testCase name="Cross-Browser Compatibility Tests Mobile Browser Compatibility should handle touch events properly" duration="1021">
      <failure message="Error: Unable to find an element with the text: /Playing audio clip/. This could be because the text is broken up by multiple elements. In this case, you can provide a function for your text matcher to make your matcher more flexible."><![CDATA[Error: Unable to find an element with the text: /Playing audio clip/. This could be because the text is broken up by multiple elements. In this case, you can provide a function for your text matcher to make your matcher more flexible.

Ignored nodes: comments, script, style
<body>
  <div>
    <div
      class="card max-w-md mx-2.5"
    >
      <div
        class="text-center mb-4"
      >
        <h2
          class="text-slate-800 text-lg font-semibold"
        >
          Audio Clips
        </h2>
        <div
          class="text-xs text-gray-500 mt-1"
        >
          API: 
          <span
            class="font-semibold text-green-600"
          >
            🟢 Connected
          </span>
        </div>
      </div>
      <div
        class="flex gap-1 mb-5 border-b-2 border-gray-200 pb-2.5"
      >
        <button
          class="px-4 py-2 text-sm rounded-t-md transition-all duration-300 border-none cursor-pointer disabled:opacity-50 disabled:cursor-not-allowed bg-green-500 text-white font-bold"
        >
          Greetings
        </button>
        <button
          class="px-4 py-2 text-sm rounded-t-md transition-all duration-300 border-none cursor-pointer disabled:opacity-50 disabled:cursor-not-allowed bg-transparent text-gray-600 hover:bg-gray-100 hover:text-gray-800"
        >
          Objections
        </button>
        <button
          class="px-4 py-2 text-sm rounded-t-md transition-all duration-300 border-none cursor-pointer disabled:opacity-50 disabled:cursor-not-allowed bg-transparent text-gray-600 hover:bg-gray-100 hover:text-gray-800"
        >
          Closing
        </button>
      </div>
      <div
        class="max-h-80 overflow-y-auto"
      >
        <div
          class="flex justify-between items-center p-3 mb-2 bg-white rounded-md border border-gray-200 hover:shadow-md transition-shadow duration-200"
        >
          <div
            class="flex flex-col flex-1"
          >
            <span
              class="font-semibold text-sm text-slate-700"
            >
              Professional Intro
            </span>
            <span
              class="text-xs text-gray-500 mt-0.5"
            >
              0:15
            </span>
          </div>
          <button
            class="px-4 py-2 text-white border-none rounded-md cursor-pointer text-sm font-medium transition-all duration-300 hover:scale-105 disabled:opacity-50 disabled:cursor-not-allowed bg-orange-500 hover:bg-orange-600"
          >
            ⏸️ Stop
          </button>
        </div>
        <div
          class="flex justify-between items-center p-3 mb-2 bg-white rounded-md border border-gray-200 hover:shadow-md transition-shadow duration-200"
        >
          <div
            class="flex flex-col flex-1"
          >
            <span
              class="font-semibold text-sm text-slate-700"
            >
              Casual Intro
            </span>
            <span
              class="text-xs text-gray-500 mt-0.5"
            >
              0:12
            </span>
          </div>
          <button
            class="px-4 py-2 text-white border-none rounded-md cursor-pointer text-sm font-medium transition-all duration-300 hover:scale-105 disabled:opacity-50 disabled:cursor-not-allowed bg-blue-500 hover:bg-blue-600"
          >
            ▶️ Play
          </button>
        </div>
      </div>
      <div
        class="mt-4 p-4 bg-blue-50 rounded-md border border-blue-200"
      >
        <div
          class="text-center text-blue-700 text-sm font-medium mb-2"
        >
          🎵 
          Playing with HTML5 Audio
           audio clip...
        </div>
        <div
          class="flex items-center justify-center gap-4 text-sm"
        >
          <div
            class="flex items-center gap-2"
          >
            <label
              class="text-blue-700"
            >
              🔊
            </label>
            <input
              class="w-20"
              max="1"
              min="0"
              step="0.05"
              type="range"
              value="1"
            />
            <span
              class="text-blue-600 w-8 text-xs"
            >
              100
              %
            </span>
          </div>
          <div
            class="flex items-center gap-2"
          >
            <label
              class="text-blue-700"
            >
              ⚡
            </label>
            <select
              class="border border-blue-300 rounded px-1 py-0.5 text-xs bg-white"
            >
              <option
                value="0.5"
              >
                0.5x
              </option>
              <option
                value="0.75"
              >
                0.75x
              </option>
              <option
                value="1.0"
              >
                1.0x
              </option>
              <option
                value="1.25"
              >
                1.25x
              </option>
              <option
                value="1.5"
              >
                1.5x
              </option>
              <option
                value="2.0"
              >
                2.0x
              </option>
            </select>
          </div>
          <button
            class="px-3 py-1 bg-red-500 text-white rounded text-xs hover:bg-red-600"
          >
            ⏹️ Stop
          </button>
        </div>
      </div>
      <div
        class="space-y-3 mt-4"
      >
        <div
          class="flex gap-2"
        >
          <button
            class="flex-1 px-3 py-2 bg-blue-100 hover:bg-blue-200 disabled:opacity-50 text-blue-700 rounded-md text-sm font-medium transition-colors"
          >
            🔄 Refresh
          </button>
          <button
            class="px-3 py-2 text-sm font-medium rounded-md transition-colors bg-gray-100 text-gray-700 hover:bg-gray-200 disabled:opacity-50"
            disabled=""
          >
            📊 Visualizer
          </button>
        </div>
        <div
          class="flex gap-2"
        >
          <button
            class="flex-1 px-3 py-2 text-sm font-medium rounded-md transition-colors bg-gray-100 text-gray-700 hover:bg-gray-200"
          >
            📚 Library
          </button>
          <button
            class="flex-1 px-3 py-2 bg-red-100 hover:bg-red-200 disabled:opacity-50 text-red-700 rounded-md text-sm font-medium transition-colors"
            disabled=""
            title="Web Audio API required for recording"
          >
            🎤 Record
          </button>
        </div>
      </div>
      <div
        class="mt-4 space-y-3"
      >
        <div
          class="p-3 bg-orange-50 rounded-md text-sm text-gray-600 leading-relaxed"
        >
          💡 
          <strong>
            Audio Controls:
          </strong>
          <div
            class="mt-1 text-xs space-y-1"
          >
            <div>
              • 
              <kbd
                class="bg-gray-200 px-1 rounded"
              >
                Space
              </kbd>
               - Play/Pause first clip
            </div>
            <div>
              • 
              <kbd
                class="bg-gray-200 px-1 rounded"
              >
                ↑/↓
              </kbd>
               - Volume control
            </div>
            <div>
              • 
              <kbd
                class="bg-gray-200 px-1 rounded"
              >
                Esc
              </kbd>
               - Stop playback
            </div>
            <div>
              • 🔄 HTML5 Audio fallback mode
            </div>
          </div>
        </div>
        <div
          class="p-3 bg-gray-50 rounded-md text-xs"
        >
          <div
            class="grid grid-cols-2 gap-2"
          >
            <div
              class="flex items-center justify-between"
            >
              <span>
                Web Audio API:
              </span>
              <span
                class="text-red-600"
              >
                ❌ Not available
              </span>
            </div>
            <div
              class="flex items-center justify-between"
            >
              <span>
                Recording:
              </span>
              <span
                class="text-red-600"
              >
                ❌ Not supported
              </span>
            </div>
          </div>
        </div>
      </div>
    </div>
  </div>
</body>
    at waitForWrapper (/Users/sherwingorechomante/coldcaller/frontend/node_modules/@testing-library/dom/dist/wait-for.js:163:27)
    at findByText (/Users/sherwingorechomante/coldcaller/frontend/node_modules/@testing-library/dom/dist/query-helpers.js:86:33)
    at Object.<anonymous> (/Users/sherwingorechomante/coldcaller/frontend/src/__tests__/crossBrowser/browserCompatibility.test.js:456:20)]]></failure>
    </testCase>
    <testCase name="Cross-Browser Compatibility Tests Browser Version Compatibility should handle legacy browser versions gracefully" duration="0">
      <failure message="ReferenceError: mockBrowser is not defined"><![CDATA[ReferenceError: mockBrowser is not defined
    at Object.<anonymous> (/Users/sherwingorechomante/coldcaller/frontend/src/__tests__/crossBrowser/browserCompatibility.test.js:463:7)
    at Promise.then.completed (/Users/sherwingorechomante/coldcaller/frontend/node_modules/jest-circus/build/utils.js:391:28)
    at new Promise (<anonymous>)
    at callAsyncCircusFn (/Users/sherwingorechomante/coldcaller/frontend/node_modules/jest-circus/build/utils.js:316:10)
    at _callCircusTest (/Users/sherwingorechomante/coldcaller/frontend/node_modules/jest-circus/build/run.js:218:40)
    at _runTest (/Users/sherwingorechomante/coldcaller/frontend/node_modules/jest-circus/build/run.js:155:3)
    at _runTestsForDescribeBlock (/Users/sherwingorechomante/coldcaller/frontend/node_modules/jest-circus/build/run.js:66:9)
    at _runTestsForDescribeBlock (/Users/sherwingorechomante/coldcaller/frontend/node_modules/jest-circus/build/run.js:60:9)
    at _runTestsForDescribeBlock (/Users/sherwingorechomante/coldcaller/frontend/node_modules/jest-circus/build/run.js:60:9)
    at run (/Users/sherwingorechomante/coldcaller/frontend/node_modules/jest-circus/build/run.js:25:3)
    at runAndTransformResultsToJestFormat (/Users/sherwingorechomante/coldcaller/frontend/node_modules/jest-circus/build/legacy-code-todo-rewrite/jestAdapterInit.js:170:21)
    at jestAdapter (/Users/sherwingorechomante/coldcaller/frontend/node_modules/jest-circus/build/legacy-code-todo-rewrite/jestAdapter.js:82:19)
    at runTestInternal (/Users/sherwingorechomante/coldcaller/frontend/node_modules/jest-runner/build/runTest.js:389:16)
    at runTest (/Users/sherwingorechomante/coldcaller/frontend/node_modules/jest-runner/build/runTest.js:475:34)
    at Object.worker (/Users/sherwingorechomante/coldcaller/frontend/node_modules/jest-runner/build/testWorker.js:133:12)]]></failure>
    </testCase>
    <testCase name="Cross-Browser Compatibility Tests Browser Version Compatibility should detect and handle missing features" duration="5"/>
    <testCase name="Cross-Browser Compatibility Tests Browser Version Compatibility should provide fallbacks for unsupported APIs" duration="9">
      <failure message="TestingLibraryElementError: Unable to find an element with the text: 🎤 Record New. This could be because the text is broken up by multiple elements. In this case, you can provide a function for your text matcher to make your matcher more flexible."><![CDATA[TestingLibraryElementError: Unable to find an element with the text: 🎤 Record New. This could be because the text is broken up by multiple elements. In this case, you can provide a function for your text matcher to make your matcher more flexible.

Ignored nodes: comments, script, style
<body>
  <div>
    <div
      class="card max-w-md mx-2.5"
    >
      <div
        class="text-center mb-4"
      >
        <h2
          class="text-slate-800 text-lg font-semibold"
        >
          Audio Clips
        </h2>
        <div
          class="text-xs text-gray-500 mt-1"
        >
          API: 
          <span
            class="font-semibold text-green-600"
          >
            🟢 Connected
          </span>
        </div>
      </div>
      <div
        class="flex gap-1 mb-5 border-b-2 border-gray-200 pb-2.5"
      >
        <button
          class="px-4 py-2 text-sm rounded-t-md transition-all duration-300 border-none cursor-pointer disabled:opacity-50 disabled:cursor-not-allowed bg-green-500 text-white font-bold"
        >
          Greetings
        </button>
        <button
          class="px-4 py-2 text-sm rounded-t-md transition-all duration-300 border-none cursor-pointer disabled:opacity-50 disabled:cursor-not-allowed bg-transparent text-gray-600 hover:bg-gray-100 hover:text-gray-800"
        >
          Objections
        </button>
        <button
          class="px-4 py-2 text-sm rounded-t-md transition-all duration-300 border-none cursor-pointer disabled:opacity-50 disabled:cursor-not-allowed bg-transparent text-gray-600 hover:bg-gray-100 hover:text-gray-800"
        >
          Closing
        </button>
      </div>
      <div
        class="max-h-80 overflow-y-auto"
      >
        <div
          class="flex justify-between items-center p-3 mb-2 bg-white rounded-md border border-gray-200 hover:shadow-md transition-shadow duration-200"
        >
          <div
            class="flex flex-col flex-1"
          >
            <span
              class="font-semibold text-sm text-slate-700"
            >
              Professional Intro
            </span>
            <span
              class="text-xs text-gray-500 mt-0.5"
            >
              0:15
            </span>
          </div>
          <button
            class="px-4 py-2 text-white border-none rounded-md cursor-pointer text-sm font-medium transition-all duration-300 hover:scale-105 disabled:opacity-50 disabled:cursor-not-allowed bg-blue-500 hover:bg-blue-600"
          >
            ▶️ Play
          </button>
        </div>
        <div
          class="flex justify-between items-center p-3 mb-2 bg-white rounded-md border border-gray-200 hover:shadow-md transition-shadow duration-200"
        >
          <div
            class="flex flex-col flex-1"
          >
            <span
              class="font-semibold text-sm text-slate-700"
            >
              Casual Intro
            </span>
            <span
              class="text-xs text-gray-500 mt-0.5"
            >
              0:12
            </span>
          </div>
          <button
            class="px-4 py-2 text-white border-none rounded-md cursor-pointer text-sm font-medium transition-all duration-300 hover:scale-105 disabled:opacity-50 disabled:cursor-not-allowed bg-blue-500 hover:bg-blue-600"
          >
            ▶️ Play
          </button>
        </div>
      </div>
      <div
        class="space-y-3 mt-4"
      >
        <div
          class="flex gap-2"
        >
          <button
            class="flex-1 px-3 py-2 bg-blue-100 hover:bg-blue-200 disabled:opacity-50 text-blue-700 rounded-md text-sm font-medium transition-colors"
          >
            🔄 Refresh
          </button>
          <button
            class="px-3 py-2 text-sm font-medium rounded-md transition-colors bg-gray-100 text-gray-700 hover:bg-gray-200 disabled:opacity-50"
            disabled=""
          >
            📊 Visualizer
          </button>
        </div>
        <div
          class="flex gap-2"
        >
          <button
            class="flex-1 px-3 py-2 text-sm font-medium rounded-md transition-colors bg-gray-100 text-gray-700 hover:bg-gray-200"
          >
            📚 Library
          </button>
          <button
            class="flex-1 px-3 py-2 bg-red-100 hover:bg-red-200 disabled:opacity-50 text-red-700 rounded-md text-sm font-medium transition-colors"
            disabled=""
            title="Web Audio API required for recording"
          >
            🎤 Record
          </button>
        </div>
      </div>
      <div
        class="mt-4 space-y-3"
      >
        <div
          class="p-3 bg-orange-50 rounded-md text-sm text-gray-600 leading-relaxed"
        >
          💡 
          <strong>
            Audio Controls:
          </strong>
          <div
            class="mt-1 text-xs space-y-1"
          >
            <div>
              • 
              <kbd
                class="bg-gray-200 px-1 rounded"
              >
                Space
              </kbd>
               - Play/Pause first clip
            </div>
            <div>
              • 
              <kbd
                class="bg-gray-200 px-1 rounded"
              >
                ↑/↓
              </kbd>
               - Volume control
            </div>
            <div>
              • 
              <kbd
                class="bg-gray-200 px-1 rounded"
              >
                Esc
              </kbd>
               - Stop playback
            </div>
            <div>
              • 🔄 HTML5 Audio fallback mode
            </div>
          </div>
        </div>
        <div
          class="p-3 bg-gray-50 rounded-md text-xs"
        >
          <div
            class="grid grid-cols-2 gap-2"
          >
            <div
              class="flex items-center justify-between"
            >
              <span>
                Web Audio API:
              </span>
              <span
                class="text-red-600"
              >
                ❌ Not available
              </span>
            </div>
            <div
              class="flex items-center justify-between"
            >
              <span>
                Recording:
              </span>
              <span
                class="text-red-600"
              >
                ❌ Not supported
              </span>
            </div>
          </div>
        </div>
      </div>
    </div>
  </div>
</body>
    at Object.getElementError (/Users/sherwingorechomante/coldcaller/frontend/node_modules/@testing-library/dom/dist/config.js:37:19)
    at /Users/sherwingorechomante/coldcaller/frontend/node_modules/@testing-library/dom/dist/query-helpers.js:76:38
    at /Users/sherwingorechomante/coldcaller/frontend/node_modules/@testing-library/dom/dist/query-helpers.js:52:17
    at getByText (/Users/sherwingorechomante/coldcaller/frontend/node_modules/@testing-library/dom/dist/query-helpers.js:95:19)
    at Object.<anonymous> (/Users/sherwingorechomante/coldcaller/frontend/src/__tests__/crossBrowser/browserCompatibility.test.js:495:35)]]></failure>
    </testCase>
    <testCase name="Cross-Browser Compatibility Tests Performance Across Browsers should maintain performance standards across browsers" duration="0">
      <failure message="ReferenceError: mockBrowser is not defined"><![CDATA[ReferenceError: mockBrowser is not defined
    at Object.<anonymous> (/Users/sherwingorechomante/coldcaller/frontend/src/__tests__/crossBrowser/browserCompatibility.test.js:506:9)
    at Promise.then.completed (/Users/sherwingorechomante/coldcaller/frontend/node_modules/jest-circus/build/utils.js:391:28)
    at new Promise (<anonymous>)
    at callAsyncCircusFn (/Users/sherwingorechomante/coldcaller/frontend/node_modules/jest-circus/build/utils.js:316:10)
    at _callCircusTest (/Users/sherwingorechomante/coldcaller/frontend/node_modules/jest-circus/build/run.js:218:40)
    at _runTest (/Users/sherwingorechomante/coldcaller/frontend/node_modules/jest-circus/build/run.js:155:3)
    at _runTestsForDescribeBlock (/Users/sherwingorechomante/coldcaller/frontend/node_modules/jest-circus/build/run.js:66:9)
    at _runTestsForDescribeBlock (/Users/sherwingorechomante/coldcaller/frontend/node_modules/jest-circus/build/run.js:60:9)
    at _runTestsForDescribeBlock (/Users/sherwingorechomante/coldcaller/frontend/node_modules/jest-circus/build/run.js:60:9)
    at run (/Users/sherwingorechomante/coldcaller/frontend/node_modules/jest-circus/build/run.js:25:3)
    at runAndTransformResultsToJestFormat (/Users/sherwingorechomante/coldcaller/frontend/node_modules/jest-circus/build/legacy-code-todo-rewrite/jestAdapterInit.js:170:21)
    at jestAdapter (/Users/sherwingorechomante/coldcaller/frontend/node_modules/jest-circus/build/legacy-code-todo-rewrite/jestAdapter.js:82:19)
    at runTestInternal (/Users/sherwingorechomante/coldcaller/frontend/node_modules/jest-runner/build/runTest.js:389:16)
    at runTest (/Users/sherwingorechomante/coldcaller/frontend/node_modules/jest-runner/build/runTest.js:475:34)
    at Object.worker (/Users/sherwingorechomante/coldcaller/frontend/node_modules/jest-runner/build/testWorker.js:133:12)]]></failure>
    </testCase>
    <testCase name="Cross-Browser Compatibility Tests Performance Across Browsers should handle memory usage consistently across browsers" duration="1">
      <failure message="ReferenceError: mockBrowser is not defined"><![CDATA[ReferenceError: mockBrowser is not defined
    at Object.<anonymous> (/Users/sherwingorechomante/coldcaller/frontend/src/__tests__/crossBrowser/browserCompatibility.test.js:530:9)
    at Promise.then.completed (/Users/sherwingorechomante/coldcaller/frontend/node_modules/jest-circus/build/utils.js:391:28)
    at new Promise (<anonymous>)
    at callAsyncCircusFn (/Users/sherwingorechomante/coldcaller/frontend/node_modules/jest-circus/build/utils.js:316:10)
    at _callCircusTest (/Users/sherwingorechomante/coldcaller/frontend/node_modules/jest-circus/build/run.js:218:40)
    at _runTest (/Users/sherwingorechomante/coldcaller/frontend/node_modules/jest-circus/build/run.js:155:3)
    at _runTestsForDescribeBlock (/Users/sherwingorechomante/coldcaller/frontend/node_modules/jest-circus/build/run.js:66:9)
    at _runTestsForDescribeBlock (/Users/sherwingorechomante/coldcaller/frontend/node_modules/jest-circus/build/run.js:60:9)
    at _runTestsForDescribeBlock (/Users/sherwingorechomante/coldcaller/frontend/node_modules/jest-circus/build/run.js:60:9)
    at run (/Users/sherwingorechomante/coldcaller/frontend/node_modules/jest-circus/build/run.js:25:3)
    at runAndTransformResultsToJestFormat (/Users/sherwingorechomante/coldcaller/frontend/node_modules/jest-circus/build/legacy-code-todo-rewrite/jestAdapterInit.js:170:21)
    at jestAdapter (/Users/sherwingorechomante/coldcaller/frontend/node_modules/jest-circus/build/legacy-code-todo-rewrite/jestAdapter.js:82:19)
    at runTestInternal (/Users/sherwingorechomante/coldcaller/frontend/node_modules/jest-runner/build/runTest.js:389:16)
    at runTest (/Users/sherwingorechomante/coldcaller/frontend/node_modules/jest-runner/build/runTest.js:475:34)
    at Object.worker (/Users/sherwingorechomante/coldcaller/frontend/node_modules/jest-runner/build/testWorker.js:133:12)]]></failure>
    </testCase>
    <testCase name="Cross-Browser Compatibility Tests Accessibility Across Browsers should maintain accessibility features across browsers" duration="0">
      <failure message="ReferenceError: mockBrowser is not defined"><![CDATA[ReferenceError: mockBrowser is not defined
    at Object.<anonymous> (/Users/sherwingorechomante/coldcaller/frontend/src/__tests__/crossBrowser/browserCompatibility.test.js:559:9)
    at Promise.then.completed (/Users/sherwingorechomante/coldcaller/frontend/node_modules/jest-circus/build/utils.js:391:28)
    at new Promise (<anonymous>)
    at callAsyncCircusFn (/Users/sherwingorechomante/coldcaller/frontend/node_modules/jest-circus/build/utils.js:316:10)
    at _callCircusTest (/Users/sherwingorechomante/coldcaller/frontend/node_modules/jest-circus/build/run.js:218:40)
    at _runTest (/Users/sherwingorechomante/coldcaller/frontend/node_modules/jest-circus/build/run.js:155:3)
    at _runTestsForDescribeBlock (/Users/sherwingorechomante/coldcaller/frontend/node_modules/jest-circus/build/run.js:66:9)
    at _runTestsForDescribeBlock (/Users/sherwingorechomante/coldcaller/frontend/node_modules/jest-circus/build/run.js:60:9)
    at _runTestsForDescribeBlock (/Users/sherwingorechomante/coldcaller/frontend/node_modules/jest-circus/build/run.js:60:9)
    at run (/Users/sherwingorechomante/coldcaller/frontend/node_modules/jest-circus/build/run.js:25:3)
    at runAndTransformResultsToJestFormat (/Users/sherwingorechomante/coldcaller/frontend/node_modules/jest-circus/build/legacy-code-todo-rewrite/jestAdapterInit.js:170:21)
    at jestAdapter (/Users/sherwingorechomante/coldcaller/frontend/node_modules/jest-circus/build/legacy-code-todo-rewrite/jestAdapter.js:82:19)
    at runTestInternal (/Users/sherwingorechomante/coldcaller/frontend/node_modules/jest-runner/build/runTest.js:389:16)
    at runTest (/Users/sherwingorechomante/coldcaller/frontend/node_modules/jest-runner/build/runTest.js:475:34)
    at Object.worker (/Users/sherwingorechomante/coldcaller/frontend/node_modules/jest-runner/build/testWorker.js:133:12)]]></failure>
    </testCase>
    <testCase name="Cross-Browser Compatibility Tests Accessibility Across Browsers should support screen readers across browsers" duration="0">
      <failure message="ReferenceError: mockBrowser is not defined"><![CDATA[ReferenceError: mockBrowser is not defined
    at Object.<anonymous> (/Users/sherwingorechomante/coldcaller/frontend/src/__tests__/crossBrowser/browserCompatibility.test.js:585:9)
    at Promise.then.completed (/Users/sherwingorechomante/coldcaller/frontend/node_modules/jest-circus/build/utils.js:391:28)
    at new Promise (<anonymous>)
    at callAsyncCircusFn (/Users/sherwingorechomante/coldcaller/frontend/node_modules/jest-circus/build/utils.js:316:10)
    at _callCircusTest (/Users/sherwingorechomante/coldcaller/frontend/node_modules/jest-circus/build/run.js:218:40)
    at _runTest (/Users/sherwingorechomante/coldcaller/frontend/node_modules/jest-circus/build/run.js:155:3)
    at _runTestsForDescribeBlock (/Users/sherwingorechomante/coldcaller/frontend/node_modules/jest-circus/build/run.js:66:9)
    at _runTestsForDescribeBlock (/Users/sherwingorechomante/coldcaller/frontend/node_modules/jest-circus/build/run.js:60:9)
    at _runTestsForDescribeBlock (/Users/sherwingorechomante/coldcaller/frontend/node_modules/jest-circus/build/run.js:60:9)
    at run (/Users/sherwingorechomante/coldcaller/frontend/node_modules/jest-circus/build/run.js:25:3)
    at runAndTransformResultsToJestFormat (/Users/sherwingorechomante/coldcaller/frontend/node_modules/jest-circus/build/legacy-code-todo-rewrite/jestAdapterInit.js:170:21)
    at jestAdapter (/Users/sherwingorechomante/coldcaller/frontend/node_modules/jest-circus/build/legacy-code-todo-rewrite/jestAdapter.js:82:19)
    at runTestInternal (/Users/sherwingorechomante/coldcaller/frontend/node_modules/jest-runner/build/runTest.js:389:16)
    at runTest (/Users/sherwingorechomante/coldcaller/frontend/node_modules/jest-runner/build/runTest.js:475:34)
    at Object.worker (/Users/sherwingorechomante/coldcaller/frontend/node_modules/jest-runner/build/testWorker.js:133:12)]]></failure>
    </testCase>
    <testCase name="Cross-Browser Compatibility Tests Error Handling Across Browsers should handle audio errors consistently" duration="0">
      <failure message="ReferenceError: mockBrowser is not defined"><![CDATA[ReferenceError: mockBrowser is not defined
    at Object.<anonymous> (/Users/sherwingorechomante/coldcaller/frontend/src/__tests__/crossBrowser/browserCompatibility.test.js:609:9)
    at Promise.then.completed (/Users/sherwingorechomante/coldcaller/frontend/node_modules/jest-circus/build/utils.js:391:28)
    at new Promise (<anonymous>)
    at callAsyncCircusFn (/Users/sherwingorechomante/coldcaller/frontend/node_modules/jest-circus/build/utils.js:316:10)
    at _callCircusTest (/Users/sherwingorechomante/coldcaller/frontend/node_modules/jest-circus/build/run.js:218:40)
    at _runTest (/Users/sherwingorechomante/coldcaller/frontend/node_modules/jest-circus/build/run.js:155:3)
    at _runTestsForDescribeBlock (/Users/sherwingorechomante/coldcaller/frontend/node_modules/jest-circus/build/run.js:66:9)
    at _runTestsForDescribeBlock (/Users/sherwingorechomante/coldcaller/frontend/node_modules/jest-circus/build/run.js:60:9)
    at _runTestsForDescribeBlock (/Users/sherwingorechomante/coldcaller/frontend/node_modules/jest-circus/build/run.js:60:9)
    at run (/Users/sherwingorechomante/coldcaller/frontend/node_modules/jest-circus/build/run.js:25:3)
    at runAndTransformResultsToJestFormat (/Users/sherwingorechomante/coldcaller/frontend/node_modules/jest-circus/build/legacy-code-todo-rewrite/jestAdapterInit.js:170:21)
    at jestAdapter (/Users/sherwingorechomante/coldcaller/frontend/node_modules/jest-circus/build/legacy-code-todo-rewrite/jestAdapter.js:82:19)
    at runTestInternal (/Users/sherwingorechomante/coldcaller/frontend/node_modules/jest-runner/build/runTest.js:389:16)
    at runTest (/Users/sherwingorechomante/coldcaller/frontend/node_modules/jest-runner/build/runTest.js:475:34)
    at Object.worker (/Users/sherwingorechomante/coldcaller/frontend/node_modules/jest-runner/build/testWorker.js:133:12)]]></failure>
    </testCase>
    <testCase name="Cross-Browser Compatibility Tests Error Handling Across Browsers should provide browser-specific error messages when needed" duration="0">
      <failure message="ReferenceError: mockBrowser is not defined"><![CDATA[ReferenceError: mockBrowser is not defined
    at Object.<anonymous> (/Users/sherwingorechomante/coldcaller/frontend/src/__tests__/crossBrowser/browserCompatibility.test.js:633:9)
    at Promise.then.completed (/Users/sherwingorechomante/coldcaller/frontend/node_modules/jest-circus/build/utils.js:391:28)
    at new Promise (<anonymous>)
    at callAsyncCircusFn (/Users/sherwingorechomante/coldcaller/frontend/node_modules/jest-circus/build/utils.js:316:10)
    at _callCircusTest (/Users/sherwingorechomante/coldcaller/frontend/node_modules/jest-circus/build/run.js:218:40)
    at _runTest (/Users/sherwingorechomante/coldcaller/frontend/node_modules/jest-circus/build/run.js:155:3)
    at _runTestsForDescribeBlock (/Users/sherwingorechomante/coldcaller/frontend/node_modules/jest-circus/build/run.js:66:9)
    at _runTestsForDescribeBlock (/Users/sherwingorechomante/coldcaller/frontend/node_modules/jest-circus/build/run.js:60:9)
    at _runTestsForDescribeBlock (/Users/sherwingorechomante/coldcaller/frontend/node_modules/jest-circus/build/run.js:60:9)
    at run (/Users/sherwingorechomante/coldcaller/frontend/node_modules/jest-circus/build/run.js:25:3)
    at runAndTransformResultsToJestFormat (/Users/sherwingorechomante/coldcaller/frontend/node_modules/jest-circus/build/legacy-code-todo-rewrite/jestAdapterInit.js:170:21)
    at jestAdapter (/Users/sherwingorechomante/coldcaller/frontend/node_modules/jest-circus/build/legacy-code-todo-rewrite/jestAdapter.js:82:19)
    at runTestInternal (/Users/sherwingorechomante/coldcaller/frontend/node_modules/jest-runner/build/runTest.js:389:16)
    at runTest (/Users/sherwingorechomante/coldcaller/frontend/node_modules/jest-runner/build/runTest.js:475:34)
    at Object.worker (/Users/sherwingorechomante/coldcaller/frontend/node_modules/jest-runner/build/testWorker.js:133:12)]]></failure>
    </testCase>
  </file>
  <file path="/Users/sherwingorechomante/coldcaller/frontend/src/__tests__/performance/audioBenchmarks.test.js">
    <testCase name="Audio Performance Benchmarks Audio Loading Performance should load audio clips within performance budget" duration="42"/>
    <testCase name="Audio Performance Benchmarks Audio Loading Performance should efficiently handle large audio catalogs" duration="37"/>
    <testCase name="Audio Performance Benchmarks Audio Loading Performance should optimize rendering performance with virtualization" duration="6">
      <failure message="TestingLibraryElementError: Unable to find an element with the text: /▶️ Play/. This could be because the text is broken up by multiple elements. In this case, you can provide a function for your text matcher to make your matcher more flexible."><![CDATA[TestingLibraryElementError: Unable to find an element with the text: /▶️ Play/. This could be because the text is broken up by multiple elements. In this case, you can provide a function for your text matcher to make your matcher more flexible.

Ignored nodes: comments, script, style
<body>
  <div>
    <div
      class="card max-w-md mx-2.5"
    >
      <div
        class="text-center mb-4"
      >
        <h2
          class="text-slate-800 text-lg font-semibold"
        >
          Audio Clips
        </h2>
        <div
          class="text-sm text-blue-600 mt-1"
        >
          🔄 Loading audio clips...
        </div>
        <div
          class="text-xs text-gray-500 mt-1"
        >
          API: 
          <span
            class="font-semibold text-orange-600"
          >
            🟡 Offline
          </span>
        </div>
      </div>
      <div
        class="flex gap-1 mb-5 border-b-2 border-gray-200 pb-2.5"
      >
        <div
          class="text-center text-gray-500 py-2"
        >
          🔄 Loading...
        </div>
      </div>
      <div
        class="max-h-80 overflow-y-auto"
      >
        <div
          class="text-center text-gray-500 py-8"
        >
          🔄 Loading audio clips...
        </div>
      </div>
      <div
        class="space-y-3 mt-4"
      >
        <div
          class="flex gap-2"
        >
          <button
            class="flex-1 px-3 py-2 bg-blue-100 hover:bg-blue-200 disabled:opacity-50 text-blue-700 rounded-md text-sm font-medium transition-colors"
            disabled=""
          >
            🔄 Loading...
          </button>
          <button
            class="px-3 py-2 text-sm font-medium rounded-md transition-colors bg-gray-100 text-gray-700 hover:bg-gray-200 disabled:opacity-50"
            disabled=""
          >
            📊 Visualizer
          </button>
        </div>
        <div
          class="flex gap-2"
        >
          <button
            class="flex-1 px-3 py-2 text-sm font-medium rounded-md transition-colors bg-gray-100 text-gray-700 hover:bg-gray-200"
          >
            📚 Library
          </button>
          <button
            class="flex-1 px-3 py-2 bg-red-100 hover:bg-red-200 disabled:opacity-50 text-red-700 rounded-md text-sm font-medium transition-colors"
            disabled=""
            title="Web Audio API required for recording"
          >
            🎤 Record
          </button>
        </div>
      </div>
      <div
        class="mt-4 space-y-3"
      >
        <div
          class="p-3 bg-orange-50 rounded-md text-sm text-gray-600 leading-relaxed"
        >
          💡 
          <strong>
            Audio Controls:
          </strong>
          <div
            class="mt-1 text-xs space-y-1"
          >
            <div>
              • 
              <kbd
                class="bg-gray-200 px-1 rounded"
              >
                Space
              </kbd>
               - Play/Pause first clip
            </div>
            <div>
              • 
              <kbd
                class="bg-gray-200 px-1 rounded"
              >
                ↑/↓
              </kbd>
               - Volume control
            </div>
            <div>
              • 
              <kbd
                class="bg-gray-200 px-1 rounded"
              >
                Esc
              </kbd>
               - Stop playback
            </div>
            <div>
              • 🔄 HTML5 Audio fallback mode
            </div>
          </div>
          <div
            class="mt-2 text-xs text-orange-700"
          >
            ⚠️ Offline mode - audio playback simulated
          </div>
        </div>
        <div
          class="p-3 bg-gray-50 rounded-md text-xs"
        >
          <div
            class="grid grid-cols-2 gap-2"
          >
            <div
              class="flex items-center justify-between"
            >
              <span>
                Web Audio API:
              </span>
              <span
                class="text-red-600"
              >
                ❌ Not available
              </span>
            </div>
            <div
              class="flex items-center justify-between"
            >
              <span>
                Recording:
              </span>
              <span
                class="text-red-600"
              >
                ❌ Not supported
              </span>
            </div>
          </div>
        </div>
      </div>
    </div>
  </div>
</body>
    at Object.getElementError (/Users/sherwingorechomante/coldcaller/frontend/node_modules/@testing-library/dom/dist/config.js:37:19)
    at /Users/sherwingorechomante/coldcaller/frontend/node_modules/@testing-library/dom/dist/query-helpers.js:76:38
    at getAllByText (/Users/sherwingorechomante/coldcaller/frontend/node_modules/@testing-library/dom/dist/query-helpers.js:109:15)
    at Object.<anonymous> (/Users/sherwingorechomante/coldcaller/frontend/src/__tests__/performance/audioBenchmarks.test.js:109:34)
    at Promise.then.completed (/Users/sherwingorechomante/coldcaller/frontend/node_modules/jest-circus/build/utils.js:391:28)
    at new Promise (<anonymous>)
    at callAsyncCircusFn (/Users/sherwingorechomante/coldcaller/frontend/node_modules/jest-circus/build/utils.js:316:10)
    at _callCircusTest (/Users/sherwingorechomante/coldcaller/frontend/node_modules/jest-circus/build/run.js:218:40)
    at _runTest (/Users/sherwingorechomante/coldcaller/frontend/node_modules/jest-circus/build/run.js:155:3)
    at _runTestsForDescribeBlock (/Users/sherwingorechomante/coldcaller/frontend/node_modules/jest-circus/build/run.js:66:9)
    at _runTestsForDescribeBlock (/Users/sherwingorechomante/coldcaller/frontend/node_modules/jest-circus/build/run.js:60:9)
    at _runTestsForDescribeBlock (/Users/sherwingorechomante/coldcaller/frontend/node_modules/jest-circus/build/run.js:60:9)
    at run (/Users/sherwingorechomante/coldcaller/frontend/node_modules/jest-circus/build/run.js:25:3)
    at runAndTransformResultsToJestFormat (/Users/sherwingorechomante/coldcaller/frontend/node_modules/jest-circus/build/legacy-code-todo-rewrite/jestAdapterInit.js:170:21)
    at jestAdapter (/Users/sherwingorechomante/coldcaller/frontend/node_modules/jest-circus/build/legacy-code-todo-rewrite/jestAdapter.js:82:19)
    at runTestInternal (/Users/sherwingorechomante/coldcaller/frontend/node_modules/jest-runner/build/runTest.js:389:16)
    at runTest (/Users/sherwingorechomante/coldcaller/frontend/node_modules/jest-runner/build/runTest.js:475:34)
    at Object.worker (/Users/sherwingorechomante/coldcaller/frontend/node_modules/jest-runner/build/testWorker.js:133:12)]]></failure>
    </testCase>
    <testCase name="Audio Performance Benchmarks Audio Loading Performance should measure memory usage during audio operations" duration="49"/>
    <testCase name="Audio Performance Benchmarks Audio Playback Performance should start audio playback within latency budget" duration="1062">
      <failure message="Error: Unable to find an element with the text: /Playing audio clip/. This could be because the text is broken up by multiple elements. In this case, you can provide a function for your text matcher to make your matcher more flexible."><![CDATA[Error: Unable to find an element with the text: /Playing audio clip/. This could be because the text is broken up by multiple elements. In this case, you can provide a function for your text matcher to make your matcher more flexible.

Ignored nodes: comments, script, style
<body>
  <div>
    <div
      class="card max-w-md mx-2.5"
    >
      <div
        class="text-center mb-4"
      >
        <h2
          class="text-slate-800 text-lg font-semibold"
        >
          Audio Clips
        </h2>
        <div
          class="text-xs text-gray-500 mt-1"
        >
          API: 
          <span
            class="font-semibold text-green-600"
          >
            🟢 Connected
          </span>
        </div>
      </div>
      <div
        class="flex gap-1 mb-5 border-b-2 border-gray-200 pb-2.5"
      >
        <button
          class="px-4 py-2 text-sm rounded-t-md transition-all duration-300 border-none cursor-pointer disabled:opacity-50 disabled:cursor-not-allowed bg-green-500 text-white font-bold"
        >
          Greetings
        </button>
        <button
          class="px-4 py-2 text-sm rounded-t-md transition-all duration-300 border-none cursor-pointer disabled:opacity-50 disabled:cursor-not-allowed bg-transparent text-gray-600 hover:bg-gray-100 hover:text-gray-800"
        >
          Objections
        </button>
        <button
          class="px-4 py-2 text-sm rounded-t-md transition-all duration-300 border-none cursor-pointer disabled:opacity-50 disabled:cursor-not-allowed bg-transparent text-gray-600 hover:bg-gray-100 hover:text-gray-800"
        >
          Closing
        </button>
      </div>
      <div
        class="max-h-80 overflow-y-auto"
      >
        <div
          class="flex justify-between items-center p-3 mb-2 bg-white rounded-md border border-gray-200 hover:shadow-md transition-shadow duration-200"
        >
          <div
            class="flex flex-col flex-1"
          >
            <span
              class="font-semibold text-sm text-slate-700"
            >
              Professional Intro
            </span>
            <span
              class="text-xs text-gray-500 mt-0.5"
            >
              0:15
            </span>
          </div>
          <button
            class="px-4 py-2 text-white border-none rounded-md cursor-pointer text-sm font-medium transition-all duration-300 hover:scale-105 disabled:opacity-50 disabled:cursor-not-allowed bg-orange-500 hover:bg-orange-600"
          >
            ⏸️ Stop
          </button>
        </div>
        <div
          class="flex justify-between items-center p-3 mb-2 bg-white rounded-md border border-gray-200 hover:shadow-md transition-shadow duration-200"
        >
          <div
            class="flex flex-col flex-1"
          >
            <span
              class="font-semibold text-sm text-slate-700"
            >
              Casual Intro
            </span>
            <span
              class="text-xs text-gray-500 mt-0.5"
            >
              0:12
            </span>
          </div>
          <button
            class="px-4 py-2 text-white border-none rounded-md cursor-pointer text-sm font-medium transition-all duration-300 hover:scale-105 disabled:opacity-50 disabled:cursor-not-allowed bg-blue-500 hover:bg-blue-600"
          >
            ▶️ Play
          </button>
        </div>
      </div>
      <div
        class="mt-4 p-4 bg-blue-50 rounded-md border border-blue-200"
      >
        <div
          class="text-center text-blue-700 text-sm font-medium mb-2"
        >
          🎵 
          Playing with HTML5 Audio
           audio clip...
        </div>
        <div
          class="flex items-center justify-center gap-4 text-sm"
        >
          <div
            class="flex items-center gap-2"
          >
            <label
              class="text-blue-700"
            >
              🔊
            </label>
            <input
              class="w-20"
              max="1"
              min="0"
              step="0.05"
              type="range"
              value="1"
            />
            <span
              class="text-blue-600 w-8 text-xs"
            >
              100
              %
            </span>
          </div>
          <div
            class="flex items-center gap-2"
          >
            <label
              class="text-blue-700"
            >
              ⚡
            </label>
            <select
              class="border border-blue-300 rounded px-1 py-0.5 text-xs bg-white"
            >
              <option
                value="0.5"
              >
                0.5x
              </option>
              <option
                value="0.75"
              >
                0.75x
              </option>
              <option
                value="1.0"
              >
                1.0x
              </option>
              <option
                value="1.25"
              >
                1.25x
              </option>
              <option
                value="1.5"
              >
                1.5x
              </option>
              <option
                value="2.0"
              >
                2.0x
              </option>
            </select>
          </div>
          <button
            class="px-3 py-1 bg-red-500 text-white rounded text-xs hover:bg-red-600"
          >
            ⏹️ Stop
          </button>
        </div>
      </div>
      <div
        class="space-y-3 mt-4"
      >
        <div
          class="flex gap-2"
        >
          <button
            class="flex-1 px-3 py-2 bg-blue-100 hover:bg-blue-200 disabled:opacity-50 text-blue-700 rounded-md text-sm font-medium transition-colors"
          >
            🔄 Refresh
          </button>
          <button
            class="px-3 py-2 text-sm font-medium rounded-md transition-colors bg-gray-100 text-gray-700 hover:bg-gray-200 disabled:opacity-50"
            disabled=""
          >
            📊 Visualizer
          </button>
        </div>
        <div
          class="flex gap-2"
        >
          <button
            class="flex-1 px-3 py-2 text-sm font-medium rounded-md transition-colors bg-gray-100 text-gray-700 hover:bg-gray-200"
          >
            📚 Library
          </button>
          <button
            class="flex-1 px-3 py-2 bg-red-100 hover:bg-red-200 disabled:opacity-50 text-red-700 rounded-md text-sm font-medium transition-colors"
            disabled=""
            title="Web Audio API required for recording"
          >
            🎤 Record
          </button>
        </div>
      </div>
      <div
        class="mt-4 space-y-3"
      >
        <div
          class="p-3 bg-orange-50 rounded-md text-sm text-gray-600 leading-relaxed"
        >
          💡 
          <strong>
            Audio Controls:
          </strong>
          <div
            class="mt-1 text-xs space-y-1"
          >
            <div>
              • 
              <kbd
                class="bg-gray-200 px-1 rounded"
              >
                Space
              </kbd>
               - Play/Pause first clip
            </div>
            <div>
              • 
              <kbd
                class="bg-gray-200 px-1 rounded"
              >
                ↑/↓
              </kbd>
               - Volume control
            </div>
            <div>
              • 
              <kbd
                class="bg-gray-200 px-1 rounded"
              >
                Esc
              </kbd>
               - Stop playback
            </div>
            <div>
              • 🔄 HTML5 Audio fallback mode
            </div>
          </div>
        </div>
        <div
          class="p-3 bg-gray-50 rounded-md text-xs"
        >
          <div
            class="grid grid-cols-2 gap-2"
          >
            <div
              class="flex items-center justify-between"
            >
              <span>
                Web Audio API:
              </span>
              <span
                class="text-red-600"
              >
                ❌ Not available
              </span>
            </div>
            <div
              class="flex items-center justify-between"
            >
              <span>
                Recording:
              </span>
              <span
                class="text-red-600"
              >
                ❌ Not supported
              </span>
            </div>
          </div>
        </div>
      </div>
    </div>
  </div>
</body>
    at waitForWrapper (/Users/sherwingorechomante/coldcaller/frontend/node_modules/@testing-library/dom/dist/wait-for.js:163:27)
    at findByText (/Users/sherwingorechomante/coldcaller/frontend/node_modules/@testing-library/dom/dist/query-helpers.js:86:33)
    at Object.<anonymous> (/Users/sherwingorechomante/coldcaller/frontend/src/__tests__/performance/audioBenchmarks.test.js:170:20)]]></failure>
    </testCase>
    <testCase name="Audio Performance Benchmarks Audio Playback Performance should efficiently switch between audio clips" duration="1129">
      <failure message="Error: Unable to find an element with the text: /Playing audio clip/. This could be because the text is broken up by multiple elements. In this case, you can provide a function for your text matcher to make your matcher more flexible."><![CDATA[Error: Unable to find an element with the text: /Playing audio clip/. This could be because the text is broken up by multiple elements. In this case, you can provide a function for your text matcher to make your matcher more flexible.

Ignored nodes: comments, script, style
<body>
  <div>
    <div
      class="card max-w-md mx-2.5"
    >
      <div
        class="text-center mb-4"
      >
        <h2
          class="text-slate-800 text-lg font-semibold"
        >
          Audio Clips
        </h2>
        <div
          class="text-sm text-red-600 mt-1 bg-red-50 p-2 rounded"
        >
          ⚠️ 
          Failed to play Professional Intro
          <button
            class="ml-2 text-blue-600 hover:underline"
          >
            Retry
          </button>
        </div>
        <div
          class="text-xs text-gray-500 mt-1"
        >
          API: 
          <span
            class="font-semibold text-green-600"
          >
            🟢 Connected
          </span>
        </div>
      </div>
      <div
        class="flex gap-1 mb-5 border-b-2 border-gray-200 pb-2.5"
      >
        <button
          class="px-4 py-2 text-sm rounded-t-md transition-all duration-300 border-none cursor-pointer disabled:opacity-50 disabled:cursor-not-allowed bg-green-500 text-white font-bold"
        >
          Greetings
        </button>
        <button
          class="px-4 py-2 text-sm rounded-t-md transition-all duration-300 border-none cursor-pointer disabled:opacity-50 disabled:cursor-not-allowed bg-transparent text-gray-600 hover:bg-gray-100 hover:text-gray-800"
        >
          Objections
        </button>
        <button
          class="px-4 py-2 text-sm rounded-t-md transition-all duration-300 border-none cursor-pointer disabled:opacity-50 disabled:cursor-not-allowed bg-transparent text-gray-600 hover:bg-gray-100 hover:text-gray-800"
        >
          Closing
        </button>
      </div>
      <div
        class="max-h-80 overflow-y-auto"
      >
        <div
          class="flex justify-between items-center p-3 mb-2 bg-white rounded-md border border-gray-200 hover:shadow-md transition-shadow duration-200"
        >
          <div
            class="flex flex-col flex-1"
          >
            <span
              class="font-semibold text-sm text-slate-700"
            >
              Professional Intro
            </span>
            <span
              class="text-xs text-gray-500 mt-0.5"
            >
              0:15
            </span>
          </div>
          <button
            class="px-4 py-2 text-white border-none rounded-md cursor-pointer text-sm font-medium transition-all duration-300 hover:scale-105 disabled:opacity-50 disabled:cursor-not-allowed bg-blue-500 hover:bg-blue-600"
          >
            ▶️ Play
          </button>
        </div>
        <div
          class="flex justify-between items-center p-3 mb-2 bg-white rounded-md border border-gray-200 hover:shadow-md transition-shadow duration-200"
        >
          <div
            class="flex flex-col flex-1"
          >
            <span
              class="font-semibold text-sm text-slate-700"
            >
              Casual Intro
            </span>
            <span
              class="text-xs text-gray-500 mt-0.5"
            >
              0:12
            </span>
          </div>
          <button
            class="px-4 py-2 text-white border-none rounded-md cursor-pointer text-sm font-medium transition-all duration-300 hover:scale-105 disabled:opacity-50 disabled:cursor-not-allowed bg-blue-500 hover:bg-blue-600"
          >
            ▶️ Play
          </button>
        </div>
      </div>
      <div
        class="space-y-3 mt-4"
      >
        <div
          class="flex gap-2"
        >
          <button
            class="flex-1 px-3 py-2 bg-blue-100 hover:bg-blue-200 disabled:opacity-50 text-blue-700 rounded-md text-sm font-medium transition-colors"
          >
            🔄 Refresh
          </button>
          <button
            class="px-3 py-2 text-sm font-medium rounded-md transition-colors bg-gray-100 text-gray-700 hover:bg-gray-200 disabled:opacity-50"
            disabled=""
          >
            📊 Visualizer
          </button>
        </div>
        <div
          class="flex gap-2"
        >
          <button
            class="flex-1 px-3 py-2 text-sm font-medium rounded-md transition-colors bg-gray-100 text-gray-700 hover:bg-gray-200"
          >
            📚 Library
          </button>
          <button
            class="flex-1 px-3 py-2 bg-red-100 hover:bg-red-200 disabled:opacity-50 text-red-700 rounded-md text-sm font-medium transition-colors"
            disabled=""
            title="Web Audio API required for recording"
          >
            🎤 Record
          </button>
        </div>
      </div>
      <div
        class="mt-4 space-y-3"
      >
        <div
          class="p-3 bg-orange-50 rounded-md text-sm text-gray-600 leading-relaxed"
        >
          💡 
          <strong>
            Audio Controls:
          </strong>
          <div
            class="mt-1 text-xs space-y-1"
          >
            <div>
              • 
              <kbd
                class="bg-gray-200 px-1 rounded"
              >
                Space
              </kbd>
               - Play/Pause first clip
            </div>
            <div>
              • 
              <kbd
                class="bg-gray-200 px-1 rounded"
              >
                ↑/↓
              </kbd>
               - Volume control
            </div>
            <div>
              • 
              <kbd
                class="bg-gray-200 px-1 rounded"
              >
                Esc
              </kbd>
               - Stop playback
            </div>
            <div>
              • 🔄 HTML5 Audio fallback mode
            </div>
          </div>
        </div>
        <div
          class="p-3 bg-gray-50 rounded-md text-xs"
        >
          <div
            class="grid grid-cols-2 gap-2"
          >
            <div
              class="flex items-center justify-between"
            >
              <span>
                Web Audio API:
              </span>
              <span
                class="text-red-600"
              >
                ❌ Not available
              </span>
            </div>
            <div
              class="flex items-center justify-between"
            >
              <span>
                Recording:
              </span>
              <span
                class="text-red-600"
              >
                ❌ Not supported
              </span>
            </div>
          </div>
        </div>
      </div>
    </div>
  </div>
</body>
    at waitForWrapper (/Users/sherwingorechomante/coldcaller/frontend/node_modules/@testing-library/dom/dist/wait-for.js:163:27)
    at findByText (/Users/sherwingorechomante/coldcaller/frontend/node_modules/@testing-library/dom/dist/query-helpers.js:86:33)
    at Object.<anonymous> (/Users/sherwingorechomante/coldcaller/frontend/src/__tests__/performance/audioBenchmarks.test.js:190:22)]]></failure>
    </testCase>
    <testCase name="Audio Performance Benchmarks Audio Playback Performance should handle concurrent audio operations efficiently" duration="42"/>
    <testCase name="Audio Performance Benchmarks Audio Playback Performance should optimize caching for frequently accessed clips" duration="190"/>
    <testCase name="Audio Performance Benchmarks Network Performance should handle slow network conditions gracefully" duration="25">
      <failure message="TestingLibraryElementError: Found multiple elements with the text: /🔄 Loading/"><![CDATA[TestingLibraryElementError: Found multiple elements with the text: /🔄 Loading/

Here are the matching elements:

Ignored nodes: comments, script, style
<div
  class="text-sm text-blue-600 mt-1"
>
  🔄 Loading audio clips...
</div>

Ignored nodes: comments, script, style
<div
  class="text-center text-gray-500 py-2"
>
  🔄 Loading...
</div>

Ignored nodes: comments, script, style
<div
  class="text-center text-gray-500 py-8"
>
  🔄 Loading audio clips...
</div>

Ignored nodes: comments, script, style
<button
  class="flex-1 px-3 py-2 bg-blue-100 hover:bg-blue-200 disabled:opacity-50 text-blue-700 rounded-md text-sm font-medium transition-colors"
  disabled=""
>
  🔄 Loading...
</button>

(If this is intentional, then use the `*AllBy*` variant of the query (like `queryAllByText`, `getAllByText`, or `findAllByText`)).

Ignored nodes: comments, script, style
<body>
  <div>
    <div
      class="card max-w-md mx-2.5"
    >
      <div
        class="text-center mb-4"
      >
        <h2
          class="text-slate-800 text-lg font-semibold"
        >
          Audio Clips
        </h2>
        <div
          class="text-sm text-blue-600 mt-1"
        >
          🔄 Loading audio clips...
        </div>
        <div
          class="text-xs text-gray-500 mt-1"
        >
          API: 
          <span
            class="font-semibold text-orange-600"
          >
            🟡 Offline
          </span>
        </div>
      </div>
      <div
        class="flex gap-1 mb-5 border-b-2 border-gray-200 pb-2.5"
      >
        <div
          class="text-center text-gray-500 py-2"
        >
          🔄 Loading...
        </div>
      </div>
      <div
        class="max-h-80 overflow-y-auto"
      >
        <div
          class="text-center text-gray-500 py-8"
        >
          🔄 Loading audio clips...
        </div>
      </div>
      <div
        class="space-y-3 mt-4"
      >
        <div
          class="flex gap-2"
        >
          <button
            class="flex-1 px-3 py-2 bg-blue-100 hover:bg-blue-200 disabled:opacity-50 text-blue-700 rounded-md text-sm font-medium transition-colors"
            disabled=""
          >
            🔄 Loading...
          </button>
          <button
            class="px-3 py-2 text-sm font-medium rounded-md transition-colors bg-gray-100 text-gray-700 hover:bg-gray-200 disabled:opacity-50"
            disabled=""
          >
            📊 Visualizer
          </button>
        </div>
        <div
          class="flex gap-2"
        >
          <button
            class="flex-1 px-3 py-2 text-sm font-medium rounded-md transition-colors bg-gray-100 text-gray-700 hover:bg-gray-200"
          >
            📚 Library
          </button>
          <button
            class="flex-1 px-3 py-2 bg-red-100 hover:bg-red-200 disabled:opacity-50 text-red-700 rounded-md text-sm font-medium transition-colors"
            disabled=""
            title="Web Audio API required for recording"
          >
            🎤 Record
          </button>
        </div>
      </div>
      <div
        class="mt-4 space-y-3"
      >
        <div
          class="p-3 bg-orange-50 rounded-md text-sm text-gray-600 leading-relaxed"
        >
          💡 
          <strong>
            Audio Controls:
          </strong>
          <div
            class="mt-1 text-xs space-y-1"
          >
            <div>
              • 
              <kbd
                class="bg-gray-200 px-1 rounded"
              >
                Space
              </kbd>
               - Play/Pause first clip
            </div>
            <div>
              • 
              <kbd
                class="bg-gray-200 px-1 rounded"
              >
                ↑/↓
              </kbd>
               - Volume control
            </div>
            <div>
              • 
              <kbd
                class="bg-gray-200 px-1 rounded"
              >
                Esc
              </kbd>
               - Stop playback
            </div>
            <div>
              • 🔄 HTML5 Audio fallback mode
            </div>
          </div>
          <div
            class="mt-2 text-xs text-orange-700"
          >
            ⚠️ Offline mode - audio playback simulated
          </div>
        </div>
        <div
          class="p-3 bg-gray-50 rounded-md text-xs"
        >
          <div
            class="grid grid-cols-2 gap-2"
          >
            <div
              class="flex items-center justify-between"
            >
              <span>
                Web Audio API:
              </span>
              <span
                class="text-red-600"
              >
                ❌ Not available
              </span>
            </div>
            <div
              class="flex items-center justify-between"
            >
              <span>
                Recording:
              </span>
              <span
                class="text-red-600"
              >
                ❌ Not supported
              </span>
            </div>
          </div>
        </div>
      </div>
    </div>
  </div>
</body>
    at Object.getElementError (/Users/sherwingorechomante/coldcaller/frontend/node_modules/@testing-library/dom/dist/config.js:37:19)
    at getElementError (/Users/sherwingorechomante/coldcaller/frontend/node_modules/@testing-library/dom/dist/query-helpers.js:20:35)
    at getMultipleElementsFoundError (/Users/sherwingorechomante/coldcaller/frontend/node_modules/@testing-library/dom/dist/query-helpers.js:23:10)
    at /Users/sherwingorechomante/coldcaller/frontend/node_modules/@testing-library/dom/dist/query-helpers.js:55:13
    at getByText (/Users/sherwingorechomante/coldcaller/frontend/node_modules/@testing-library/dom/dist/query-helpers.js:95:19)
    at Object.<anonymous> (/Users/sherwingorechomante/coldcaller/frontend/src/__tests__/performance/audioBenchmarks.test.js:277:21)
    at Promise.then.completed (/Users/sherwingorechomante/coldcaller/frontend/node_modules/jest-circus/build/utils.js:391:28)
    at new Promise (<anonymous>)
    at callAsyncCircusFn (/Users/sherwingorechomante/coldcaller/frontend/node_modules/jest-circus/build/utils.js:316:10)
    at _callCircusTest (/Users/sherwingorechomante/coldcaller/frontend/node_modules/jest-circus/build/run.js:218:40)
    at _runTest (/Users/sherwingorechomante/coldcaller/frontend/node_modules/jest-circus/build/run.js:155:3)
    at _runTestsForDescribeBlock (/Users/sherwingorechomante/coldcaller/frontend/node_modules/jest-circus/build/run.js:66:9)
    at _runTestsForDescribeBlock (/Users/sherwingorechomante/coldcaller/frontend/node_modules/jest-circus/build/run.js:60:9)
    at _runTestsForDescribeBlock (/Users/sherwingorechomante/coldcaller/frontend/node_modules/jest-circus/build/run.js:60:9)
    at run (/Users/sherwingorechomante/coldcaller/frontend/node_modules/jest-circus/build/run.js:25:3)
    at runAndTransformResultsToJestFormat (/Users/sherwingorechomante/coldcaller/frontend/node_modules/jest-circus/build/legacy-code-todo-rewrite/jestAdapterInit.js:170:21)
    at jestAdapter (/Users/sherwingorechomante/coldcaller/frontend/node_modules/jest-circus/build/legacy-code-todo-rewrite/jestAdapter.js:82:19)
    at runTestInternal (/Users/sherwingorechomante/coldcaller/frontend/node_modules/jest-runner/build/runTest.js:389:16)
    at runTest (/Users/sherwingorechomante/coldcaller/frontend/node_modules/jest-runner/build/runTest.js:475:34)
    at Object.worker (/Users/sherwingorechomante/coldcaller/frontend/node_modules/jest-runner/build/testWorker.js:133:12)]]></failure>
    </testCase>
    <testCase name="Audio Performance Benchmarks Network Performance should optimize API call batching" duration="30">
      <failure message="Error: expect(received).toBeLessThanOrEqual(expected)"><![CDATA[Error: expect(received).toBeLessThanOrEqual(expected)

Expected: <= 1
Received:    3
    at Object.<anonymous> (/Users/sherwingorechomante/coldcaller/frontend/src/__tests__/performance/audioBenchmarks.test.js:312:28)]]></failure>
    </testCase>
    <testCase name="Audio Performance Benchmarks Network Performance should measure bandwidth efficiency" duration="15"/>
    <testCase name="Audio Performance Benchmarks Scalability Benchmarks should scale linearly with number of audio clips" duration="64"/>
    <testCase name="Audio Performance Benchmarks Scalability Benchmarks should handle memory pressure gracefully" duration="1038">
      <failure message="Error: Unable to find an element with the text: /Playing audio clip/. This could be because the text is broken up by multiple elements. In this case, you can provide a function for your text matcher to make your matcher more flexible."><![CDATA[Error: Unable to find an element with the text: /Playing audio clip/. This could be because the text is broken up by multiple elements. In this case, you can provide a function for your text matcher to make your matcher more flexible.

Ignored nodes: comments, script, style
<body>
  <div>
    <div
      class="card max-w-md mx-2.5"
    >
      <div
        class="text-center mb-4"
      >
        <h2
          class="text-slate-800 text-lg font-semibold"
        >
          Audio Clips
        </h2>
        <div
          class="text-sm text-red-600 mt-1 bg-red-50 p-2 rounded"
        >
          ⚠️ 
          Failed to play Professional Intro
          <button
            class="ml-2 text-blue-600 hover:underline"
          >
            Retry
          </button>
        </div>
        <div
          class="text-xs text-gray-500 mt-1"
        >
          API: 
          <span
            class="font-semibold text-green-600"
          >
            🟢 Connected
          </span>
        </div>
      </div>
      <div
        class="flex gap-1 mb-5 border-b-2 border-gray-200 pb-2.5"
      >
        <button
          class="px-4 py-2 text-sm rounded-t-md transition-all duration-300 border-none cursor-pointer disabled:opacity-50 disabled:cursor-not-allowed bg-green-500 text-white font-bold"
        >
          Greetings
        </button>
        <button
          class="px-4 py-2 text-sm rounded-t-md transition-all duration-300 border-none cursor-pointer disabled:opacity-50 disabled:cursor-not-allowed bg-transparent text-gray-600 hover:bg-gray-100 hover:text-gray-800"
        >
          Objections
        </button>
        <button
          class="px-4 py-2 text-sm rounded-t-md transition-all duration-300 border-none cursor-pointer disabled:opacity-50 disabled:cursor-not-allowed bg-transparent text-gray-600 hover:bg-gray-100 hover:text-gray-800"
        >
          Closing
        </button>
      </div>
      <div
        class="max-h-80 overflow-y-auto"
      >
        <div
          class="flex justify-between items-center p-3 mb-2 bg-white rounded-md border border-gray-200 hover:shadow-md transition-shadow duration-200"
        >
          <div
            class="flex flex-col flex-1"
          >
            <span
              class="font-semibold text-sm text-slate-700"
            >
              Professional Intro
            </span>
            <span
              class="text-xs text-gray-500 mt-0.5"
            >
              0:15
            </span>
          </div>
          <button
            class="px-4 py-2 text-white border-none rounded-md cursor-pointer text-sm font-medium transition-all duration-300 hover:scale-105 disabled:opacity-50 disabled:cursor-not-allowed bg-blue-500 hover:bg-blue-600"
          >
            ▶️ Play
          </button>
        </div>
        <div
          class="flex justify-between items-center p-3 mb-2 bg-white rounded-md border border-gray-200 hover:shadow-md transition-shadow duration-200"
        >
          <div
            class="flex flex-col flex-1"
          >
            <span
              class="font-semibold text-sm text-slate-700"
            >
              Casual Intro
            </span>
            <span
              class="text-xs text-gray-500 mt-0.5"
            >
              0:12
            </span>
          </div>
          <button
            class="px-4 py-2 text-white border-none rounded-md cursor-pointer text-sm font-medium transition-all duration-300 hover:scale-105 disabled:opacity-50 disabled:cursor-not-allowed bg-blue-500 hover:bg-blue-600"
          >
            ▶️ Play
          </button>
        </div>
      </div>
      <div
        class="space-y-3 mt-4"
      >
        <div
          class="flex gap-2"
        >
          <button
            class="flex-1 px-3 py-2 bg-blue-100 hover:bg-blue-200 disabled:opacity-50 text-blue-700 rounded-md text-sm font-medium transition-colors"
          >
            🔄 Refresh
          </button>
          <button
            class="px-3 py-2 text-sm font-medium rounded-md transition-colors bg-gray-100 text-gray-700 hover:bg-gray-200 disabled:opacity-50"
            disabled=""
          >
            📊 Visualizer
          </button>
        </div>
        <div
          class="flex gap-2"
        >
          <button
            class="flex-1 px-3 py-2 text-sm font-medium rounded-md transition-colors bg-gray-100 text-gray-700 hover:bg-gray-200"
          >
            📚 Library
          </button>
          <button
            class="flex-1 px-3 py-2 bg-red-100 hover:bg-red-200 disabled:opacity-50 text-red-700 rounded-md text-sm font-medium transition-colors"
            disabled=""
            title="Web Audio API required for recording"
          >
            🎤 Record
          </button>
        </div>
      </div>
      <div
        class="mt-4 space-y-3"
      >
        <div
          class="p-3 bg-orange-50 rounded-md text-sm text-gray-600 leading-relaxed"
        >
          💡 
          <strong>
            Audio Controls:
          </strong>
          <div
            class="mt-1 text-xs space-y-1"
          >
            <div>
              • 
              <kbd
                class="bg-gray-200 px-1 rounded"
              >
                Space
              </kbd>
               - Play/Pause first clip
            </div>
            <div>
              • 
              <kbd
                class="bg-gray-200 px-1 rounded"
              >
                ↑/↓
              </kbd>
               - Volume control
            </div>
            <div>
              • 
              <kbd
                class="bg-gray-200 px-1 rounded"
              >
                Esc
              </kbd>
               - Stop playback
            </div>
            <div>
              • 🔄 HTML5 Audio fallback mode
            </div>
          </div>
        </div>
        <div
          class="p-3 bg-gray-50 rounded-md text-xs"
        >
          <div
            class="grid grid-cols-2 gap-2"
          >
            <div
              class="flex items-center justify-between"
            >
              <span>
                Web Audio API:
              </span>
              <span
                class="text-red-600"
              >
                ❌ Not available
              </span>
            </div>
            <div
              class="flex items-center justify-between"
            >
              <span>
                Recording:
              </span>
              <span
                class="text-red-600"
              >
                ❌ Not supported
              </span>
            </div>
          </div>
        </div>
      </div>
    </div>
  </div>
</body>
    at waitForWrapper (/Users/sherwingorechomante/coldcaller/frontend/node_modules/@testing-library/dom/dist/wait-for.js:163:27)
    at findByText (/Users/sherwingorechomante/coldcaller/frontend/node_modules/@testing-library/dom/dist/query-helpers.js:86:33)
    at Object.<anonymous> (/Users/sherwingorechomante/coldcaller/frontend/src/__tests__/performance/audioBenchmarks.test.js:399:20)]]></failure>
    </testCase>
    <testCase name="Audio Performance Benchmarks Scalability Benchmarks should maintain performance with long-running sessions" duration="1016">
      <failure message="Error: Unable to find an element with the text: /Playing audio clip/. This could be because the text is broken up by multiple elements. In this case, you can provide a function for your text matcher to make your matcher more flexible."><![CDATA[Error: Unable to find an element with the text: /Playing audio clip/. This could be because the text is broken up by multiple elements. In this case, you can provide a function for your text matcher to make your matcher more flexible.

Ignored nodes: comments, script, style
<body>
  <div>
    <div
      class="card max-w-md mx-2.5"
    >
      <div
        class="text-center mb-4"
      >
        <h2
          class="text-slate-800 text-lg font-semibold"
        >
          Audio Clips
        </h2>
        <div
          class="text-sm text-red-600 mt-1 bg-red-50 p-2 rounded"
        >
          ⚠️ 
          Failed to play Professional Intro
          <button
            class="ml-2 text-blue-600 hover:underline"
          >
            Retry
          </button>
        </div>
        <div
          class="text-xs text-gray-500 mt-1"
        >
          API: 
          <span
            class="font-semibold text-green-600"
          >
            🟢 Connected
          </span>
        </div>
      </div>
      <div
        class="flex gap-1 mb-5 border-b-2 border-gray-200 pb-2.5"
      >
        <button
          class="px-4 py-2 text-sm rounded-t-md transition-all duration-300 border-none cursor-pointer disabled:opacity-50 disabled:cursor-not-allowed bg-green-500 text-white font-bold"
        >
          Greetings
        </button>
        <button
          class="px-4 py-2 text-sm rounded-t-md transition-all duration-300 border-none cursor-pointer disabled:opacity-50 disabled:cursor-not-allowed bg-transparent text-gray-600 hover:bg-gray-100 hover:text-gray-800"
        >
          Objections
        </button>
        <button
          class="px-4 py-2 text-sm rounded-t-md transition-all duration-300 border-none cursor-pointer disabled:opacity-50 disabled:cursor-not-allowed bg-transparent text-gray-600 hover:bg-gray-100 hover:text-gray-800"
        >
          Closing
        </button>
      </div>
      <div
        class="max-h-80 overflow-y-auto"
      >
        <div
          class="flex justify-between items-center p-3 mb-2 bg-white rounded-md border border-gray-200 hover:shadow-md transition-shadow duration-200"
        >
          <div
            class="flex flex-col flex-1"
          >
            <span
              class="font-semibold text-sm text-slate-700"
            >
              Professional Intro
            </span>
            <span
              class="text-xs text-gray-500 mt-0.5"
            >
              0:15
            </span>
          </div>
          <button
            class="px-4 py-2 text-white border-none rounded-md cursor-pointer text-sm font-medium transition-all duration-300 hover:scale-105 disabled:opacity-50 disabled:cursor-not-allowed bg-blue-500 hover:bg-blue-600"
          >
            ▶️ Play
          </button>
        </div>
        <div
          class="flex justify-between items-center p-3 mb-2 bg-white rounded-md border border-gray-200 hover:shadow-md transition-shadow duration-200"
        >
          <div
            class="flex flex-col flex-1"
          >
            <span
              class="font-semibold text-sm text-slate-700"
            >
              Casual Intro
            </span>
            <span
              class="text-xs text-gray-500 mt-0.5"
            >
              0:12
            </span>
          </div>
          <button
            class="px-4 py-2 text-white border-none rounded-md cursor-pointer text-sm font-medium transition-all duration-300 hover:scale-105 disabled:opacity-50 disabled:cursor-not-allowed bg-blue-500 hover:bg-blue-600"
          >
            ▶️ Play
          </button>
        </div>
      </div>
      <div
        class="space-y-3 mt-4"
      >
        <div
          class="flex gap-2"
        >
          <button
            class="flex-1 px-3 py-2 bg-blue-100 hover:bg-blue-200 disabled:opacity-50 text-blue-700 rounded-md text-sm font-medium transition-colors"
          >
            🔄 Refresh
          </button>
          <button
            class="px-3 py-2 text-sm font-medium rounded-md transition-colors bg-gray-100 text-gray-700 hover:bg-gray-200 disabled:opacity-50"
            disabled=""
          >
            📊 Visualizer
          </button>
        </div>
        <div
          class="flex gap-2"
        >
          <button
            class="flex-1 px-3 py-2 text-sm font-medium rounded-md transition-colors bg-gray-100 text-gray-700 hover:bg-gray-200"
          >
            📚 Library
          </button>
          <button
            class="flex-1 px-3 py-2 bg-red-100 hover:bg-red-200 disabled:opacity-50 text-red-700 rounded-md text-sm font-medium transition-colors"
            disabled=""
            title="Web Audio API required for recording"
          >
            🎤 Record
          </button>
        </div>
      </div>
      <div
        class="mt-4 space-y-3"
      >
        <div
          class="p-3 bg-orange-50 rounded-md text-sm text-gray-600 leading-relaxed"
        >
          💡 
          <strong>
            Audio Controls:
          </strong>
          <div
            class="mt-1 text-xs space-y-1"
          >
            <div>
              • 
              <kbd
                class="bg-gray-200 px-1 rounded"
              >
                Space
              </kbd>
               - Play/Pause first clip
            </div>
            <div>
              • 
              <kbd
                class="bg-gray-200 px-1 rounded"
              >
                ↑/↓
              </kbd>
               - Volume control
            </div>
            <div>
              • 
              <kbd
                class="bg-gray-200 px-1 rounded"
              >
                Esc
              </kbd>
               - Stop playback
            </div>
            <div>
              • 🔄 HTML5 Audio fallback mode
            </div>
          </div>
        </div>
        <div
          class="p-3 bg-gray-50 rounded-md text-xs"
        >
          <div
            class="grid grid-cols-2 gap-2"
          >
            <div
              class="flex items-center justify-between"
            >
              <span>
                Web Audio API:
              </span>
              <span
                class="text-red-600"
              >
                ❌ Not available
              </span>
            </div>
            <div
              class="flex items-center justify-between"
            >
              <span>
                Recording:
              </span>
              <span
                class="text-red-600"
              >
                ❌ Not supported
              </span>
            </div>
          </div>
        </div>
      </div>
    </div>
  </div>
</body>
    at waitForWrapper (/Users/sherwingorechomante/coldcaller/frontend/node_modules/@testing-library/dom/dist/wait-for.js:163:27)
    at findByText (/Users/sherwingorechomante/coldcaller/frontend/node_modules/@testing-library/dom/dist/query-helpers.js:86:33)
    at Object.<anonymous> (/Users/sherwingorechomante/coldcaller/frontend/src/__tests__/performance/audioBenchmarks.test.js:430:22)]]></failure>
    </testCase>
    <testCase name="Audio Performance Benchmarks Performance Monitoring should track Core Web Vitals equivalents" duration="1014">
      <failure message="Error: Unable to find an element with the text: /Playing audio clip/. This could be because the text is broken up by multiple elements. In this case, you can provide a function for your text matcher to make your matcher more flexible."><![CDATA[Error: Unable to find an element with the text: /Playing audio clip/. This could be because the text is broken up by multiple elements. In this case, you can provide a function for your text matcher to make your matcher more flexible.

Ignored nodes: comments, script, style
<body>
  <div>
    <div
      class="card max-w-md mx-2.5"
    >
      <div
        class="text-center mb-4"
      >
        <h2
          class="text-slate-800 text-lg font-semibold"
        >
          Audio Clips
        </h2>
        <div
          class="text-sm text-red-600 mt-1 bg-red-50 p-2 rounded"
        >
          ⚠️ 
          Failed to play Professional Intro
          <button
            class="ml-2 text-blue-600 hover:underline"
          >
            Retry
          </button>
        </div>
        <div
          class="text-xs text-gray-500 mt-1"
        >
          API: 
          <span
            class="font-semibold text-green-600"
          >
            🟢 Connected
          </span>
        </div>
      </div>
      <div
        class="flex gap-1 mb-5 border-b-2 border-gray-200 pb-2.5"
      >
        <button
          class="px-4 py-2 text-sm rounded-t-md transition-all duration-300 border-none cursor-pointer disabled:opacity-50 disabled:cursor-not-allowed bg-green-500 text-white font-bold"
        >
          Greetings
        </button>
        <button
          class="px-4 py-2 text-sm rounded-t-md transition-all duration-300 border-none cursor-pointer disabled:opacity-50 disabled:cursor-not-allowed bg-transparent text-gray-600 hover:bg-gray-100 hover:text-gray-800"
        >
          Objections
        </button>
        <button
          class="px-4 py-2 text-sm rounded-t-md transition-all duration-300 border-none cursor-pointer disabled:opacity-50 disabled:cursor-not-allowed bg-transparent text-gray-600 hover:bg-gray-100 hover:text-gray-800"
        >
          Closing
        </button>
      </div>
      <div
        class="max-h-80 overflow-y-auto"
      >
        <div
          class="flex justify-between items-center p-3 mb-2 bg-white rounded-md border border-gray-200 hover:shadow-md transition-shadow duration-200"
        >
          <div
            class="flex flex-col flex-1"
          >
            <span
              class="font-semibold text-sm text-slate-700"
            >
              Professional Intro
            </span>
            <span
              class="text-xs text-gray-500 mt-0.5"
            >
              0:15
            </span>
          </div>
          <button
            class="px-4 py-2 text-white border-none rounded-md cursor-pointer text-sm font-medium transition-all duration-300 hover:scale-105 disabled:opacity-50 disabled:cursor-not-allowed bg-blue-500 hover:bg-blue-600"
          >
            ▶️ Play
          </button>
        </div>
        <div
          class="flex justify-between items-center p-3 mb-2 bg-white rounded-md border border-gray-200 hover:shadow-md transition-shadow duration-200"
        >
          <div
            class="flex flex-col flex-1"
          >
            <span
              class="font-semibold text-sm text-slate-700"
            >
              Casual Intro
            </span>
            <span
              class="text-xs text-gray-500 mt-0.5"
            >
              0:12
            </span>
          </div>
          <button
            class="px-4 py-2 text-white border-none rounded-md cursor-pointer text-sm font-medium transition-all duration-300 hover:scale-105 disabled:opacity-50 disabled:cursor-not-allowed bg-blue-500 hover:bg-blue-600"
          >
            ▶️ Play
          </button>
        </div>
      </div>
      <div
        class="space-y-3 mt-4"
      >
        <div
          class="flex gap-2"
        >
          <button
            class="flex-1 px-3 py-2 bg-blue-100 hover:bg-blue-200 disabled:opacity-50 text-blue-700 rounded-md text-sm font-medium transition-colors"
          >
            🔄 Refresh
          </button>
          <button
            class="px-3 py-2 text-sm font-medium rounded-md transition-colors bg-gray-100 text-gray-700 hover:bg-gray-200 disabled:opacity-50"
            disabled=""
          >
            📊 Visualizer
          </button>
        </div>
        <div
          class="flex gap-2"
        >
          <button
            class="flex-1 px-3 py-2 text-sm font-medium rounded-md transition-colors bg-gray-100 text-gray-700 hover:bg-gray-200"
          >
            📚 Library
          </button>
          <button
            class="flex-1 px-3 py-2 bg-red-100 hover:bg-red-200 disabled:opacity-50 text-red-700 rounded-md text-sm font-medium transition-colors"
            disabled=""
            title="Web Audio API required for recording"
          >
            🎤 Record
          </button>
        </div>
      </div>
      <div
        class="mt-4 space-y-3"
      >
        <div
          class="p-3 bg-orange-50 rounded-md text-sm text-gray-600 leading-relaxed"
        >
          💡 
          <strong>
            Audio Controls:
          </strong>
          <div
            class="mt-1 text-xs space-y-1"
          >
            <div>
              • 
              <kbd
                class="bg-gray-200 px-1 rounded"
              >
                Space
              </kbd>
               - Play/Pause first clip
            </div>
            <div>
              • 
              <kbd
                class="bg-gray-200 px-1 rounded"
              >
                ↑/↓
              </kbd>
               - Volume control
            </div>
            <div>
              • 
              <kbd
                class="bg-gray-200 px-1 rounded"
              >
                Esc
              </kbd>
               - Stop playback
            </div>
            <div>
              • 🔄 HTML5 Audio fallback mode
            </div>
          </div>
        </div>
        <div
          class="p-3 bg-gray-50 rounded-md text-xs"
        >
          <div
            class="grid grid-cols-2 gap-2"
          >
            <div
              class="flex items-center justify-between"
            >
              <span>
                Web Audio API:
              </span>
              <span
                class="text-red-600"
              >
                ❌ Not available
              </span>
            </div>
            <div
              class="flex items-center justify-between"
            >
              <span>
                Recording:
              </span>
              <span
                class="text-red-600"
              >
                ❌ Not supported
              </span>
            </div>
          </div>
        </div>
      </div>
    </div>
  </div>
</body>
    at waitForWrapper (/Users/sherwingorechomante/coldcaller/frontend/node_modules/@testing-library/dom/dist/wait-for.js:163:27)
    at findByText (/Users/sherwingorechomante/coldcaller/frontend/node_modules/@testing-library/dom/dist/query-helpers.js:86:33)
    at Object.<anonymous> (/Users/sherwingorechomante/coldcaller/frontend/src/__tests__/performance/audioBenchmarks.test.js:478:20)]]></failure>
    </testCase>
    <testCase name="Audio Performance Benchmarks Performance Monitoring should profile component render cycles" duration="76"/>
    <testCase name="Audio Performance Benchmarks Performance Monitoring should measure resource utilization efficiency" duration="1014">
      <failure message="Error: Unable to find an element with the text: /Playing audio clip/. This could be because the text is broken up by multiple elements. In this case, you can provide a function for your text matcher to make your matcher more flexible."><![CDATA[Error: Unable to find an element with the text: /Playing audio clip/. This could be because the text is broken up by multiple elements. In this case, you can provide a function for your text matcher to make your matcher more flexible.

Ignored nodes: comments, script, style
<body>
  <div>
    <div
      class="card max-w-md mx-2.5"
    >
      <div
        class="text-center mb-4"
      >
        <h2
          class="text-slate-800 text-lg font-semibold"
        >
          Audio Clips
        </h2>
        <div
          class="text-sm text-red-600 mt-1 bg-red-50 p-2 rounded"
        >
          ⚠️ 
          Failed to play Professional Intro
          <button
            class="ml-2 text-blue-600 hover:underline"
          >
            Retry
          </button>
        </div>
        <div
          class="text-xs text-gray-500 mt-1"
        >
          API: 
          <span
            class="font-semibold text-green-600"
          >
            🟢 Connected
          </span>
        </div>
      </div>
      <div
        class="flex gap-1 mb-5 border-b-2 border-gray-200 pb-2.5"
      >
        <button
          class="px-4 py-2 text-sm rounded-t-md transition-all duration-300 border-none cursor-pointer disabled:opacity-50 disabled:cursor-not-allowed bg-green-500 text-white font-bold"
        >
          Greetings
        </button>
        <button
          class="px-4 py-2 text-sm rounded-t-md transition-all duration-300 border-none cursor-pointer disabled:opacity-50 disabled:cursor-not-allowed bg-transparent text-gray-600 hover:bg-gray-100 hover:text-gray-800"
        >
          Objections
        </button>
        <button
          class="px-4 py-2 text-sm rounded-t-md transition-all duration-300 border-none cursor-pointer disabled:opacity-50 disabled:cursor-not-allowed bg-transparent text-gray-600 hover:bg-gray-100 hover:text-gray-800"
        >
          Closing
        </button>
      </div>
      <div
        class="max-h-80 overflow-y-auto"
      >
        <div
          class="flex justify-between items-center p-3 mb-2 bg-white rounded-md border border-gray-200 hover:shadow-md transition-shadow duration-200"
        >
          <div
            class="flex flex-col flex-1"
          >
            <span
              class="font-semibold text-sm text-slate-700"
            >
              Professional Intro
            </span>
            <span
              class="text-xs text-gray-500 mt-0.5"
            >
              0:15
            </span>
          </div>
          <button
            class="px-4 py-2 text-white border-none rounded-md cursor-pointer text-sm font-medium transition-all duration-300 hover:scale-105 disabled:opacity-50 disabled:cursor-not-allowed bg-blue-500 hover:bg-blue-600"
          >
            ▶️ Play
          </button>
        </div>
        <div
          class="flex justify-between items-center p-3 mb-2 bg-white rounded-md border border-gray-200 hover:shadow-md transition-shadow duration-200"
        >
          <div
            class="flex flex-col flex-1"
          >
            <span
              class="font-semibold text-sm text-slate-700"
            >
              Casual Intro
            </span>
            <span
              class="text-xs text-gray-500 mt-0.5"
            >
              0:12
            </span>
          </div>
          <button
            class="px-4 py-2 text-white border-none rounded-md cursor-pointer text-sm font-medium transition-all duration-300 hover:scale-105 disabled:opacity-50 disabled:cursor-not-allowed bg-blue-500 hover:bg-blue-600"
          >
            ▶️ Play
          </button>
        </div>
      </div>
      <div
        class="space-y-3 mt-4"
      >
        <div
          class="flex gap-2"
        >
          <button
            class="flex-1 px-3 py-2 bg-blue-100 hover:bg-blue-200 disabled:opacity-50 text-blue-700 rounded-md text-sm font-medium transition-colors"
          >
            🔄 Refresh
          </button>
          <button
            class="px-3 py-2 text-sm font-medium rounded-md transition-colors bg-gray-100 text-gray-700 hover:bg-gray-200 disabled:opacity-50"
            disabled=""
          >
            📊 Visualizer
          </button>
        </div>
        <div
          class="flex gap-2"
        >
          <button
            class="flex-1 px-3 py-2 text-sm font-medium rounded-md transition-colors bg-gray-100 text-gray-700 hover:bg-gray-200"
          >
            📚 Library
          </button>
          <button
            class="flex-1 px-3 py-2 bg-red-100 hover:bg-red-200 disabled:opacity-50 text-red-700 rounded-md text-sm font-medium transition-colors"
            disabled=""
            title="Web Audio API required for recording"
          >
            🎤 Record
          </button>
        </div>
      </div>
      <div
        class="mt-4 space-y-3"
      >
        <div
          class="p-3 bg-orange-50 rounded-md text-sm text-gray-600 leading-relaxed"
        >
          💡 
          <strong>
            Audio Controls:
          </strong>
          <div
            class="mt-1 text-xs space-y-1"
          >
            <div>
              • 
              <kbd
                class="bg-gray-200 px-1 rounded"
              >
                Space
              </kbd>
               - Play/Pause first clip
            </div>
            <div>
              • 
              <kbd
                class="bg-gray-200 px-1 rounded"
              >
                ↑/↓
              </kbd>
               - Volume control
            </div>
            <div>
              • 
              <kbd
                class="bg-gray-200 px-1 rounded"
              >
                Esc
              </kbd>
               - Stop playback
            </div>
            <div>
              • 🔄 HTML5 Audio fallback mode
            </div>
          </div>
        </div>
        <div
          class="p-3 bg-gray-50 rounded-md text-xs"
        >
          <div
            class="grid grid-cols-2 gap-2"
          >
            <div
              class="flex items-center justify-between"
            >
              <span>
                Web Audio API:
              </span>
              <span
                class="text-red-600"
              >
                ❌ Not available
              </span>
            </div>
            <div
              class="flex items-center justify-between"
            >
              <span>
                Recording:
              </span>
              <span
                class="text-red-600"
              >
                ❌ Not supported
              </span>
            </div>
          </div>
        </div>
      </div>
    </div>
  </div>
</body>
    at waitForWrapper (/Users/sherwingorechomante/coldcaller/frontend/node_modules/@testing-library/dom/dist/wait-for.js:163:27)
    at findByText (/Users/sherwingorechomante/coldcaller/frontend/node_modules/@testing-library/dom/dist/query-helpers.js:86:33)
    at Object.<anonymous> (/Users/sherwingorechomante/coldcaller/frontend/src/__tests__/performance/audioBenchmarks.test.js:524:20)]]></failure>
    </testCase>
  </file>
  <file path="/Users/sherwingorechomante/coldcaller/frontend/src/__tests__/AudioPerformance.test.js">
    <testCase name="AudioPerformanceManager should initialize with correct configuration" duration="1"/>
    <testCase name="AudioPerformanceManager should detect network profile correctly" duration="1"/>
    <testCase name="AudioPerformanceManager should preload audio clips with priority" duration="15"/>
    <testCase name="AudioPerformanceManager should handle concurrent stream limits" duration="1"/>
    <testCase name="AudioPerformanceManager should implement crossfade transition" duration="134"/>
    <testCase name="AudioPerformanceManager should track performance metrics" duration="9"/>
    <testCase name="AudioPerformanceManager should generate performance recommendations" duration="11"/>
    <testCase name="AudioPerformanceManager should handle power saving mode" duration="3"/>
    <testCase name="AudioPerformanceManager should cleanup inactive streams" duration="0"/>
    <testCase name="AudioAnalytics should initialize session correctly" duration="1"/>
    <testCase name="AudioAnalytics should record play events" duration="1"/>
    <testCase name="AudioAnalytics should track performance metrics" duration="1"/>
    <testCase name="AudioAnalytics should record errors" duration="0"/>
    <testCase name="AudioAnalytics should generate performance summary" duration="1"/>
    <testCase name="AudioAnalytics should track usage patterns" duration="3"/>
    <testCase name="AudioAnalytics should export analytics data" duration="1"/>
    <testCase name="MobileAudioOptimizer should detect mobile devices" duration="3">
      <failure message="Error: expect(received).toBe(expected) // Object.is equality"><![CDATA[Error: expect(received).toBe(expected) // Object.is equality

Expected: true
Received: false
    at Object.<anonymous> (/Users/sherwingorechomante/coldcaller/frontend/src/__tests__/AudioPerformance.test.js:293:32)
    at Promise.then.completed (/Users/sherwingorechomante/coldcaller/frontend/node_modules/jest-circus/build/utils.js:391:28)
    at new Promise (<anonymous>)
    at callAsyncCircusFn (/Users/sherwingorechomante/coldcaller/frontend/node_modules/jest-circus/build/utils.js:316:10)
    at _callCircusTest (/Users/sherwingorechomante/coldcaller/frontend/node_modules/jest-circus/build/run.js:218:40)
    at _runTest (/Users/sherwingorechomante/coldcaller/frontend/node_modules/jest-circus/build/run.js:155:3)
    at _runTestsForDescribeBlock (/Users/sherwingorechomante/coldcaller/frontend/node_modules/jest-circus/build/run.js:66:9)
    at _runTestsForDescribeBlock (/Users/sherwingorechomante/coldcaller/frontend/node_modules/jest-circus/build/run.js:60:9)
    at run (/Users/sherwingorechomante/coldcaller/frontend/node_modules/jest-circus/build/run.js:25:3)
    at runAndTransformResultsToJestFormat (/Users/sherwingorechomante/coldcaller/frontend/node_modules/jest-circus/build/legacy-code-todo-rewrite/jestAdapterInit.js:170:21)
    at jestAdapter (/Users/sherwingorechomante/coldcaller/frontend/node_modules/jest-circus/build/legacy-code-todo-rewrite/jestAdapter.js:82:19)
    at runTestInternal (/Users/sherwingorechomante/coldcaller/frontend/node_modules/jest-runner/build/runTest.js:389:16)
    at runTest (/Users/sherwingorechomante/coldcaller/frontend/node_modules/jest-runner/build/runTest.js:475:34)
    at Object.worker (/Users/sherwingorechomante/coldcaller/frontend/node_modules/jest-runner/build/testWorker.js:133:12)]]></failure>
    </testCase>
    <testCase name="MobileAudioOptimizer should initialize with mobile-specific config" duration="1">
      <failure message="Error: expect(received).toBe(expected) // Object.is equality"><![CDATA[Error: expect(received).toBe(expected) // Object.is equality

Expected: 2
Received: 5
    at Object.<anonymous> (/Users/sherwingorechomante/coldcaller/frontend/src/__tests__/AudioPerformance.test.js:298:57)
    at Promise.then.completed (/Users/sherwingorechomante/coldcaller/frontend/node_modules/jest-circus/build/utils.js:391:28)
    at new Promise (<anonymous>)
    at callAsyncCircusFn (/Users/sherwingorechomante/coldcaller/frontend/node_modules/jest-circus/build/utils.js:316:10)
    at _callCircusTest (/Users/sherwingorechomante/coldcaller/frontend/node_modules/jest-circus/build/run.js:218:40)
    at _runTest (/Users/sherwingorechomante/coldcaller/frontend/node_modules/jest-circus/build/run.js:155:3)
    at _runTestsForDescribeBlock (/Users/sherwingorechomante/coldcaller/frontend/node_modules/jest-circus/build/run.js:66:9)
    at _runTestsForDescribeBlock (/Users/sherwingorechomante/coldcaller/frontend/node_modules/jest-circus/build/run.js:60:9)
    at run (/Users/sherwingorechomante/coldcaller/frontend/node_modules/jest-circus/build/run.js:25:3)
    at runAndTransformResultsToJestFormat (/Users/sherwingorechomante/coldcaller/frontend/node_modules/jest-circus/build/legacy-code-todo-rewrite/jestAdapterInit.js:170:21)
    at jestAdapter (/Users/sherwingorechomante/coldcaller/frontend/node_modules/jest-circus/build/legacy-code-todo-rewrite/jestAdapter.js:82:19)
    at runTestInternal (/Users/sherwingorechomante/coldcaller/frontend/node_modules/jest-runner/build/runTest.js:389:16)
    at runTest (/Users/sherwingorechomante/coldcaller/frontend/node_modules/jest-runner/build/runTest.js:475:34)
    at Object.worker (/Users/sherwingorechomante/coldcaller/frontend/node_modules/jest-runner/build/testWorker.js:133:12)]]></failure>
    </testCase>
    <testCase name="MobileAudioOptimizer should enable power save mode based on battery" duration="10"/>
    <testCase name="MobileAudioOptimizer should adjust quality for connection type" duration="0"/>
    <testCase name="MobileAudioOptimizer should handle app backgrounded event" duration="0"/>
    <testCase name="MobileAudioOptimizer should generate performance report" duration="1"/>
    <testCase name="MobileAudioOptimizer should check feature enablement" duration="0"/>
    <testCase name="AudioBenchmark should initialize with test data" duration="1"/>
    <testCase name="AudioBenchmark should run loading performance test" duration="5001">
      <failure message="Error: thrown: &quot;Exceeded timeout of 5000 ms for a test."><![CDATA[Error: thrown: "Exceeded timeout of 5000 ms for a test.
Use jest.setTimeout(newTimeout) to increase the timeout value, if this is a long-running test."
    at /Users/sherwingorechomante/coldcaller/frontend/src/__tests__/AudioPerformance.test.js:368:3
    at _dispatchDescribe (/Users/sherwingorechomante/coldcaller/frontend/node_modules/jest-circus/build/index.js:98:26)
    at describe (/Users/sherwingorechomante/coldcaller/frontend/node_modules/jest-circus/build/index.js:60:5)
    at Object.<anonymous> (/Users/sherwingorechomante/coldcaller/frontend/src/__tests__/AudioPerformance.test.js:354:1)
    at Runtime._execModule (/Users/sherwingorechomante/coldcaller/frontend/node_modules/jest-runtime/build/index.js:1646:24)
    at Runtime._loadModule (/Users/sherwingorechomante/coldcaller/frontend/node_modules/jest-runtime/build/index.js:1185:12)
    at Runtime.requireModule (/Users/sherwingorechomante/coldcaller/frontend/node_modules/jest-runtime/build/index.js:1009:12)
    at jestAdapter (/Users/sherwingorechomante/coldcaller/frontend/node_modules/jest-circus/build/legacy-code-todo-rewrite/jestAdapter.js:79:13)
    at processTicksAndRejections (node:internal/process/task_queues:105:5)
    at runTestInternal (/Users/sherwingorechomante/coldcaller/frontend/node_modules/jest-runner/build/runTest.js:389:16)
    at runTest (/Users/sherwingorechomante/coldcaller/frontend/node_modules/jest-runner/build/runTest.js:475:34)
    at Object.worker (/Users/sherwingorechomante/coldcaller/frontend/node_modules/jest-runner/build/testWorker.js:133:12)]]></failure>
    </testCase>
    <testCase name="AudioBenchmark should run memory usage test" duration="1"/>
    <testCase name="AudioBenchmark should run cache performance test" duration="1"/>
    <testCase name="AudioBenchmark should run concurrent streams test" duration="5001">
      <failure message="Error: thrown: &quot;Exceeded timeout of 5000 ms for a test."><![CDATA[Error: thrown: "Exceeded timeout of 5000 ms for a test.
Use jest.setTimeout(newTimeout) to increase the timeout value, if this is a long-running test."
    at /Users/sherwingorechomante/coldcaller/frontend/src/__tests__/AudioPerformance.test.js:396:3
    at _dispatchDescribe (/Users/sherwingorechomante/coldcaller/frontend/node_modules/jest-circus/build/index.js:98:26)
    at describe (/Users/sherwingorechomante/coldcaller/frontend/node_modules/jest-circus/build/index.js:60:5)
    at Object.<anonymous> (/Users/sherwingorechomante/coldcaller/frontend/src/__tests__/AudioPerformance.test.js:354:1)
    at Runtime._execModule (/Users/sherwingorechomante/coldcaller/frontend/node_modules/jest-runtime/build/index.js:1646:24)
    at Runtime._loadModule (/Users/sherwingorechomante/coldcaller/frontend/node_modules/jest-runtime/build/index.js:1185:12)
    at Runtime.requireModule (/Users/sherwingorechomante/coldcaller/frontend/node_modules/jest-runtime/build/index.js:1009:12)
    at jestAdapter (/Users/sherwingorechomante/coldcaller/frontend/node_modules/jest-circus/build/legacy-code-todo-rewrite/jestAdapter.js:79:13)
    at processTicksAndRejections (node:internal/process/task_queues:105:5)
    at runTestInternal (/Users/sherwingorechomante/coldcaller/frontend/node_modules/jest-runner/build/runTest.js:389:16)
    at runTest (/Users/sherwingorechomante/coldcaller/frontend/node_modules/jest-runner/build/runTest.js:475:34)
    at Object.worker (/Users/sherwingorechomante/coldcaller/frontend/node_modules/jest-runner/build/testWorker.js:133:12)]]></failure>
    </testCase>
    <testCase name="AudioBenchmark should calculate overall score" duration="0"/>
    <testCase name="AudioBenchmark should generate environment info" duration="1"/>
    <testCase name="AudioBenchmark should generate recommendations" duration="1">
      <failure message="Error: expect(received).toBe(expected) // Object.is equality"><![CDATA[Error: expect(received).toBe(expected) // Object.is equality

Expected: true
Received: false
    at Object.<anonymous> (/Users/sherwingorechomante/coldcaller/frontend/src/__tests__/AudioPerformance.test.js:439:66)
    at Promise.then.completed (/Users/sherwingorechomante/coldcaller/frontend/node_modules/jest-circus/build/utils.js:391:28)
    at new Promise (<anonymous>)
    at callAsyncCircusFn (/Users/sherwingorechomante/coldcaller/frontend/node_modules/jest-circus/build/utils.js:316:10)
    at _callCircusTest (/Users/sherwingorechomante/coldcaller/frontend/node_modules/jest-circus/build/run.js:218:40)
    at runNextTicks (node:internal/process/task_queues:65:5)
    at listOnTimeout (node:internal/timers:555:9)
    at processTimers (node:internal/timers:529:7)
    at _runTest (/Users/sherwingorechomante/coldcaller/frontend/node_modules/jest-circus/build/run.js:155:3)
    at _runTestsForDescribeBlock (/Users/sherwingorechomante/coldcaller/frontend/node_modules/jest-circus/build/run.js:66:9)
    at _runTestsForDescribeBlock (/Users/sherwingorechomante/coldcaller/frontend/node_modules/jest-circus/build/run.js:60:9)
    at run (/Users/sherwingorechomante/coldcaller/frontend/node_modules/jest-circus/build/run.js:25:3)
    at runAndTransformResultsToJestFormat (/Users/sherwingorechomante/coldcaller/frontend/node_modules/jest-circus/build/legacy-code-todo-rewrite/jestAdapterInit.js:170:21)
    at jestAdapter (/Users/sherwingorechomante/coldcaller/frontend/node_modules/jest-circus/build/legacy-code-todo-rewrite/jestAdapter.js:82:19)
    at runTestInternal (/Users/sherwingorechomante/coldcaller/frontend/node_modules/jest-runner/build/runTest.js:389:16)
    at runTest (/Users/sherwingorechomante/coldcaller/frontend/node_modules/jest-runner/build/runTest.js:475:34)
    at Object.worker (/Users/sherwingorechomante/coldcaller/frontend/node_modules/jest-runner/build/testWorker.js:133:12)]]></failure>
    </testCase>
    <testCase name="AudioBenchmark should run comprehensive benchmark" duration="8"/>
    <testCase name="AudioBenchmark should generate benchmark report" duration="2"/>
    <testCase name="Integration Tests should integrate performance manager with analytics" duration="0"/>
    <testCase name="Integration Tests should integrate mobile optimizer with performance manager" duration="1"/>
    <testCase name="Integration Tests should handle performance events across components" duration="0"/>
  </file>
  <file path="/Users/sherwingorechomante/coldcaller/frontend/src/__tests__/integration/audioUpload.test.js">
    <testCase name="Audio Upload Integration Tests File Upload Process should upload valid audio file with progress tracking" duration="1">
      <failure message="Error: expect(jest.fn()).toHaveBeenCalledTimes(expected)"><![CDATA[Error: expect(jest.fn()).toHaveBeenCalledTimes(expected)

Expected number of calls: 4
Received number of calls: 0
    at Object.<anonymous> (/Users/sherwingorechomante/coldcaller/frontend/src/__tests__/integration/audioUpload.test.js:57:32)
    at processTicksAndRejections (node:internal/process/task_queues:105:5)]]></failure>
    </testCase>
    <testCase name="Audio Upload Integration Tests File Upload Process should validate file type before upload" duration="0"/>
    <testCase name="Audio Upload Integration Tests File Upload Process should validate file size before upload" duration="0"/>
    <testCase name="Audio Upload Integration Tests File Upload Process should handle upload cancellation" duration="112"/>
    <testCase name="Audio Upload Integration Tests File Upload Process should retry failed uploads" duration="3009"/>
    <testCase name="Audio Upload Integration Tests Multiple File Uploads should handle concurrent file uploads" duration="2"/>
    <testCase name="Audio Upload Integration Tests Multiple File Uploads should handle mixed success/failure in batch upload" duration="1"/>
    <testCase name="Audio Upload Integration Tests Multiple File Uploads should track progress for multiple uploads" duration="1">
      <failure message="Error: expect(jest.fn()).toHaveBeenCalledWith(...expected)"><![CDATA[Error: expect(jest.fn()).toHaveBeenCalledWith(...expected)

Expected: 50

Number of calls: 0
    at forEach (/Users/sherwingorechomante/coldcaller/frontend/src/__tests__/integration/audioUpload.test.js:222:26)
    at Array.forEach (<anonymous>)
    at Object.<anonymous> (/Users/sherwingorechomante/coldcaller/frontend/src/__tests__/integration/audioUpload.test.js:221:25)]]></failure>
    </testCase>
    <testCase name="Audio Upload Integration Tests Upload Performance should measure upload speed" duration="1"/>
    <testCase name="Audio Upload Integration Tests Upload Performance should handle large file uploads efficiently" duration="107"/>
    <testCase name="Audio Upload Integration Tests Upload Performance should optimize memory usage during upload" duration="1"/>
    <testCase name="Audio Upload Integration Tests Upload Security should reject malicious file types" duration="1"/>
    <testCase name="Audio Upload Integration Tests Upload Security should enforce file size limits" duration="2660"/>
    <testCase name="Audio Upload Integration Tests Upload Security should sanitize file names" duration="1"/>
    <testCase name="Audio Upload Integration Tests Upload Security should validate file headers/magic bytes" duration="1"/>
    <testCase name="Audio Upload Integration Tests Upload Security should handle upload quota limits" duration="0"/>
    <testCase name="Audio Upload Integration Tests Upload Error Recovery should handle network interruptions" duration="0">
      <failure message="Error: Network error"><![CDATA[Error: Network error
    at Object.<anonymous> (/Users/sherwingorechomante/coldcaller/frontend/src/__tests__/integration/audioUpload.test.js:361:58)
    at Promise.then.completed (/Users/sherwingorechomante/coldcaller/frontend/node_modules/jest-circus/build/utils.js:391:28)
    at new Promise (<anonymous>)
    at callAsyncCircusFn (/Users/sherwingorechomante/coldcaller/frontend/node_modules/jest-circus/build/utils.js:316:10)
    at _callCircusTest (/Users/sherwingorechomante/coldcaller/frontend/node_modules/jest-circus/build/run.js:218:40)
    at _runTest (/Users/sherwingorechomante/coldcaller/frontend/node_modules/jest-circus/build/run.js:155:3)
    at _runTestsForDescribeBlock (/Users/sherwingorechomante/coldcaller/frontend/node_modules/jest-circus/build/run.js:66:9)
    at _runTestsForDescribeBlock (/Users/sherwingorechomante/coldcaller/frontend/node_modules/jest-circus/build/run.js:60:9)
    at _runTestsForDescribeBlock (/Users/sherwingorechomante/coldcaller/frontend/node_modules/jest-circus/build/run.js:60:9)
    at run (/Users/sherwingorechomante/coldcaller/frontend/node_modules/jest-circus/build/run.js:25:3)
    at runAndTransformResultsToJestFormat (/Users/sherwingorechomante/coldcaller/frontend/node_modules/jest-circus/build/legacy-code-todo-rewrite/jestAdapterInit.js:170:21)
    at jestAdapter (/Users/sherwingorechomante/coldcaller/frontend/node_modules/jest-circus/build/legacy-code-todo-rewrite/jestAdapter.js:82:19)
    at runTestInternal (/Users/sherwingorechomante/coldcaller/frontend/node_modules/jest-runner/build/runTest.js:389:16)
    at runTest (/Users/sherwingorechomante/coldcaller/frontend/node_modules/jest-runner/build/runTest.js:475:34)
    at Object.worker (/Users/sherwingorechomante/coldcaller/frontend/node_modules/jest-runner/build/testWorker.js:133:12)]]></failure>
    </testCase>
    <testCase name="Audio Upload Integration Tests Upload Error Recovery should handle server errors gracefully" duration="0">
      <failure message="Error: Server error: 500"><![CDATA[Error: Server error: 500
    at Object.<anonymous> (/Users/sherwingorechomante/coldcaller/frontend/src/__tests__/integration/audioUpload.test.js:374:58)
    at Promise.then.completed (/Users/sherwingorechomante/coldcaller/frontend/node_modules/jest-circus/build/utils.js:391:28)
    at new Promise (<anonymous>)
    at callAsyncCircusFn (/Users/sherwingorechomante/coldcaller/frontend/node_modules/jest-circus/build/utils.js:316:10)
    at _callCircusTest (/Users/sherwingorechomante/coldcaller/frontend/node_modules/jest-circus/build/run.js:218:40)
    at _runTest (/Users/sherwingorechomante/coldcaller/frontend/node_modules/jest-circus/build/run.js:155:3)
    at _runTestsForDescribeBlock (/Users/sherwingorechomante/coldcaller/frontend/node_modules/jest-circus/build/run.js:66:9)
    at _runTestsForDescribeBlock (/Users/sherwingorechomante/coldcaller/frontend/node_modules/jest-circus/build/run.js:60:9)
    at _runTestsForDescribeBlock (/Users/sherwingorechomante/coldcaller/frontend/node_modules/jest-circus/build/run.js:60:9)
    at run (/Users/sherwingorechomante/coldcaller/frontend/node_modules/jest-circus/build/run.js:25:3)
    at runAndTransformResultsToJestFormat (/Users/sherwingorechomante/coldcaller/frontend/node_modules/jest-circus/build/legacy-code-todo-rewrite/jestAdapterInit.js:170:21)
    at jestAdapter (/Users/sherwingorechomante/coldcaller/frontend/node_modules/jest-circus/build/legacy-code-todo-rewrite/jestAdapter.js:82:19)
    at runTestInternal (/Users/sherwingorechomante/coldcaller/frontend/node_modules/jest-runner/build/runTest.js:389:16)
    at runTest (/Users/sherwingorechomante/coldcaller/frontend/node_modules/jest-runner/build/runTest.js:475:34)
    at Object.worker (/Users/sherwingorechomante/coldcaller/frontend/node_modules/jest-runner/build/testWorker.js:133:12)]]></failure>
    </testCase>
    <testCase name="Audio Upload Integration Tests Upload Error Recovery should handle timeout errors" duration="1">
      <failure message="Error: Request timeout"><![CDATA[Error: Request timeout
    at Object.<anonymous> (/Users/sherwingorechomante/coldcaller/frontend/src/__tests__/integration/audioUpload.test.js:387:28)
    at Promise.then.completed (/Users/sherwingorechomante/coldcaller/frontend/node_modules/jest-circus/build/utils.js:391:28)
    at new Promise (<anonymous>)
    at callAsyncCircusFn (/Users/sherwingorechomante/coldcaller/frontend/node_modules/jest-circus/build/utils.js:316:10)
    at _callCircusTest (/Users/sherwingorechomante/coldcaller/frontend/node_modules/jest-circus/build/run.js:218:40)
    at _runTest (/Users/sherwingorechomante/coldcaller/frontend/node_modules/jest-circus/build/run.js:155:3)
    at _runTestsForDescribeBlock (/Users/sherwingorechomante/coldcaller/frontend/node_modules/jest-circus/build/run.js:66:9)
    at _runTestsForDescribeBlock (/Users/sherwingorechomante/coldcaller/frontend/node_modules/jest-circus/build/run.js:60:9)
    at _runTestsForDescribeBlock (/Users/sherwingorechomante/coldcaller/frontend/node_modules/jest-circus/build/run.js:60:9)
    at run (/Users/sherwingorechomante/coldcaller/frontend/node_modules/jest-circus/build/run.js:25:3)
    at runAndTransformResultsToJestFormat (/Users/sherwingorechomante/coldcaller/frontend/node_modules/jest-circus/build/legacy-code-todo-rewrite/jestAdapterInit.js:170:21)
    at jestAdapter (/Users/sherwingorechomante/coldcaller/frontend/node_modules/jest-circus/build/legacy-code-todo-rewrite/jestAdapter.js:82:19)
    at runTestInternal (/Users/sherwingorechomante/coldcaller/frontend/node_modules/jest-runner/build/runTest.js:389:16)
    at runTest (/Users/sherwingorechomante/coldcaller/frontend/node_modules/jest-runner/build/runTest.js:475:34)
    at Object.worker (/Users/sherwingorechomante/coldcaller/frontend/node_modules/jest-runner/build/testWorker.js:133:12)]]></failure>
    </testCase>
    <testCase name="Audio Upload Integration Tests Upload Error Recovery should provide meaningful error messages" duration="0">
      <failure message="Error: File too large"><![CDATA[Error: File too large
    at Object.<anonymous> (/Users/sherwingorechomante/coldcaller/frontend/src/__tests__/integration/audioUpload.test.js:402:18)
    at Promise.then.completed (/Users/sherwingorechomante/coldcaller/frontend/node_modules/jest-circus/build/utils.js:391:28)
    at new Promise (<anonymous>)
    at callAsyncCircusFn (/Users/sherwingorechomante/coldcaller/frontend/node_modules/jest-circus/build/utils.js:316:10)
    at _callCircusTest (/Users/sherwingorechomante/coldcaller/frontend/node_modules/jest-circus/build/run.js:218:40)
    at _runTest (/Users/sherwingorechomante/coldcaller/frontend/node_modules/jest-circus/build/run.js:155:3)
    at _runTestsForDescribeBlock (/Users/sherwingorechomante/coldcaller/frontend/node_modules/jest-circus/build/run.js:66:9)
    at _runTestsForDescribeBlock (/Users/sherwingorechomante/coldcaller/frontend/node_modules/jest-circus/build/run.js:60:9)
    at _runTestsForDescribeBlock (/Users/sherwingorechomante/coldcaller/frontend/node_modules/jest-circus/build/run.js:60:9)
    at run (/Users/sherwingorechomante/coldcaller/frontend/node_modules/jest-circus/build/run.js:25:3)
    at runAndTransformResultsToJestFormat (/Users/sherwingorechomante/coldcaller/frontend/node_modules/jest-circus/build/legacy-code-todo-rewrite/jestAdapterInit.js:170:21)
    at jestAdapter (/Users/sherwingorechomante/coldcaller/frontend/node_modules/jest-circus/build/legacy-code-todo-rewrite/jestAdapter.js:82:19)
    at runTestInternal (/Users/sherwingorechomante/coldcaller/frontend/node_modules/jest-runner/build/runTest.js:389:16)
    at runTest (/Users/sherwingorechomante/coldcaller/frontend/node_modules/jest-runner/build/runTest.js:475:34)
    at Object.worker (/Users/sherwingorechomante/coldcaller/frontend/node_modules/jest-runner/build/testWorker.js:133:12)]]></failure>
    </testCase>
    <testCase name="Audio Upload Integration Tests Upload Metadata Handling should preserve audio metadata" duration="1">
      <failure message="Error: expect(jest.fn()).toHaveBeenCalledWith(...expected)"><![CDATA[Error: expect(jest.fn()).toHaveBeenCalledWith(...expected)

Expected: Any<FormData>, undefined
Received: {}

Number of calls: 1
    at Object.<anonymous> (/Users/sherwingorechomante/coldcaller/frontend/src/__tests__/integration/audioUpload.test.js:430:48)]]></failure>
    </testCase>
    <testCase name="Audio Upload Integration Tests Upload Metadata Handling should validate metadata fields" duration="0"/>
    <testCase name="Audio Upload Integration Tests Upload Metadata Handling should handle special characters in metadata" duration="1"/>
    <testCase name="Audio Upload Integration Tests Upload Integration Scenarios should integrate with audio player after upload" duration="0"/>
    <testCase name="Audio Upload Integration Tests Upload Integration Scenarios should update audio clip list after successful upload" duration="0"/>
    <testCase name="Audio Upload Integration Tests Upload Integration Scenarios should handle upload notification to other components" duration="1"/>
  </file>
  <file path="/Users/sherwingorechomante/coldcaller/frontend/src/__tests__/security/audioSecurity.test.js">
    <testCase name="Audio Security Tests File Upload Security should validate file type to prevent malicious uploads" duration="2"/>
    <testCase name="Audio Security Tests File Upload Security should enforce file size limits to prevent DoS attacks" duration="5023"/>
    <testCase name="Audio Security Tests File Upload Security should sanitize file names to prevent path traversal" duration="1"/>
    <testCase name="Audio Security Tests File Upload Security should validate file headers/magic bytes to prevent MIME type spoofing" duration="1"/>
    <testCase name="Audio Security Tests File Upload Security should handle malformed audio files safely" duration="1">
      <failure message="Error: Invalid audio file format"><![CDATA[Error: Invalid audio file format
    at Object.<anonymous> (/Users/sherwingorechomante/coldcaller/frontend/src/__tests__/security/audioSecurity.test.js:125:58)
    at Promise.then.completed (/Users/sherwingorechomante/coldcaller/frontend/node_modules/jest-circus/build/utils.js:391:28)
    at new Promise (<anonymous>)
    at callAsyncCircusFn (/Users/sherwingorechomante/coldcaller/frontend/node_modules/jest-circus/build/utils.js:316:10)
    at _callCircusTest (/Users/sherwingorechomante/coldcaller/frontend/node_modules/jest-circus/build/run.js:218:40)
    at processTicksAndRejections (node:internal/process/task_queues:105:5)
    at _runTest (/Users/sherwingorechomante/coldcaller/frontend/node_modules/jest-circus/build/run.js:155:3)
    at _runTestsForDescribeBlock (/Users/sherwingorechomante/coldcaller/frontend/node_modules/jest-circus/build/run.js:66:9)
    at _runTestsForDescribeBlock (/Users/sherwingorechomante/coldcaller/frontend/node_modules/jest-circus/build/run.js:60:9)
    at _runTestsForDescribeBlock (/Users/sherwingorechomante/coldcaller/frontend/node_modules/jest-circus/build/run.js:60:9)
    at run (/Users/sherwingorechomante/coldcaller/frontend/node_modules/jest-circus/build/run.js:25:3)
    at runAndTransformResultsToJestFormat (/Users/sherwingorechomante/coldcaller/frontend/node_modules/jest-circus/build/legacy-code-todo-rewrite/jestAdapterInit.js:170:21)
    at jestAdapter (/Users/sherwingorechomante/coldcaller/frontend/node_modules/jest-circus/build/legacy-code-todo-rewrite/jestAdapter.js:82:19)
    at runTestInternal (/Users/sherwingorechomante/coldcaller/frontend/node_modules/jest-runner/build/runTest.js:389:16)
    at runTest (/Users/sherwingorechomante/coldcaller/frontend/node_modules/jest-runner/build/runTest.js:475:34)
    at Object.worker (/Users/sherwingorechomante/coldcaller/frontend/node_modules/jest-runner/build/testWorker.js:133:12)]]></failure>
    </testCase>
    <testCase name="Audio Security Tests File Upload Security should prevent zip bombs and other compression attacks" duration="1"/>
    <testCase name="Audio Security Tests File Upload Security should rate limit upload attempts to prevent abuse" duration="1"/>
    <testCase name="Audio Security Tests Input Sanitization should sanitize audio clip names to prevent XSS" duration="1">
      <failure message="Error: expect(received).toContain(expected) // indexOf"><![CDATA[Error: expect(received).toContain(expected) // indexOf

Expected substring: "<script>"
Received string:    "javascript:alert(\"xss\")"
    at forEach (/Users/sherwingorechomante/coldcaller/frontend/src/__tests__/security/audioSecurity.test.js:191:31)
    at Array.forEach (<anonymous>)
    at Object.<anonymous> (/Users/sherwingorechomante/coldcaller/frontend/src/__tests__/security/audioSecurity.test.js:185:22)
    at Promise.then.completed (/Users/sherwingorechomante/coldcaller/frontend/node_modules/jest-circus/build/utils.js:391:28)
    at new Promise (<anonymous>)
    at callAsyncCircusFn (/Users/sherwingorechomante/coldcaller/frontend/node_modules/jest-circus/build/utils.js:316:10)
    at _callCircusTest (/Users/sherwingorechomante/coldcaller/frontend/node_modules/jest-circus/build/run.js:218:40)
    at processTicksAndRejections (node:internal/process/task_queues:105:5)
    at _runTest (/Users/sherwingorechomante/coldcaller/frontend/node_modules/jest-circus/build/run.js:155:3)
    at _runTestsForDescribeBlock (/Users/sherwingorechomante/coldcaller/frontend/node_modules/jest-circus/build/run.js:66:9)
    at _runTestsForDescribeBlock (/Users/sherwingorechomante/coldcaller/frontend/node_modules/jest-circus/build/run.js:60:9)
    at _runTestsForDescribeBlock (/Users/sherwingorechomante/coldcaller/frontend/node_modules/jest-circus/build/run.js:60:9)
    at run (/Users/sherwingorechomante/coldcaller/frontend/node_modules/jest-circus/build/run.js:25:3)
    at runAndTransformResultsToJestFormat (/Users/sherwingorechomante/coldcaller/frontend/node_modules/jest-circus/build/legacy-code-todo-rewrite/jestAdapterInit.js:170:21)
    at jestAdapter (/Users/sherwingorechomante/coldcaller/frontend/node_modules/jest-circus/build/legacy-code-todo-rewrite/jestAdapter.js:82:19)
    at runTestInternal (/Users/sherwingorechomante/coldcaller/frontend/node_modules/jest-runner/build/runTest.js:389:16)
    at runTest (/Users/sherwingorechomante/coldcaller/frontend/node_modules/jest-runner/build/runTest.js:475:34)
    at Object.worker (/Users/sherwingorechomante/coldcaller/frontend/node_modules/jest-runner/build/testWorker.js:133:12)]]></failure>
    </testCase>
    <testCase name="Audio Security Tests Input Sanitization should validate category inputs against allowed values" duration="1"/>
    <testCase name="Audio Security Tests Input Sanitization should sanitize description and metadata fields" duration="0"/>
    <testCase name="Audio Security Tests Input Sanitization should handle Unicode and special characters safely" duration="1"/>
    <testCase name="Audio Security Tests API Security should handle malicious API responses safely" duration="46"/>
    <testCase name="Audio Security Tests API Security should validate API response structure" duration="60"/>
    <testCase name="Audio Security Tests API Security should prevent CSRF attacks through proper headers" duration="1"/>
    <testCase name="Audio Security Tests API Security should handle authentication and authorization properly" duration="11"/>
    <testCase name="Audio Security Tests Content Security Policy (CSP) Compliance should not execute inline scripts" duration="0"/>
    <testCase name="Audio Security Tests Content Security Policy (CSP) Compliance should use safe DOM manipulation methods" duration="11"/>
    <testCase name="Audio Security Tests Content Security Policy (CSP) Compliance should validate all external resource URLs" duration="2"/>
    <testCase name="Audio Security Tests Data Privacy and Security should not log sensitive information" duration="17">
      <failure message="Error: expect(received).not.toHaveBeenCalledWith(...expected)"><![CDATA[Error: expect(received).not.toHaveBeenCalledWith(...expected)

Matcher error: received value must be a mock or spy function

Received has type:  function
Received has value: [Function log]
    at Object.<anonymous> (/Users/sherwingorechomante/coldcaller/frontend/src/__tests__/security/audioSecurity.test.js:417:31)]]></failure>
    </testCase>
    <testCase name="Audio Security Tests Data Privacy and Security should handle user data securely in localStorage" duration="0"/>
    <testCase name="Audio Security Tests Data Privacy and Security should clear sensitive data on component unmount" duration="4">
      <failure message="Error: expect(jest.fn()).toHaveBeenCalled()"><![CDATA[Error: expect(jest.fn()).toHaveBeenCalled()

Expected number of calls: >= 1
Received number of calls:    0
    at Object.<anonymous> (/Users/sherwingorechomante/coldcaller/frontend/src/__tests__/security/audioSecurity.test.js:447:34)
    at Promise.then.completed (/Users/sherwingorechomante/coldcaller/frontend/node_modules/jest-circus/build/utils.js:391:28)
    at new Promise (<anonymous>)
    at callAsyncCircusFn (/Users/sherwingorechomante/coldcaller/frontend/node_modules/jest-circus/build/utils.js:316:10)
    at _callCircusTest (/Users/sherwingorechomante/coldcaller/frontend/node_modules/jest-circus/build/run.js:218:40)
    at _runTest (/Users/sherwingorechomante/coldcaller/frontend/node_modules/jest-circus/build/run.js:155:3)
    at _runTestsForDescribeBlock (/Users/sherwingorechomante/coldcaller/frontend/node_modules/jest-circus/build/run.js:66:9)
    at _runTestsForDescribeBlock (/Users/sherwingorechomante/coldcaller/frontend/node_modules/jest-circus/build/run.js:60:9)
    at _runTestsForDescribeBlock (/Users/sherwingorechomante/coldcaller/frontend/node_modules/jest-circus/build/run.js:60:9)
    at run (/Users/sherwingorechomante/coldcaller/frontend/node_modules/jest-circus/build/run.js:25:3)
    at runAndTransformResultsToJestFormat (/Users/sherwingorechomante/coldcaller/frontend/node_modules/jest-circus/build/legacy-code-todo-rewrite/jestAdapterInit.js:170:21)
    at jestAdapter (/Users/sherwingorechomante/coldcaller/frontend/node_modules/jest-circus/build/legacy-code-todo-rewrite/jestAdapter.js:82:19)
    at runTestInternal (/Users/sherwingorechomante/coldcaller/frontend/node_modules/jest-runner/build/runTest.js:389:16)
    at runTest (/Users/sherwingorechomante/coldcaller/frontend/node_modules/jest-runner/build/runTest.js:475:34)
    at Object.worker (/Users/sherwingorechomante/coldcaller/frontend/node_modules/jest-runner/build/testWorker.js:133:12)]]></failure>
    </testCase>
    <testCase name="Audio Security Tests Data Privacy and Security should implement secure error handling without data leakage" duration="11"/>
    <testCase name="Audio Security Tests Denial of Service (DoS) Protection should limit concurrent requests" duration="101"/>
    <testCase name="Audio Security Tests Denial of Service (DoS) Protection should implement request timeouts" duration="5001">
      <failure message="Error: thrown: &quot;Exceeded timeout of 5000 ms for a test."><![CDATA[Error: thrown: "Exceeded timeout of 5000 ms for a test.
Use jest.setTimeout(newTimeout) to increase the timeout value, if this is a long-running test."
    at /Users/sherwingorechomante/coldcaller/frontend/src/__tests__/security/audioSecurity.test.js:495:5
    at _dispatchDescribe (/Users/sherwingorechomante/coldcaller/frontend/node_modules/jest-circus/build/index.js:98:26)
    at describe (/Users/sherwingorechomante/coldcaller/frontend/node_modules/jest-circus/build/index.js:60:5)
    at /Users/sherwingorechomante/coldcaller/frontend/src/__tests__/security/audioSecurity.test.js:469:3
    at _dispatchDescribe (/Users/sherwingorechomante/coldcaller/frontend/node_modules/jest-circus/build/index.js:98:26)
    at describe (/Users/sherwingorechomante/coldcaller/frontend/node_modules/jest-circus/build/index.js:60:5)
    at Object.<anonymous> (/Users/sherwingorechomante/coldcaller/frontend/src/__tests__/security/audioSecurity.test.js:21:1)
    at Runtime._execModule (/Users/sherwingorechomante/coldcaller/frontend/node_modules/jest-runtime/build/index.js:1646:24)
    at Runtime._loadModule (/Users/sherwingorechomante/coldcaller/frontend/node_modules/jest-runtime/build/index.js:1185:12)
    at Runtime.requireModule (/Users/sherwingorechomante/coldcaller/frontend/node_modules/jest-runtime/build/index.js:1009:12)
    at jestAdapter (/Users/sherwingorechomante/coldcaller/frontend/node_modules/jest-circus/build/legacy-code-todo-rewrite/jestAdapter.js:79:13)
    at processTicksAndRejections (node:internal/process/task_queues:105:5)
    at runTestInternal (/Users/sherwingorechomante/coldcaller/frontend/node_modules/jest-runner/build/runTest.js:389:16)
    at runTest (/Users/sherwingorechomante/coldcaller/frontend/node_modules/jest-runner/build/runTest.js:475:34)
    at Object.worker (/Users/sherwingorechomante/coldcaller/frontend/node_modules/jest-runner/build/testWorker.js:133:12)]]></failure>
    </testCase>
    <testCase name="Audio Security Tests Denial of Service (DoS) Protection should handle memory exhaustion gracefully" duration="7"/>
    <testCase name="Audio Security Tests Denial of Service (DoS) Protection should prevent infinite loops and recursive calls" duration="10"/>
  </file>
  <file path="/Users/sherwingorechomante/coldcaller/frontend/src/__tests__/accessibility/audioAccessibility.test.js">
    <testCase name="Audio Accessibility Tests WCAG 2.1 AA Compliance should have no accessibility violations" duration="199"/>
    <testCase name="Audio Accessibility Tests WCAG 2.1 AA Compliance should have proper heading structure" duration="33"/>
    <testCase name="Audio Accessibility Tests WCAG 2.1 AA Compliance should provide proper button labels" duration="62"/>
    <testCase name="Audio Accessibility Tests WCAG 2.1 AA Compliance should have sufficient color contrast ratios" duration="15"/>
    <testCase name="Audio Accessibility Tests WCAG 2.1 AA Compliance should provide alternative text for visual elements" duration="16">
      <failure message="TestingLibraryElementError: Found multiple elements with the text: /API:/"><![CDATA[TestingLibraryElementError: Found multiple elements with the text: /API:/

Here are the matching elements:

Ignored nodes: comments, script, style
<div
  class="text-xs text-gray-500 mt-1"
>
  API: 
  <span
    class="font-semibold text-green-600"
  >
    🟢 Connected
  </span>
</div>

Ignored nodes: comments, script, style
<span>
  Web Audio API:
</span>

(If this is intentional, then use the `*AllBy*` variant of the query (like `queryAllByText`, `getAllByText`, or `findAllByText`)).

Ignored nodes: comments, script, style
<body>
  <div>
    <div
      class="card max-w-md mx-2.5"
    >
      <div
        class="text-center mb-4"
      >
        <h2
          class="text-slate-800 text-lg font-semibold"
        >
          Audio Clips
        </h2>
        <div
          class="text-xs text-gray-500 mt-1"
        >
          API: 
          <span
            class="font-semibold text-green-600"
          >
            🟢 Connected
          </span>
        </div>
      </div>
      <div
        class="flex gap-1 mb-5 border-b-2 border-gray-200 pb-2.5"
      >
        <button
          class="px-4 py-2 text-sm rounded-t-md transition-all duration-300 border-none cursor-pointer disabled:opacity-50 disabled:cursor-not-allowed bg-green-500 text-white font-bold"
        >
          Greetings
        </button>
        <button
          class="px-4 py-2 text-sm rounded-t-md transition-all duration-300 border-none cursor-pointer disabled:opacity-50 disabled:cursor-not-allowed bg-transparent text-gray-600 hover:bg-gray-100 hover:text-gray-800"
        >
          Objections
        </button>
        <button
          class="px-4 py-2 text-sm rounded-t-md transition-all duration-300 border-none cursor-pointer disabled:opacity-50 disabled:cursor-not-allowed bg-transparent text-gray-600 hover:bg-gray-100 hover:text-gray-800"
        >
          Closing
        </button>
      </div>
      <div
        class="max-h-80 overflow-y-auto"
      >
        <div
          class="flex justify-between items-center p-3 mb-2 bg-white rounded-md border border-gray-200 hover:shadow-md transition-shadow duration-200"
        >
          <div
            class="flex flex-col flex-1"
          >
            <span
              class="font-semibold text-sm text-slate-700"
            >
              Professional Intro
            </span>
            <span
              class="text-xs text-gray-500 mt-0.5"
            >
              0:15
            </span>
          </div>
          <button
            class="px-4 py-2 text-white border-none rounded-md cursor-pointer text-sm font-medium transition-all duration-300 hover:scale-105 disabled:opacity-50 disabled:cursor-not-allowed bg-blue-500 hover:bg-blue-600"
          >
            ▶️ Play
          </button>
        </div>
        <div
          class="flex justify-between items-center p-3 mb-2 bg-white rounded-md border border-gray-200 hover:shadow-md transition-shadow duration-200"
        >
          <div
            class="flex flex-col flex-1"
          >
            <span
              class="font-semibold text-sm text-slate-700"
            >
              Casual Intro
            </span>
            <span
              class="text-xs text-gray-500 mt-0.5"
            >
              0:12
            </span>
          </div>
          <button
            class="px-4 py-2 text-white border-none rounded-md cursor-pointer text-sm font-medium transition-all duration-300 hover:scale-105 disabled:opacity-50 disabled:cursor-not-allowed bg-blue-500 hover:bg-blue-600"
          >
            ▶️ Play
          </button>
        </div>
      </div>
      <div
        class="space-y-3 mt-4"
      >
        <div
          class="flex gap-2"
        >
          <button
            class="flex-1 px-3 py-2 bg-blue-100 hover:bg-blue-200 disabled:opacity-50 text-blue-700 rounded-md text-sm font-medium transition-colors"
          >
            🔄 Refresh
          </button>
          <button
            class="px-3 py-2 text-sm font-medium rounded-md transition-colors bg-gray-100 text-gray-700 hover:bg-gray-200 disabled:opacity-50"
            disabled=""
          >
            📊 Visualizer
          </button>
        </div>
        <div
          class="flex gap-2"
        >
          <button
            class="flex-1 px-3 py-2 text-sm font-medium rounded-md transition-colors bg-gray-100 text-gray-700 hover:bg-gray-200"
          >
            📚 Library
          </button>
          <button
            class="flex-1 px-3 py-2 bg-red-100 hover:bg-red-200 disabled:opacity-50 text-red-700 rounded-md text-sm font-medium transition-colors"
            disabled=""
            title="Web Audio API required for recording"
          >
            🎤 Record
          </button>
        </div>
      </div>
      <div
        class="mt-4 space-y-3"
      >
        <div
          class="p-3 bg-orange-50 rounded-md text-sm text-gray-600 leading-relaxed"
        >
          💡 
          <strong>
            Audio Controls:
          </strong>
          <div
            class="mt-1 text-xs space-y-1"
          >
            <div>
              • 
              <kbd
                class="bg-gray-200 px-1 rounded"
              >
                Space
              </kbd>
               - Play/Pause first clip
            </div>
            <div>
              • 
              <kbd
                class="bg-gray-200 px-1 rounded"
              >
                ↑/↓
              </kbd>
               - Volume control
            </div>
            <div>
              • 
              <kbd
                class="bg-gray-200 px-1 rounded"
              >
                Esc
              </kbd>
               - Stop playback
            </div>
            <div>
              • 🔄 HTML5 Audio fallback mode
            </div>
          </div>
        </div>
        <div
          class="p-3 bg-gray-50 rounded-md text-xs"
        >
          <div
            class="grid grid-cols-2 gap-2"
          >
            <div
              class="flex items-center justify-between"
            >
              <span>
                Web Audio API:
              </span>
              <span
                class="text-red-600"
              >
                ❌ Not available
              </span>
            </div>
            <div
              class="flex items-center justify-between"
            >
              <span>
                Recording:
              </span>
              <span
                class="text-red-600"
              >
                ❌ Not supported
              </span>
            </div>
          </div>
        </div>
      </div>
    </div>
  </div>
</body>
    at Object.getElementError (/Users/sherwingorechomante/coldcaller/frontend/node_modules/@testing-library/dom/dist/config.js:37:19)
    at getElementError (/Users/sherwingorechomante/coldcaller/frontend/node_modules/@testing-library/dom/dist/query-helpers.js:20:35)
    at getMultipleElementsFoundError (/Users/sherwingorechomante/coldcaller/frontend/node_modules/@testing-library/dom/dist/query-helpers.js:23:10)
    at /Users/sherwingorechomante/coldcaller/frontend/node_modules/@testing-library/dom/dist/query-helpers.js:55:13
    at getByText (/Users/sherwingorechomante/coldcaller/frontend/node_modules/@testing-library/dom/dist/query-helpers.js:95:19)
    at Object.<anonymous> (/Users/sherwingorechomante/coldcaller/frontend/src/__tests__/accessibility/audioAccessibility.test.js:108:21)]]></failure>
    </testCase>
    <testCase name="Audio Accessibility Tests Keyboard Navigation should support tab navigation through all interactive elements" duration="150"/>
    <testCase name="Audio Accessibility Tests Keyboard Navigation should activate buttons with Enter key" duration="1030">
      <failure message="Error: Unable to find an element with the text: /Playing audio clip/. This could be because the text is broken up by multiple elements. In this case, you can provide a function for your text matcher to make your matcher more flexible."><![CDATA[Error: Unable to find an element with the text: /Playing audio clip/. This could be because the text is broken up by multiple elements. In this case, you can provide a function for your text matcher to make your matcher more flexible.

Ignored nodes: comments, script, style
<body>
  <div>
    <div
      class="card max-w-md mx-2.5"
    >
      <div
        class="text-center mb-4"
      >
        <h2
          class="text-slate-800 text-lg font-semibold"
        >
          Audio Clips
        </h2>
        <div
          class="text-xs text-gray-500 mt-1"
        >
          API: 
          <span
            class="font-semibold text-green-600"
          >
            🟢 Connected
          </span>
        </div>
      </div>
      <div
        class="flex gap-1 mb-5 border-b-2 border-gray-200 pb-2.5"
      >
        <button
          class="px-4 py-2 text-sm rounded-t-md transition-all duration-300 border-none cursor-pointer disabled:opacity-50 disabled:cursor-not-allowed bg-green-500 text-white font-bold"
        >
          Greetings
        </button>
        <button
          class="px-4 py-2 text-sm rounded-t-md transition-all duration-300 border-none cursor-pointer disabled:opacity-50 disabled:cursor-not-allowed bg-transparent text-gray-600 hover:bg-gray-100 hover:text-gray-800"
        >
          Objections
        </button>
        <button
          class="px-4 py-2 text-sm rounded-t-md transition-all duration-300 border-none cursor-pointer disabled:opacity-50 disabled:cursor-not-allowed bg-transparent text-gray-600 hover:bg-gray-100 hover:text-gray-800"
        >
          Closing
        </button>
      </div>
      <div
        class="max-h-80 overflow-y-auto"
      >
        <div
          class="flex justify-between items-center p-3 mb-2 bg-white rounded-md border border-gray-200 hover:shadow-md transition-shadow duration-200"
        >
          <div
            class="flex flex-col flex-1"
          >
            <span
              class="font-semibold text-sm text-slate-700"
            >
              Professional Intro
            </span>
            <span
              class="text-xs text-gray-500 mt-0.5"
            >
              0:15
            </span>
          </div>
          <button
            class="px-4 py-2 text-white border-none rounded-md cursor-pointer text-sm font-medium transition-all duration-300 hover:scale-105 disabled:opacity-50 disabled:cursor-not-allowed bg-orange-500 hover:bg-orange-600"
          >
            ⏸️ Stop
          </button>
        </div>
        <div
          class="flex justify-between items-center p-3 mb-2 bg-white rounded-md border border-gray-200 hover:shadow-md transition-shadow duration-200"
        >
          <div
            class="flex flex-col flex-1"
          >
            <span
              class="font-semibold text-sm text-slate-700"
            >
              Casual Intro
            </span>
            <span
              class="text-xs text-gray-500 mt-0.5"
            >
              0:12
            </span>
          </div>
          <button
            class="px-4 py-2 text-white border-none rounded-md cursor-pointer text-sm font-medium transition-all duration-300 hover:scale-105 disabled:opacity-50 disabled:cursor-not-allowed bg-blue-500 hover:bg-blue-600"
          >
            ▶️ Play
          </button>
        </div>
      </div>
      <div
        class="mt-4 p-4 bg-blue-50 rounded-md border border-blue-200"
      >
        <div
          class="text-center text-blue-700 text-sm font-medium mb-2"
        >
          🎵 
          Playing with HTML5 Audio
           audio clip...
        </div>
        <div
          class="flex items-center justify-center gap-4 text-sm"
        >
          <div
            class="flex items-center gap-2"
          >
            <label
              class="text-blue-700"
            >
              🔊
            </label>
            <input
              class="w-20"
              max="1"
              min="0"
              step="0.05"
              type="range"
              value="1"
            />
            <span
              class="text-blue-600 w-8 text-xs"
            >
              100
              %
            </span>
          </div>
          <div
            class="flex items-center gap-2"
          >
            <label
              class="text-blue-700"
            >
              ⚡
            </label>
            <select
              class="border border-blue-300 rounded px-1 py-0.5 text-xs bg-white"
            >
              <option
                value="0.5"
              >
                0.5x
              </option>
              <option
                value="0.75"
              >
                0.75x
              </option>
              <option
                value="1.0"
              >
                1.0x
              </option>
              <option
                value="1.25"
              >
                1.25x
              </option>
              <option
                value="1.5"
              >
                1.5x
              </option>
              <option
                value="2.0"
              >
                2.0x
              </option>
            </select>
          </div>
          <button
            class="px-3 py-1 bg-red-500 text-white rounded text-xs hover:bg-red-600"
          >
            ⏹️ Stop
          </button>
        </div>
      </div>
      <div
        class="space-y-3 mt-4"
      >
        <div
          class="flex gap-2"
        >
          <button
            class="flex-1 px-3 py-2 bg-blue-100 hover:bg-blue-200 disabled:opacity-50 text-blue-700 rounded-md text-sm font-medium transition-colors"
          >
            🔄 Refresh
          </button>
          <button
            class="px-3 py-2 text-sm font-medium rounded-md transition-colors bg-gray-100 text-gray-700 hover:bg-gray-200 disabled:opacity-50"
            disabled=""
          >
            📊 Visualizer
          </button>
        </div>
        <div
          class="flex gap-2"
        >
          <button
            class="flex-1 px-3 py-2 text-sm font-medium rounded-md transition-colors bg-gray-100 text-gray-700 hover:bg-gray-200"
          >
            📚 Library
          </button>
          <button
            class="flex-1 px-3 py-2 bg-red-100 hover:bg-red-200 disabled:opacity-50 text-red-700 rounded-md text-sm font-medium transition-colors"
            disabled=""
            title="Web Audio API required for recording"
          >
            🎤 Record
          </button>
        </div>
      </div>
      <div
        class="mt-4 space-y-3"
      >
        <div
          class="p-3 bg-orange-50 rounded-md text-sm text-gray-600 leading-relaxed"
        >
          💡 
          <strong>
            Audio Controls:
          </strong>
          <div
            class="mt-1 text-xs space-y-1"
          >
            <div>
              • 
              <kbd
                class="bg-gray-200 px-1 rounded"
              >
                Space
              </kbd>
               - Play/Pause first clip
            </div>
            <div>
              • 
              <kbd
                class="bg-gray-200 px-1 rounded"
              >
                ↑/↓
              </kbd>
               - Volume control
            </div>
            <div>
              • 
              <kbd
                class="bg-gray-200 px-1 rounded"
              >
                Esc
              </kbd>
               - Stop playback
            </div>
            <div>
              • 🔄 HTML5 Audio fallback mode
            </div>
          </div>
        </div>
        <div
          class="p-3 bg-gray-50 rounded-md text-xs"
        >
          <div
            class="grid grid-cols-2 gap-2"
          >
            <div
              class="flex items-center justify-between"
            >
              <span>
                Web Audio API:
              </span>
              <span
                class="text-red-600"
              >
                ❌ Not available
              </span>
            </div>
            <div
              class="flex items-center justify-between"
            >
              <span>
                Recording:
              </span>
              <span
                class="text-red-600"
              >
                ❌ Not supported
              </span>
            </div>
          </div>
        </div>
      </div>
    </div>
  </div>
</body>
    at waitForWrapper (/Users/sherwingorechomante/coldcaller/frontend/node_modules/@testing-library/dom/dist/wait-for.js:163:27)
    at Object.<anonymous> (/Users/sherwingorechomante/coldcaller/frontend/src/__tests__/accessibility/audioAccessibility.test.js:153:20)]]></failure>
    </testCase>
    <testCase name="Audio Accessibility Tests Keyboard Navigation should activate buttons with Space key" duration="1031">
      <failure message="Error: Unable to find an element with the text: Not Interested. This could be because the text is broken up by multiple elements. In this case, you can provide a function for your text matcher to make your matcher more flexible."><![CDATA[Error: Unable to find an element with the text: Not Interested. This could be because the text is broken up by multiple elements. In this case, you can provide a function for your text matcher to make your matcher more flexible.

Ignored nodes: comments, script, style
<body>
  <div>
    <div
      class="card max-w-md mx-2.5"
    >
      <div
        class="text-center mb-4"
      >
        <h2
          class="text-slate-800 text-lg font-semibold"
        >
          Audio Clips
        </h2>
        <div
          class="text-xs text-gray-500 mt-1"
        >
          API: 
          <span
            class="font-semibold text-green-600"
          >
            🟢 Connected
          </span>
        </div>
      </div>
      <div
        class="flex gap-1 mb-5 border-b-2 border-gray-200 pb-2.5"
      >
        <button
          class="px-4 py-2 text-sm rounded-t-md transition-all duration-300 border-none cursor-pointer disabled:opacity-50 disabled:cursor-not-allowed bg-green-500 text-white font-bold"
        >
          Greetings
        </button>
        <button
          class="px-4 py-2 text-sm rounded-t-md transition-all duration-300 border-none cursor-pointer disabled:opacity-50 disabled:cursor-not-allowed bg-transparent text-gray-600 hover:bg-gray-100 hover:text-gray-800"
        >
          Objections
        </button>
        <button
          class="px-4 py-2 text-sm rounded-t-md transition-all duration-300 border-none cursor-pointer disabled:opacity-50 disabled:cursor-not-allowed bg-transparent text-gray-600 hover:bg-gray-100 hover:text-gray-800"
        >
          Closing
        </button>
      </div>
      <div
        class="max-h-80 overflow-y-auto"
      >
        <div
          class="flex justify-between items-center p-3 mb-2 bg-white rounded-md border border-gray-200 hover:shadow-md transition-shadow duration-200"
        >
          <div
            class="flex flex-col flex-1"
          >
            <span
              class="font-semibold text-sm text-slate-700"
            >
              Professional Intro
            </span>
            <span
              class="text-xs text-gray-500 mt-0.5"
            >
              0:15
            </span>
          </div>
          <button
            class="px-4 py-2 text-white border-none rounded-md cursor-pointer text-sm font-medium transition-all duration-300 hover:scale-105 disabled:opacity-50 disabled:cursor-not-allowed bg-orange-500 hover:bg-orange-600"
          >
            ⏸️ Stop
          </button>
        </div>
        <div
          class="flex justify-between items-center p-3 mb-2 bg-white rounded-md border border-gray-200 hover:shadow-md transition-shadow duration-200"
        >
          <div
            class="flex flex-col flex-1"
          >
            <span
              class="font-semibold text-sm text-slate-700"
            >
              Casual Intro
            </span>
            <span
              class="text-xs text-gray-500 mt-0.5"
            >
              0:12
            </span>
          </div>
          <button
            class="px-4 py-2 text-white border-none rounded-md cursor-pointer text-sm font-medium transition-all duration-300 hover:scale-105 disabled:opacity-50 disabled:cursor-not-allowed bg-blue-500 hover:bg-blue-600"
          >
            ▶️ Play
          </button>
        </div>
      </div>
      <div
        class="mt-4 p-4 bg-blue-50 rounded-md border border-blue-200"
      >
        <div
          class="text-center text-blue-700 text-sm font-medium mb-2"
        >
          🎵 
          Playing with HTML5 Audio
           audio clip...
        </div>
        <div
          class="flex items-center justify-center gap-4 text-sm"
        >
          <div
            class="flex items-center gap-2"
          >
            <label
              class="text-blue-700"
            >
              🔊
            </label>
            <input
              class="w-20"
              max="1"
              min="0"
              step="0.05"
              type="range"
              value="1"
            />
            <span
              class="text-blue-600 w-8 text-xs"
            >
              100
              %
            </span>
          </div>
          <div
            class="flex items-center gap-2"
          >
            <label
              class="text-blue-700"
            >
              ⚡
            </label>
            <select
              class="border border-blue-300 rounded px-1 py-0.5 text-xs bg-white"
            >
              <option
                value="0.5"
              >
                0.5x
              </option>
              <option
                value="0.75"
              >
                0.75x
              </option>
              <option
                value="1.0"
              >
                1.0x
              </option>
              <option
                value="1.25"
              >
                1.25x
              </option>
              <option
                value="1.5"
              >
                1.5x
              </option>
              <option
                value="2.0"
              >
                2.0x
              </option>
            </select>
          </div>
          <button
            class="px-3 py-1 bg-red-500 text-white rounded text-xs hover:bg-red-600"
          >
            ⏹️ Stop
          </button>
        </div>
      </div>
      <div
        class="space-y-3 mt-4"
      >
        <div
          class="flex gap-2"
        >
          <button
            class="flex-1 px-3 py-2 bg-blue-100 hover:bg-blue-200 disabled:opacity-50 text-blue-700 rounded-md text-sm font-medium transition-colors"
          >
            🔄 Refresh
          </button>
          <button
            class="px-3 py-2 text-sm font-medium rounded-md transition-colors bg-gray-100 text-gray-700 hover:bg-gray-200 disabled:opacity-50"
            disabled=""
          >
            📊 Visualizer
          </button>
        </div>
        <div
          class="flex gap-2"
        >
          <button
            class="flex-1 px-3 py-2 text-sm font-medium rounded-md transition-colors bg-gray-100 text-gray-700 hover:bg-gray-200"
          >
            📚 Library
          </button>
          <button
            class="flex-1 px-3 py-2 bg-red-100 hover:bg-red-200 disabled:opacity-50 text-red-700 rounded-md text-sm font-medium transition-colors"
            disabled=""
            title="Web Audio API required for recording"
          >
            🎤 Record
          </button>
        </div>
      </div>
      <div
        class="mt-4 space-y-3"
      >
        <div
          class="p-3 bg-orange-50 rounded-md text-sm text-gray-600 leading-relaxed"
        >
          💡 
          <strong>
            Audio Controls:
          </strong>
          <div
            class="mt-1 text-xs space-y-1"
          >
            <div>
              • 
              <kbd
                class="bg-gray-200 px-1 rounded"
              >
                Space
              </kbd>
               - Play/Pause first clip
            </div>
            <div>
              • 
              <kbd
                class="bg-gray-200 px-1 rounded"
              >
                ↑/↓
              </kbd>
               - Volume control
            </div>
            <div>
              • 
              <kbd
                class="bg-gray-200 px-1 rounded"
              >
                Esc
              </kbd>
               - Stop playback
            </div>
            <div>
              • 🔄 HTML5 Audio fallback mode
            </div>
          </div>
        </div>
        <div
          class="p-3 bg-gray-50 rounded-md text-xs"
        >
          <div
            class="grid grid-cols-2 gap-2"
          >
            <div
              class="flex items-center justify-between"
            >
              <span>
                Web Audio API:
              </span>
              <span
                class="text-red-600"
              >
                ❌ Not available
              </span>
            </div>
            <div
              class="flex items-center justify-between"
            >
              <span>
                Recording:
              </span>
              <span
                class="text-red-600"
              >
                ❌ Not supported
              </span>
            </div>
          </div>
        </div>
      </div>
    </div>
  </div>
</body>
    at waitForWrapper (/Users/sherwingorechomante/coldcaller/frontend/node_modules/@testing-library/dom/dist/wait-for.js:163:27)
    at Object.<anonymous> (/Users/sherwingorechomante/coldcaller/frontend/src/__tests__/accessibility/audioAccessibility.test.js:173:20)]]></failure>
    </testCase>
    <testCase name="Audio Accessibility Tests Keyboard Navigation should provide visible focus indicators" duration="23"/>
    <testCase name="Audio Accessibility Tests Keyboard Navigation should support arrow key navigation within button groups" duration="19"/>
    <testCase name="Audio Accessibility Tests Keyboard Navigation should skip over disabled elements in tab order" duration="88">
      <failure message="TestingLibraryElementError: Unable to find an accessible element with the role &quot;button&quot; and name `/record new/i`"><![CDATA[TestingLibraryElementError: Unable to find an accessible element with the role "button" and name `/record new/i`

Here are the accessible roles:

  heading:

  Name "Audio Clips":
  <h2
    class="text-slate-800 text-lg font-semibold"
  />

  --------------------------------------------------
  button:

  Name "Greetings":
  <button
    class="px-4 py-2 text-sm rounded-t-md transition-all duration-300 border-none cursor-pointer disabled:opacity-50 disabled:cursor-not-allowed bg-green-500 text-white font-bold"
  />

  Name "Objections":
  <button
    class="px-4 py-2 text-sm rounded-t-md transition-all duration-300 border-none cursor-pointer disabled:opacity-50 disabled:cursor-not-allowed bg-transparent text-gray-600 hover:bg-gray-100 hover:text-gray-800"
  />

  Name "Closing":
  <button
    class="px-4 py-2 text-sm rounded-t-md transition-all duration-300 border-none cursor-pointer disabled:opacity-50 disabled:cursor-not-allowed bg-transparent text-gray-600 hover:bg-gray-100 hover:text-gray-800"
  />

  Name "▶️ Play":
  <button
    class="px-4 py-2 text-white border-none rounded-md cursor-pointer text-sm font-medium transition-all duration-300 hover:scale-105 disabled:opacity-50 disabled:cursor-not-allowed bg-blue-500 hover:bg-blue-600"
  />

  Name "▶️ Play":
  <button
    class="px-4 py-2 text-white border-none rounded-md cursor-pointer text-sm font-medium transition-all duration-300 hover:scale-105 disabled:opacity-50 disabled:cursor-not-allowed bg-blue-500 hover:bg-blue-600"
  />

  Name "🔄 Refresh":
  <button
    class="flex-1 px-3 py-2 bg-blue-100 hover:bg-blue-200 disabled:opacity-50 text-blue-700 rounded-md text-sm font-medium transition-colors"
  />

  Name "📊 Visualizer":
  <button
    class="px-3 py-2 text-sm font-medium rounded-md transition-colors bg-gray-100 text-gray-700 hover:bg-gray-200 disabled:opacity-50"
    disabled=""
  />

  Name "📚 Library":
  <button
    class="flex-1 px-3 py-2 text-sm font-medium rounded-md transition-colors bg-gray-100 text-gray-700 hover:bg-gray-200"
  />

  Name "🎤 Record":
  <button
    class="flex-1 px-3 py-2 bg-red-100 hover:bg-red-200 disabled:opacity-50 text-red-700 rounded-md text-sm font-medium transition-colors"
    disabled=""
    title="Web Audio API required for recording"
  />

  --------------------------------------------------
  strong:

  Name "":
  <strong />

  --------------------------------------------------

Ignored nodes: comments, script, style
<body>
  <div>
    <div
      class="card max-w-md mx-2.5"
    >
      <div
        class="text-center mb-4"
      >
        <h2
          class="text-slate-800 text-lg font-semibold"
        >
          Audio Clips
        </h2>
        <div
          class="text-xs text-gray-500 mt-1"
        >
          API: 
          <span
            class="font-semibold text-green-600"
          >
            🟢 Connected
          </span>
        </div>
      </div>
      <div
        class="flex gap-1 mb-5 border-b-2 border-gray-200 pb-2.5"
      >
        <button
          class="px-4 py-2 text-sm rounded-t-md transition-all duration-300 border-none cursor-pointer disabled:opacity-50 disabled:cursor-not-allowed bg-green-500 text-white font-bold"
        >
          Greetings
        </button>
        <button
          class="px-4 py-2 text-sm rounded-t-md transition-all duration-300 border-none cursor-pointer disabled:opacity-50 disabled:cursor-not-allowed bg-transparent text-gray-600 hover:bg-gray-100 hover:text-gray-800"
        >
          Objections
        </button>
        <button
          class="px-4 py-2 text-sm rounded-t-md transition-all duration-300 border-none cursor-pointer disabled:opacity-50 disabled:cursor-not-allowed bg-transparent text-gray-600 hover:bg-gray-100 hover:text-gray-800"
        >
          Closing
        </button>
      </div>
      <div
        class="max-h-80 overflow-y-auto"
      >
        <div
          class="flex justify-between items-center p-3 mb-2 bg-white rounded-md border border-gray-200 hover:shadow-md transition-shadow duration-200"
        >
          <div
            class="flex flex-col flex-1"
          >
            <span
              class="font-semibold text-sm text-slate-700"
            >
              Professional Intro
            </span>
            <span
              class="text-xs text-gray-500 mt-0.5"
            >
              0:15
            </span>
          </div>
          <button
            class="px-4 py-2 text-white border-none rounded-md cursor-pointer text-sm font-medium transition-all duration-300 hover:scale-105 disabled:opacity-50 disabled:cursor-not-allowed bg-blue-500 hover:bg-blue-600"
          >
            ▶️ Play
          </button>
        </div>
        <div
          class="flex justify-between items-center p-3 mb-2 bg-white rounded-md border border-gray-200 hover:shadow-md transition-shadow duration-200"
        >
          <div
            class="flex flex-col flex-1"
          >
            <span
              class="font-semibold text-sm text-slate-700"
            >
              Casual Intro
            </span>
            <span
              class="text-xs text-gray-500 mt-0.5"
            >
              0:12
            </span>
          </div>
          <button
            class="px-4 py-2 text-white border-none rounded-md cursor-pointer text-sm font-medium transition-all duration-300 hover:scale-105 disabled:opacity-50 disabled:cursor-not-allowed bg-blue-500 hover:bg-blue-600"
          >
            ▶️ Play
          </button>
        </div>
      </div>
      <div
        class="space-y-3 mt-4"
      >
        <div
          class="flex gap-2"
        >
          <button
            class="flex-1 px-3 py-2 bg-blue-100 hover:bg-blue-200 disabled:opacity-50 text-blue-700 rounded-md text-sm font-medium transition-colors"
          >
            🔄 Refresh
          </button>
          <button
            class="px-3 py-2 text-sm font-medium rounded-md transition-colors bg-gray-100 text-gray-700 hover:bg-gray-200 disabled:opacity-50"
            disabled=""
          >
            📊 Visualizer
          </button>
        </div>
        <div
          class="flex gap-2"
        >
          <button
            class="flex-1 px-3 py-2 text-sm font-medium rounded-md transition-colors bg-gray-100 text-gray-700 hover:bg-gray-200"
          >
            📚 Library
          </button>
          <button
            class="flex-1 px-3 py-2 bg-red-100 hover:bg-red-200 disabled:opacity-50 text-red-700 rounded-md text-sm font-medium transition-colors"
            disabled=""
            title="Web Audio API required for recording"
          >
            🎤 Record
          </button>
        </div>
      </div>
      <div
        class="mt-4 space-y-3"
      >
        <div
          class="p-3 bg-orange-50 rounded-md text-sm text-gray-600 leading-relaxed"
        >
          💡 
          <strong>
            Audio Controls:
          </strong>
          <div
            class="mt-1 text-xs space-y-1"
          >
            <div>
              • 
              <kbd
                class="bg-gray-200 px-1 rounded"
              >
                Space
              </kbd>
               - Play/Pause first clip
            </div>
            <div>
              • 
              <kbd
                class="bg-gray-200 px-1 rounded"
              >
                ↑/↓
              </kbd>
               - Volume control
            </div>
            <div>
              • 
              <kbd
                class="bg-gray-200 px-1 rounded"
              >
                Esc
              </kbd>
               - Stop playback
            </div>
            <div>
              • 🔄 HTML5 Audio fallback mode
            </div>
          </div>
        </div>
        <div
          class="p-3 bg-gray-50 rounded-md text-xs"
        >
          <div
            class="grid grid-cols-2 gap-2"
          >
            <div
              class="flex items-center justify-between"
            >
              <span>
                Web Audio API:
              </span>
              <span
                class="text-red-600"
              >
                ❌ Not available
              </span>
            </div>
            <div
              class="flex items-center justify-between"
            >
              <span>
                Recording:
              </span>
              <span
                class="text-red-600"
              >
                ❌ Not supported
              </span>
            </div>
          </div>
        </div>
      </div>
    </div>
  </div>
</body>
    at Object.getElementError (/Users/sherwingorechomante/coldcaller/frontend/node_modules/@testing-library/dom/dist/config.js:37:19)
    at /Users/sherwingorechomante/coldcaller/frontend/node_modules/@testing-library/dom/dist/query-helpers.js:76:38
    at /Users/sherwingorechomante/coldcaller/frontend/node_modules/@testing-library/dom/dist/query-helpers.js:52:17
    at getByRole (/Users/sherwingorechomante/coldcaller/frontend/node_modules/@testing-library/dom/dist/query-helpers.js:95:19)
    at Object.<anonymous> (/Users/sherwingorechomante/coldcaller/frontend/src/__tests__/accessibility/audioAccessibility.test.js:228:35)]]></failure>
    </testCase>
    <testCase name="Audio Accessibility Tests Screen Reader Support should provide meaningful labels for all interactive elements" duration="25"/>
    <testCase name="Audio Accessibility Tests Screen Reader Support should announce state changes to screen readers" duration="1030">
      <failure message="Error: Unable to find an element with the text: /Playing audio clip/. This could be because the text is broken up by multiple elements. In this case, you can provide a function for your text matcher to make your matcher more flexible."><![CDATA[Error: Unable to find an element with the text: /Playing audio clip/. This could be because the text is broken up by multiple elements. In this case, you can provide a function for your text matcher to make your matcher more flexible.

Ignored nodes: comments, script, style
<body>
  <div>
    <div
      class="card max-w-md mx-2.5"
    >
      <div
        class="text-center mb-4"
      >
        <h2
          class="text-slate-800 text-lg font-semibold"
        >
          Audio Clips
        </h2>
        <div
          class="text-xs text-gray-500 mt-1"
        >
          API: 
          <span
            class="font-semibold text-green-600"
          >
            🟢 Connected
          </span>
        </div>
      </div>
      <div
        class="flex gap-1 mb-5 border-b-2 border-gray-200 pb-2.5"
      >
        <button
          class="px-4 py-2 text-sm rounded-t-md transition-all duration-300 border-none cursor-pointer disabled:opacity-50 disabled:cursor-not-allowed bg-green-500 text-white font-bold"
        >
          Greetings
        </button>
        <button
          class="px-4 py-2 text-sm rounded-t-md transition-all duration-300 border-none cursor-pointer disabled:opacity-50 disabled:cursor-not-allowed bg-transparent text-gray-600 hover:bg-gray-100 hover:text-gray-800"
        >
          Objections
        </button>
        <button
          class="px-4 py-2 text-sm rounded-t-md transition-all duration-300 border-none cursor-pointer disabled:opacity-50 disabled:cursor-not-allowed bg-transparent text-gray-600 hover:bg-gray-100 hover:text-gray-800"
        >
          Closing
        </button>
      </div>
      <div
        class="max-h-80 overflow-y-auto"
      >
        <div
          class="flex justify-between items-center p-3 mb-2 bg-white rounded-md border border-gray-200 hover:shadow-md transition-shadow duration-200"
        >
          <div
            class="flex flex-col flex-1"
          >
            <span
              class="font-semibold text-sm text-slate-700"
            >
              Professional Intro
            </span>
            <span
              class="text-xs text-gray-500 mt-0.5"
            >
              0:15
            </span>
          </div>
          <button
            class="px-4 py-2 text-white border-none rounded-md cursor-pointer text-sm font-medium transition-all duration-300 hover:scale-105 disabled:opacity-50 disabled:cursor-not-allowed bg-orange-500 hover:bg-orange-600"
          >
            ⏸️ Stop
          </button>
        </div>
        <div
          class="flex justify-between items-center p-3 mb-2 bg-white rounded-md border border-gray-200 hover:shadow-md transition-shadow duration-200"
        >
          <div
            class="flex flex-col flex-1"
          >
            <span
              class="font-semibold text-sm text-slate-700"
            >
              Casual Intro
            </span>
            <span
              class="text-xs text-gray-500 mt-0.5"
            >
              0:12
            </span>
          </div>
          <button
            class="px-4 py-2 text-white border-none rounded-md cursor-pointer text-sm font-medium transition-all duration-300 hover:scale-105 disabled:opacity-50 disabled:cursor-not-allowed bg-blue-500 hover:bg-blue-600"
          >
            ▶️ Play
          </button>
        </div>
      </div>
      <div
        class="mt-4 p-4 bg-blue-50 rounded-md border border-blue-200"
      >
        <div
          class="text-center text-blue-700 text-sm font-medium mb-2"
        >
          🎵 
          Playing with HTML5 Audio
           audio clip...
        </div>
        <div
          class="flex items-center justify-center gap-4 text-sm"
        >
          <div
            class="flex items-center gap-2"
          >
            <label
              class="text-blue-700"
            >
              🔊
            </label>
            <input
              class="w-20"
              max="1"
              min="0"
              step="0.05"
              type="range"
              value="1"
            />
            <span
              class="text-blue-600 w-8 text-xs"
            >
              100
              %
            </span>
          </div>
          <div
            class="flex items-center gap-2"
          >
            <label
              class="text-blue-700"
            >
              ⚡
            </label>
            <select
              class="border border-blue-300 rounded px-1 py-0.5 text-xs bg-white"
            >
              <option
                value="0.5"
              >
                0.5x
              </option>
              <option
                value="0.75"
              >
                0.75x
              </option>
              <option
                value="1.0"
              >
                1.0x
              </option>
              <option
                value="1.25"
              >
                1.25x
              </option>
              <option
                value="1.5"
              >
                1.5x
              </option>
              <option
                value="2.0"
              >
                2.0x
              </option>
            </select>
          </div>
          <button
            class="px-3 py-1 bg-red-500 text-white rounded text-xs hover:bg-red-600"
          >
            ⏹️ Stop
          </button>
        </div>
      </div>
      <div
        class="space-y-3 mt-4"
      >
        <div
          class="flex gap-2"
        >
          <button
            class="flex-1 px-3 py-2 bg-blue-100 hover:bg-blue-200 disabled:opacity-50 text-blue-700 rounded-md text-sm font-medium transition-colors"
          >
            🔄 Refresh
          </button>
          <button
            class="px-3 py-2 text-sm font-medium rounded-md transition-colors bg-gray-100 text-gray-700 hover:bg-gray-200 disabled:opacity-50"
            disabled=""
          >
            📊 Visualizer
          </button>
        </div>
        <div
          class="flex gap-2"
        >
          <button
            class="flex-1 px-3 py-2 text-sm font-medium rounded-md transition-colors bg-gray-100 text-gray-700 hover:bg-gray-200"
          >
            📚 Library
          </button>
          <button
            class="flex-1 px-3 py-2 bg-red-100 hover:bg-red-200 disabled:opacity-50 text-red-700 rounded-md text-sm font-medium transition-colors"
            disabled=""
            title="Web Audio API required for recording"
          >
            🎤 Record
          </button>
        </div>
      </div>
      <div
        class="mt-4 space-y-3"
      >
        <div
          class="p-3 bg-orange-50 rounded-md text-sm text-gray-600 leading-relaxed"
        >
          💡 
          <strong>
            Audio Controls:
          </strong>
          <div
            class="mt-1 text-xs space-y-1"
          >
            <div>
              • 
              <kbd
                class="bg-gray-200 px-1 rounded"
              >
                Space
              </kbd>
               - Play/Pause first clip
            </div>
            <div>
              • 
              <kbd
                class="bg-gray-200 px-1 rounded"
              >
                ↑/↓
              </kbd>
               - Volume control
            </div>
            <div>
              • 
              <kbd
                class="bg-gray-200 px-1 rounded"
              >
                Esc
              </kbd>
               - Stop playback
            </div>
            <div>
              • 🔄 HTML5 Audio fallback mode
            </div>
          </div>
        </div>
        <div
          class="p-3 bg-gray-50 rounded-md text-xs"
        >
          <div
            class="grid grid-cols-2 gap-2"
          >
            <div
              class="flex items-center justify-between"
            >
              <span>
                Web Audio API:
              </span>
              <span
                class="text-red-600"
              >
                ❌ Not available
              </span>
            </div>
            <div
              class="flex items-center justify-between"
            >
              <span>
                Recording:
              </span>
              <span
                class="text-red-600"
              >
                ❌ Not supported
              </span>
            </div>
          </div>
        </div>
      </div>
    </div>
  </div>
</body>
    at waitForWrapper (/Users/sherwingorechomante/coldcaller/frontend/node_modules/@testing-library/dom/dist/wait-for.js:163:27)
    at Object.<anonymous> (/Users/sherwingorechomante/coldcaller/frontend/src/__tests__/accessibility/audioAccessibility.test.js:275:20)]]></failure>
    </testCase>
    <testCase name="Audio Accessibility Tests Screen Reader Support should provide context for audio clip information" duration="11"/>
    <testCase name="Audio Accessibility Tests Screen Reader Support should use ARIA attributes appropriately" duration="11">
      <failure message="Error: expect(element).toHaveAttribute(&quot;type&quot;, &quot;button&quot;) // element.getAttribute(&quot;type&quot;) === &quot;button&quot;"><![CDATA[Error: expect(element).toHaveAttribute("type", "button") // element.getAttribute("type") === "button"

Expected the element to have attribute:
  type="button"
Received:
  null
    at forEach (/Users/sherwingorechomante/coldcaller/frontend/src/__tests__/accessibility/audioAccessibility.test.js:312:26)
    at Proxy.forEach (<anonymous>)
    at Object.<anonymous> (/Users/sherwingorechomante/coldcaller/frontend/src/__tests__/accessibility/audioAccessibility.test.js:311:17)]]></failure>
    </testCase>
    <testCase name="Audio Accessibility Tests Screen Reader Support should provide landmarks and regions" duration="10"/>
    <testCase name="Audio Accessibility Tests Motor Disability Support should have adequate click targets (44x44px minimum)" duration="9">
      <failure message="Error: expect(element).toHaveClass(expected)"><![CDATA[Error: expect(element).toHaveClass(expected)
At least one expected class must be provided.
    at forEach (/Users/sherwingorechomante/coldcaller/frontend/src/__tests__/accessibility/audioAccessibility.test.js:353:24)
    at Proxy.forEach (<anonymous>)
    at Object.<anonymous> (/Users/sherwingorechomante/coldcaller/frontend/src/__tests__/accessibility/audioAccessibility.test.js:347:15)]]></failure>
    </testCase>
    <testCase name="Audio Accessibility Tests Motor Disability Support should support hover states for mouse users" duration="22">
      <failure message="Error: expect(element).toHaveClass(expected)"><![CDATA[Error: expect(element).toHaveClass(expected)
At least one expected class must be provided.
    at Object.<anonymous> (/Users/sherwingorechomante/coldcaller/frontend/src/__tests__/accessibility/audioAccessibility.test.js:370:26)]]></failure>
    </testCase>
    <testCase name="Audio Accessibility Tests Motor Disability Support should not rely on precise timing for interactions" duration="2030">
      <failure message="Error: Unable to find an element with the text: /Playing audio clip/. This could be because the text is broken up by multiple elements. In this case, you can provide a function for your text matcher to make your matcher more flexible."><![CDATA[Error: Unable to find an element with the text: /Playing audio clip/. This could be because the text is broken up by multiple elements. In this case, you can provide a function for your text matcher to make your matcher more flexible.

Ignored nodes: comments, script, style
<body>
  <div>
    <div
      class="card max-w-md mx-2.5"
    >
      <div
        class="text-center mb-4"
      >
        <h2
          class="text-slate-800 text-lg font-semibold"
        >
          Audio Clips
        </h2>
        <div
          class="text-xs text-gray-500 mt-1"
        >
          API: 
          <span
            class="font-semibold text-green-600"
          >
            🟢 Connected
          </span>
        </div>
      </div>
      <div
        class="flex gap-1 mb-5 border-b-2 border-gray-200 pb-2.5"
      >
        <button
          class="px-4 py-2 text-sm rounded-t-md transition-all duration-300 border-none cursor-pointer disabled:opacity-50 disabled:cursor-not-allowed bg-green-500 text-white font-bold"
        >
          Greetings
        </button>
        <button
          class="px-4 py-2 text-sm rounded-t-md transition-all duration-300 border-none cursor-pointer disabled:opacity-50 disabled:cursor-not-allowed bg-transparent text-gray-600 hover:bg-gray-100 hover:text-gray-800"
        >
          Objections
        </button>
        <button
          class="px-4 py-2 text-sm rounded-t-md transition-all duration-300 border-none cursor-pointer disabled:opacity-50 disabled:cursor-not-allowed bg-transparent text-gray-600 hover:bg-gray-100 hover:text-gray-800"
        >
          Closing
        </button>
      </div>
      <div
        class="max-h-80 overflow-y-auto"
      >
        <div
          class="flex justify-between items-center p-3 mb-2 bg-white rounded-md border border-gray-200 hover:shadow-md transition-shadow duration-200"
        >
          <div
            class="flex flex-col flex-1"
          >
            <span
              class="font-semibold text-sm text-slate-700"
            >
              Professional Intro
            </span>
            <span
              class="text-xs text-gray-500 mt-0.5"
            >
              0:15
            </span>
          </div>
          <button
            class="px-4 py-2 text-white border-none rounded-md cursor-pointer text-sm font-medium transition-all duration-300 hover:scale-105 disabled:opacity-50 disabled:cursor-not-allowed bg-orange-500 hover:bg-orange-600"
          >
            ⏸️ Stop
          </button>
        </div>
        <div
          class="flex justify-between items-center p-3 mb-2 bg-white rounded-md border border-gray-200 hover:shadow-md transition-shadow duration-200"
        >
          <div
            class="flex flex-col flex-1"
          >
            <span
              class="font-semibold text-sm text-slate-700"
            >
              Casual Intro
            </span>
            <span
              class="text-xs text-gray-500 mt-0.5"
            >
              0:12
            </span>
          </div>
          <button
            class="px-4 py-2 text-white border-none rounded-md cursor-pointer text-sm font-medium transition-all duration-300 hover:scale-105 disabled:opacity-50 disabled:cursor-not-allowed bg-blue-500 hover:bg-blue-600"
          >
            ▶️ Play
          </button>
        </div>
      </div>
      <div
        class="mt-4 p-4 bg-blue-50 rounded-md border border-blue-200"
      >
        <div
          class="text-center text-blue-700 text-sm font-medium mb-2"
        >
          🎵 
          Playing with HTML5 Audio
           audio clip...
        </div>
        <div
          class="flex items-center justify-center gap-4 text-sm"
        >
          <div
            class="flex items-center gap-2"
          >
            <label
              class="text-blue-700"
            >
              🔊
            </label>
            <input
              class="w-20"
              max="1"
              min="0"
              step="0.05"
              type="range"
              value="1"
            />
            <span
              class="text-blue-600 w-8 text-xs"
            >
              100
              %
            </span>
          </div>
          <div
            class="flex items-center gap-2"
          >
            <label
              class="text-blue-700"
            >
              ⚡
            </label>
            <select
              class="border border-blue-300 rounded px-1 py-0.5 text-xs bg-white"
            >
              <option
                value="0.5"
              >
                0.5x
              </option>
              <option
                value="0.75"
              >
                0.75x
              </option>
              <option
                value="1.0"
              >
                1.0x
              </option>
              <option
                value="1.25"
              >
                1.25x
              </option>
              <option
                value="1.5"
              >
                1.5x
              </option>
              <option
                value="2.0"
              >
                2.0x
              </option>
            </select>
          </div>
          <button
            class="px-3 py-1 bg-red-500 text-white rounded text-xs hover:bg-red-600"
          >
            ⏹️ Stop
          </button>
        </div>
      </div>
      <div
        class="space-y-3 mt-4"
      >
        <div
          class="flex gap-2"
        >
          <button
            class="flex-1 px-3 py-2 bg-blue-100 hover:bg-blue-200 disabled:opacity-50 text-blue-700 rounded-md text-sm font-medium transition-colors"
          >
            🔄 Refresh
          </button>
          <button
            class="px-3 py-2 text-sm font-medium rounded-md transition-colors bg-gray-100 text-gray-700 hover:bg-gray-200 disabled:opacity-50"
            disabled=""
          >
            📊 Visualizer
          </button>
        </div>
        <div
          class="flex gap-2"
        >
          <button
            class="flex-1 px-3 py-2 text-sm font-medium rounded-md transition-colors bg-gray-100 text-gray-700 hover:bg-gray-200"
          >
            📚 Library
          </button>
          <button
            class="flex-1 px-3 py-2 bg-red-100 hover:bg-red-200 disabled:opacity-50 text-red-700 rounded-md text-sm font-medium transition-colors"
            disabled=""
            title="Web Audio API required for recording"
          >
            🎤 Record
          </button>
        </div>
      </div>
      <div
        class="mt-4 space-y-3"
      >
        <div
          class="p-3 bg-orange-50 rounded-md text-sm text-gray-600 leading-relaxed"
        >
          💡 
          <strong>
            Audio Controls:
          </strong>
          <div
            class="mt-1 text-xs space-y-1"
          >
            <div>
              • 
              <kbd
                class="bg-gray-200 px-1 rounded"
              >
                Space
              </kbd>
               - Play/Pause first clip
            </div>
            <div>
              • 
              <kbd
                class="bg-gray-200 px-1 rounded"
              >
                ↑/↓
              </kbd>
               - Volume control
            </div>
            <div>
              • 
              <kbd
                class="bg-gray-200 px-1 rounded"
              >
                Esc
              </kbd>
               - Stop playback
            </div>
            <div>
              • 🔄 HTML5 Audio fallback mode
            </div>
          </div>
        </div>
        <div
          class="p-3 bg-gray-50 rounded-md text-xs"
        >
          <div
            class="grid grid-cols-2 gap-2"
          >
            <div
              class="flex items-center justify-between"
            >
              <span>
                Web Audio API:
              </span>
              <span
                class="text-red-600"
              >
                ❌ Not available
              </span>
            </div>
            <div
              class="flex items-center justify-between"
            >
              <span>
                Recording:
              </span>
              <span
                class="text-red-600"
              >
                ❌ Not supported
              </span>
            </div>
          </div>
        </div>
      </div>
    </div>
  </div>
</body>
    at waitForWrapper (/Users/sherwingorechomante/coldcaller/frontend/node_modules/@testing-library/dom/dist/wait-for.js:163:27)
    at Object.<anonymous> (/Users/sherwingorechomante/coldcaller/frontend/src/__tests__/accessibility/audioAccessibility.test.js:390:20)]]></failure>
    </testCase>
    <testCase name="Audio Accessibility Tests Motor Disability Support should provide alternative interaction methods" duration="36"/>
    <testCase name="Audio Accessibility Tests Cognitive Accessibility should provide clear and consistent labeling" duration="16">
      <failure message="TestingLibraryElementError: Found multiple elements with the text: /API:/"><![CDATA[TestingLibraryElementError: Found multiple elements with the text: /API:/

Here are the matching elements:

Ignored nodes: comments, script, style
<div
  class="text-xs text-gray-500 mt-1"
>
  API: 
  <span
    class="font-semibold text-green-600"
  >
    🟢 Connected
  </span>
</div>

Ignored nodes: comments, script, style
<span>
  Web Audio API:
</span>

(If this is intentional, then use the `*AllBy*` variant of the query (like `queryAllByText`, `getAllByText`, or `findAllByText`)).

Ignored nodes: comments, script, style
<body>
  <div>
    <div
      class="card max-w-md mx-2.5"
    >
      <div
        class="text-center mb-4"
      >
        <h2
          class="text-slate-800 text-lg font-semibold"
        >
          Audio Clips
        </h2>
        <div
          class="text-xs text-gray-500 mt-1"
        >
          API: 
          <span
            class="font-semibold text-green-600"
          >
            🟢 Connected
          </span>
        </div>
      </div>
      <div
        class="flex gap-1 mb-5 border-b-2 border-gray-200 pb-2.5"
      >
        <button
          class="px-4 py-2 text-sm rounded-t-md transition-all duration-300 border-none cursor-pointer disabled:opacity-50 disabled:cursor-not-allowed bg-green-500 text-white font-bold"
        >
          Greetings
        </button>
        <button
          class="px-4 py-2 text-sm rounded-t-md transition-all duration-300 border-none cursor-pointer disabled:opacity-50 disabled:cursor-not-allowed bg-transparent text-gray-600 hover:bg-gray-100 hover:text-gray-800"
        >
          Objections
        </button>
        <button
          class="px-4 py-2 text-sm rounded-t-md transition-all duration-300 border-none cursor-pointer disabled:opacity-50 disabled:cursor-not-allowed bg-transparent text-gray-600 hover:bg-gray-100 hover:text-gray-800"
        >
          Closing
        </button>
      </div>
      <div
        class="max-h-80 overflow-y-auto"
      >
        <div
          class="flex justify-between items-center p-3 mb-2 bg-white rounded-md border border-gray-200 hover:shadow-md transition-shadow duration-200"
        >
          <div
            class="flex flex-col flex-1"
          >
            <span
              class="font-semibold text-sm text-slate-700"
            >
              Professional Intro
            </span>
            <span
              class="text-xs text-gray-500 mt-0.5"
            >
              0:15
            </span>
          </div>
          <button
            class="px-4 py-2 text-white border-none rounded-md cursor-pointer text-sm font-medium transition-all duration-300 hover:scale-105 disabled:opacity-50 disabled:cursor-not-allowed bg-blue-500 hover:bg-blue-600"
          >
            ▶️ Play
          </button>
        </div>
        <div
          class="flex justify-between items-center p-3 mb-2 bg-white rounded-md border border-gray-200 hover:shadow-md transition-shadow duration-200"
        >
          <div
            class="flex flex-col flex-1"
          >
            <span
              class="font-semibold text-sm text-slate-700"
            >
              Casual Intro
            </span>
            <span
              class="text-xs text-gray-500 mt-0.5"
            >
              0:12
            </span>
          </div>
          <button
            class="px-4 py-2 text-white border-none rounded-md cursor-pointer text-sm font-medium transition-all duration-300 hover:scale-105 disabled:opacity-50 disabled:cursor-not-allowed bg-blue-500 hover:bg-blue-600"
          >
            ▶️ Play
          </button>
        </div>
      </div>
      <div
        class="space-y-3 mt-4"
      >
        <div
          class="flex gap-2"
        >
          <button
            class="flex-1 px-3 py-2 bg-blue-100 hover:bg-blue-200 disabled:opacity-50 text-blue-700 rounded-md text-sm font-medium transition-colors"
          >
            🔄 Refresh
          </button>
          <button
            class="px-3 py-2 text-sm font-medium rounded-md transition-colors bg-gray-100 text-gray-700 hover:bg-gray-200 disabled:opacity-50"
            disabled=""
          >
            📊 Visualizer
          </button>
        </div>
        <div
          class="flex gap-2"
        >
          <button
            class="flex-1 px-3 py-2 text-sm font-medium rounded-md transition-colors bg-gray-100 text-gray-700 hover:bg-gray-200"
          >
            📚 Library
          </button>
          <button
            class="flex-1 px-3 py-2 bg-red-100 hover:bg-red-200 disabled:opacity-50 text-red-700 rounded-md text-sm font-medium transition-colors"
            disabled=""
            title="Web Audio API required for recording"
          >
            🎤 Record
          </button>
        </div>
      </div>
      <div
        class="mt-4 space-y-3"
      >
        <div
          class="p-3 bg-orange-50 rounded-md text-sm text-gray-600 leading-relaxed"
        >
          💡 
          <strong>
            Audio Controls:
          </strong>
          <div
            class="mt-1 text-xs space-y-1"
          >
            <div>
              • 
              <kbd
                class="bg-gray-200 px-1 rounded"
              >
                Space
              </kbd>
               - Play/Pause first clip
            </div>
            <div>
              • 
              <kbd
                class="bg-gray-200 px-1 rounded"
              >
                ↑/↓
              </kbd>
               - Volume control
            </div>
            <div>
              • 
              <kbd
                class="bg-gray-200 px-1 rounded"
              >
                Esc
              </kbd>
               - Stop playback
            </div>
            <div>
              • 🔄 HTML5 Audio fallback mode
            </div>
          </div>
        </div>
        <div
          class="p-3 bg-gray-50 rounded-md text-xs"
        >
          <div
            class="grid grid-cols-2 gap-2"
          >
            <div
              class="flex items-center justify-between"
            >
              <span>
                Web Audio API:
              </span>
              <span
                class="text-red-600"
              >
                ❌ Not available
              </span>
            </div>
            <div
              class="flex items-center justify-between"
            >
              <span>
                Recording:
              </span>
              <span
                class="text-red-600"
              >
                ❌ Not supported
              </span>
            </div>
          </div>
        </div>
      </div>
    </div>
  </div>
</body>
    at Object.getElementError (/Users/sherwingorechomante/coldcaller/frontend/node_modules/@testing-library/dom/dist/config.js:37:19)
    at getElementError (/Users/sherwingorechomante/coldcaller/frontend/node_modules/@testing-library/dom/dist/query-helpers.js:20:35)
    at getMultipleElementsFoundError (/Users/sherwingorechomante/coldcaller/frontend/node_modules/@testing-library/dom/dist/query-helpers.js:23:10)
    at /Users/sherwingorechomante/coldcaller/frontend/node_modules/@testing-library/dom/dist/query-helpers.js:55:13
    at getByText (/Users/sherwingorechomante/coldcaller/frontend/node_modules/@testing-library/dom/dist/query-helpers.js:95:19)
    at Object.<anonymous> (/Users/sherwingorechomante/coldcaller/frontend/src/__tests__/accessibility/audioAccessibility.test.js:432:21)]]></failure>
    </testCase>
    <testCase name="Audio Accessibility Tests Cognitive Accessibility should provide helpful instructions and tips" duration="11">
      <failure message="TestingLibraryElementError: Unable to find an element with the text: /Tip: Click on clips to/. This could be because the text is broken up by multiple elements. In this case, you can provide a function for your text matcher to make your matcher more flexible."><![CDATA[TestingLibraryElementError: Unable to find an element with the text: /Tip: Click on clips to/. This could be because the text is broken up by multiple elements. In this case, you can provide a function for your text matcher to make your matcher more flexible.

Ignored nodes: comments, script, style
<body>
  <div>
    <div
      class="card max-w-md mx-2.5"
    >
      <div
        class="text-center mb-4"
      >
        <h2
          class="text-slate-800 text-lg font-semibold"
        >
          Audio Clips
        </h2>
        <div
          class="text-xs text-gray-500 mt-1"
        >
          API: 
          <span
            class="font-semibold text-green-600"
          >
            🟢 Connected
          </span>
        </div>
      </div>
      <div
        class="flex gap-1 mb-5 border-b-2 border-gray-200 pb-2.5"
      >
        <button
          class="px-4 py-2 text-sm rounded-t-md transition-all duration-300 border-none cursor-pointer disabled:opacity-50 disabled:cursor-not-allowed bg-green-500 text-white font-bold"
        >
          Greetings
        </button>
        <button
          class="px-4 py-2 text-sm rounded-t-md transition-all duration-300 border-none cursor-pointer disabled:opacity-50 disabled:cursor-not-allowed bg-transparent text-gray-600 hover:bg-gray-100 hover:text-gray-800"
        >
          Objections
        </button>
        <button
          class="px-4 py-2 text-sm rounded-t-md transition-all duration-300 border-none cursor-pointer disabled:opacity-50 disabled:cursor-not-allowed bg-transparent text-gray-600 hover:bg-gray-100 hover:text-gray-800"
        >
          Closing
        </button>
      </div>
      <div
        class="max-h-80 overflow-y-auto"
      >
        <div
          class="flex justify-between items-center p-3 mb-2 bg-white rounded-md border border-gray-200 hover:shadow-md transition-shadow duration-200"
        >
          <div
            class="flex flex-col flex-1"
          >
            <span
              class="font-semibold text-sm text-slate-700"
            >
              Professional Intro
            </span>
            <span
              class="text-xs text-gray-500 mt-0.5"
            >
              0:15
            </span>
          </div>
          <button
            class="px-4 py-2 text-white border-none rounded-md cursor-pointer text-sm font-medium transition-all duration-300 hover:scale-105 disabled:opacity-50 disabled:cursor-not-allowed bg-blue-500 hover:bg-blue-600"
          >
            ▶️ Play
          </button>
        </div>
        <div
          class="flex justify-between items-center p-3 mb-2 bg-white rounded-md border border-gray-200 hover:shadow-md transition-shadow duration-200"
        >
          <div
            class="flex flex-col flex-1"
          >
            <span
              class="font-semibold text-sm text-slate-700"
            >
              Casual Intro
            </span>
            <span
              class="text-xs text-gray-500 mt-0.5"
            >
              0:12
            </span>
          </div>
          <button
            class="px-4 py-2 text-white border-none rounded-md cursor-pointer text-sm font-medium transition-all duration-300 hover:scale-105 disabled:opacity-50 disabled:cursor-not-allowed bg-blue-500 hover:bg-blue-600"
          >
            ▶️ Play
          </button>
        </div>
      </div>
      <div
        class="space-y-3 mt-4"
      >
        <div
          class="flex gap-2"
        >
          <button
            class="flex-1 px-3 py-2 bg-blue-100 hover:bg-blue-200 disabled:opacity-50 text-blue-700 rounded-md text-sm font-medium transition-colors"
          >
            🔄 Refresh
          </button>
          <button
            class="px-3 py-2 text-sm font-medium rounded-md transition-colors bg-gray-100 text-gray-700 hover:bg-gray-200 disabled:opacity-50"
            disabled=""
          >
            📊 Visualizer
          </button>
        </div>
        <div
          class="flex gap-2"
        >
          <button
            class="flex-1 px-3 py-2 text-sm font-medium rounded-md transition-colors bg-gray-100 text-gray-700 hover:bg-gray-200"
          >
            📚 Library
          </button>
          <button
            class="flex-1 px-3 py-2 bg-red-100 hover:bg-red-200 disabled:opacity-50 text-red-700 rounded-md text-sm font-medium transition-colors"
            disabled=""
            title="Web Audio API required for recording"
          >
            🎤 Record
          </button>
        </div>
      </div>
      <div
        class="mt-4 space-y-3"
      >
        <div
          class="p-3 bg-orange-50 rounded-md text-sm text-gray-600 leading-relaxed"
        >
          💡 
          <strong>
            Audio Controls:
          </strong>
          <div
            class="mt-1 text-xs space-y-1"
          >
            <div>
              • 
              <kbd
                class="bg-gray-200 px-1 rounded"
              >
                Space
              </kbd>
               - Play/Pause first clip
            </div>
            <div>
              • 
              <kbd
                class="bg-gray-200 px-1 rounded"
              >
                ↑/↓
              </kbd>
               - Volume control
            </div>
            <div>
              • 
              <kbd
                class="bg-gray-200 px-1 rounded"
              >
                Esc
              </kbd>
               - Stop playback
            </div>
            <div>
              • 🔄 HTML5 Audio fallback mode
            </div>
          </div>
        </div>
        <div
          class="p-3 bg-gray-50 rounded-md text-xs"
        >
          <div
            class="grid grid-cols-2 gap-2"
          >
            <div
              class="flex items-center justify-between"
            >
              <span>
                Web Audio API:
              </span>
              <span
                class="text-red-600"
              >
                ❌ Not available
              </span>
            </div>
            <div
              class="flex items-center justify-between"
            >
              <span>
                Recording:
              </span>
              <span
                class="text-red-600"
              >
                ❌ Not supported
              </span>
            </div>
          </div>
        </div>
      </div>
    </div>
  </div>
</body>
    at Object.getElementError (/Users/sherwingorechomante/coldcaller/frontend/node_modules/@testing-library/dom/dist/config.js:37:19)
    at /Users/sherwingorechomante/coldcaller/frontend/node_modules/@testing-library/dom/dist/query-helpers.js:76:38
    at /Users/sherwingorechomante/coldcaller/frontend/node_modules/@testing-library/dom/dist/query-helpers.js:52:17
    at getByText (/Users/sherwingorechomante/coldcaller/frontend/node_modules/@testing-library/dom/dist/query-helpers.js:95:19)
    at Object.<anonymous> (/Users/sherwingorechomante/coldcaller/frontend/src/__tests__/accessibility/audioAccessibility.test.js:444:30)]]></failure>
    </testCase>
    <testCase name="Audio Accessibility Tests Cognitive Accessibility should indicate current state clearly" duration="1051">
      <failure message="Error: Found multiple elements with the role &quot;button&quot; and name `/stop/i`"><![CDATA[Error: Found multiple elements with the role "button" and name `/stop/i`

Here are the matching elements:

Ignored nodes: comments, script, style
<button
  class="px-4 py-2 text-white border-none rounded-md cursor-pointer text-sm font-medium transition-all duration-300 hover:scale-105 disabled:opacity-50 disabled:cursor-not-allowed bg-orange-500 hover:bg-orange-600"
>
  ⏸️ Stop
</button>

Ignored nodes: comments, script, style
<button
  class="px-3 py-1 bg-red-500 text-white rounded text-xs hover:bg-red-600"
>
  ⏹️ Stop
</button>

(If this is intentional, then use the `*AllBy*` variant of the query (like `queryAllByText`, `getAllByText`, or `findAllByText`)).

Ignored nodes: comments, script, style
<body>
  <div>
    <div
      class="card max-w-md mx-2.5"
    >
      <div
        class="text-center mb-4"
      >
        <h2
          class="text-slate-800 text-lg font-semibold"
        >
          Audio Clips
        </h2>
        <div
          class="text-xs text-gray-500 mt-1"
        >
          API: 
          <span
            class="font-semibold text-green-600"
          >
            🟢 Connected
          </span>
        </div>
      </div>
      <div
        class="flex gap-1 mb-5 border-b-2 border-gray-200 pb-2.5"
      >
        <button
          class="px-4 py-2 text-sm rounded-t-md transition-all duration-300 border-none cursor-pointer disabled:opacity-50 disabled:cursor-not-allowed bg-green-500 text-white font-bold"
        >
          Greetings
        </button>
        <button
          class="px-4 py-2 text-sm rounded-t-md transition-all duration-300 border-none cursor-pointer disabled:opacity-50 disabled:cursor-not-allowed bg-transparent text-gray-600 hover:bg-gray-100 hover:text-gray-800"
        >
          Objections
        </button>
        <button
          class="px-4 py-2 text-sm rounded-t-md transition-all duration-300 border-none cursor-pointer disabled:opacity-50 disabled:cursor-not-allowed bg-transparent text-gray-600 hover:bg-gray-100 hover:text-gray-800"
        >
          Closing
        </button>
      </div>
      <div
        class="max-h-80 overflow-y-auto"
      >
        <div
          class="flex justify-between items-center p-3 mb-2 bg-white rounded-md border border-gray-200 hover:shadow-md transition-shadow duration-200"
        >
          <div
            class="flex flex-col flex-1"
          >
            <span
              class="font-semibold text-sm text-slate-700"
            >
              Professional Intro
            </span>
            <span
              class="text-xs text-gray-500 mt-0.5"
            >
              0:15
            </span>
          </div>
          <button
            class="px-4 py-2 text-white border-none rounded-md cursor-pointer text-sm font-medium transition-all duration-300 hover:scale-105 disabled:opacity-50 disabled:cursor-not-allowed bg-orange-500 hover:bg-orange-600"
          >
            ⏸️ Stop
          </button>
        </div>
        <div
          class="flex justify-between items-center p-3 mb-2 bg-white rounded-md border border-gray-200 hover:shadow-md transition-shadow duration-200"
        >
          <div
            class="flex flex-col flex-1"
          >
            <span
              class="font-semibold text-sm text-slate-700"
            >
              Casual Intro
            </span>
            <span
              class="text-xs text-gray-500 mt-0.5"
            >
              0:12
            </span>
          </div>
          <button
            class="px-4 py-2 text-white border-none rounded-md cursor-pointer text-sm font-medium transition-all duration-300 hover:scale-105 disabled:opacity-50 disabled:cursor-not-allowed bg-blue-500 hover:bg-blue-600"
          >
            ▶️ Play
          </button>
        </div>
      </div>
      <div
        class="mt-4 p-4 bg-blue-50 rounded-md border border-blue-200"
      >
        <div
          class="text-center text-blue-700 text-sm font-medium mb-2"
        >
          🎵 
          Playing with HTML5 Audio
           audio clip...
        </div>
        <div
          class="flex items-center justify-center gap-4 text-sm"
        >
          <div
            class="flex items-center gap-2"
          >
            <label
              class="text-blue-700"
            >
              🔊
            </label>
            <input
              class="w-20"
              max="1"
              min="0"
              step="0.05"
              type="range"
              value="1"
            />
            <span
              class="text-blue-600 w-8 text-xs"
            >
              100
              %
            </span>
          </div>
          <div
            class="flex items-center gap-2"
          >
            <label
              class="text-blue-700"
            >
              ⚡
            </label>
            <select
              class="border border-blue-300 rounded px-1 py-0.5 text-xs bg-white"
            >
              <option
                value="0.5"
              >
                0.5x
              </option>
              <option
                value="0.75"
              >
                0.75x
              </option>
              <option
                value="1.0"
              >
                1.0x
              </option>
              <option
                value="1.25"
              >
                1.25x
              </option>
              <option
                value="1.5"
              >
                1.5x
              </option>
              <option
                value="2.0"
              >
                2.0x
              </option>
            </select>
          </div>
          <button
            class="px-3 py-1 bg-red-500 text-white rounded text-xs hover:bg-red-600"
          >
            ⏹️ Stop
          </button>
        </div>
      </div>
      <div
        class="space-y-3 mt-4"
      >
        <div
          class="flex gap-2"
        >
          <button
            class="flex-1 px-3 py-2 bg-blue-100 hover:bg-blue-200 disabled:opacity-50 text-blue-700 rounded-md text-sm font-medium transition-colors"
          >
            🔄 Refresh
          </button>
          <button
            class="px-3 py-2 text-sm font-medium rounded-md transition-colors bg-gray-100 text-gray-700 hover:bg-gray-200 disabled:opacity-50"
            disabled=""
          >
            📊 Visualizer
          </button>
        </div>
        <div
          class="flex gap-2"
        >
          <button
            class="flex-1 px-3 py-2 text-sm font-medium rounded-md transition-colors bg-gray-100 text-gray-700 hover:bg-gray-200"
          >
            📚 Library
          </button>
          <button
            class="flex-1 px-3 py-2 bg-red-100 hover:bg-red-200 disabled:opacity-50 text-red-700 rounded-md text-sm font-medium transition-colors"
            disabled=""
            title="Web Audio API required for recording"
          >
            🎤 Record
          </button>
        </div>
      </div>
      <div
        class="mt-4 space-y-3"
      >
        <div
          class="p-3 bg-orange-50 rounded-md text-sm text-gray-600 leading-relaxed"
        >
          💡 
          <strong>
            Audio Controls:
          </strong>
          <div
            class="mt-1 text-xs space-y-1"
          >
            <div>
              • 
              <kbd
                class="bg-gray-200 px-1 rounded"
              >
                Space
              </kbd>
               - Play/Pause first clip
            </div>
            <div>
              • 
              <kbd
                class="bg-gray-200 px-1 rounded"
              >
                ↑/↓
              </kbd>
               - Volume control
            </div>
            <div>
              • 
              <kbd
                class="bg-gray-200 px-1 rounded"
              >
                Esc
              </kbd>
               - Stop playback
            </div>
            <div>
              • 🔄 HTML5 Audio fallback mode
            </div>
          </div>
        </div>
        <div
          class="p-3 bg-gray-50 rounded-md text-xs"
        >
          <div
            class="grid grid-cols-2 gap-2"
          >
            <div
              class="flex items-center justify-between"
            >
              <span>
                Web Audio API:
              </span>
              <span
                class="text-red-600"
              >
                ❌ Not available
              </span>
            </div>
            <div
              class="flex items-center justify-between"
            >
              <span>
                Recording:
              </span>
              <span
                class="text-red-600"
              >
                ❌ Not supported
              </span>
            </div>
          </div>
        </div>
      </div>
    </div>
  </div>
</body>
    at waitForWrapper (/Users/sherwingorechomante/coldcaller/frontend/node_modules/@testing-library/dom/dist/wait-for.js:163:27)
    at Object.<anonymous> (/Users/sherwingorechomante/coldcaller/frontend/src/__tests__/accessibility/audioAccessibility.test.js:465:20)]]></failure>
    </testCase>
    <testCase name="Audio Accessibility Tests Cognitive Accessibility should provide error messages in plain language" duration="19"/>
    <testCase name="Audio Accessibility Tests Cognitive Accessibility should avoid cognitive overload with progressive disclosure" duration="8"/>
    <testCase name="Audio Accessibility Tests Audio-Specific Accessibility should provide audio duration information" duration="9"/>
    <testCase name="Audio Accessibility Tests Audio-Specific Accessibility should indicate audio playback status" duration="1035">
      <failure message="Error: Unable to find an element with the text: /Playing audio clip/. This could be because the text is broken up by multiple elements. In this case, you can provide a function for your text matcher to make your matcher more flexible."><![CDATA[Error: Unable to find an element with the text: /Playing audio clip/. This could be because the text is broken up by multiple elements. In this case, you can provide a function for your text matcher to make your matcher more flexible.

Ignored nodes: comments, script, style
<body>
  <div>
    <div
      class="card max-w-md mx-2.5"
    >
      <div
        class="text-center mb-4"
      >
        <h2
          class="text-slate-800 text-lg font-semibold"
        >
          Audio Clips
        </h2>
        <div
          class="text-xs text-gray-500 mt-1"
        >
          API: 
          <span
            class="font-semibold text-green-600"
          >
            🟢 Connected
          </span>
        </div>
      </div>
      <div
        class="flex gap-1 mb-5 border-b-2 border-gray-200 pb-2.5"
      >
        <button
          class="px-4 py-2 text-sm rounded-t-md transition-all duration-300 border-none cursor-pointer disabled:opacity-50 disabled:cursor-not-allowed bg-green-500 text-white font-bold"
        >
          Greetings
        </button>
        <button
          class="px-4 py-2 text-sm rounded-t-md transition-all duration-300 border-none cursor-pointer disabled:opacity-50 disabled:cursor-not-allowed bg-transparent text-gray-600 hover:bg-gray-100 hover:text-gray-800"
        >
          Objections
        </button>
        <button
          class="px-4 py-2 text-sm rounded-t-md transition-all duration-300 border-none cursor-pointer disabled:opacity-50 disabled:cursor-not-allowed bg-transparent text-gray-600 hover:bg-gray-100 hover:text-gray-800"
        >
          Closing
        </button>
      </div>
      <div
        class="max-h-80 overflow-y-auto"
      >
        <div
          class="flex justify-between items-center p-3 mb-2 bg-white rounded-md border border-gray-200 hover:shadow-md transition-shadow duration-200"
        >
          <div
            class="flex flex-col flex-1"
          >
            <span
              class="font-semibold text-sm text-slate-700"
            >
              Professional Intro
            </span>
            <span
              class="text-xs text-gray-500 mt-0.5"
            >
              0:15
            </span>
          </div>
          <button
            class="px-4 py-2 text-white border-none rounded-md cursor-pointer text-sm font-medium transition-all duration-300 hover:scale-105 disabled:opacity-50 disabled:cursor-not-allowed bg-orange-500 hover:bg-orange-600"
          >
            ⏸️ Stop
          </button>
        </div>
        <div
          class="flex justify-between items-center p-3 mb-2 bg-white rounded-md border border-gray-200 hover:shadow-md transition-shadow duration-200"
        >
          <div
            class="flex flex-col flex-1"
          >
            <span
              class="font-semibold text-sm text-slate-700"
            >
              Casual Intro
            </span>
            <span
              class="text-xs text-gray-500 mt-0.5"
            >
              0:12
            </span>
          </div>
          <button
            class="px-4 py-2 text-white border-none rounded-md cursor-pointer text-sm font-medium transition-all duration-300 hover:scale-105 disabled:opacity-50 disabled:cursor-not-allowed bg-blue-500 hover:bg-blue-600"
          >
            ▶️ Play
          </button>
        </div>
      </div>
      <div
        class="mt-4 p-4 bg-blue-50 rounded-md border border-blue-200"
      >
        <div
          class="text-center text-blue-700 text-sm font-medium mb-2"
        >
          🎵 
          Playing with HTML5 Audio
           audio clip...
        </div>
        <div
          class="flex items-center justify-center gap-4 text-sm"
        >
          <div
            class="flex items-center gap-2"
          >
            <label
              class="text-blue-700"
            >
              🔊
            </label>
            <input
              class="w-20"
              max="1"
              min="0"
              step="0.05"
              type="range"
              value="1"
            />
            <span
              class="text-blue-600 w-8 text-xs"
            >
              100
              %
            </span>
          </div>
          <div
            class="flex items-center gap-2"
          >
            <label
              class="text-blue-700"
            >
              ⚡
            </label>
            <select
              class="border border-blue-300 rounded px-1 py-0.5 text-xs bg-white"
            >
              <option
                value="0.5"
              >
                0.5x
              </option>
              <option
                value="0.75"
              >
                0.75x
              </option>
              <option
                value="1.0"
              >
                1.0x
              </option>
              <option
                value="1.25"
              >
                1.25x
              </option>
              <option
                value="1.5"
              >
                1.5x
              </option>
              <option
                value="2.0"
              >
                2.0x
              </option>
            </select>
          </div>
          <button
            class="px-3 py-1 bg-red-500 text-white rounded text-xs hover:bg-red-600"
          >
            ⏹️ Stop
          </button>
        </div>
      </div>
      <div
        class="space-y-3 mt-4"
      >
        <div
          class="flex gap-2"
        >
          <button
            class="flex-1 px-3 py-2 bg-blue-100 hover:bg-blue-200 disabled:opacity-50 text-blue-700 rounded-md text-sm font-medium transition-colors"
          >
            🔄 Refresh
          </button>
          <button
            class="px-3 py-2 text-sm font-medium rounded-md transition-colors bg-gray-100 text-gray-700 hover:bg-gray-200 disabled:opacity-50"
            disabled=""
          >
            📊 Visualizer
          </button>
        </div>
        <div
          class="flex gap-2"
        >
          <button
            class="flex-1 px-3 py-2 text-sm font-medium rounded-md transition-colors bg-gray-100 text-gray-700 hover:bg-gray-200"
          >
            📚 Library
          </button>
          <button
            class="flex-1 px-3 py-2 bg-red-100 hover:bg-red-200 disabled:opacity-50 text-red-700 rounded-md text-sm font-medium transition-colors"
            disabled=""
            title="Web Audio API required for recording"
          >
            🎤 Record
          </button>
        </div>
      </div>
      <div
        class="mt-4 space-y-3"
      >
        <div
          class="p-3 bg-orange-50 rounded-md text-sm text-gray-600 leading-relaxed"
        >
          💡 
          <strong>
            Audio Controls:
          </strong>
          <div
            class="mt-1 text-xs space-y-1"
          >
            <div>
              • 
              <kbd
                class="bg-gray-200 px-1 rounded"
              >
                Space
              </kbd>
               - Play/Pause first clip
            </div>
            <div>
              • 
              <kbd
                class="bg-gray-200 px-1 rounded"
              >
                ↑/↓
              </kbd>
               - Volume control
            </div>
            <div>
              • 
              <kbd
                class="bg-gray-200 px-1 rounded"
              >
                Esc
              </kbd>
               - Stop playback
            </div>
            <div>
              • 🔄 HTML5 Audio fallback mode
            </div>
          </div>
        </div>
        <div
          class="p-3 bg-gray-50 rounded-md text-xs"
        >
          <div
            class="grid grid-cols-2 gap-2"
          >
            <div
              class="flex items-center justify-between"
            >
              <span>
                Web Audio API:
              </span>
              <span
                class="text-red-600"
              >
                ❌ Not available
              </span>
            </div>
            <div
              class="flex items-center justify-between"
            >
              <span>
                Recording:
              </span>
              <span
                class="text-red-600"
              >
                ❌ Not supported
              </span>
            </div>
          </div>
        </div>
      </div>
    </div>
  </div>
</body>
    at waitForWrapper (/Users/sherwingorechomante/coldcaller/frontend/node_modules/@testing-library/dom/dist/wait-for.js:163:27)
    at Object.<anonymous> (/Users/sherwingorechomante/coldcaller/frontend/src/__tests__/accessibility/audioAccessibility.test.js:523:20)]]></failure>
    </testCase>
    <testCase name="Audio Accessibility Tests Audio-Specific Accessibility should provide pause/stop controls" duration="1032">
      <failure message="Error: Found multiple elements with the role &quot;button&quot; and name `/stop/i`"><![CDATA[Error: Found multiple elements with the role "button" and name `/stop/i`

Here are the matching elements:

Ignored nodes: comments, script, style
<button
  class="px-4 py-2 text-white border-none rounded-md cursor-pointer text-sm font-medium transition-all duration-300 hover:scale-105 disabled:opacity-50 disabled:cursor-not-allowed bg-orange-500 hover:bg-orange-600"
>
  ⏸️ Stop
</button>

Ignored nodes: comments, script, style
<button
  class="px-3 py-1 bg-red-500 text-white rounded text-xs hover:bg-red-600"
>
  ⏹️ Stop
</button>

(If this is intentional, then use the `*AllBy*` variant of the query (like `queryAllByText`, `getAllByText`, or `findAllByText`)).

Ignored nodes: comments, script, style
<body>
  <div>
    <div
      class="card max-w-md mx-2.5"
    >
      <div
        class="text-center mb-4"
      >
        <h2
          class="text-slate-800 text-lg font-semibold"
        >
          Audio Clips
        </h2>
        <div
          class="text-xs text-gray-500 mt-1"
        >
          API: 
          <span
            class="font-semibold text-green-600"
          >
            🟢 Connected
          </span>
        </div>
      </div>
      <div
        class="flex gap-1 mb-5 border-b-2 border-gray-200 pb-2.5"
      >
        <button
          class="px-4 py-2 text-sm rounded-t-md transition-all duration-300 border-none cursor-pointer disabled:opacity-50 disabled:cursor-not-allowed bg-green-500 text-white font-bold"
        >
          Greetings
        </button>
        <button
          class="px-4 py-2 text-sm rounded-t-md transition-all duration-300 border-none cursor-pointer disabled:opacity-50 disabled:cursor-not-allowed bg-transparent text-gray-600 hover:bg-gray-100 hover:text-gray-800"
        >
          Objections
        </button>
        <button
          class="px-4 py-2 text-sm rounded-t-md transition-all duration-300 border-none cursor-pointer disabled:opacity-50 disabled:cursor-not-allowed bg-transparent text-gray-600 hover:bg-gray-100 hover:text-gray-800"
        >
          Closing
        </button>
      </div>
      <div
        class="max-h-80 overflow-y-auto"
      >
        <div
          class="flex justify-between items-center p-3 mb-2 bg-white rounded-md border border-gray-200 hover:shadow-md transition-shadow duration-200"
        >
          <div
            class="flex flex-col flex-1"
          >
            <span
              class="font-semibold text-sm text-slate-700"
            >
              Professional Intro
            </span>
            <span
              class="text-xs text-gray-500 mt-0.5"
            >
              0:15
            </span>
          </div>
          <button
            class="px-4 py-2 text-white border-none rounded-md cursor-pointer text-sm font-medium transition-all duration-300 hover:scale-105 disabled:opacity-50 disabled:cursor-not-allowed bg-orange-500 hover:bg-orange-600"
          >
            ⏸️ Stop
          </button>
        </div>
        <div
          class="flex justify-between items-center p-3 mb-2 bg-white rounded-md border border-gray-200 hover:shadow-md transition-shadow duration-200"
        >
          <div
            class="flex flex-col flex-1"
          >
            <span
              class="font-semibold text-sm text-slate-700"
            >
              Casual Intro
            </span>
            <span
              class="text-xs text-gray-500 mt-0.5"
            >
              0:12
            </span>
          </div>
          <button
            class="px-4 py-2 text-white border-none rounded-md cursor-pointer text-sm font-medium transition-all duration-300 hover:scale-105 disabled:opacity-50 disabled:cursor-not-allowed bg-blue-500 hover:bg-blue-600"
          >
            ▶️ Play
          </button>
        </div>
      </div>
      <div
        class="mt-4 p-4 bg-blue-50 rounded-md border border-blue-200"
      >
        <div
          class="text-center text-blue-700 text-sm font-medium mb-2"
        >
          🎵 
          Playing with HTML5 Audio
           audio clip...
        </div>
        <div
          class="flex items-center justify-center gap-4 text-sm"
        >
          <div
            class="flex items-center gap-2"
          >
            <label
              class="text-blue-700"
            >
              🔊
            </label>
            <input
              class="w-20"
              max="1"
              min="0"
              step="0.05"
              type="range"
              value="1"
            />
            <span
              class="text-blue-600 w-8 text-xs"
            >
              100
              %
            </span>
          </div>
          <div
            class="flex items-center gap-2"
          >
            <label
              class="text-blue-700"
            >
              ⚡
            </label>
            <select
              class="border border-blue-300 rounded px-1 py-0.5 text-xs bg-white"
            >
              <option
                value="0.5"
              >
                0.5x
              </option>
              <option
                value="0.75"
              >
                0.75x
              </option>
              <option
                value="1.0"
              >
                1.0x
              </option>
              <option
                value="1.25"
              >
                1.25x
              </option>
              <option
                value="1.5"
              >
                1.5x
              </option>
              <option
                value="2.0"
              >
                2.0x
              </option>
            </select>
          </div>
          <button
            class="px-3 py-1 bg-red-500 text-white rounded text-xs hover:bg-red-600"
          >
            ⏹️ Stop
          </button>
        </div>
      </div>
      <div
        class="space-y-3 mt-4"
      >
        <div
          class="flex gap-2"
        >
          <button
            class="flex-1 px-3 py-2 bg-blue-100 hover:bg-blue-200 disabled:opacity-50 text-blue-700 rounded-md text-sm font-medium transition-colors"
          >
            🔄 Refresh
          </button>
          <button
            class="px-3 py-2 text-sm font-medium rounded-md transition-colors bg-gray-100 text-gray-700 hover:bg-gray-200 disabled:opacity-50"
            disabled=""
          >
            📊 Visualizer
          </button>
        </div>
        <div
          class="flex gap-2"
        >
          <button
            class="flex-1 px-3 py-2 text-sm font-medium rounded-md transition-colors bg-gray-100 text-gray-700 hover:bg-gray-200"
          >
            📚 Library
          </button>
          <button
            class="flex-1 px-3 py-2 bg-red-100 hover:bg-red-200 disabled:opacity-50 text-red-700 rounded-md text-sm font-medium transition-colors"
            disabled=""
            title="Web Audio API required for recording"
          >
            🎤 Record
          </button>
        </div>
      </div>
      <div
        class="mt-4 space-y-3"
      >
        <div
          class="p-3 bg-orange-50 rounded-md text-sm text-gray-600 leading-relaxed"
        >
          💡 
          <strong>
            Audio Controls:
          </strong>
          <div
            class="mt-1 text-xs space-y-1"
          >
            <div>
              • 
              <kbd
                class="bg-gray-200 px-1 rounded"
              >
                Space
              </kbd>
               - Play/Pause first clip
            </div>
            <div>
              • 
              <kbd
                class="bg-gray-200 px-1 rounded"
              >
                ↑/↓
              </kbd>
               - Volume control
            </div>
            <div>
              • 
              <kbd
                class="bg-gray-200 px-1 rounded"
              >
                Esc
              </kbd>
               - Stop playback
            </div>
            <div>
              • 🔄 HTML5 Audio fallback mode
            </div>
          </div>
        </div>
        <div
          class="p-3 bg-gray-50 rounded-md text-xs"
        >
          <div
            class="grid grid-cols-2 gap-2"
          >
            <div
              class="flex items-center justify-between"
            >
              <span>
                Web Audio API:
              </span>
              <span
                class="text-red-600"
              >
                ❌ Not available
              </span>
            </div>
            <div
              class="flex items-center justify-between"
            >
              <span>
                Recording:
              </span>
              <span
                class="text-red-600"
              >
                ❌ Not supported
              </span>
            </div>
          </div>
        </div>
      </div>
    </div>
  </div>
</body>
    at waitForWrapper (/Users/sherwingorechomante/coldcaller/frontend/node_modules/@testing-library/dom/dist/wait-for.js:163:27)
    at Object.<anonymous> (/Users/sherwingorechomante/coldcaller/frontend/src/__tests__/accessibility/audioAccessibility.test.js:540:20)]]></failure>
    </testCase>
    <testCase name="Audio Accessibility Tests Audio-Specific Accessibility should handle audio conflicts appropriately" duration="1041">
      <failure message="Error: Unable to find an element with the text: /Playing audio clip/. This could be because the text is broken up by multiple elements. In this case, you can provide a function for your text matcher to make your matcher more flexible."><![CDATA[Error: Unable to find an element with the text: /Playing audio clip/. This could be because the text is broken up by multiple elements. In this case, you can provide a function for your text matcher to make your matcher more flexible.

Ignored nodes: comments, script, style
<body>
  <div>
    <div
      class="card max-w-md mx-2.5"
    >
      <div
        class="text-center mb-4"
      >
        <h2
          class="text-slate-800 text-lg font-semibold"
        >
          Audio Clips
        </h2>
        <div
          class="text-xs text-gray-500 mt-1"
        >
          API: 
          <span
            class="font-semibold text-green-600"
          >
            🟢 Connected
          </span>
        </div>
      </div>
      <div
        class="flex gap-1 mb-5 border-b-2 border-gray-200 pb-2.5"
      >
        <button
          class="px-4 py-2 text-sm rounded-t-md transition-all duration-300 border-none cursor-pointer disabled:opacity-50 disabled:cursor-not-allowed bg-green-500 text-white font-bold"
        >
          Greetings
        </button>
        <button
          class="px-4 py-2 text-sm rounded-t-md transition-all duration-300 border-none cursor-pointer disabled:opacity-50 disabled:cursor-not-allowed bg-transparent text-gray-600 hover:bg-gray-100 hover:text-gray-800"
        >
          Objections
        </button>
        <button
          class="px-4 py-2 text-sm rounded-t-md transition-all duration-300 border-none cursor-pointer disabled:opacity-50 disabled:cursor-not-allowed bg-transparent text-gray-600 hover:bg-gray-100 hover:text-gray-800"
        >
          Closing
        </button>
      </div>
      <div
        class="max-h-80 overflow-y-auto"
      >
        <div
          class="flex justify-between items-center p-3 mb-2 bg-white rounded-md border border-gray-200 hover:shadow-md transition-shadow duration-200"
        >
          <div
            class="flex flex-col flex-1"
          >
            <span
              class="font-semibold text-sm text-slate-700"
            >
              Professional Intro
            </span>
            <span
              class="text-xs text-gray-500 mt-0.5"
            >
              0:15
            </span>
          </div>
          <button
            class="px-4 py-2 text-white border-none rounded-md cursor-pointer text-sm font-medium transition-all duration-300 hover:scale-105 disabled:opacity-50 disabled:cursor-not-allowed bg-orange-500 hover:bg-orange-600"
          >
            ⏸️ Stop
          </button>
        </div>
        <div
          class="flex justify-between items-center p-3 mb-2 bg-white rounded-md border border-gray-200 hover:shadow-md transition-shadow duration-200"
        >
          <div
            class="flex flex-col flex-1"
          >
            <span
              class="font-semibold text-sm text-slate-700"
            >
              Casual Intro
            </span>
            <span
              class="text-xs text-gray-500 mt-0.5"
            >
              0:12
            </span>
          </div>
          <button
            class="px-4 py-2 text-white border-none rounded-md cursor-pointer text-sm font-medium transition-all duration-300 hover:scale-105 disabled:opacity-50 disabled:cursor-not-allowed bg-blue-500 hover:bg-blue-600"
          >
            ▶️ Play
          </button>
        </div>
      </div>
      <div
        class="mt-4 p-4 bg-blue-50 rounded-md border border-blue-200"
      >
        <div
          class="text-center text-blue-700 text-sm font-medium mb-2"
        >
          🎵 
          Playing with HTML5 Audio
           audio clip...
        </div>
        <div
          class="flex items-center justify-center gap-4 text-sm"
        >
          <div
            class="flex items-center gap-2"
          >
            <label
              class="text-blue-700"
            >
              🔊
            </label>
            <input
              class="w-20"
              max="1"
              min="0"
              step="0.05"
              type="range"
              value="1"
            />
            <span
              class="text-blue-600 w-8 text-xs"
            >
              100
              %
            </span>
          </div>
          <div
            class="flex items-center gap-2"
          >
            <label
              class="text-blue-700"
            >
              ⚡
            </label>
            <select
              class="border border-blue-300 rounded px-1 py-0.5 text-xs bg-white"
            >
              <option
                value="0.5"
              >
                0.5x
              </option>
              <option
                value="0.75"
              >
                0.75x
              </option>
              <option
                value="1.0"
              >
                1.0x
              </option>
              <option
                value="1.25"
              >
                1.25x
              </option>
              <option
                value="1.5"
              >
                1.5x
              </option>
              <option
                value="2.0"
              >
                2.0x
              </option>
            </select>
          </div>
          <button
            class="px-3 py-1 bg-red-500 text-white rounded text-xs hover:bg-red-600"
          >
            ⏹️ Stop
          </button>
        </div>
      </div>
      <div
        class="space-y-3 mt-4"
      >
        <div
          class="flex gap-2"
        >
          <button
            class="flex-1 px-3 py-2 bg-blue-100 hover:bg-blue-200 disabled:opacity-50 text-blue-700 rounded-md text-sm font-medium transition-colors"
          >
            🔄 Refresh
          </button>
          <button
            class="px-3 py-2 text-sm font-medium rounded-md transition-colors bg-gray-100 text-gray-700 hover:bg-gray-200 disabled:opacity-50"
            disabled=""
          >
            📊 Visualizer
          </button>
        </div>
        <div
          class="flex gap-2"
        >
          <button
            class="flex-1 px-3 py-2 text-sm font-medium rounded-md transition-colors bg-gray-100 text-gray-700 hover:bg-gray-200"
          >
            📚 Library
          </button>
          <button
            class="flex-1 px-3 py-2 bg-red-100 hover:bg-red-200 disabled:opacity-50 text-red-700 rounded-md text-sm font-medium transition-colors"
            disabled=""
            title="Web Audio API required for recording"
          >
            🎤 Record
          </button>
        </div>
      </div>
      <div
        class="mt-4 space-y-3"
      >
        <div
          class="p-3 bg-orange-50 rounded-md text-sm text-gray-600 leading-relaxed"
        >
          💡 
          <strong>
            Audio Controls:
          </strong>
          <div
            class="mt-1 text-xs space-y-1"
          >
            <div>
              • 
              <kbd
                class="bg-gray-200 px-1 rounded"
              >
                Space
              </kbd>
               - Play/Pause first clip
            </div>
            <div>
              • 
              <kbd
                class="bg-gray-200 px-1 rounded"
              >
                ↑/↓
              </kbd>
               - Volume control
            </div>
            <div>
              • 
              <kbd
                class="bg-gray-200 px-1 rounded"
              >
                Esc
              </kbd>
               - Stop playback
            </div>
            <div>
              • 🔄 HTML5 Audio fallback mode
            </div>
          </div>
        </div>
        <div
          class="p-3 bg-gray-50 rounded-md text-xs"
        >
          <div
            class="grid grid-cols-2 gap-2"
          >
            <div
              class="flex items-center justify-between"
            >
              <span>
                Web Audio API:
              </span>
              <span
                class="text-red-600"
              >
                ❌ Not available
              </span>
            </div>
            <div
              class="flex items-center justify-between"
            >
              <span>
                Recording:
              </span>
              <span
                class="text-red-600"
              >
                ❌ Not supported
              </span>
            </div>
          </div>
        </div>
      </div>
    </div>
  </div>
</body>
    at waitForWrapper (/Users/sherwingorechomante/coldcaller/frontend/node_modules/@testing-library/dom/dist/wait-for.js:163:27)
    at Object.<anonymous> (/Users/sherwingorechomante/coldcaller/frontend/src/__tests__/accessibility/audioAccessibility.test.js:559:20)]]></failure>
    </testCase>
    <testCase name="Audio Accessibility Tests Audio-Specific Accessibility should work without audio when necessary" duration="72">
      <failure message="TestingLibraryElementError: Unable to find an accessible element with the role &quot;button&quot; and name `/play/i`"><![CDATA[TestingLibraryElementError: Unable to find an accessible element with the role "button" and name `/play/i`

Here are the accessible roles:

  heading:

  Name "Audio Clips":
  <h2
    class="text-slate-800 text-lg font-semibold"
  />

  --------------------------------------------------
  button:

  Name "🔄 Loading...":
  <button
    class="flex-1 px-3 py-2 bg-blue-100 hover:bg-blue-200 disabled:opacity-50 text-blue-700 rounded-md text-sm font-medium transition-colors"
    disabled=""
  />

  Name "📊 Visualizer":
  <button
    class="px-3 py-2 text-sm font-medium rounded-md transition-colors bg-gray-100 text-gray-700 hover:bg-gray-200 disabled:opacity-50"
    disabled=""
  />

  Name "📚 Library":
  <button
    class="flex-1 px-3 py-2 text-sm font-medium rounded-md transition-colors bg-gray-100 text-gray-700 hover:bg-gray-200"
  />

  Name "🎤 Record":
  <button
    class="flex-1 px-3 py-2 bg-red-100 hover:bg-red-200 disabled:opacity-50 text-red-700 rounded-md text-sm font-medium transition-colors"
    disabled=""
    title="Web Audio API required for recording"
  />

  --------------------------------------------------
  strong:

  Name "":
  <strong />

  --------------------------------------------------

Ignored nodes: comments, script, style
<body>
  <div>
    <div
      class="card max-w-md mx-2.5"
    >
      <div
        class="text-center mb-4"
      >
        <h2
          class="text-slate-800 text-lg font-semibold"
        >
          Audio Clips
        </h2>
        <div
          class="text-sm text-blue-600 mt-1"
        >
          🔄 Loading audio clips...
        </div>
        <div
          class="text-xs text-gray-500 mt-1"
        >
          API: 
          <span
            class="font-semibold text-orange-600"
          >
            🟡 Offline
          </span>
        </div>
      </div>
      <div
        class="flex gap-1 mb-5 border-b-2 border-gray-200 pb-2.5"
      >
        <div
          class="text-center text-gray-500 py-2"
        >
          🔄 Loading...
        </div>
      </div>
      <div
        class="max-h-80 overflow-y-auto"
      >
        <div
          class="text-center text-gray-500 py-8"
        >
          🔄 Loading audio clips...
        </div>
      </div>
      <div
        class="space-y-3 mt-4"
      >
        <div
          class="flex gap-2"
        >
          <button
            class="flex-1 px-3 py-2 bg-blue-100 hover:bg-blue-200 disabled:opacity-50 text-blue-700 rounded-md text-sm font-medium transition-colors"
            disabled=""
          >
            🔄 Loading...
          </button>
          <button
            class="px-3 py-2 text-sm font-medium rounded-md transition-colors bg-gray-100 text-gray-700 hover:bg-gray-200 disabled:opacity-50"
            disabled=""
          >
            📊 Visualizer
          </button>
        </div>
        <div
          class="flex gap-2"
        >
          <button
            class="flex-1 px-3 py-2 text-sm font-medium rounded-md transition-colors bg-gray-100 text-gray-700 hover:bg-gray-200"
          >
            📚 Library
          </button>
          <button
            class="flex-1 px-3 py-2 bg-red-100 hover:bg-red-200 disabled:opacity-50 text-red-700 rounded-md text-sm font-medium transition-colors"
            disabled=""
            title="Web Audio API required for recording"
          >
            🎤 Record
          </button>
        </div>
      </div>
      <div
        class="mt-4 space-y-3"
      >
        <div
          class="p-3 bg-orange-50 rounded-md text-sm text-gray-600 leading-relaxed"
        >
          💡 
          <strong>
            Audio Controls:
          </strong>
          <div
            class="mt-1 text-xs space-y-1"
          >
            <div>
              • 
              <kbd
                class="bg-gray-200 px-1 rounded"
              >
                Space
              </kbd>
               - Play/Pause first clip
            </div>
            <div>
              • 
              <kbd
                class="bg-gray-200 px-1 rounded"
              >
                ↑/↓
              </kbd>
               - Volume control
            </div>
            <div>
              • 
              <kbd
                class="bg-gray-200 px-1 rounded"
              >
                Esc
              </kbd>
               - Stop playback
            </div>
            <div>
              • 🔄 HTML5 Audio fallback mode
            </div>
          </div>
          <div
            class="mt-2 text-xs text-orange-700"
          >
            ⚠️ Offline mode - audio playback simulated
          </div>
        </div>
        <div
          class="p-3 bg-gray-50 rounded-md text-xs"
        >
          <div
            class="grid grid-cols-2 gap-2"
          >
            <div
              class="flex items-center justify-between"
            >
              <span>
                Web Audio API:
              </span>
              <span
                class="text-red-600"
              >
                ❌ Not available
              </span>
            </div>
            <div
              class="flex items-center justify-between"
            >
              <span>
                Recording:
              </span>
              <span
                class="text-red-600"
              >
                ❌ Not supported
              </span>
            </div>
          </div>
        </div>
      </div>
    </div>
  </div>
</body>
    at Object.getElementError (/Users/sherwingorechomante/coldcaller/frontend/node_modules/@testing-library/dom/dist/config.js:37:19)
    at /Users/sherwingorechomante/coldcaller/frontend/node_modules/@testing-library/dom/dist/query-helpers.js:76:38
    at getAllByRole (/Users/sherwingorechomante/coldcaller/frontend/node_modules/@testing-library/dom/dist/query-helpers.js:109:15)
    at Object.<anonymous> (/Users/sherwingorechomante/coldcaller/frontend/src/__tests__/accessibility/audioAccessibility.test.js:582:33)
    at runNextTicks (node:internal/process/task_queues:65:5)
    at listOnTimeout (node:internal/timers:555:9)
    at processTimers (node:internal/timers:529:7)]]></failure>
    </testCase>
    <testCase name="Audio Accessibility Tests Error State Accessibility should announce errors to screen readers" duration="8"/>
    <testCase name="Audio Accessibility Tests Error State Accessibility should provide recovery actions for errors" duration="14"/>
    <testCase name="Audio Accessibility Tests Error State Accessibility should maintain accessibility during loading states" duration="4">
      <failure message="TestingLibraryElementError: Found multiple elements with the text: /Loading/"><![CDATA[TestingLibraryElementError: Found multiple elements with the text: /Loading/

Here are the matching elements:

Ignored nodes: comments, script, style
<div
  class="text-sm text-blue-600 mt-1"
>
  🔄 Loading audio clips...
</div>

Ignored nodes: comments, script, style
<div
  class="text-center text-gray-500 py-2"
>
  🔄 Loading...
</div>

Ignored nodes: comments, script, style
<div
  class="text-center text-gray-500 py-8"
>
  🔄 Loading audio clips...
</div>

Ignored nodes: comments, script, style
<button
  class="flex-1 px-3 py-2 bg-blue-100 hover:bg-blue-200 disabled:opacity-50 text-blue-700 rounded-md text-sm font-medium transition-colors"
  disabled=""
>
  🔄 Loading...
</button>

(If this is intentional, then use the `*AllBy*` variant of the query (like `queryAllByText`, `getAllByText`, or `findAllByText`)).

Ignored nodes: comments, script, style
<body>
  <div>
    <div
      class="card max-w-md mx-2.5"
    >
      <div
        class="text-center mb-4"
      >
        <h2
          class="text-slate-800 text-lg font-semibold"
        >
          Audio Clips
        </h2>
        <div
          class="text-sm text-blue-600 mt-1"
        >
          🔄 Loading audio clips...
        </div>
        <div
          class="text-xs text-gray-500 mt-1"
        >
          API: 
          <span
            class="font-semibold text-orange-600"
          >
            🟡 Offline
          </span>
        </div>
      </div>
      <div
        class="flex gap-1 mb-5 border-b-2 border-gray-200 pb-2.5"
      >
        <div
          class="text-center text-gray-500 py-2"
        >
          🔄 Loading...
        </div>
      </div>
      <div
        class="max-h-80 overflow-y-auto"
      >
        <div
          class="text-center text-gray-500 py-8"
        >
          🔄 Loading audio clips...
        </div>
      </div>
      <div
        class="space-y-3 mt-4"
      >
        <div
          class="flex gap-2"
        >
          <button
            class="flex-1 px-3 py-2 bg-blue-100 hover:bg-blue-200 disabled:opacity-50 text-blue-700 rounded-md text-sm font-medium transition-colors"
            disabled=""
          >
            🔄 Loading...
          </button>
          <button
            class="px-3 py-2 text-sm font-medium rounded-md transition-colors bg-gray-100 text-gray-700 hover:bg-gray-200 disabled:opacity-50"
            disabled=""
          >
            📊 Visualizer
          </button>
        </div>
        <div
          class="flex gap-2"
        >
          <button
            class="flex-1 px-3 py-2 text-sm font-medium rounded-md transition-colors bg-gray-100 text-gray-700 hover:bg-gray-200"
          >
            📚 Library
          </button>
          <button
            class="flex-1 px-3 py-2 bg-red-100 hover:bg-red-200 disabled:opacity-50 text-red-700 rounded-md text-sm font-medium transition-colors"
            disabled=""
            title="Web Audio API required for recording"
          >
            🎤 Record
          </button>
        </div>
      </div>
      <div
        class="mt-4 space-y-3"
      >
        <div
          class="p-3 bg-orange-50 rounded-md text-sm text-gray-600 leading-relaxed"
        >
          💡 
          <strong>
            Audio Controls:
          </strong>
          <div
            class="mt-1 text-xs space-y-1"
          >
            <div>
              • 
              <kbd
                class="bg-gray-200 px-1 rounded"
              >
                Space
              </kbd>
               - Play/Pause first clip
            </div>
            <div>
              • 
              <kbd
                class="bg-gray-200 px-1 rounded"
              >
                ↑/↓
              </kbd>
               - Volume control
            </div>
            <div>
              • 
              <kbd
                class="bg-gray-200 px-1 rounded"
              >
                Esc
              </kbd>
               - Stop playback
            </div>
            <div>
              • 🔄 HTML5 Audio fallback mode
            </div>
          </div>
          <div
            class="mt-2 text-xs text-orange-700"
          >
            ⚠️ Offline mode - audio playback simulated
          </div>
        </div>
        <div
          class="p-3 bg-gray-50 rounded-md text-xs"
        >
          <div
            class="grid grid-cols-2 gap-2"
          >
            <div
              class="flex items-center justify-between"
            >
              <span>
                Web Audio API:
              </span>
              <span
                class="text-red-600"
              >
                ❌ Not available
              </span>
            </div>
            <div
              class="flex items-center justify-between"
            >
              <span>
                Recording:
              </span>
              <span
                class="text-red-600"
              >
                ❌ Not supported
              </span>
            </div>
          </div>
        </div>
      </div>
    </div>
  </div>
</body>
    at Object.getElementError (/Users/sherwingorechomante/coldcaller/frontend/node_modules/@testing-library/dom/dist/config.js:37:19)
    at getElementError (/Users/sherwingorechomante/coldcaller/frontend/node_modules/@testing-library/dom/dist/query-helpers.js:20:35)
    at getMultipleElementsFoundError (/Users/sherwingorechomante/coldcaller/frontend/node_modules/@testing-library/dom/dist/query-helpers.js:23:10)
    at /Users/sherwingorechomante/coldcaller/frontend/node_modules/@testing-library/dom/dist/query-helpers.js:55:13
    at getByText (/Users/sherwingorechomante/coldcaller/frontend/node_modules/@testing-library/dom/dist/query-helpers.js:95:19)
    at Object.<anonymous> (/Users/sherwingorechomante/coldcaller/frontend/src/__tests__/accessibility/audioAccessibility.test.js:628:21)
    at Promise.then.completed (/Users/sherwingorechomante/coldcaller/frontend/node_modules/jest-circus/build/utils.js:391:28)
    at new Promise (<anonymous>)
    at callAsyncCircusFn (/Users/sherwingorechomante/coldcaller/frontend/node_modules/jest-circus/build/utils.js:316:10)
    at _callCircusTest (/Users/sherwingorechomante/coldcaller/frontend/node_modules/jest-circus/build/run.js:218:40)
    at _runTest (/Users/sherwingorechomante/coldcaller/frontend/node_modules/jest-circus/build/run.js:155:3)
    at _runTestsForDescribeBlock (/Users/sherwingorechomante/coldcaller/frontend/node_modules/jest-circus/build/run.js:66:9)
    at _runTestsForDescribeBlock (/Users/sherwingorechomante/coldcaller/frontend/node_modules/jest-circus/build/run.js:60:9)
    at _runTestsForDescribeBlock (/Users/sherwingorechomante/coldcaller/frontend/node_modules/jest-circus/build/run.js:60:9)
    at run (/Users/sherwingorechomante/coldcaller/frontend/node_modules/jest-circus/build/run.js:25:3)
    at runAndTransformResultsToJestFormat (/Users/sherwingorechomante/coldcaller/frontend/node_modules/jest-circus/build/legacy-code-todo-rewrite/jestAdapterInit.js:170:21)
    at jestAdapter (/Users/sherwingorechomante/coldcaller/frontend/node_modules/jest-circus/build/legacy-code-todo-rewrite/jestAdapter.js:82:19)
    at runTestInternal (/Users/sherwingorechomante/coldcaller/frontend/node_modules/jest-runner/build/runTest.js:389:16)
    at runTest (/Users/sherwingorechomante/coldcaller/frontend/node_modules/jest-runner/build/runTest.js:475:34)
    at Object.worker (/Users/sherwingorechomante/coldcaller/frontend/node_modules/jest-runner/build/testWorker.js:133:12)]]></failure>
    </testCase>
    <testCase name="Audio Accessibility Tests Responsive Design Accessibility should maintain accessibility on small screens" duration="32"/>
    <testCase name="Audio Accessibility Tests Responsive Design Accessibility should support zoom up to 200% without loss of functionality" duration="39"/>
  </file>
</testExecutions>